<?xml version="1.0" encoding="UTF-8"?>
<TestRun id="fc161fef-cb79-46c6-b785-1affb2060ade" name="korwin@PRIZRAK 2011-03-20 22:07:37" runUser="prizrak\korwin" xmlns="http://microsoft.com/schemas/VisualStudio/TeamTest/2006">
  <TestRunConfiguration name="Local Test Run" id="5a73b72a-df80-45d9-9f6d-9d2468ef57a8">
    <Description>This is a default test run configuration for a local test run.</Description>
    <CodeCoverage keyFile="EFPocoAdapter\SigningKey.snk">
      <Regular>
        <CodeCoverageItem binaryFile="NorthwindEF.POCOAdapter\bin\Debug\NorthwindEF.POCOAdapter.dll" pdbFile="NorthwindEF.POCOAdapter\bin\Debug\NorthwindEF.POCOAdapter.pdb" instrumentInPlace="true" />
        <CodeCoverageItem binaryFile="EFPocoAdapter\bin\Debug\EFPocoAdapter.dll" pdbFile="EFPocoAdapter\bin\Debug\EFPocoAdapter.pdb" instrumentInPlace="true" />
      </Regular>
    </CodeCoverage>
    <Deployment runDeploymentRoot="D:\Projects\Softserve\Fotogallery\DataAccessLayer\EFPocoAdapter\TestResults\korwin_PRIZRAK 2011-03-20 22_07_37">
      <DeploymentItem filename="NorthwindEF.POCOAdapter\NorthwindEFModel.csdl" />
      <DeploymentItem filename="NorthwindEF.POCOAdapter\NorthwindEFModel.ssdl" />
      <DeploymentItem filename="D:\Projects\Softserve\Fotogallery\DataAccessLayer\EFPocoAdapter\EFPocoAdapter\bin\Debug\EFPocoAdapter.dll" />
      <DeploymentItem filename="D:\Projects\Softserve\Fotogallery\DataAccessLayer\EFPocoAdapter\NorthwindEF\bin\Debug\NorthwindEF.dll" />
      <DeploymentItem filename="NorthwindEF.POCOAdapter\NorthwindEFModel.msl" />
      <DeploymentItem filename="D:\Projects\Softserve\Fotogallery\DataAccessLayer\EFPocoAdapter\NorthwindEF.Territories\bin\Debug\NorthwindEF.Territories.dll" />
      <DeploymentItem filename="D:\Projects\Softserve\Fotogallery\DataAccessLayer\EFPocoAdapter\NorthwindEF.PocoAdapter\bin\Debug\NorthwindEF.POCOAdapter.dll" />
    </Deployment>
    <TestTypeSpecific>
      <WebTestRunConfiguration testTypeId="4e7599fa-5ecb-43e9-a887-cd63cf72d207">
        <Browser name="Internet Explorer 7.0">
          <Headers>
            <Header name="User-Agent" value="Mozilla/4.0 (compatible; MSIE 7.0; Windows NT 5.1)" />
            <Header name="Accept" value="*/*" />
            <Header name="Accept-Language" value="{{$IEAcceptLanguage}}" />
            <Header name="Accept-Encoding" value="GZIP" />
          </Headers>
        </Browser>
        <Network Name="LAN" BandwidthInKbps="0" />
      </WebTestRunConfiguration>
    </TestTypeSpecific>
  </TestRunConfiguration>
  <ResultSummary outcome="Failed">
    <Counters total="134" executed="134" passed="20" error="0" failed="114" timeout="0" aborted="0" inconclusive="0" passedButRunAborted="0" notRunnable="0" notExecuted="0" disconnected="0" warning="0" completed="0" inProgress="0" pending="0" />
  </ResultSummary>
  <Times creation="2011-03-20T22:07:37.6969549+02:00" queuing="2011-03-20T22:07:43.1912691+02:00" start="2011-03-20T22:07:45.0383748+02:00" finish="2011-03-20T22:08:02.2873614+02:00" />
  <TestDefinitions>
    <UnitTest name="SimpleLoad1" storage="d:\projects\softserve\fotogallery\dataaccesslayer\efpocoadapter\northwindef.tests\bin\debug\northwindef.tests.dll" id="507dc209-89a0-4ee4-1a44-81d3b4a17001">
      <Css projectStructure="" iteration="" />
      <Owners>
        <Owner name="" />
      </Owners>
      <Execution id="1a3d706c-1004-4d41-832e-ae4d14d02df5" />
      <TestMethod codeBase="D:\Projects\Softserve\Fotogallery\DataAccessLayer\EFPocoAdapter\NorthwindEF.Tests\bin\Debug\NorthwindEF.Tests.dll" adapterTypeName="Microsoft.VisualStudio.TestTools.TestTypes.Unit.UnitTestAdapter, Microsoft.VisualStudio.QualityTools.Tips.UnitTest.Adapter, Version=9.0.0.0, Culture=neutral, PublicKeyToken=b03f5f7f11d50a3a" className="NorthwindEF.Tests.UnitTest1, NorthwindEF.Tests" name="SimpleLoad1" />
    </UnitTest>
    <UnitTest name="ChangeTrackingTestNullableDate1" storage="d:\projects\softserve\fotogallery\dataaccesslayer\efpocoadapter\northwindef.tests\bin\debug\northwindef.tests.dll" id="fffbe5b7-7464-1dfc-47b6-998babca385b">
      <Css projectStructure="" iteration="" />
      <Owners>
        <Owner name="" />
      </Owners>
      <Execution id="980e267a-3d8d-4f49-b88c-2fca4246f821" />
      <TestMethod codeBase="D:\Projects\Softserve\Fotogallery\DataAccessLayer\EFPocoAdapter\NorthwindEF.Tests\bin\Debug\NorthwindEF.Tests.dll" adapterTypeName="Microsoft.VisualStudio.TestTools.TestTypes.Unit.UnitTestAdapter, Microsoft.VisualStudio.QualityTools.Tips.UnitTest.Adapter, Version=9.0.0.0, Culture=neutral, PublicKeyToken=b03f5f7f11d50a3a" className="NorthwindEF.Tests.ChangeTrackingTests, NorthwindEF.Tests" name="ChangeTrackingTestNullableDate1" />
    </UnitTest>
    <UnitTest name="ClearTest" storage="d:\projects\softserve\fotogallery\dataaccesslayer\efpocoadapter\northwindef.tests\bin\debug\northwindef.tests.dll" id="8d5aef6c-ac9e-184e-bf17-2a535a3aff61">
      <Css projectStructure="" iteration="" />
      <Owners>
        <Owner name="" />
      </Owners>
      <Execution id="0c57e4de-9317-43e7-a66e-02dfe6959a30" />
      <TestMethod codeBase="D:\Projects\Softserve\Fotogallery\DataAccessLayer\EFPocoAdapter\NorthwindEF.Tests\bin\Debug\NorthwindEF.Tests.dll" adapterTypeName="Microsoft.VisualStudio.TestTools.TestTypes.Unit.UnitTestAdapter, Microsoft.VisualStudio.QualityTools.Tips.UnitTest.Adapter, Version=9.0.0.0, Culture=neutral, PublicKeyToken=b03f5f7f11d50a3a" className="NorthwindEF.Tests.CollectionPropertiesTests, NorthwindEF.Tests" name="ClearTest" />
    </UnitTest>
    <UnitTest name="IndexerTest" storage="d:\projects\softserve\fotogallery\dataaccesslayer\efpocoadapter\northwindef.tests\bin\debug\northwindef.tests.dll" id="92f42e63-417f-16c8-84a7-b9992ffd8770">
      <Css projectStructure="" iteration="" />
      <Owners>
        <Owner name="" />
      </Owners>
      <Execution id="b3607658-8d9c-4eef-b793-6a226561cff6" />
      <TestMethod codeBase="D:\Projects\Softserve\Fotogallery\DataAccessLayer\EFPocoAdapter\NorthwindEF.Tests\bin\Debug\NorthwindEF.Tests.dll" adapterTypeName="Microsoft.VisualStudio.TestTools.TestTypes.Unit.UnitTestAdapter, Microsoft.VisualStudio.QualityTools.Tips.UnitTest.Adapter, Version=9.0.0.0, Culture=neutral, PublicKeyToken=b03f5f7f11d50a3a" className="NorthwindEF.Tests.CollectionPropertiesTests, NorthwindEF.Tests" name="IndexerTest" />
    </UnitTest>
    <UnitTest name="ChangeTrackingTestString2" storage="d:\projects\softserve\fotogallery\dataaccesslayer\efpocoadapter\northwindef.tests\bin\debug\northwindef.tests.dll" id="182c8aff-d23e-1801-a2b6-62ee375cce7a">
      <Css projectStructure="" iteration="" />
      <Owners>
        <Owner name="" />
      </Owners>
      <Execution id="39488fb9-862b-4c87-83d8-3c8201899339" />
      <TestMethod codeBase="D:\Projects\Softserve\Fotogallery\DataAccessLayer\EFPocoAdapter\NorthwindEF.Tests\bin\Debug\NorthwindEF.Tests.dll" adapterTypeName="Microsoft.VisualStudio.TestTools.TestTypes.Unit.UnitTestAdapter, Microsoft.VisualStudio.QualityTools.Tips.UnitTest.Adapter, Version=9.0.0.0, Culture=neutral, PublicKeyToken=b03f5f7f11d50a3a" className="NorthwindEF.Tests.ChangeTrackingTests, NorthwindEF.Tests" name="ChangeTrackingTestString2" />
    </UnitTest>
    <UnitTest name="QueryWithProxiesEnabledTest" storage="d:\projects\softserve\fotogallery\dataaccesslayer\efpocoadapter\northwindef.tests\bin\debug\northwindef.tests.dll" id="cb8ce0cc-de13-b70c-4ee8-fd4e0b0ccd57">
      <Css projectStructure="" iteration="" />
      <Owners>
        <Owner name="" />
      </Owners>
      <Execution id="9cff42d6-fdbe-449b-a945-594b3a9cda87" />
      <TestMethod codeBase="D:\Projects\Softserve\Fotogallery\DataAccessLayer\EFPocoAdapter\NorthwindEF.Tests\bin\Debug\NorthwindEF.Tests.dll" adapterTypeName="Microsoft.VisualStudio.TestTools.TestTypes.Unit.UnitTestAdapter, Microsoft.VisualStudio.QualityTools.Tips.UnitTest.Adapter, Version=9.0.0.0, Culture=neutral, PublicKeyToken=b03f5f7f11d50a3a" className="NorthwindEF.Tests.ProxiesTests, NorthwindEF.Tests" name="QueryWithProxiesEnabledTest" />
    </UnitTest>
    <UnitTest name="CanAttachProxyToAnotherContextTest" storage="d:\projects\softserve\fotogallery\dataaccesslayer\efpocoadapter\northwindef.tests\bin\debug\northwindef.tests.dll" id="cead6da7-fafd-f526-1dd9-a36ca94d750e">
      <Css projectStructure="" iteration="" />
      <Owners>
        <Owner name="" />
      </Owners>
      <Execution id="697af5b9-e53e-43e5-8247-0dfd11e3c1f1" />
      <TestMethod codeBase="D:\Projects\Softserve\Fotogallery\DataAccessLayer\EFPocoAdapter\NorthwindEF.Tests\bin\Debug\NorthwindEF.Tests.dll" adapterTypeName="Microsoft.VisualStudio.TestTools.TestTypes.Unit.UnitTestAdapter, Microsoft.VisualStudio.QualityTools.Tips.UnitTest.Adapter, Version=9.0.0.0, Culture=neutral, PublicKeyToken=b03f5f7f11d50a3a" className="NorthwindEF.Tests.DetachedTests, NorthwindEF.Tests" name="CanAttachProxyToAnotherContextTest" />
    </UnitTest>
    <UnitTest name="EFPocoContextFactoryTest2" storage="d:\projects\softserve\fotogallery\dataaccesslayer\efpocoadapter\northwindef.tests\bin\debug\northwindef.tests.dll" id="b10da09f-c43f-6dd6-5bea-01d77c30321a">
      <Css projectStructure="" iteration="" />
      <Owners>
        <Owner name="" />
      </Owners>
      <Execution id="64bb773d-0b2e-44f0-ba3e-a9cfd663d880" />
      <TestMethod codeBase="D:\Projects\Softserve\Fotogallery\DataAccessLayer\EFPocoAdapter\NorthwindEF.Tests\bin\Debug\NorthwindEF.Tests.dll" adapterTypeName="Microsoft.VisualStudio.TestTools.TestTypes.Unit.UnitTestAdapter, Microsoft.VisualStudio.QualityTools.Tips.UnitTest.Adapter, Version=9.0.0.0, Culture=neutral, PublicKeyToken=b03f5f7f11d50a3a" className="NorthwindEF.Tests.EFPocoContextFactoryTests, NorthwindEF.Tests" name="EFPocoContextFactoryTest2" />
    </UnitTest>
    <UnitTest name="AttachTest3" storage="d:\projects\softserve\fotogallery\dataaccesslayer\efpocoadapter\northwindef.tests\bin\debug\northwindef.tests.dll" id="00acdafd-ff03-b55e-3132-e36752377a69">
      <Css projectStructure="" iteration="" />
      <Owners>
        <Owner name="" />
      </Owners>
      <Execution id="9324576e-314d-4ade-9abb-9b3d38f1ec9d" />
      <TestMethod codeBase="D:\Projects\Softserve\Fotogallery\DataAccessLayer\EFPocoAdapter\NorthwindEF.Tests\bin\Debug\NorthwindEF.Tests.dll" adapterTypeName="Microsoft.VisualStudio.TestTools.TestTypes.Unit.UnitTestAdapter, Microsoft.VisualStudio.QualityTools.Tips.UnitTest.Adapter, Version=9.0.0.0, Culture=neutral, PublicKeyToken=b03f5f7f11d50a3a" className="NorthwindEF.Tests.EntitySetTests, NorthwindEF.Tests" name="AttachTest3" />
    </UnitTest>
    <UnitTest name="SkipTest" storage="d:\projects\softserve\fotogallery\dataaccesslayer\efpocoadapter\northwindef.tests\bin\debug\northwindef.tests.dll" id="23c204f0-efe1-1afe-e3a3-dfcd9e6212db">
      <Css projectStructure="" iteration="" />
      <Owners>
        <Owner name="" />
      </Owners>
      <Execution id="625bed21-22f8-4097-a003-3a1409a558ae" />
      <TestMethod codeBase="D:\Projects\Softserve\Fotogallery\DataAccessLayer\EFPocoAdapter\NorthwindEF.Tests\bin\Debug\NorthwindEF.Tests.dll" adapterTypeName="Microsoft.VisualStudio.TestTools.TestTypes.Unit.UnitTestAdapter, Microsoft.VisualStudio.QualityTools.Tips.UnitTest.Adapter, Version=9.0.0.0, Culture=neutral, PublicKeyToken=b03f5f7f11d50a3a" className="NorthwindEF.Tests.BuilderMethodsTests, NorthwindEF.Tests" name="SkipTest" />
    </UnitTest>
    <UnitTest name="CanAttachNonProxyToMultipleActiveContextsTest" storage="d:\projects\softserve\fotogallery\dataaccesslayer\efpocoadapter\northwindef.tests\bin\debug\northwindef.tests.dll" id="318e275c-da32-5d4a-eaf3-1a93aaf20913">
      <Css projectStructure="" iteration="" />
      <Owners>
        <Owner name="" />
      </Owners>
      <Execution id="e26cf557-c080-4526-be15-1f2aeb517eba" />
      <TestMethod codeBase="D:\Projects\Softserve\Fotogallery\DataAccessLayer\EFPocoAdapter\NorthwindEF.Tests\bin\Debug\NorthwindEF.Tests.dll" adapterTypeName="Microsoft.VisualStudio.TestTools.TestTypes.Unit.UnitTestAdapter, Microsoft.VisualStudio.QualityTools.Tips.UnitTest.Adapter, Version=9.0.0.0, Culture=neutral, PublicKeyToken=b03f5f7f11d50a3a" className="NorthwindEF.Tests.DetachedTests, NorthwindEF.Tests" name="CanAttachNonProxyToMultipleActiveContextsTest" />
    </UnitTest>
    <UnitTest name="EFPocoContextFactoryTest1" storage="d:\projects\softserve\fotogallery\dataaccesslayer\efpocoadapter\northwindef.tests\bin\debug\northwindef.tests.dll" id="a61c9bf1-8f36-32c4-a778-e51644d0aff5">
      <Css projectStructure="" iteration="" />
      <Owners>
        <Owner name="" />
      </Owners>
      <Execution id="0eb830a3-1668-4278-8bad-566f7e4bad11" />
      <TestMethod codeBase="D:\Projects\Softserve\Fotogallery\DataAccessLayer\EFPocoAdapter\NorthwindEF.Tests\bin\Debug\NorthwindEF.Tests.dll" adapterTypeName="Microsoft.VisualStudio.TestTools.TestTypes.Unit.UnitTestAdapter, Microsoft.VisualStudio.QualityTools.Tips.UnitTest.Adapter, Version=9.0.0.0, Culture=neutral, PublicKeyToken=b03f5f7f11d50a3a" className="NorthwindEF.Tests.EFPocoContextFactoryTests, NorthwindEF.Tests" name="EFPocoContextFactoryTest1" />
    </UnitTest>
    <UnitTest name="LazyLoadingShoundBeDisabledForDetachedEntitites2" storage="d:\projects\softserve\fotogallery\dataaccesslayer\efpocoadapter\northwindef.tests\bin\debug\northwindef.tests.dll" id="89e54ad2-c999-5107-eb8f-89d1089266b6">
      <Css projectStructure="" iteration="" />
      <Owners>
        <Owner name="" />
      </Owners>
      <Execution id="2d6d80fc-ebbd-45b9-a355-36384ba828b5" />
      <TestMethod codeBase="D:\Projects\Softserve\Fotogallery\DataAccessLayer\EFPocoAdapter\NorthwindEF.Tests\bin\Debug\NorthwindEF.Tests.dll" adapterTypeName="Microsoft.VisualStudio.TestTools.TestTypes.Unit.UnitTestAdapter, Microsoft.VisualStudio.QualityTools.Tips.UnitTest.Adapter, Version=9.0.0.0, Culture=neutral, PublicKeyToken=b03f5f7f11d50a3a" className="NorthwindEF.Tests.LazyLoadingTests, NorthwindEF.Tests" name="LazyLoadingShoundBeDisabledForDetachedEntitites2" />
    </UnitTest>
    <UnitTest name="MetadataWorkspaceTest" storage="d:\projects\softserve\fotogallery\dataaccesslayer\efpocoadapter\northwindef.tests\bin\debug\northwindef.tests.dll" id="0bd4d244-f566-2beb-c852-9c3ae10958cd">
      <Css projectStructure="" iteration="" />
      <Owners>
        <Owner name="" />
      </Owners>
      <Execution id="7dd88728-edb9-4da9-b9e7-45b38e086149" />
      <TestMethod codeBase="D:\Projects\Softserve\Fotogallery\DataAccessLayer\EFPocoAdapter\NorthwindEF.Tests\bin\Debug\NorthwindEF.Tests.dll" adapterTypeName="Microsoft.VisualStudio.TestTools.TestTypes.Unit.UnitTestAdapter, Microsoft.VisualStudio.QualityTools.Tips.UnitTest.Adapter, Version=9.0.0.0, Culture=neutral, PublicKeyToken=b03f5f7f11d50a3a" className="NorthwindEF.Tests.UnitTest1, NorthwindEF.Tests" name="MetadataWorkspaceTest" />
    </UnitTest>
    <UnitTest name="ChangeTrackingByteArray3" storage="d:\projects\softserve\fotogallery\dataaccesslayer\efpocoadapter\northwindef.tests\bin\debug\northwindef.tests.dll" id="987694a8-c501-7d04-c5d7-a1ac7dfb77c8">
      <Css projectStructure="" iteration="" />
      <Owners>
        <Owner name="" />
      </Owners>
      <Execution id="45e400a7-2aaa-43aa-b7f3-5f7b53a67b67" />
      <TestMethod codeBase="D:\Projects\Softserve\Fotogallery\DataAccessLayer\EFPocoAdapter\NorthwindEF.Tests\bin\Debug\NorthwindEF.Tests.dll" adapterTypeName="Microsoft.VisualStudio.TestTools.TestTypes.Unit.UnitTestAdapter, Microsoft.VisualStudio.QualityTools.Tips.UnitTest.Adapter, Version=9.0.0.0, Culture=neutral, PublicKeyToken=b03f5f7f11d50a3a" className="NorthwindEF.Tests.ChangeTrackingTests, NorthwindEF.Tests" name="ChangeTrackingByteArray3" />
    </UnitTest>
    <UnitTest name="OfTypeTest" storage="d:\projects\softserve\fotogallery\dataaccesslayer\efpocoadapter\northwindef.tests\bin\debug\northwindef.tests.dll" id="94dcb363-31c2-91bb-28f6-f209ed22e462">
      <Css projectStructure="" iteration="" />
      <Owners>
        <Owner name="" />
      </Owners>
      <Execution id="4831a900-02a5-41cd-a6fd-5a86f21fe0f6" />
      <TestMethod codeBase="D:\Projects\Softserve\Fotogallery\DataAccessLayer\EFPocoAdapter\NorthwindEF.Tests\bin\Debug\NorthwindEF.Tests.dll" adapterTypeName="Microsoft.VisualStudio.TestTools.TestTypes.Unit.UnitTestAdapter, Microsoft.VisualStudio.QualityTools.Tips.UnitTest.Adapter, Version=9.0.0.0, Culture=neutral, PublicKeyToken=b03f5f7f11d50a3a" className="NorthwindEF.Tests.BuilderMethodsTests, NorthwindEF.Tests" name="OfTypeTest" />
    </UnitTest>
    <UnitTest name="AutoWireUp1" storage="d:\projects\softserve\fotogallery\dataaccesslayer\efpocoadapter\northwindef.tests\bin\debug\northwindef.tests.dll" id="0536652a-a34a-1a5e-4720-fd8e1cdd024b">
      <Css projectStructure="" iteration="" />
      <Owners>
        <Owner name="" />
      </Owners>
      <Execution id="2fc30ff4-55bb-4ff8-bf15-2b43246ccd31" />
      <TestMethod codeBase="D:\Projects\Softserve\Fotogallery\DataAccessLayer\EFPocoAdapter\NorthwindEF.Tests\bin\Debug\NorthwindEF.Tests.dll" adapterTypeName="Microsoft.VisualStudio.TestTools.TestTypes.Unit.UnitTestAdapter, Microsoft.VisualStudio.QualityTools.Tips.UnitTest.Adapter, Version=9.0.0.0, Culture=neutral, PublicKeyToken=b03f5f7f11d50a3a" className="NorthwindEF.Tests.ReferencePropertiesTests, NorthwindEF.Tests" name="AutoWireUp1" />
    </UnitTest>
    <UnitTest name="OrderByTest" storage="d:\projects\softserve\fotogallery\dataaccesslayer\efpocoadapter\northwindef.tests\bin\debug\northwindef.tests.dll" id="45337e9a-64d0-af49-e7cd-5d962b3d32ab">
      <Css projectStructure="" iteration="" />
      <Owners>
        <Owner name="" />
      </Owners>
      <Execution id="fb62a80b-06b5-44fe-9c0d-e4df3529956f" />
      <TestMethod codeBase="D:\Projects\Softserve\Fotogallery\DataAccessLayer\EFPocoAdapter\NorthwindEF.Tests\bin\Debug\NorthwindEF.Tests.dll" adapterTypeName="Microsoft.VisualStudio.TestTools.TestTypes.Unit.UnitTestAdapter, Microsoft.VisualStudio.QualityTools.Tips.UnitTest.Adapter, Version=9.0.0.0, Culture=neutral, PublicKeyToken=b03f5f7f11d50a3a" className="NorthwindEF.Tests.BuilderMethodsTests, NorthwindEF.Tests" name="OrderByTest" />
    </UnitTest>
    <UnitTest name="GeneratePocoAdaptersToDirectory" storage="d:\projects\softserve\fotogallery\dataaccesslayer\efpocoadapter\northwindef.tests\bin\debug\northwindef.tests.dll" id="d22ace2c-69e6-a91e-ce9c-e37bb3e87ce1">
      <Css projectStructure="" iteration="" />
      <Owners>
        <Owner name="" />
      </Owners>
      <Execution id="04fb9d5c-02ef-46e2-9e93-cda44c6ceeb5" />
      <TestMethod codeBase="D:\Projects\Softserve\Fotogallery\DataAccessLayer\EFPocoAdapter\NorthwindEF.Tests\bin\Debug\NorthwindEF.Tests.dll" adapterTypeName="Microsoft.VisualStudio.TestTools.TestTypes.Unit.UnitTestAdapter, Microsoft.VisualStudio.QualityTools.Tips.UnitTest.Adapter, Version=9.0.0.0, Culture=neutral, PublicKeyToken=b03f5f7f11d50a3a" className="NorthwindEF.Tests.CodeGenTests, NorthwindEF.Tests" name="GeneratePocoAdaptersToDirectory" />
    </UnitTest>
    <UnitTest name="CompiledQueryTest2" storage="d:\projects\softserve\fotogallery\dataaccesslayer\efpocoadapter\northwindef.tests\bin\debug\northwindef.tests.dll" id="11dad64e-cf1a-f513-7844-96d494638643">
      <Css projectStructure="" iteration="" />
      <Owners>
        <Owner name="" />
      </Owners>
      <Execution id="d6665805-aa51-4a7b-879b-033e5d8cf95c" />
      <TestMethod codeBase="D:\Projects\Softserve\Fotogallery\DataAccessLayer\EFPocoAdapter\NorthwindEF.Tests\bin\Debug\NorthwindEF.Tests.dll" adapterTypeName="Microsoft.VisualStudio.TestTools.TestTypes.Unit.UnitTestAdapter, Microsoft.VisualStudio.QualityTools.Tips.UnitTest.Adapter, Version=9.0.0.0, Culture=neutral, PublicKeyToken=b03f5f7f11d50a3a" className="NorthwindEF.Tests.CompiledQueryTests, NorthwindEF.Tests" name="CompiledQueryTest2" />
    </UnitTest>
    <UnitTest name="ComplexTypeTests" storage="d:\projects\softserve\fotogallery\dataaccesslayer\efpocoadapter\northwindef.tests\bin\debug\northwindef.tests.dll" id="94d4c79f-9329-d6b0-c437-af0755425909">
      <Css projectStructure="" iteration="" />
      <Owners>
        <Owner name="" />
      </Owners>
      <Execution id="f14e3886-d724-494d-a19e-e32f2819b9bc" />
      <TestMethod codeBase="D:\Projects\Softserve\Fotogallery\DataAccessLayer\EFPocoAdapter\NorthwindEF.Tests\bin\Debug\NorthwindEF.Tests.dll" adapterTypeName="Microsoft.VisualStudio.TestTools.TestTypes.Unit.UnitTestAdapter, Microsoft.VisualStudio.QualityTools.Tips.UnitTest.Adapter, Version=9.0.0.0, Culture=neutral, PublicKeyToken=b03f5f7f11d50a3a" className="NorthwindEF.Tests.QueryTests, NorthwindEF.Tests" name="ComplexTypeTests" />
    </UnitTest>
    <UnitTest name="RemoveAtTest" storage="d:\projects\softserve\fotogallery\dataaccesslayer\efpocoadapter\northwindef.tests\bin\debug\northwindef.tests.dll" id="4f9cc1a1-c406-ce63-f590-6d0e6e31a17c">
      <Css projectStructure="" iteration="" />
      <Owners>
        <Owner name="" />
      </Owners>
      <Execution id="be181247-49d2-445e-9df7-c02527664361" />
      <TestMethod codeBase="D:\Projects\Softserve\Fotogallery\DataAccessLayer\EFPocoAdapter\NorthwindEF.Tests\bin\Debug\NorthwindEF.Tests.dll" adapterTypeName="Microsoft.VisualStudio.TestTools.TestTypes.Unit.UnitTestAdapter, Microsoft.VisualStudio.QualityTools.Tips.UnitTest.Adapter, Version=9.0.0.0, Culture=neutral, PublicKeyToken=b03f5f7f11d50a3a" className="NorthwindEF.Tests.CollectionPropertiesTests, NorthwindEF.Tests" name="RemoveAtTest" />
    </UnitTest>
    <UnitTest name="ApplyPropertyChangesTest" storage="d:\projects\softserve\fotogallery\dataaccesslayer\efpocoadapter\northwindef.tests\bin\debug\northwindef.tests.dll" id="d85893db-8079-faa5-1ee1-78196f28c6e4">
      <Css projectStructure="" iteration="" />
      <Owners>
        <Owner name="" />
      </Owners>
      <Execution id="d3455150-5fee-4de9-8838-404533c08a4e" />
      <TestMethod codeBase="D:\Projects\Softserve\Fotogallery\DataAccessLayer\EFPocoAdapter\NorthwindEF.Tests\bin\Debug\NorthwindEF.Tests.dll" adapterTypeName="Microsoft.VisualStudio.TestTools.TestTypes.Unit.UnitTestAdapter, Microsoft.VisualStudio.QualityTools.Tips.UnitTest.Adapter, Version=9.0.0.0, Culture=neutral, PublicKeyToken=b03f5f7f11d50a3a" className="NorthwindEF.Tests.DetachedTests, NorthwindEF.Tests" name="ApplyPropertyChangesTest" />
    </UnitTest>
    <UnitTest name="ElementTypeTest" storage="d:\projects\softserve\fotogallery\dataaccesslayer\efpocoadapter\northwindef.tests\bin\debug\northwindef.tests.dll" id="8fffa05e-8126-ae7c-9a9c-1fa6ad516c2e">
      <Css projectStructure="" iteration="" />
      <Owners>
        <Owner name="" />
      </Owners>
      <Execution id="8b4da3b7-b62a-4dde-b83d-ec43387d55af" />
      <TestMethod codeBase="D:\Projects\Softserve\Fotogallery\DataAccessLayer\EFPocoAdapter\NorthwindEF.Tests\bin\Debug\NorthwindEF.Tests.dll" adapterTypeName="Microsoft.VisualStudio.TestTools.TestTypes.Unit.UnitTestAdapter, Microsoft.VisualStudio.QualityTools.Tips.UnitTest.Adapter, Version=9.0.0.0, Culture=neutral, PublicKeyToken=b03f5f7f11d50a3a" className="NorthwindEF.Tests.QueryTests, NorthwindEF.Tests" name="ElementTypeTest" />
    </UnitTest>
    <UnitTest name="EFPocoContextFactoryTest3" storage="d:\projects\softserve\fotogallery\dataaccesslayer\efpocoadapter\northwindef.tests\bin\debug\northwindef.tests.dll" id="24f29ed2-452c-648b-dc3a-ee174e9f367b">
      <Css projectStructure="" iteration="" />
      <Owners>
        <Owner name="" />
      </Owners>
      <Execution id="9df9f3ce-5992-4807-bea5-9a66a4cb1c4b" />
      <TestMethod codeBase="D:\Projects\Softserve\Fotogallery\DataAccessLayer\EFPocoAdapter\NorthwindEF.Tests\bin\Debug\NorthwindEF.Tests.dll" adapterTypeName="Microsoft.VisualStudio.TestTools.TestTypes.Unit.UnitTestAdapter, Microsoft.VisualStudio.QualityTools.Tips.UnitTest.Adapter, Version=9.0.0.0, Culture=neutral, PublicKeyToken=b03f5f7f11d50a3a" className="NorthwindEF.Tests.EFPocoContextFactoryTests, NorthwindEF.Tests" name="EFPocoContextFactoryTest3" />
    </UnitTest>
    <UnitTest name="ContextInjectionWithInclude" storage="d:\projects\softserve\fotogallery\dataaccesslayer\efpocoadapter\northwindef.tests\bin\debug\northwindef.tests.dll" id="fb16c560-245f-8e00-9d6a-e7f528148668">
      <Css projectStructure="" iteration="" />
      <Owners>
        <Owner name="" />
      </Owners>
      <Execution id="8e4dd5b6-c465-4211-95c9-8d44c516c773" />
      <TestMethod codeBase="D:\Projects\Softserve\Fotogallery\DataAccessLayer\EFPocoAdapter\NorthwindEF.Tests\bin\Debug\NorthwindEF.Tests.dll" adapterTypeName="Microsoft.VisualStudio.TestTools.TestTypes.Unit.UnitTestAdapter, Microsoft.VisualStudio.QualityTools.Tips.UnitTest.Adapter, Version=9.0.0.0, Culture=neutral, PublicKeyToken=b03f5f7f11d50a3a" className="NorthwindEF.Tests.ContextInjectionTests, NorthwindEF.Tests" name="ContextInjectionWithInclude" />
    </UnitTest>
    <UnitTest name="ChangeTrackingUsingProxy4" storage="d:\projects\softserve\fotogallery\dataaccesslayer\efpocoadapter\northwindef.tests\bin\debug\northwindef.tests.dll" id="b1c7d6c9-8c8f-3e87-5558-0e12b7fcae85">
      <Css projectStructure="" iteration="" />
      <Owners>
        <Owner name="" />
      </Owners>
      <Execution id="0e0f5b0f-ec8b-4b1c-8ce3-cf29344ac0b8" />
      <TestMethod codeBase="D:\Projects\Softserve\Fotogallery\DataAccessLayer\EFPocoAdapter\NorthwindEF.Tests\bin\Debug\NorthwindEF.Tests.dll" adapterTypeName="Microsoft.VisualStudio.TestTools.TestTypes.Unit.UnitTestAdapter, Microsoft.VisualStudio.QualityTools.Tips.UnitTest.Adapter, Version=9.0.0.0, Culture=neutral, PublicKeyToken=b03f5f7f11d50a3a" className="NorthwindEF.Tests.ChangeTrackingTests, NorthwindEF.Tests" name="ChangeTrackingUsingProxy4" />
    </UnitTest>
    <UnitTest name="LazyLoading2" storage="d:\projects\softserve\fotogallery\dataaccesslayer\efpocoadapter\northwindef.tests\bin\debug\northwindef.tests.dll" id="049bc142-2e8f-20b4-96a6-79a3c5307694">
      <Css projectStructure="" iteration="" />
      <Owners>
        <Owner name="" />
      </Owners>
      <Execution id="3e4dd73a-5c5a-4bcc-a07e-63ddc04e504b" />
      <TestMethod codeBase="D:\Projects\Softserve\Fotogallery\DataAccessLayer\EFPocoAdapter\NorthwindEF.Tests\bin\Debug\NorthwindEF.Tests.dll" adapterTypeName="Microsoft.VisualStudio.TestTools.TestTypes.Unit.UnitTestAdapter, Microsoft.VisualStudio.QualityTools.Tips.UnitTest.Adapter, Version=9.0.0.0, Culture=neutral, PublicKeyToken=b03f5f7f11d50a3a" className="NorthwindEF.Tests.LazyLoadingTests, NorthwindEF.Tests" name="LazyLoading2" />
    </UnitTest>
    <UnitTest name="ChangeTrackingTestNulalbleDate2" storage="d:\projects\softserve\fotogallery\dataaccesslayer\efpocoadapter\northwindef.tests\bin\debug\northwindef.tests.dll" id="d6b725e8-bdbd-bb71-05f5-9133baa2d21c">
      <Css projectStructure="" iteration="" />
      <Owners>
        <Owner name="" />
      </Owners>
      <Execution id="08f65aff-2df2-41e8-b650-a4802d74f695" />
      <TestMethod codeBase="D:\Projects\Softserve\Fotogallery\DataAccessLayer\EFPocoAdapter\NorthwindEF.Tests\bin\Debug\NorthwindEF.Tests.dll" adapterTypeName="Microsoft.VisualStudio.TestTools.TestTypes.Unit.UnitTestAdapter, Microsoft.VisualStudio.QualityTools.Tips.UnitTest.Adapter, Version=9.0.0.0, Culture=neutral, PublicKeyToken=b03f5f7f11d50a3a" className="NorthwindEF.Tests.ChangeTrackingTests, NorthwindEF.Tests" name="ChangeTrackingTestNulalbleDate2" />
    </UnitTest>
    <UnitTest name="NullableResult1" storage="d:\projects\softserve\fotogallery\dataaccesslayer\efpocoadapter\northwindef.tests\bin\debug\northwindef.tests.dll" id="642f8b2b-f86e-0e79-a9a4-ccd87408c34d">
      <Css projectStructure="" iteration="" />
      <Owners>
        <Owner name="" />
      </Owners>
      <Execution id="13b09f51-203b-4f30-a4ef-e7c87a11eb69" />
      <TestMethod codeBase="D:\Projects\Softserve\Fotogallery\DataAccessLayer\EFPocoAdapter\NorthwindEF.Tests\bin\Debug\NorthwindEF.Tests.dll" adapterTypeName="Microsoft.VisualStudio.TestTools.TestTypes.Unit.UnitTestAdapter, Microsoft.VisualStudio.QualityTools.Tips.UnitTest.Adapter, Version=9.0.0.0, Culture=neutral, PublicKeyToken=b03f5f7f11d50a3a" className="NorthwindEF.Tests.QueryTests, NorthwindEF.Tests" name="NullableResult1" />
    </UnitTest>
    <UnitTest name="LazyLoadingShoundBeDisabledForDetachedEntitites4" storage="d:\projects\softserve\fotogallery\dataaccesslayer\efpocoadapter\northwindef.tests\bin\debug\northwindef.tests.dll" id="215037cd-7ff2-1200-40e9-ca7e22e864d6">
      <Css projectStructure="" iteration="" />
      <Owners>
        <Owner name="" />
      </Owners>
      <Execution id="d33e6364-6098-42ea-8b4d-b1e436e46f09" />
      <TestMethod codeBase="D:\Projects\Softserve\Fotogallery\DataAccessLayer\EFPocoAdapter\NorthwindEF.Tests\bin\Debug\NorthwindEF.Tests.dll" adapterTypeName="Microsoft.VisualStudio.TestTools.TestTypes.Unit.UnitTestAdapter, Microsoft.VisualStudio.QualityTools.Tips.UnitTest.Adapter, Version=9.0.0.0, Culture=neutral, PublicKeyToken=b03f5f7f11d50a3a" className="NorthwindEF.Tests.LazyLoadingTests, NorthwindEF.Tests" name="LazyLoadingShoundBeDisabledForDetachedEntitites4" />
    </UnitTest>
    <UnitTest name="GetEnumeratorTest" storage="d:\projects\softserve\fotogallery\dataaccesslayer\efpocoadapter\northwindef.tests\bin\debug\northwindef.tests.dll" id="bd97b791-283f-75ff-2b79-c76726267a42">
      <Css projectStructure="" iteration="" />
      <Owners>
        <Owner name="" />
      </Owners>
      <Execution id="1e64bbfa-efcf-431e-8a4c-44cf5c5cc538" />
      <TestMethod codeBase="D:\Projects\Softserve\Fotogallery\DataAccessLayer\EFPocoAdapter\NorthwindEF.Tests\bin\Debug\NorthwindEF.Tests.dll" adapterTypeName="Microsoft.VisualStudio.TestTools.TestTypes.Unit.UnitTestAdapter, Microsoft.VisualStudio.QualityTools.Tips.UnitTest.Adapter, Version=9.0.0.0, Culture=neutral, PublicKeyToken=b03f5f7f11d50a3a" className="NorthwindEF.Tests.QueryTests, NorthwindEF.Tests" name="GetEnumeratorTest" />
    </UnitTest>
    <UnitTest name="GeneratePocoContainer" storage="d:\projects\softserve\fotogallery\dataaccesslayer\efpocoadapter\northwindef.tests\bin\debug\northwindef.tests.dll" id="8b620baa-a6c8-5024-d5ff-7b31328102c0">
      <Css projectStructure="" iteration="" />
      <Owners>
        <Owner name="" />
      </Owners>
      <Execution id="9980f629-77a3-4075-ac25-a5f43315f622" />
      <TestMethod codeBase="D:\Projects\Softserve\Fotogallery\DataAccessLayer\EFPocoAdapter\NorthwindEF.Tests\bin\Debug\NorthwindEF.Tests.dll" adapterTypeName="Microsoft.VisualStudio.TestTools.TestTypes.Unit.UnitTestAdapter, Microsoft.VisualStudio.QualityTools.Tips.UnitTest.Adapter, Version=9.0.0.0, Culture=neutral, PublicKeyToken=b03f5f7f11d50a3a" className="NorthwindEF.Tests.CodeGenTests, NorthwindEF.Tests" name="GeneratePocoContainer" />
    </UnitTest>
    <UnitTest name="ExceptTest" storage="d:\projects\softserve\fotogallery\dataaccesslayer\efpocoadapter\northwindef.tests\bin\debug\northwindef.tests.dll" id="71995ef6-1d5d-8bdb-a1cc-116da569a224">
      <Css projectStructure="" iteration="" />
      <Owners>
        <Owner name="" />
      </Owners>
      <Execution id="0e1a4da1-9b91-4e39-be13-dc3e115f03b6" />
      <TestMethod codeBase="D:\Projects\Softserve\Fotogallery\DataAccessLayer\EFPocoAdapter\NorthwindEF.Tests\bin\Debug\NorthwindEF.Tests.dll" adapterTypeName="Microsoft.VisualStudio.TestTools.TestTypes.Unit.UnitTestAdapter, Microsoft.VisualStudio.QualityTools.Tips.UnitTest.Adapter, Version=9.0.0.0, Culture=neutral, PublicKeyToken=b03f5f7f11d50a3a" className="NorthwindEF.Tests.BuilderMethodsTests, NorthwindEF.Tests" name="ExceptTest" />
    </UnitTest>
    <UnitTest name="CanAttachDetachedProxyToMultipleActiveContextsTest" storage="d:\projects\softserve\fotogallery\dataaccesslayer\efpocoadapter\northwindef.tests\bin\debug\northwindef.tests.dll" id="873c1835-16aa-9876-4b64-6525c4b2bcea">
      <Css projectStructure="" iteration="" />
      <Owners>
        <Owner name="" />
      </Owners>
      <Execution id="68d01a11-39f7-4878-ae80-f70b44f6455a" />
      <TestMethod codeBase="D:\Projects\Softserve\Fotogallery\DataAccessLayer\EFPocoAdapter\NorthwindEF.Tests\bin\Debug\NorthwindEF.Tests.dll" adapterTypeName="Microsoft.VisualStudio.TestTools.TestTypes.Unit.UnitTestAdapter, Microsoft.VisualStudio.QualityTools.Tips.UnitTest.Adapter, Version=9.0.0.0, Culture=neutral, PublicKeyToken=b03f5f7f11d50a3a" className="NorthwindEF.Tests.DetachedTests, NorthwindEF.Tests" name="CanAttachDetachedProxyToMultipleActiveContextsTest" />
    </UnitTest>
    <UnitTest name="ProjectReferences1" storage="d:\projects\softserve\fotogallery\dataaccesslayer\efpocoadapter\northwindef.tests\bin\debug\northwindef.tests.dll" id="23fa54d4-610f-3371-3c55-7969512b24eb">
      <Css projectStructure="" iteration="" />
      <Owners>
        <Owner name="" />
      </Owners>
      <Execution id="2b2fa248-185d-46e1-b453-96cba1061710" />
      <TestMethod codeBase="D:\Projects\Softserve\Fotogallery\DataAccessLayer\EFPocoAdapter\NorthwindEF.Tests\bin\Debug\NorthwindEF.Tests.dll" adapterTypeName="Microsoft.VisualStudio.TestTools.TestTypes.Unit.UnitTestAdapter, Microsoft.VisualStudio.QualityTools.Tips.UnitTest.Adapter, Version=9.0.0.0, Culture=neutral, PublicKeyToken=b03f5f7f11d50a3a" className="NorthwindEF.Tests.QueryTests, NorthwindEF.Tests" name="ProjectReferences1" />
    </UnitTest>
    <UnitTest name="ChangeTrackingByteArray2" storage="d:\projects\softserve\fotogallery\dataaccesslayer\efpocoadapter\northwindef.tests\bin\debug\northwindef.tests.dll" id="0f28e599-96f7-c0ec-42d3-979d2b5bbfeb">
      <Css projectStructure="" iteration="" />
      <Owners>
        <Owner name="" />
      </Owners>
      <Execution id="139193ee-f1ef-4980-9aa8-d4f94793b417" />
      <TestMethod codeBase="D:\Projects\Softserve\Fotogallery\DataAccessLayer\EFPocoAdapter\NorthwindEF.Tests\bin\Debug\NorthwindEF.Tests.dll" adapterTypeName="Microsoft.VisualStudio.TestTools.TestTypes.Unit.UnitTestAdapter, Microsoft.VisualStudio.QualityTools.Tips.UnitTest.Adapter, Version=9.0.0.0, Culture=neutral, PublicKeyToken=b03f5f7f11d50a3a" className="NorthwindEF.Tests.ChangeTrackingTests, NorthwindEF.Tests" name="ChangeTrackingByteArray2" />
    </UnitTest>
    <UnitTest name="ChangeTrackingUsingProxyReference1" storage="d:\projects\softserve\fotogallery\dataaccesslayer\efpocoadapter\northwindef.tests\bin\debug\northwindef.tests.dll" id="ee55a1e2-1d8f-0e43-b3d9-fd791b69d975">
      <Css projectStructure="" iteration="" />
      <Owners>
        <Owner name="" />
      </Owners>
      <Execution id="85cab07a-1348-472c-aa25-ed168d3dd71a" />
      <TestMethod codeBase="D:\Projects\Softserve\Fotogallery\DataAccessLayer\EFPocoAdapter\NorthwindEF.Tests\bin\Debug\NorthwindEF.Tests.dll" adapterTypeName="Microsoft.VisualStudio.TestTools.TestTypes.Unit.UnitTestAdapter, Microsoft.VisualStudio.QualityTools.Tips.UnitTest.Adapter, Version=9.0.0.0, Culture=neutral, PublicKeyToken=b03f5f7f11d50a3a" className="NorthwindEF.Tests.ChangeTrackingTests, NorthwindEF.Tests" name="ChangeTrackingUsingProxyReference1" />
    </UnitTest>
    <UnitTest name="ChangeTrackingUsingProxy1" storage="d:\projects\softserve\fotogallery\dataaccesslayer\efpocoadapter\northwindef.tests\bin\debug\northwindef.tests.dll" id="e983cdd7-4651-45c0-1158-00c7bedc0ff0">
      <Css projectStructure="" iteration="" />
      <Owners>
        <Owner name="" />
      </Owners>
      <Execution id="9048b969-0052-45c1-8f48-03f4973b382d" />
      <TestMethod codeBase="D:\Projects\Softserve\Fotogallery\DataAccessLayer\EFPocoAdapter\NorthwindEF.Tests\bin\Debug\NorthwindEF.Tests.dll" adapterTypeName="Microsoft.VisualStudio.TestTools.TestTypes.Unit.UnitTestAdapter, Microsoft.VisualStudio.QualityTools.Tips.UnitTest.Adapter, Version=9.0.0.0, Culture=neutral, PublicKeyToken=b03f5f7f11d50a3a" className="NorthwindEF.Tests.ChangeTrackingTests, NorthwindEF.Tests" name="ChangeTrackingUsingProxy1" />
    </UnitTest>
    <UnitTest name="CanAttachDetachedProxyToAnotherContextTest" storage="d:\projects\softserve\fotogallery\dataaccesslayer\efpocoadapter\northwindef.tests\bin\debug\northwindef.tests.dll" id="79c5426e-3b56-d732-a601-68ab5de528b2">
      <Css projectStructure="" iteration="" />
      <Owners>
        <Owner name="" />
      </Owners>
      <Execution id="390acc29-e88e-4998-ad15-83546a71f46c" />
      <TestMethod codeBase="D:\Projects\Softserve\Fotogallery\DataAccessLayer\EFPocoAdapter\NorthwindEF.Tests\bin\Debug\NorthwindEF.Tests.dll" adapterTypeName="Microsoft.VisualStudio.TestTools.TestTypes.Unit.UnitTestAdapter, Microsoft.VisualStudio.QualityTools.Tips.UnitTest.Adapter, Version=9.0.0.0, Culture=neutral, PublicKeyToken=b03f5f7f11d50a3a" className="NorthwindEF.Tests.DetachedTests, NorthwindEF.Tests" name="CanAttachDetachedProxyToAnotherContextTest" />
    </UnitTest>
    <UnitTest name="GeneratePocoAdapterAssemblyWithBadOCMapping" storage="d:\projects\softserve\fotogallery\dataaccesslayer\efpocoadapter\northwindef.tests\bin\debug\northwindef.tests.dll" id="b1b1e715-8374-6d86-619d-7269d01bdd82">
      <Css projectStructure="" iteration="" />
      <Owners>
        <Owner name="" />
      </Owners>
      <Execution id="67d1b249-02d0-49b9-a55b-51b2a8b25280" />
      <TestMethod codeBase="D:\Projects\Softserve\Fotogallery\DataAccessLayer\EFPocoAdapter\NorthwindEF.Tests\bin\Debug\NorthwindEF.Tests.dll" adapterTypeName="Microsoft.VisualStudio.TestTools.TestTypes.Unit.UnitTestAdapter, Microsoft.VisualStudio.QualityTools.Tips.UnitTest.Adapter, Version=9.0.0.0, Culture=neutral, PublicKeyToken=b03f5f7f11d50a3a" className="NorthwindEF.Tests.CodeGenTests, NorthwindEF.Tests" name="GeneratePocoAdapterAssemblyWithBadOCMapping" />
    </UnitTest>
    <UnitTest name="LazyLoadingShoundBeDisabledForDetachedEntitites" storage="d:\projects\softserve\fotogallery\dataaccesslayer\efpocoadapter\northwindef.tests\bin\debug\northwindef.tests.dll" id="2bd6fc76-2a3a-cd5f-52e9-acced9a7a383">
      <Css projectStructure="" iteration="" />
      <Owners>
        <Owner name="" />
      </Owners>
      <Execution id="3f7cb349-f800-400a-b4af-8696c36661fa" />
      <TestMethod codeBase="D:\Projects\Softserve\Fotogallery\DataAccessLayer\EFPocoAdapter\NorthwindEF.Tests\bin\Debug\NorthwindEF.Tests.dll" adapterTypeName="Microsoft.VisualStudio.TestTools.TestTypes.Unit.UnitTestAdapter, Microsoft.VisualStudio.QualityTools.Tips.UnitTest.Adapter, Version=9.0.0.0, Culture=neutral, PublicKeyToken=b03f5f7f11d50a3a" className="NorthwindEF.Tests.LazyLoadingTests, NorthwindEF.Tests" name="LazyLoadingShoundBeDisabledForDetachedEntitites" />
    </UnitTest>
    <UnitTest name="SimpleContextInjection" storage="d:\projects\softserve\fotogallery\dataaccesslayer\efpocoadapter\northwindef.tests\bin\debug\northwindef.tests.dll" id="fa1a2292-0be0-c753-64c3-1a77380bb049">
      <Css projectStructure="" iteration="" />
      <Owners>
        <Owner name="" />
      </Owners>
      <Execution id="af946c34-c1e0-4230-b533-4f2add915499" />
      <TestMethod codeBase="D:\Projects\Softserve\Fotogallery\DataAccessLayer\EFPocoAdapter\NorthwindEF.Tests\bin\Debug\NorthwindEF.Tests.dll" adapterTypeName="Microsoft.VisualStudio.TestTools.TestTypes.Unit.UnitTestAdapter, Microsoft.VisualStudio.QualityTools.Tips.UnitTest.Adapter, Version=9.0.0.0, Culture=neutral, PublicKeyToken=b03f5f7f11d50a3a" className="NorthwindEF.Tests.ContextInjectionTests, NorthwindEF.Tests" name="SimpleContextInjection" />
    </UnitTest>
    <UnitTest name="WrappedContextTests" storage="d:\projects\softserve\fotogallery\dataaccesslayer\efpocoadapter\northwindef.tests\bin\debug\northwindef.tests.dll" id="01cf82ba-4a31-70c6-2803-876024d73086">
      <Css projectStructure="" iteration="" />
      <Owners>
        <Owner name="" />
      </Owners>
      <Execution id="de93b18f-5be8-482a-b54f-1c8123f16bd5" />
      <TestMethod codeBase="D:\Projects\Softserve\Fotogallery\DataAccessLayer\EFPocoAdapter\NorthwindEF.Tests\bin\Debug\NorthwindEF.Tests.dll" adapterTypeName="Microsoft.VisualStudio.TestTools.TestTypes.Unit.UnitTestAdapter, Microsoft.VisualStudio.QualityTools.Tips.UnitTest.Adapter, Version=9.0.0.0, Culture=neutral, PublicKeyToken=b03f5f7f11d50a3a" className="NorthwindEF.Tests.UnitTest1, NorthwindEF.Tests" name="WrappedContextTests" />
    </UnitTest>
    <UnitTest name="RemoveTest" storage="d:\projects\softserve\fotogallery\dataaccesslayer\efpocoadapter\northwindef.tests\bin\debug\northwindef.tests.dll" id="aa1e6e17-8e16-a505-9f5c-dbb859cab6c5">
      <Css projectStructure="" iteration="" />
      <Owners>
        <Owner name="" />
      </Owners>
      <Execution id="e46393ac-d80d-439a-a0be-0e7dec9dfcff" />
      <TestMethod codeBase="D:\Projects\Softserve\Fotogallery\DataAccessLayer\EFPocoAdapter\NorthwindEF.Tests\bin\Debug\NorthwindEF.Tests.dll" adapterTypeName="Microsoft.VisualStudio.TestTools.TestTypes.Unit.UnitTestAdapter, Microsoft.VisualStudio.QualityTools.Tips.UnitTest.Adapter, Version=9.0.0.0, Culture=neutral, PublicKeyToken=b03f5f7f11d50a3a" className="NorthwindEF.Tests.CollectionPropertiesTests, NorthwindEF.Tests" name="RemoveTest" />
    </UnitTest>
    <UnitTest name="ChangeTrackingValueType1" storage="d:\projects\softserve\fotogallery\dataaccesslayer\efpocoadapter\northwindef.tests\bin\debug\northwindef.tests.dll" id="20c177db-29cf-f573-468d-5e5db659c3bc">
      <Css projectStructure="" iteration="" />
      <Owners>
        <Owner name="" />
      </Owners>
      <Execution id="d821ac40-7cd4-491a-8aaf-155428e01c5e" />
      <TestMethod codeBase="D:\Projects\Softserve\Fotogallery\DataAccessLayer\EFPocoAdapter\NorthwindEF.Tests\bin\Debug\NorthwindEF.Tests.dll" adapterTypeName="Microsoft.VisualStudio.TestTools.TestTypes.Unit.UnitTestAdapter, Microsoft.VisualStudio.QualityTools.Tips.UnitTest.Adapter, Version=9.0.0.0, Culture=neutral, PublicKeyToken=b03f5f7f11d50a3a" className="NorthwindEF.Tests.ChangeTrackingTests, NorthwindEF.Tests" name="ChangeTrackingValueType1" />
    </UnitTest>
    <UnitTest name="LazyLoadingShoundBeDisabledForAddedEntitites" storage="d:\projects\softserve\fotogallery\dataaccesslayer\efpocoadapter\northwindef.tests\bin\debug\northwindef.tests.dll" id="1996f95d-ee37-ec2b-02a6-5587b03fa8ff">
      <Css projectStructure="" iteration="" />
      <Owners>
        <Owner name="" />
      </Owners>
      <Execution id="05c722fc-c1b8-4ba2-bdeb-c97f9bb91582" />
      <TestMethod codeBase="D:\Projects\Softserve\Fotogallery\DataAccessLayer\EFPocoAdapter\NorthwindEF.Tests\bin\Debug\NorthwindEF.Tests.dll" adapterTypeName="Microsoft.VisualStudio.TestTools.TestTypes.Unit.UnitTestAdapter, Microsoft.VisualStudio.QualityTools.Tips.UnitTest.Adapter, Version=9.0.0.0, Culture=neutral, PublicKeyToken=b03f5f7f11d50a3a" className="NorthwindEF.Tests.BugRegressionTests, NorthwindEF.Tests" name="LazyLoadingShoundBeDisabledForAddedEntitites" />
    </UnitTest>
    <UnitTest name="CanAttachNonProxyToAnotherContextTest" storage="d:\projects\softserve\fotogallery\dataaccesslayer\efpocoadapter\northwindef.tests\bin\debug\northwindef.tests.dll" id="500bfa84-af0d-b9cb-0f96-b239790b2af1">
      <Css projectStructure="" iteration="" />
      <Owners>
        <Owner name="" />
      </Owners>
      <Execution id="4d84344a-efa4-4db9-ac04-5abe1a048c73" />
      <TestMethod codeBase="D:\Projects\Softserve\Fotogallery\DataAccessLayer\EFPocoAdapter\NorthwindEF.Tests\bin\Debug\NorthwindEF.Tests.dll" adapterTypeName="Microsoft.VisualStudio.TestTools.TestTypes.Unit.UnitTestAdapter, Microsoft.VisualStudio.QualityTools.Tips.UnitTest.Adapter, Version=9.0.0.0, Culture=neutral, PublicKeyToken=b03f5f7f11d50a3a" className="NorthwindEF.Tests.DetachedTests, NorthwindEF.Tests" name="CanAttachNonProxyToAnotherContextTest" />
    </UnitTest>
    <UnitTest name="IndexerNegativeTest1" storage="d:\projects\softserve\fotogallery\dataaccesslayer\efpocoadapter\northwindef.tests\bin\debug\northwindef.tests.dll" id="4579655d-673b-db7c-be05-ef04d266eba7">
      <Css projectStructure="" iteration="" />
      <Owners>
        <Owner name="" />
      </Owners>
      <Execution id="9584ce6d-0099-4818-b360-fad5a8335583" />
      <TestMethod codeBase="D:\Projects\Softserve\Fotogallery\DataAccessLayer\EFPocoAdapter\NorthwindEF.Tests\bin\Debug\NorthwindEF.Tests.dll" adapterTypeName="Microsoft.VisualStudio.TestTools.TestTypes.Unit.UnitTestAdapter, Microsoft.VisualStudio.QualityTools.Tips.UnitTest.Adapter, Version=9.0.0.0, Culture=neutral, PublicKeyToken=b03f5f7f11d50a3a" className="NorthwindEF.Tests.CollectionPropertiesTests, NorthwindEF.Tests" name="IndexerNegativeTest1" />
    </UnitTest>
    <UnitTest name="PublicSurfaceTest2" storage="d:\projects\softserve\fotogallery\dataaccesslayer\efpocoadapter\northwindef.tests\bin\debug\northwindef.tests.dll" id="523ace16-7533-61e8-6dcf-c3977413a79c">
      <Css projectStructure="" iteration="" />
      <Owners>
        <Owner name="" />
      </Owners>
      <Execution id="915b3719-d0df-4a8f-90de-cf13d11b3c47" />
      <TestMethod codeBase="D:\Projects\Softserve\Fotogallery\DataAccessLayer\EFPocoAdapter\NorthwindEF.Tests\bin\Debug\NorthwindEF.Tests.dll" adapterTypeName="Microsoft.VisualStudio.TestTools.TestTypes.Unit.UnitTestAdapter, Microsoft.VisualStudio.QualityTools.Tips.UnitTest.Adapter, Version=9.0.0.0, Culture=neutral, PublicKeyToken=b03f5f7f11d50a3a" className="NorthwindEF.Tests.PublicSurfaceTests, NorthwindEF.Tests" name="PublicSurfaceTest2" />
    </UnitTest>
    <UnitTest name="UnattachedOperationsOnAdapters" storage="d:\projects\softserve\fotogallery\dataaccesslayer\efpocoadapter\northwindef.tests\bin\debug\northwindef.tests.dll" id="6539fc59-6fd5-dc7e-42a0-81298303d1f4">
      <Css projectStructure="" iteration="" />
      <Owners>
        <Owner name="" />
      </Owners>
      <Execution id="10205e3d-664c-4a7b-913b-d0018bf8f709" />
      <TestMethod codeBase="D:\Projects\Softserve\Fotogallery\DataAccessLayer\EFPocoAdapter\NorthwindEF.Tests\bin\Debug\NorthwindEF.Tests.dll" adapterTypeName="Microsoft.VisualStudio.TestTools.TestTypes.Unit.UnitTestAdapter, Microsoft.VisualStudio.QualityTools.Tips.UnitTest.Adapter, Version=9.0.0.0, Culture=neutral, PublicKeyToken=b03f5f7f11d50a3a" className="NorthwindEF.Tests.UnitTest1, NorthwindEF.Tests" name="UnattachedOperationsOnAdapters" />
    </UnitTest>
    <UnitTest name="ConvertAndCompare" storage="d:\projects\softserve\fotogallery\dataaccesslayer\efpocoadapter\northwindef.tests\bin\debug\northwindef.tests.dll" id="a698a4c7-3f39-4624-0176-9ffec7c6db62">
      <Css projectStructure="" iteration="" />
      <Owners>
        <Owner name="" />
      </Owners>
      <Execution id="e338ac4b-95c5-4c13-8bc8-14bafcf4407a" />
      <TestMethod codeBase="D:\Projects\Softserve\Fotogallery\DataAccessLayer\EFPocoAdapter\NorthwindEF.Tests\bin\Debug\NorthwindEF.Tests.dll" adapterTypeName="Microsoft.VisualStudio.TestTools.TestTypes.Unit.UnitTestAdapter, Microsoft.VisualStudio.QualityTools.Tips.UnitTest.Adapter, Version=9.0.0.0, Culture=neutral, PublicKeyToken=b03f5f7f11d50a3a" className="NorthwindEF.Tests.ProxiesTests, NorthwindEF.Tests" name="ConvertAndCompare" />
    </UnitTest>
    <UnitTest name="IEntityProxyTest" storage="d:\projects\softserve\fotogallery\dataaccesslayer\efpocoadapter\northwindef.tests\bin\debug\northwindef.tests.dll" id="2a77a37b-226e-f660-0805-70f415cda8ba">
      <Css projectStructure="" iteration="" />
      <Owners>
        <Owner name="" />
      </Owners>
      <Execution id="c0f9de44-e1e2-4555-b502-127ad0a0f5f8" />
      <TestMethod codeBase="D:\Projects\Softserve\Fotogallery\DataAccessLayer\EFPocoAdapter\NorthwindEF.Tests\bin\Debug\NorthwindEF.Tests.dll" adapterTypeName="Microsoft.VisualStudio.TestTools.TestTypes.Unit.UnitTestAdapter, Microsoft.VisualStudio.QualityTools.Tips.UnitTest.Adapter, Version=9.0.0.0, Culture=neutral, PublicKeyToken=b03f5f7f11d50a3a" className="NorthwindEF.Tests.ProxiesTests, NorthwindEF.Tests" name="IEntityProxyTest" />
    </UnitTest>
    <UnitTest name="CategoriesTest" storage="d:\projects\softserve\fotogallery\dataaccesslayer\efpocoadapter\northwindef.tests\bin\debug\northwindef.tests.dll" id="f682572f-3b5a-5971-c419-5fbfb86b883b">
      <Css projectStructure="" iteration="" />
      <Owners>
        <Owner name="" />
      </Owners>
      <Execution id="5d475d28-bfd4-4091-a1e3-1c2f0ed36b2c" />
      <TestMethod codeBase="D:\Projects\Softserve\Fotogallery\DataAccessLayer\EFPocoAdapter\NorthwindEF.Tests\bin\Debug\NorthwindEF.Tests.dll" adapterTypeName="Microsoft.VisualStudio.TestTools.TestTypes.Unit.UnitTestAdapter, Microsoft.VisualStudio.QualityTools.Tips.UnitTest.Adapter, Version=9.0.0.0, Culture=neutral, PublicKeyToken=b03f5f7f11d50a3a" className="NorthwindEF.Tests.EntitySetTests, NorthwindEF.Tests" name="CategoriesTest" />
    </UnitTest>
    <UnitTest name="ExplicitLoadingNegative3" storage="d:\projects\softserve\fotogallery\dataaccesslayer\efpocoadapter\northwindef.tests\bin\debug\northwindef.tests.dll" id="e2d60138-5237-958e-c6d9-433b066a75b3">
      <Css projectStructure="" iteration="" />
      <Owners>
        <Owner name="" />
      </Owners>
      <Execution id="3e0ff789-9e3a-4f2f-a4ac-7e7e5e583b01" />
      <TestMethod codeBase="D:\Projects\Softserve\Fotogallery\DataAccessLayer\EFPocoAdapter\NorthwindEF.Tests\bin\Debug\NorthwindEF.Tests.dll" adapterTypeName="Microsoft.VisualStudio.TestTools.TestTypes.Unit.UnitTestAdapter, Microsoft.VisualStudio.QualityTools.Tips.UnitTest.Adapter, Version=9.0.0.0, Culture=neutral, PublicKeyToken=b03f5f7f11d50a3a" className="NorthwindEF.Tests.LazyLoadingTests, NorthwindEF.Tests" name="ExplicitLoadingNegative3" />
    </UnitTest>
    <UnitTest name="EFPocoContextFactoryTest4" storage="d:\projects\softserve\fotogallery\dataaccesslayer\efpocoadapter\northwindef.tests\bin\debug\northwindef.tests.dll" id="89297101-f5c6-b15a-d177-a75805fe2c10">
      <Css projectStructure="" iteration="" />
      <Owners>
        <Owner name="" />
      </Owners>
      <Execution id="23c723df-5390-4c1a-969c-fd3403a6aec6" />
      <TestMethod codeBase="D:\Projects\Softserve\Fotogallery\DataAccessLayer\EFPocoAdapter\NorthwindEF.Tests\bin\Debug\NorthwindEF.Tests.dll" adapterTypeName="Microsoft.VisualStudio.TestTools.TestTypes.Unit.UnitTestAdapter, Microsoft.VisualStudio.QualityTools.Tips.UnitTest.Adapter, Version=9.0.0.0, Culture=neutral, PublicKeyToken=b03f5f7f11d50a3a" className="NorthwindEF.Tests.EFPocoContextFactoryTests, NorthwindEF.Tests" name="EFPocoContextFactoryTest4" />
    </UnitTest>
    <UnitTest name="PublicSurfaceTest3" storage="d:\projects\softserve\fotogallery\dataaccesslayer\efpocoadapter\northwindef.tests\bin\debug\northwindef.tests.dll" id="157974d1-2bb7-9531-4807-8723b138ee57">
      <Css projectStructure="" iteration="" />
      <Owners>
        <Owner name="" />
      </Owners>
      <Execution id="09d0f353-8e6c-4f86-a3eb-2323dad09415" />
      <TestMethod codeBase="D:\Projects\Softserve\Fotogallery\DataAccessLayer\EFPocoAdapter\NorthwindEF.Tests\bin\Debug\NorthwindEF.Tests.dll" adapterTypeName="Microsoft.VisualStudio.TestTools.TestTypes.Unit.UnitTestAdapter, Microsoft.VisualStudio.QualityTools.Tips.UnitTest.Adapter, Version=9.0.0.0, Culture=neutral, PublicKeyToken=b03f5f7f11d50a3a" className="NorthwindEF.Tests.PublicSurfaceTests, NorthwindEF.Tests" name="PublicSurfaceTest3" />
    </UnitTest>
    <UnitTest name="ChangeTrackingUsingProxy5" storage="d:\projects\softserve\fotogallery\dataaccesslayer\efpocoadapter\northwindef.tests\bin\debug\northwindef.tests.dll" id="cba82877-7b39-9850-ed4f-e09cd3c3fb13">
      <Css projectStructure="" iteration="" />
      <Owners>
        <Owner name="" />
      </Owners>
      <Execution id="728bdfeb-b43c-42a4-855e-c686dc397e1a" />
      <TestMethod codeBase="D:\Projects\Softserve\Fotogallery\DataAccessLayer\EFPocoAdapter\NorthwindEF.Tests\bin\Debug\NorthwindEF.Tests.dll" adapterTypeName="Microsoft.VisualStudio.TestTools.TestTypes.Unit.UnitTestAdapter, Microsoft.VisualStudio.QualityTools.Tips.UnitTest.Adapter, Version=9.0.0.0, Culture=neutral, PublicKeyToken=b03f5f7f11d50a3a" className="NorthwindEF.Tests.ChangeTrackingTests, NorthwindEF.Tests" name="ChangeTrackingUsingProxy5" />
    </UnitTest>
    <UnitTest name="AttachTest4" storage="d:\projects\softserve\fotogallery\dataaccesslayer\efpocoadapter\northwindef.tests\bin\debug\northwindef.tests.dll" id="5be65b38-5088-ac3b-321e-c701f1651c20">
      <Css projectStructure="" iteration="" />
      <Owners>
        <Owner name="" />
      </Owners>
      <Execution id="8248fa66-5907-400f-9ef2-b983950da2d2" />
      <TestMethod codeBase="D:\Projects\Softserve\Fotogallery\DataAccessLayer\EFPocoAdapter\NorthwindEF.Tests\bin\Debug\NorthwindEF.Tests.dll" adapterTypeName="Microsoft.VisualStudio.TestTools.TestTypes.Unit.UnitTestAdapter, Microsoft.VisualStudio.QualityTools.Tips.UnitTest.Adapter, Version=9.0.0.0, Culture=neutral, PublicKeyToken=b03f5f7f11d50a3a" className="NorthwindEF.Tests.EntitySetTests, NorthwindEF.Tests" name="AttachTest4" />
    </UnitTest>
    <UnitTest name="LazyLoading1" storage="d:\projects\softserve\fotogallery\dataaccesslayer\efpocoadapter\northwindef.tests\bin\debug\northwindef.tests.dll" id="22b96c4d-272a-e43c-38b1-165927b122f8">
      <Css projectStructure="" iteration="" />
      <Owners>
        <Owner name="" />
      </Owners>
      <Execution id="f52e727f-26c5-49a9-9d4d-effcba530db6" />
      <TestMethod codeBase="D:\Projects\Softserve\Fotogallery\DataAccessLayer\EFPocoAdapter\NorthwindEF.Tests\bin\Debug\NorthwindEF.Tests.dll" adapterTypeName="Microsoft.VisualStudio.TestTools.TestTypes.Unit.UnitTestAdapter, Microsoft.VisualStudio.QualityTools.Tips.UnitTest.Adapter, Version=9.0.0.0, Culture=neutral, PublicKeyToken=b03f5f7f11d50a3a" className="NorthwindEF.Tests.LazyLoadingTests, NorthwindEF.Tests" name="LazyLoading1" />
    </UnitTest>
    <UnitTest name="NestedQuery2" storage="d:\projects\softserve\fotogallery\dataaccesslayer\efpocoadapter\northwindef.tests\bin\debug\northwindef.tests.dll" id="1b282046-210d-e1e8-d549-d8e2debd04f5">
      <Css projectStructure="" iteration="" />
      <Owners>
        <Owner name="" />
      </Owners>
      <Execution id="712f3062-bbed-484e-9e53-8a17a448c07c" />
      <TestMethod codeBase="D:\Projects\Softserve\Fotogallery\DataAccessLayer\EFPocoAdapter\NorthwindEF.Tests\bin\Debug\NorthwindEF.Tests.dll" adapterTypeName="Microsoft.VisualStudio.TestTools.TestTypes.Unit.UnitTestAdapter, Microsoft.VisualStudio.QualityTools.Tips.UnitTest.Adapter, Version=9.0.0.0, Culture=neutral, PublicKeyToken=b03f5f7f11d50a3a" className="NorthwindEF.Tests.QueryTests, NorthwindEF.Tests" name="NestedQuery2" />
    </UnitTest>
    <UnitTest name="CompiledQueryTest1" storage="d:\projects\softserve\fotogallery\dataaccesslayer\efpocoadapter\northwindef.tests\bin\debug\northwindef.tests.dll" id="a64aaa9a-0789-5033-47ec-6f3c52c05b23">
      <Css projectStructure="" iteration="" />
      <Owners>
        <Owner name="" />
      </Owners>
      <Execution id="0382a019-0849-47dc-8017-0de47e2de3eb" />
      <TestMethod codeBase="D:\Projects\Softserve\Fotogallery\DataAccessLayer\EFPocoAdapter\NorthwindEF.Tests\bin\Debug\NorthwindEF.Tests.dll" adapterTypeName="Microsoft.VisualStudio.TestTools.TestTypes.Unit.UnitTestAdapter, Microsoft.VisualStudio.QualityTools.Tips.UnitTest.Adapter, Version=9.0.0.0, Culture=neutral, PublicKeyToken=b03f5f7f11d50a3a" className="NorthwindEF.Tests.CompiledQueryTests, NorthwindEF.Tests" name="CompiledQueryTest1" />
    </UnitTest>
    <UnitTest name="AttachTest2" storage="d:\projects\softserve\fotogallery\dataaccesslayer\efpocoadapter\northwindef.tests\bin\debug\northwindef.tests.dll" id="5448f4be-9ad2-087b-eae6-367addc3505d">
      <Css projectStructure="" iteration="" />
      <Owners>
        <Owner name="" />
      </Owners>
      <Execution id="8e6758bf-f04f-4c9a-8665-97a3fc8f0a93" />
      <TestMethod codeBase="D:\Projects\Softserve\Fotogallery\DataAccessLayer\EFPocoAdapter\NorthwindEF.Tests\bin\Debug\NorthwindEF.Tests.dll" adapterTypeName="Microsoft.VisualStudio.TestTools.TestTypes.Unit.UnitTestAdapter, Microsoft.VisualStudio.QualityTools.Tips.UnitTest.Adapter, Version=9.0.0.0, Culture=neutral, PublicKeyToken=b03f5f7f11d50a3a" className="NorthwindEF.Tests.EntitySetTests, NorthwindEF.Tests" name="AttachTest2" />
    </UnitTest>
    <UnitTest name="WhereTest" storage="d:\projects\softserve\fotogallery\dataaccesslayer\efpocoadapter\northwindef.tests\bin\debug\northwindef.tests.dll" id="ee062bf3-bc2f-09ac-853d-bc665c56be0d">
      <Css projectStructure="" iteration="" />
      <Owners>
        <Owner name="" />
      </Owners>
      <Execution id="cdca8cbd-4a13-403f-b8a6-00078c68140b" />
      <TestMethod codeBase="D:\Projects\Softserve\Fotogallery\DataAccessLayer\EFPocoAdapter\NorthwindEF.Tests\bin\Debug\NorthwindEF.Tests.dll" adapterTypeName="Microsoft.VisualStudio.TestTools.TestTypes.Unit.UnitTestAdapter, Microsoft.VisualStudio.QualityTools.Tips.UnitTest.Adapter, Version=9.0.0.0, Culture=neutral, PublicKeyToken=b03f5f7f11d50a3a" className="NorthwindEF.Tests.BuilderMethodsTests, NorthwindEF.Tests" name="WhereTest" />
    </UnitTest>
    <UnitTest name="CollectionsTest1" storage="d:\projects\softserve\fotogallery\dataaccesslayer\efpocoadapter\northwindef.tests\bin\debug\northwindef.tests.dll" id="c6434e89-683e-a29e-de4c-7b53b7bbef12">
      <Css projectStructure="" iteration="" />
      <Owners>
        <Owner name="" />
      </Owners>
      <Execution id="767af3e4-91f2-42c9-b8aa-717353c3cadb" />
      <TestMethod codeBase="D:\Projects\Softserve\Fotogallery\DataAccessLayer\EFPocoAdapter\NorthwindEF.Tests\bin\Debug\NorthwindEF.Tests.dll" adapterTypeName="Microsoft.VisualStudio.TestTools.TestTypes.Unit.UnitTestAdapter, Microsoft.VisualStudio.QualityTools.Tips.UnitTest.Adapter, Version=9.0.0.0, Culture=neutral, PublicKeyToken=b03f5f7f11d50a3a" className="NorthwindEF.Tests.QueryTests, NorthwindEF.Tests" name="CollectionsTest1" />
    </UnitTest>
    <UnitTest name="ChangeTrackingReference2" storage="d:\projects\softserve\fotogallery\dataaccesslayer\efpocoadapter\northwindef.tests\bin\debug\northwindef.tests.dll" id="7dd610df-5e22-e025-91e7-ac7931cd9cf4">
      <Css projectStructure="" iteration="" />
      <Owners>
        <Owner name="" />
      </Owners>
      <Execution id="9dbddb4e-6b4a-4399-95db-f1102a00308b" />
      <TestMethod codeBase="D:\Projects\Softserve\Fotogallery\DataAccessLayer\EFPocoAdapter\NorthwindEF.Tests\bin\Debug\NorthwindEF.Tests.dll" adapterTypeName="Microsoft.VisualStudio.TestTools.TestTypes.Unit.UnitTestAdapter, Microsoft.VisualStudio.QualityTools.Tips.UnitTest.Adapter, Version=9.0.0.0, Culture=neutral, PublicKeyToken=b03f5f7f11d50a3a" className="NorthwindEF.Tests.ChangeTrackingTests, NorthwindEF.Tests" name="ChangeTrackingReference2" />
    </UnitTest>
    <UnitTest name="QueryOfPrimitiveType1" storage="d:\projects\softserve\fotogallery\dataaccesslayer\efpocoadapter\northwindef.tests\bin\debug\northwindef.tests.dll" id="839da681-0eaa-4006-880b-a3e734034c8b">
      <Css projectStructure="" iteration="" />
      <Owners>
        <Owner name="" />
      </Owners>
      <Execution id="10769b76-a956-4044-9595-a48a45bb59d9" />
      <TestMethod codeBase="D:\Projects\Softserve\Fotogallery\DataAccessLayer\EFPocoAdapter\NorthwindEF.Tests\bin\Debug\NorthwindEF.Tests.dll" adapterTypeName="Microsoft.VisualStudio.TestTools.TestTypes.Unit.UnitTestAdapter, Microsoft.VisualStudio.QualityTools.Tips.UnitTest.Adapter, Version=9.0.0.0, Culture=neutral, PublicKeyToken=b03f5f7f11d50a3a" className="NorthwindEF.Tests.QueryTests, NorthwindEF.Tests" name="QueryOfPrimitiveType1" />
    </UnitTest>
    <UnitTest name="TypeAs" storage="d:\projects\softserve\fotogallery\dataaccesslayer\efpocoadapter\northwindef.tests\bin\debug\northwindef.tests.dll" id="9aab549d-6b7e-0843-4c23-8d9c3fc62948">
      <Css projectStructure="" iteration="" />
      <Owners>
        <Owner name="" />
      </Owners>
      <Execution id="539b5e48-5345-45cf-afd0-3e2ff596beb1" />
      <TestMethod codeBase="D:\Projects\Softserve\Fotogallery\DataAccessLayer\EFPocoAdapter\NorthwindEF.Tests\bin\Debug\NorthwindEF.Tests.dll" adapterTypeName="Microsoft.VisualStudio.TestTools.TestTypes.Unit.UnitTestAdapter, Microsoft.VisualStudio.QualityTools.Tips.UnitTest.Adapter, Version=9.0.0.0, Culture=neutral, PublicKeyToken=b03f5f7f11d50a3a" className="NorthwindEF.Tests.QueryTests, NorthwindEF.Tests" name="TypeAs" />
    </UnitTest>
    <UnitTest name="ExplicitLoadingNegative2" storage="d:\projects\softserve\fotogallery\dataaccesslayer\efpocoadapter\northwindef.tests\bin\debug\northwindef.tests.dll" id="dc121815-49c4-ce47-9acc-ac8cc35bbfef">
      <Css projectStructure="" iteration="" />
      <Owners>
        <Owner name="" />
      </Owners>
      <Execution id="6a395ba8-45cd-452b-8195-bb39ad79e354" />
      <TestMethod codeBase="D:\Projects\Softserve\Fotogallery\DataAccessLayer\EFPocoAdapter\NorthwindEF.Tests\bin\Debug\NorthwindEF.Tests.dll" adapterTypeName="Microsoft.VisualStudio.TestTools.TestTypes.Unit.UnitTestAdapter, Microsoft.VisualStudio.QualityTools.Tips.UnitTest.Adapter, Version=9.0.0.0, Culture=neutral, PublicKeyToken=b03f5f7f11d50a3a" className="NorthwindEF.Tests.LazyLoadingTests, NorthwindEF.Tests" name="ExplicitLoadingNegative2" />
    </UnitTest>
    <UnitTest name="IndexerNegativeTest2" storage="d:\projects\softserve\fotogallery\dataaccesslayer\efpocoadapter\northwindef.tests\bin\debug\northwindef.tests.dll" id="799c3995-2e3b-59cb-a0b5-44a1d264d17a">
      <Css projectStructure="" iteration="" />
      <Owners>
        <Owner name="" />
      </Owners>
      <Execution id="2c023966-9e4e-4a6b-86fe-f5b41d896aa0" />
      <TestMethod codeBase="D:\Projects\Softserve\Fotogallery\DataAccessLayer\EFPocoAdapter\NorthwindEF.Tests\bin\Debug\NorthwindEF.Tests.dll" adapterTypeName="Microsoft.VisualStudio.TestTools.TestTypes.Unit.UnitTestAdapter, Microsoft.VisualStudio.QualityTools.Tips.UnitTest.Adapter, Version=9.0.0.0, Culture=neutral, PublicKeyToken=b03f5f7f11d50a3a" className="NorthwindEF.Tests.CollectionPropertiesTests, NorthwindEF.Tests" name="IndexerNegativeTest2" />
    </UnitTest>
    <UnitTest name="TouchAllMembers" storage="d:\projects\softserve\fotogallery\dataaccesslayer\efpocoadapter\northwindef.tests\bin\debug\northwindef.tests.dll" id="c87c3d6f-31a2-c6a1-0e47-823be60a057f">
      <Css projectStructure="" iteration="" />
      <Owners>
        <Owner name="" />
      </Owners>
      <Execution id="4cb73030-36ab-4451-87de-81efb90c6129" />
      <TestMethod codeBase="D:\Projects\Softserve\Fotogallery\DataAccessLayer\EFPocoAdapter\NorthwindEF.Tests\bin\Debug\NorthwindEF.Tests.dll" adapterTypeName="Microsoft.VisualStudio.TestTools.TestTypes.Unit.UnitTestAdapter, Microsoft.VisualStudio.QualityTools.Tips.UnitTest.Adapter, Version=9.0.0.0, Culture=neutral, PublicKeyToken=b03f5f7f11d50a3a" className="NorthwindEF.Tests.EntitySetTests, NorthwindEF.Tests" name="TouchAllMembers" />
    </UnitTest>
    <UnitTest name="SelectTest" storage="d:\projects\softserve\fotogallery\dataaccesslayer\efpocoadapter\northwindef.tests\bin\debug\northwindef.tests.dll" id="51f2f757-2089-66a4-65f2-06c89ba27dc0">
      <Css projectStructure="" iteration="" />
      <Owners>
        <Owner name="" />
      </Owners>
      <Execution id="e051148b-208a-4b48-807a-931f8f3531b1" />
      <TestMethod codeBase="D:\Projects\Softserve\Fotogallery\DataAccessLayer\EFPocoAdapter\NorthwindEF.Tests\bin\Debug\NorthwindEF.Tests.dll" adapterTypeName="Microsoft.VisualStudio.TestTools.TestTypes.Unit.UnitTestAdapter, Microsoft.VisualStudio.QualityTools.Tips.UnitTest.Adapter, Version=9.0.0.0, Culture=neutral, PublicKeyToken=b03f5f7f11d50a3a" className="NorthwindEF.Tests.BuilderMethodsTests, NorthwindEF.Tests" name="SelectTest" />
    </UnitTest>
    <UnitTest name="ConnectionTest" storage="d:\projects\softserve\fotogallery\dataaccesslayer\efpocoadapter\northwindef.tests\bin\debug\northwindef.tests.dll" id="06f3d3e7-dabf-f73d-88b2-b104c71f82d5">
      <Css projectStructure="" iteration="" />
      <Owners>
        <Owner name="" />
      </Owners>
      <Execution id="2b76c9f4-0617-4817-9377-9fd3a84c44ef" />
      <TestMethod codeBase="D:\Projects\Softserve\Fotogallery\DataAccessLayer\EFPocoAdapter\NorthwindEF.Tests\bin\Debug\NorthwindEF.Tests.dll" adapterTypeName="Microsoft.VisualStudio.TestTools.TestTypes.Unit.UnitTestAdapter, Microsoft.VisualStudio.QualityTools.Tips.UnitTest.Adapter, Version=9.0.0.0, Culture=neutral, PublicKeyToken=b03f5f7f11d50a3a" className="NorthwindEF.Tests.UnitTest1, NorthwindEF.Tests" name="ConnectionTest" />
    </UnitTest>
    <UnitTest name="ExplicitLoading4" storage="d:\projects\softserve\fotogallery\dataaccesslayer\efpocoadapter\northwindef.tests\bin\debug\northwindef.tests.dll" id="a0ef2a73-862e-4472-ce1f-8c5ccb00e31a">
      <Css projectStructure="" iteration="" />
      <Owners>
        <Owner name="" />
      </Owners>
      <Execution id="a0760877-63fa-4bd9-9ce0-065782fbda72" />
      <TestMethod codeBase="D:\Projects\Softserve\Fotogallery\DataAccessLayer\EFPocoAdapter\NorthwindEF.Tests\bin\Debug\NorthwindEF.Tests.dll" adapterTypeName="Microsoft.VisualStudio.TestTools.TestTypes.Unit.UnitTestAdapter, Microsoft.VisualStudio.QualityTools.Tips.UnitTest.Adapter, Version=9.0.0.0, Culture=neutral, PublicKeyToken=b03f5f7f11d50a3a" className="NorthwindEF.Tests.LazyLoadingTests, NorthwindEF.Tests" name="ExplicitLoading4" />
    </UnitTest>
    <UnitTest name="ExplicitLoading3" storage="d:\projects\softserve\fotogallery\dataaccesslayer\efpocoadapter\northwindef.tests\bin\debug\northwindef.tests.dll" id="f002357d-a340-55a5-f5f6-6462095b882c">
      <Css projectStructure="" iteration="" />
      <Owners>
        <Owner name="" />
      </Owners>
      <Execution id="d2977505-aae4-4d33-b092-55e4fccc2bcd" />
      <TestMethod codeBase="D:\Projects\Softserve\Fotogallery\DataAccessLayer\EFPocoAdapter\NorthwindEF.Tests\bin\Debug\NorthwindEF.Tests.dll" adapterTypeName="Microsoft.VisualStudio.TestTools.TestTypes.Unit.UnitTestAdapter, Microsoft.VisualStudio.QualityTools.Tips.UnitTest.Adapter, Version=9.0.0.0, Culture=neutral, PublicKeyToken=b03f5f7f11d50a3a" className="NorthwindEF.Tests.LazyLoadingTests, NorthwindEF.Tests" name="ExplicitLoading3" />
    </UnitTest>
    <UnitTest name="ChangeTrackingUsingProxy2" storage="d:\projects\softserve\fotogallery\dataaccesslayer\efpocoadapter\northwindef.tests\bin\debug\northwindef.tests.dll" id="3eada314-a55d-4407-2cd8-c6b75b6cec1e">
      <Css projectStructure="" iteration="" />
      <Owners>
        <Owner name="" />
      </Owners>
      <Execution id="a3cf8b27-771d-4995-8368-2edd1594d95f" />
      <TestMethod codeBase="D:\Projects\Softserve\Fotogallery\DataAccessLayer\EFPocoAdapter\NorthwindEF.Tests\bin\Debug\NorthwindEF.Tests.dll" adapterTypeName="Microsoft.VisualStudio.TestTools.TestTypes.Unit.UnitTestAdapter, Microsoft.VisualStudio.QualityTools.Tips.UnitTest.Adapter, Version=9.0.0.0, Culture=neutral, PublicKeyToken=b03f5f7f11d50a3a" className="NorthwindEF.Tests.ChangeTrackingTests, NorthwindEF.Tests" name="ChangeTrackingUsingProxy2" />
    </UnitTest>
    <UnitTest name="TopTest" storage="d:\projects\softserve\fotogallery\dataaccesslayer\efpocoadapter\northwindef.tests\bin\debug\northwindef.tests.dll" id="6f946bbe-8302-38bf-1a08-1c9d89cdd679">
      <Css projectStructure="" iteration="" />
      <Owners>
        <Owner name="" />
      </Owners>
      <Execution id="4a092675-1aea-43f5-b369-ed02ef613d8c" />
      <TestMethod codeBase="D:\Projects\Softserve\Fotogallery\DataAccessLayer\EFPocoAdapter\NorthwindEF.Tests\bin\Debug\NorthwindEF.Tests.dll" adapterTypeName="Microsoft.VisualStudio.TestTools.TestTypes.Unit.UnitTestAdapter, Microsoft.VisualStudio.QualityTools.Tips.UnitTest.Adapter, Version=9.0.0.0, Culture=neutral, PublicKeyToken=b03f5f7f11d50a3a" className="NorthwindEF.Tests.BuilderMethodsTests, NorthwindEF.Tests" name="TopTest" />
    </UnitTest>
    <UnitTest name="GenerateAndUsePocoAdapter" storage="d:\projects\softserve\fotogallery\dataaccesslayer\efpocoadapter\northwindef.tests\bin\debug\northwindef.tests.dll" id="5e3205ce-535e-23cf-0093-010e0393036e">
      <Css projectStructure="" iteration="" />
      <Owners>
        <Owner name="" />
      </Owners>
      <Execution id="b32f4f80-b62d-4a35-9e1d-5741feebb88a" />
      <TestMethod codeBase="D:\Projects\Softserve\Fotogallery\DataAccessLayer\EFPocoAdapter\NorthwindEF.Tests\bin\Debug\NorthwindEF.Tests.dll" adapterTypeName="Microsoft.VisualStudio.TestTools.TestTypes.Unit.UnitTestAdapter, Microsoft.VisualStudio.QualityTools.Tips.UnitTest.Adapter, Version=9.0.0.0, Culture=neutral, PublicKeyToken=b03f5f7f11d50a3a" className="NorthwindEF.Tests.AdapterGeneratorTests, NorthwindEF.Tests" name="GenerateAndUsePocoAdapter" />
    </UnitTest>
    <UnitTest name="AddNewMemberTests" storage="d:\projects\softserve\fotogallery\dataaccesslayer\efpocoadapter\northwindef.tests\bin\debug\northwindef.tests.dll" id="97ec2f4f-44f4-7cb1-66dd-78cfa686cc23">
      <Css projectStructure="" iteration="" />
      <Owners>
        <Owner name="" />
      </Owners>
      <Execution id="86ebe912-c64f-4ffe-b02c-7f6eab5847f2" />
      <TestMethod codeBase="D:\Projects\Softserve\Fotogallery\DataAccessLayer\EFPocoAdapter\NorthwindEF.Tests\bin\Debug\NorthwindEF.Tests.dll" adapterTypeName="Microsoft.VisualStudio.TestTools.TestTypes.Unit.UnitTestAdapter, Microsoft.VisualStudio.QualityTools.Tips.UnitTest.Adapter, Version=9.0.0.0, Culture=neutral, PublicKeyToken=b03f5f7f11d50a3a" className="NorthwindEF.Tests.EntitySetTests, NorthwindEF.Tests" name="AddNewMemberTests" />
    </UnitTest>
    <UnitTest name="PublicSurfaceTest1" storage="d:\projects\softserve\fotogallery\dataaccesslayer\efpocoadapter\northwindef.tests\bin\debug\northwindef.tests.dll" id="36a8f38b-62c0-f99c-a3e9-f667aeb44d10">
      <Css projectStructure="" iteration="" />
      <Owners>
        <Owner name="" />
      </Owners>
      <Execution id="c3c5a031-a13e-4a94-899f-946d0d633637" />
      <TestMethod codeBase="D:\Projects\Softserve\Fotogallery\DataAccessLayer\EFPocoAdapter\NorthwindEF.Tests\bin\Debug\NorthwindEF.Tests.dll" adapterTypeName="Microsoft.VisualStudio.TestTools.TestTypes.Unit.UnitTestAdapter, Microsoft.VisualStudio.QualityTools.Tips.UnitTest.Adapter, Version=9.0.0.0, Culture=neutral, PublicKeyToken=b03f5f7f11d50a3a" className="NorthwindEF.Tests.PublicSurfaceTests, NorthwindEF.Tests" name="PublicSurfaceTest1" />
    </UnitTest>
    <UnitTest name="NestedQuery3" storage="d:\projects\softserve\fotogallery\dataaccesslayer\efpocoadapter\northwindef.tests\bin\debug\northwindef.tests.dll" id="6935b1a5-a892-03da-ba51-54ac3b0d0425">
      <Css projectStructure="" iteration="" />
      <Owners>
        <Owner name="" />
      </Owners>
      <Execution id="60425a54-4fb8-496c-98cf-5d88990ea82b" />
      <TestMethod codeBase="D:\Projects\Softserve\Fotogallery\DataAccessLayer\EFPocoAdapter\NorthwindEF.Tests\bin\Debug\NorthwindEF.Tests.dll" adapterTypeName="Microsoft.VisualStudio.TestTools.TestTypes.Unit.UnitTestAdapter, Microsoft.VisualStudio.QualityTools.Tips.UnitTest.Adapter, Version=9.0.0.0, Culture=neutral, PublicKeyToken=b03f5f7f11d50a3a" className="NorthwindEF.Tests.QueryTests, NorthwindEF.Tests" name="NestedQuery3" />
    </UnitTest>
    <UnitTest name="ChangeTrackingReference1" storage="d:\projects\softserve\fotogallery\dataaccesslayer\efpocoadapter\northwindef.tests\bin\debug\northwindef.tests.dll" id="f6ef295e-254d-33ae-8b08-aa1a560111be">
      <Css projectStructure="" iteration="" />
      <Owners>
        <Owner name="" />
      </Owners>
      <Execution id="c04a48d9-c8b1-41e6-ab58-80f375de4c5c" />
      <TestMethod codeBase="D:\Projects\Softserve\Fotogallery\DataAccessLayer\EFPocoAdapter\NorthwindEF.Tests\bin\Debug\NorthwindEF.Tests.dll" adapterTypeName="Microsoft.VisualStudio.TestTools.TestTypes.Unit.UnitTestAdapter, Microsoft.VisualStudio.QualityTools.Tips.UnitTest.Adapter, Version=9.0.0.0, Culture=neutral, PublicKeyToken=b03f5f7f11d50a3a" className="NorthwindEF.Tests.ChangeTrackingTests, NorthwindEF.Tests" name="ChangeTrackingReference1" />
    </UnitTest>
    <UnitTest name="CRUD1" storage="d:\projects\softserve\fotogallery\dataaccesslayer\efpocoadapter\northwindef.tests\bin\debug\northwindef.tests.dll" id="433caed2-d6d4-07c1-25da-6427443148f6">
      <Css projectStructure="" iteration="" />
      <Owners>
        <Owner name="" />
      </Owners>
      <Execution id="8e661b88-aa49-4158-802f-211f4a2443e8" />
      <TestMethod codeBase="D:\Projects\Softserve\Fotogallery\DataAccessLayer\EFPocoAdapter\NorthwindEF.Tests\bin\Debug\NorthwindEF.Tests.dll" adapterTypeName="Microsoft.VisualStudio.TestTools.TestTypes.Unit.UnitTestAdapter, Microsoft.VisualStudio.QualityTools.Tips.UnitTest.Adapter, Version=9.0.0.0, Culture=neutral, PublicKeyToken=b03f5f7f11d50a3a" className="NorthwindEF.Tests.CRUDTests, NorthwindEF.Tests" name="CRUD1" />
    </UnitTest>
    <UnitTest name="LazyLoadingShoundBeDisabledForDetachedEntitites3" storage="d:\projects\softserve\fotogallery\dataaccesslayer\efpocoadapter\northwindef.tests\bin\debug\northwindef.tests.dll" id="d8552ed3-d25d-4518-e4d4-a4e68ac7b2b2">
      <Css projectStructure="" iteration="" />
      <Owners>
        <Owner name="" />
      </Owners>
      <Execution id="990dccbb-cd41-46be-9953-0381efc472d5" />
      <TestMethod codeBase="D:\Projects\Softserve\Fotogallery\DataAccessLayer\EFPocoAdapter\NorthwindEF.Tests\bin\Debug\NorthwindEF.Tests.dll" adapterTypeName="Microsoft.VisualStudio.TestTools.TestTypes.Unit.UnitTestAdapter, Microsoft.VisualStudio.QualityTools.Tips.UnitTest.Adapter, Version=9.0.0.0, Culture=neutral, PublicKeyToken=b03f5f7f11d50a3a" className="NorthwindEF.Tests.LazyLoadingTests, NorthwindEF.Tests" name="LazyLoadingShoundBeDisabledForDetachedEntitites3" />
    </UnitTest>
    <UnitTest name="QueryWithProxiesDisabledTest" storage="d:\projects\softserve\fotogallery\dataaccesslayer\efpocoadapter\northwindef.tests\bin\debug\northwindef.tests.dll" id="53cb3d8c-a3da-c19f-3ddf-a163c52d73e3">
      <Css projectStructure="" iteration="" />
      <Owners>
        <Owner name="" />
      </Owners>
      <Execution id="1b73e253-c310-41bd-8558-b84fe952d2b9" />
      <TestMethod codeBase="D:\Projects\Softserve\Fotogallery\DataAccessLayer\EFPocoAdapter\NorthwindEF.Tests\bin\Debug\NorthwindEF.Tests.dll" adapterTypeName="Microsoft.VisualStudio.TestTools.TestTypes.Unit.UnitTestAdapter, Microsoft.VisualStudio.QualityTools.Tips.UnitTest.Adapter, Version=9.0.0.0, Culture=neutral, PublicKeyToken=b03f5f7f11d50a3a" className="NorthwindEF.Tests.ProxiesTests, NorthwindEF.Tests" name="QueryWithProxiesDisabledTest" />
    </UnitTest>
    <UnitTest name="InsertTest" storage="d:\projects\softserve\fotogallery\dataaccesslayer\efpocoadapter\northwindef.tests\bin\debug\northwindef.tests.dll" id="424d3772-c289-7249-8d88-d5ff41101246">
      <Css projectStructure="" iteration="" />
      <Owners>
        <Owner name="" />
      </Owners>
      <Execution id="8bc26931-e3e6-4dbf-8d92-a7811ef0a8d6" />
      <TestMethod codeBase="D:\Projects\Softserve\Fotogallery\DataAccessLayer\EFPocoAdapter\NorthwindEF.Tests\bin\Debug\NorthwindEF.Tests.dll" adapterTypeName="Microsoft.VisualStudio.TestTools.TestTypes.Unit.UnitTestAdapter, Microsoft.VisualStudio.QualityTools.Tips.UnitTest.Adapter, Version=9.0.0.0, Culture=neutral, PublicKeyToken=b03f5f7f11d50a3a" className="NorthwindEF.Tests.CollectionPropertiesTests, NorthwindEF.Tests" name="InsertTest" />
    </UnitTest>
    <UnitTest name="AttachTest" storage="d:\projects\softserve\fotogallery\dataaccesslayer\efpocoadapter\northwindef.tests\bin\debug\northwindef.tests.dll" id="f56e0139-5ff0-7ddb-3d5a-6da63eafee08">
      <Css projectStructure="" iteration="" />
      <Owners>
        <Owner name="" />
      </Owners>
      <Execution id="f5e92acb-589e-4a2a-a741-22eed19715b4" />
      <TestMethod codeBase="D:\Projects\Softserve\Fotogallery\DataAccessLayer\EFPocoAdapter\NorthwindEF.Tests\bin\Debug\NorthwindEF.Tests.dll" adapterTypeName="Microsoft.VisualStudio.TestTools.TestTypes.Unit.UnitTestAdapter, Microsoft.VisualStudio.QualityTools.Tips.UnitTest.Adapter, Version=9.0.0.0, Culture=neutral, PublicKeyToken=b03f5f7f11d50a3a" className="NorthwindEF.Tests.EntitySetTests, NorthwindEF.Tests" name="AttachTest" />
    </UnitTest>
    <UnitTest name="CRUD2" storage="d:\projects\softserve\fotogallery\dataaccesslayer\efpocoadapter\northwindef.tests\bin\debug\northwindef.tests.dll" id="e9fc80f7-7a3f-5d49-0eb8-88837b346b7a">
      <Css projectStructure="" iteration="" />
      <Owners>
        <Owner name="" />
      </Owners>
      <Execution id="e0cc5ac3-d294-446e-8190-4854640c5cb1" />
      <TestMethod codeBase="D:\Projects\Softserve\Fotogallery\DataAccessLayer\EFPocoAdapter\NorthwindEF.Tests\bin\Debug\NorthwindEF.Tests.dll" adapterTypeName="Microsoft.VisualStudio.TestTools.TestTypes.Unit.UnitTestAdapter, Microsoft.VisualStudio.QualityTools.Tips.UnitTest.Adapter, Version=9.0.0.0, Culture=neutral, PublicKeyToken=b03f5f7f11d50a3a" className="NorthwindEF.Tests.CRUDTests, NorthwindEF.Tests" name="CRUD2" />
    </UnitTest>
    <UnitTest name="ChangeTrackingByteArray1" storage="d:\projects\softserve\fotogallery\dataaccesslayer\efpocoadapter\northwindef.tests\bin\debug\northwindef.tests.dll" id="a46e958f-e7a9-95e1-ffcd-63d08022f16e">
      <Css projectStructure="" iteration="" />
      <Owners>
        <Owner name="" />
      </Owners>
      <Execution id="3ce731fb-5f4d-4781-b4bf-c4b87c842e41" />
      <TestMethod codeBase="D:\Projects\Softserve\Fotogallery\DataAccessLayer\EFPocoAdapter\NorthwindEF.Tests\bin\Debug\NorthwindEF.Tests.dll" adapterTypeName="Microsoft.VisualStudio.TestTools.TestTypes.Unit.UnitTestAdapter, Microsoft.VisualStudio.QualityTools.Tips.UnitTest.Adapter, Version=9.0.0.0, Culture=neutral, PublicKeyToken=b03f5f7f11d50a3a" className="NorthwindEF.Tests.ChangeTrackingTests, NorthwindEF.Tests" name="ChangeTrackingByteArray1" />
    </UnitTest>
    <UnitTest name="ProjectReferences2" storage="d:\projects\softserve\fotogallery\dataaccesslayer\efpocoadapter\northwindef.tests\bin\debug\northwindef.tests.dll" id="71d5f3b0-a4af-b7e4-4128-f2034f85966b">
      <Css projectStructure="" iteration="" />
      <Owners>
        <Owner name="" />
      </Owners>
      <Execution id="e40e5789-aa42-4809-b322-9e90c97cea1c" />
      <TestMethod codeBase="D:\Projects\Softserve\Fotogallery\DataAccessLayer\EFPocoAdapter\NorthwindEF.Tests\bin\Debug\NorthwindEF.Tests.dll" adapterTypeName="Microsoft.VisualStudio.TestTools.TestTypes.Unit.UnitTestAdapter, Microsoft.VisualStudio.QualityTools.Tips.UnitTest.Adapter, Version=9.0.0.0, Culture=neutral, PublicKeyToken=b03f5f7f11d50a3a" className="NorthwindEF.Tests.QueryTests, NorthwindEF.Tests" name="ProjectReferences2" />
    </UnitTest>
    <UnitTest name="ExplicitLoadingNegative5" storage="d:\projects\softserve\fotogallery\dataaccesslayer\efpocoadapter\northwindef.tests\bin\debug\northwindef.tests.dll" id="ee2fbafa-0298-ef28-7dff-c755e4ea89d9">
      <Css projectStructure="" iteration="" />
      <Owners>
        <Owner name="" />
      </Owners>
      <Execution id="3577ff97-da48-4465-9782-d4dd2cab414f" />
      <TestMethod codeBase="D:\Projects\Softserve\Fotogallery\DataAccessLayer\EFPocoAdapter\NorthwindEF.Tests\bin\Debug\NorthwindEF.Tests.dll" adapterTypeName="Microsoft.VisualStudio.TestTools.TestTypes.Unit.UnitTestAdapter, Microsoft.VisualStudio.QualityTools.Tips.UnitTest.Adapter, Version=9.0.0.0, Culture=neutral, PublicKeyToken=b03f5f7f11d50a3a" className="NorthwindEF.Tests.LazyLoadingTests, NorthwindEF.Tests" name="ExplicitLoadingNegative5" />
    </UnitTest>
    <UnitTest name="First" storage="d:\projects\softserve\fotogallery\dataaccesslayer\efpocoadapter\northwindef.tests\bin\debug\northwindef.tests.dll" id="3ae6555d-bf6c-1d70-6c6a-0918a37d46c0">
      <Css projectStructure="" iteration="" />
      <Owners>
        <Owner name="" />
      </Owners>
      <Execution id="d9c699c2-5571-4469-a44d-6afce2f7d62d" />
      <TestMethod codeBase="D:\Projects\Softserve\Fotogallery\DataAccessLayer\EFPocoAdapter\NorthwindEF.Tests\bin\Debug\NorthwindEF.Tests.dll" adapterTypeName="Microsoft.VisualStudio.TestTools.TestTypes.Unit.UnitTestAdapter, Microsoft.VisualStudio.QualityTools.Tips.UnitTest.Adapter, Version=9.0.0.0, Culture=neutral, PublicKeyToken=b03f5f7f11d50a3a" className="NorthwindEF.Tests.QueryTests, NorthwindEF.Tests" name="First" />
    </UnitTest>
    <UnitTest name="TypeIs" storage="d:\projects\softserve\fotogallery\dataaccesslayer\efpocoadapter\northwindef.tests\bin\debug\northwindef.tests.dll" id="4122e52b-617c-09af-8098-6261e83f8d98">
      <Css projectStructure="" iteration="" />
      <Owners>
        <Owner name="" />
      </Owners>
      <Execution id="6cf6fb4c-7a46-4543-b89a-0acbcf5d578a" />
      <TestMethod codeBase="D:\Projects\Softserve\Fotogallery\DataAccessLayer\EFPocoAdapter\NorthwindEF.Tests\bin\Debug\NorthwindEF.Tests.dll" adapterTypeName="Microsoft.VisualStudio.TestTools.TestTypes.Unit.UnitTestAdapter, Microsoft.VisualStudio.QualityTools.Tips.UnitTest.Adapter, Version=9.0.0.0, Culture=neutral, PublicKeyToken=b03f5f7f11d50a3a" className="NorthwindEF.Tests.QueryTests, NorthwindEF.Tests" name="TypeIs" />
    </UnitTest>
    <UnitTest name="ExplicitLoading1" storage="d:\projects\softserve\fotogallery\dataaccesslayer\efpocoadapter\northwindef.tests\bin\debug\northwindef.tests.dll" id="5831351a-4c3e-7696-1e6d-7ed0deec8fd2">
      <Css projectStructure="" iteration="" />
      <Owners>
        <Owner name="" />
      </Owners>
      <Execution id="62c3c77d-71b2-43ec-9b74-8eabfb0d076d" />
      <TestMethod codeBase="D:\Projects\Softserve\Fotogallery\DataAccessLayer\EFPocoAdapter\NorthwindEF.Tests\bin\Debug\NorthwindEF.Tests.dll" adapterTypeName="Microsoft.VisualStudio.TestTools.TestTypes.Unit.UnitTestAdapter, Microsoft.VisualStudio.QualityTools.Tips.UnitTest.Adapter, Version=9.0.0.0, Culture=neutral, PublicKeyToken=b03f5f7f11d50a3a" className="NorthwindEF.Tests.LazyLoadingTests, NorthwindEF.Tests" name="ExplicitLoading1" />
    </UnitTest>
    <UnitTest name="CollectionsTest2" storage="d:\projects\softserve\fotogallery\dataaccesslayer\efpocoadapter\northwindef.tests\bin\debug\northwindef.tests.dll" id="558c20ce-063f-a43b-8db5-52df8cbe5c21">
      <Css projectStructure="" iteration="" />
      <Owners>
        <Owner name="" />
      </Owners>
      <Execution id="8aabd257-3d0d-4e25-84cf-6afc48db3166" />
      <TestMethod codeBase="D:\Projects\Softserve\Fotogallery\DataAccessLayer\EFPocoAdapter\NorthwindEF.Tests\bin\Debug\NorthwindEF.Tests.dll" adapterTypeName="Microsoft.VisualStudio.TestTools.TestTypes.Unit.UnitTestAdapter, Microsoft.VisualStudio.QualityTools.Tips.UnitTest.Adapter, Version=9.0.0.0, Culture=neutral, PublicKeyToken=b03f5f7f11d50a3a" className="NorthwindEF.Tests.QueryTests, NorthwindEF.Tests" name="CollectionsTest2" />
    </UnitTest>
    <UnitTest name="CannotAttachProxyToMultipleActiveContextsTest" storage="d:\projects\softserve\fotogallery\dataaccesslayer\efpocoadapter\northwindef.tests\bin\debug\northwindef.tests.dll" id="ff737d04-7dc5-8624-bfd3-52f0a45827e6">
      <Css projectStructure="" iteration="" />
      <Owners>
        <Owner name="" />
      </Owners>
      <Execution id="662246eb-fef8-4cc8-b9ca-458f06d481a9" />
      <TestMethod codeBase="D:\Projects\Softserve\Fotogallery\DataAccessLayer\EFPocoAdapter\NorthwindEF.Tests\bin\Debug\NorthwindEF.Tests.dll" adapterTypeName="Microsoft.VisualStudio.TestTools.TestTypes.Unit.UnitTestAdapter, Microsoft.VisualStudio.QualityTools.Tips.UnitTest.Adapter, Version=9.0.0.0, Culture=neutral, PublicKeyToken=b03f5f7f11d50a3a" className="NorthwindEF.Tests.DetachedTests, NorthwindEF.Tests" name="CannotAttachProxyToMultipleActiveContextsTest" />
    </UnitTest>
    <UnitTest name="PersistenceAwareObjectNegativeTest" storage="d:\projects\softserve\fotogallery\dataaccesslayer\efpocoadapter\northwindef.tests\bin\debug\northwindef.tests.dll" id="a5710961-d06a-9400-ae34-654f0f5776e2">
      <Css projectStructure="" iteration="" />
      <Owners>
        <Owner name="" />
      </Owners>
      <Execution id="11945ac3-e263-443b-8704-e1554b44de1e" />
      <TestMethod codeBase="D:\Projects\Softserve\Fotogallery\DataAccessLayer\EFPocoAdapter\NorthwindEF.Tests\bin\Debug\NorthwindEF.Tests.dll" adapterTypeName="Microsoft.VisualStudio.TestTools.TestTypes.Unit.UnitTestAdapter, Microsoft.VisualStudio.QualityTools.Tips.UnitTest.Adapter, Version=9.0.0.0, Culture=neutral, PublicKeyToken=b03f5f7f11d50a3a" className="NorthwindEF.Tests.UnitTest1, NorthwindEF.Tests" name="PersistenceAwareObjectNegativeTest" />
    </UnitTest>
    <UnitTest name="ContextInjectionWithLoad" storage="d:\projects\softserve\fotogallery\dataaccesslayer\efpocoadapter\northwindef.tests\bin\debug\northwindef.tests.dll" id="24851d69-d75c-7093-c389-739172474de1">
      <Css projectStructure="" iteration="" />
      <Owners>
        <Owner name="" />
      </Owners>
      <Execution id="ff23b203-0d31-40f6-9d2e-c469ea7ff4ea" />
      <TestMethod codeBase="D:\Projects\Softserve\Fotogallery\DataAccessLayer\EFPocoAdapter\NorthwindEF.Tests\bin\Debug\NorthwindEF.Tests.dll" adapterTypeName="Microsoft.VisualStudio.TestTools.TestTypes.Unit.UnitTestAdapter, Microsoft.VisualStudio.QualityTools.Tips.UnitTest.Adapter, Version=9.0.0.0, Culture=neutral, PublicKeyToken=b03f5f7f11d50a3a" className="NorthwindEF.Tests.ContextInjectionTests, NorthwindEF.Tests" name="ContextInjectionWithLoad" />
    </UnitTest>
    <UnitTest name="GeneratePocoClassesToDirectory" storage="d:\projects\softserve\fotogallery\dataaccesslayer\efpocoadapter\northwindef.tests\bin\debug\northwindef.tests.dll" id="0e60549c-a21d-628d-2581-099d26d4e9b3">
      <Css projectStructure="" iteration="" />
      <Owners>
        <Owner name="" />
      </Owners>
      <Execution id="a68a20d6-1c0f-4fa2-9d34-163d65b877b2" />
      <TestMethod codeBase="D:\Projects\Softserve\Fotogallery\DataAccessLayer\EFPocoAdapter\NorthwindEF.Tests\bin\Debug\NorthwindEF.Tests.dll" adapterTypeName="Microsoft.VisualStudio.TestTools.TestTypes.Unit.UnitTestAdapter, Microsoft.VisualStudio.QualityTools.Tips.UnitTest.Adapter, Version=9.0.0.0, Culture=neutral, PublicKeyToken=b03f5f7f11d50a3a" className="NorthwindEF.Tests.CodeGenTests, NorthwindEF.Tests" name="GeneratePocoClassesToDirectory" />
    </UnitTest>
    <UnitTest name="DistinctTest" storage="d:\projects\softserve\fotogallery\dataaccesslayer\efpocoadapter\northwindef.tests\bin\debug\northwindef.tests.dll" id="48c768a5-a6a6-57b3-9fa4-b9880c2ac319">
      <Css projectStructure="" iteration="" />
      <Owners>
        <Owner name="" />
      </Owners>
      <Execution id="d95233da-543c-4cc1-813b-10d81daef2ce" />
      <TestMethod codeBase="D:\Projects\Softserve\Fotogallery\DataAccessLayer\EFPocoAdapter\NorthwindEF.Tests\bin\Debug\NorthwindEF.Tests.dll" adapterTypeName="Microsoft.VisualStudio.TestTools.TestTypes.Unit.UnitTestAdapter, Microsoft.VisualStudio.QualityTools.Tips.UnitTest.Adapter, Version=9.0.0.0, Culture=neutral, PublicKeyToken=b03f5f7f11d50a3a" className="NorthwindEF.Tests.BuilderMethodsTests, NorthwindEF.Tests" name="DistinctTest" />
    </UnitTest>
    <UnitTest name="NestedQueryNegativeTest" storage="d:\projects\softserve\fotogallery\dataaccesslayer\efpocoadapter\northwindef.tests\bin\debug\northwindef.tests.dll" id="7372d8c7-91d4-b605-f743-4e96b3e0ee09">
      <Css projectStructure="" iteration="" />
      <Owners>
        <Owner name="" />
      </Owners>
      <Execution id="053ee1fe-a79f-45b2-8a8a-83549a2eb64e" />
      <TestMethod codeBase="D:\Projects\Softserve\Fotogallery\DataAccessLayer\EFPocoAdapter\NorthwindEF.Tests\bin\Debug\NorthwindEF.Tests.dll" adapterTypeName="Microsoft.VisualStudio.TestTools.TestTypes.Unit.UnitTestAdapter, Microsoft.VisualStudio.QualityTools.Tips.UnitTest.Adapter, Version=9.0.0.0, Culture=neutral, PublicKeyToken=b03f5f7f11d50a3a" className="NorthwindEF.Tests.QueryTests, NorthwindEF.Tests" name="NestedQueryNegativeTest" />
    </UnitTest>
    <UnitTest name="ConvertPocoToProxiesTest" storage="d:\projects\softserve\fotogallery\dataaccesslayer\efpocoadapter\northwindef.tests\bin\debug\northwindef.tests.dll" id="f441aae1-3290-9326-9645-1a5e9938871c">
      <Css projectStructure="" iteration="" />
      <Owners>
        <Owner name="" />
      </Owners>
      <Execution id="ce00a627-70ef-4e3a-a086-0c72aa090c45" />
      <TestMethod codeBase="D:\Projects\Softserve\Fotogallery\DataAccessLayer\EFPocoAdapter\NorthwindEF.Tests\bin\Debug\NorthwindEF.Tests.dll" adapterTypeName="Microsoft.VisualStudio.TestTools.TestTypes.Unit.UnitTestAdapter, Microsoft.VisualStudio.QualityTools.Tips.UnitTest.Adapter, Version=9.0.0.0, Culture=neutral, PublicKeyToken=b03f5f7f11d50a3a" className="NorthwindEF.Tests.ProxiesTests, NorthwindEF.Tests" name="ConvertPocoToProxiesTest" />
    </UnitTest>
    <UnitTest name="IntersectTest" storage="d:\projects\softserve\fotogallery\dataaccesslayer\efpocoadapter\northwindef.tests\bin\debug\northwindef.tests.dll" id="9d9714f8-9c0b-fdee-3528-c1d11195b474">
      <Css projectStructure="" iteration="" />
      <Owners>
        <Owner name="" />
      </Owners>
      <Execution id="9873f3f5-1236-4c0c-b3d6-cd3d2000583a" />
      <TestMethod codeBase="D:\Projects\Softserve\Fotogallery\DataAccessLayer\EFPocoAdapter\NorthwindEF.Tests\bin\Debug\NorthwindEF.Tests.dll" adapterTypeName="Microsoft.VisualStudio.TestTools.TestTypes.Unit.UnitTestAdapter, Microsoft.VisualStudio.QualityTools.Tips.UnitTest.Adapter, Version=9.0.0.0, Culture=neutral, PublicKeyToken=b03f5f7f11d50a3a" className="NorthwindEF.Tests.BuilderMethodsTests, NorthwindEF.Tests" name="IntersectTest" />
    </UnitTest>
    <UnitTest name="NullableResult2" storage="d:\projects\softserve\fotogallery\dataaccesslayer\efpocoadapter\northwindef.tests\bin\debug\northwindef.tests.dll" id="82074cac-6446-32e6-7c31-4a79a274a5df">
      <Css projectStructure="" iteration="" />
      <Owners>
        <Owner name="" />
      </Owners>
      <Execution id="b6b2d871-6ec0-4462-a3a6-8b707303ff54" />
      <TestMethod codeBase="D:\Projects\Softserve\Fotogallery\DataAccessLayer\EFPocoAdapter\NorthwindEF.Tests\bin\Debug\NorthwindEF.Tests.dll" adapterTypeName="Microsoft.VisualStudio.TestTools.TestTypes.Unit.UnitTestAdapter, Microsoft.VisualStudio.QualityTools.Tips.UnitTest.Adapter, Version=9.0.0.0, Culture=neutral, PublicKeyToken=b03f5f7f11d50a3a" className="NorthwindEF.Tests.QueryTests, NorthwindEF.Tests" name="NullableResult2" />
    </UnitTest>
    <UnitTest name="GeneratePocoClasses" storage="d:\projects\softserve\fotogallery\dataaccesslayer\efpocoadapter\northwindef.tests\bin\debug\northwindef.tests.dll" id="d0eb9702-ffbf-076b-6da3-61ab241b6d69">
      <Css projectStructure="" iteration="" />
      <Owners>
        <Owner name="" />
      </Owners>
      <Execution id="bf9d4d91-35dd-4543-8b9d-d7b48fec7544" />
      <TestMethod codeBase="D:\Projects\Softserve\Fotogallery\DataAccessLayer\EFPocoAdapter\NorthwindEF.Tests\bin\Debug\NorthwindEF.Tests.dll" adapterTypeName="Microsoft.VisualStudio.TestTools.TestTypes.Unit.UnitTestAdapter, Microsoft.VisualStudio.QualityTools.Tips.UnitTest.Adapter, Version=9.0.0.0, Culture=neutral, PublicKeyToken=b03f5f7f11d50a3a" className="NorthwindEF.Tests.CodeGenTests, NorthwindEF.Tests" name="GeneratePocoClasses" />
    </UnitTest>
    <UnitTest name="CompiledQueryTest3" storage="d:\projects\softserve\fotogallery\dataaccesslayer\efpocoadapter\northwindef.tests\bin\debug\northwindef.tests.dll" id="1ed90504-c21a-c4a3-c3c3-7035e7aa1995">
      <Css projectStructure="" iteration="" />
      <Owners>
        <Owner name="" />
      </Owners>
      <Execution id="6fc3057d-92ab-4f34-8e47-e2d9cbc6a352" />
      <TestMethod codeBase="D:\Projects\Softserve\Fotogallery\DataAccessLayer\EFPocoAdapter\NorthwindEF.Tests\bin\Debug\NorthwindEF.Tests.dll" adapterTypeName="Microsoft.VisualStudio.TestTools.TestTypes.Unit.UnitTestAdapter, Microsoft.VisualStudio.QualityTools.Tips.UnitTest.Adapter, Version=9.0.0.0, Culture=neutral, PublicKeyToken=b03f5f7f11d50a3a" className="NorthwindEF.Tests.CompiledQueryTests, NorthwindEF.Tests" name="CompiledQueryTest3" />
    </UnitTest>
    <UnitTest name="ExplicitLoadingNegative1" storage="d:\projects\softserve\fotogallery\dataaccesslayer\efpocoadapter\northwindef.tests\bin\debug\northwindef.tests.dll" id="38999eaa-9da7-dc2e-6b00-70cd6cf293bf">
      <Css projectStructure="" iteration="" />
      <Owners>
        <Owner name="" />
      </Owners>
      <Execution id="eae1eaa3-db4b-4822-8c36-db99fda3c455" />
      <TestMethod codeBase="D:\Projects\Softserve\Fotogallery\DataAccessLayer\EFPocoAdapter\NorthwindEF.Tests\bin\Debug\NorthwindEF.Tests.dll" adapterTypeName="Microsoft.VisualStudio.TestTools.TestTypes.Unit.UnitTestAdapter, Microsoft.VisualStudio.QualityTools.Tips.UnitTest.Adapter, Version=9.0.0.0, Culture=neutral, PublicKeyToken=b03f5f7f11d50a3a" className="NorthwindEF.Tests.LazyLoadingTests, NorthwindEF.Tests" name="ExplicitLoadingNegative1" />
    </UnitTest>
    <UnitTest name="QueryOfType" storage="d:\projects\softserve\fotogallery\dataaccesslayer\efpocoadapter\northwindef.tests\bin\debug\northwindef.tests.dll" id="a7ec2bc9-1263-961b-4c2a-2c8e7ec5805f">
      <Css projectStructure="" iteration="" />
      <Owners>
        <Owner name="" />
      </Owners>
      <Execution id="365d6d99-64a7-441d-803e-d549518390e3" />
      <TestMethod codeBase="D:\Projects\Softserve\Fotogallery\DataAccessLayer\EFPocoAdapter\NorthwindEF.Tests\bin\Debug\NorthwindEF.Tests.dll" adapterTypeName="Microsoft.VisualStudio.TestTools.TestTypes.Unit.UnitTestAdapter, Microsoft.VisualStudio.QualityTools.Tips.UnitTest.Adapter, Version=9.0.0.0, Culture=neutral, PublicKeyToken=b03f5f7f11d50a3a" className="NorthwindEF.Tests.QueryTests, NorthwindEF.Tests" name="QueryOfType" />
    </UnitTest>
    <UnitTest name="LazyLoadingShoundBeDisabledForDetachedEntitites5" storage="d:\projects\softserve\fotogallery\dataaccesslayer\efpocoadapter\northwindef.tests\bin\debug\northwindef.tests.dll" id="0f0fb7e4-35be-4cf8-6a04-44403b4b5f8e">
      <Css projectStructure="" iteration="" />
      <Owners>
        <Owner name="" />
      </Owners>
      <Execution id="d68e0c47-7e66-4106-a7ff-0e76097fd8fa" />
      <TestMethod codeBase="D:\Projects\Softserve\Fotogallery\DataAccessLayer\EFPocoAdapter\NorthwindEF.Tests\bin\Debug\NorthwindEF.Tests.dll" adapterTypeName="Microsoft.VisualStudio.TestTools.TestTypes.Unit.UnitTestAdapter, Microsoft.VisualStudio.QualityTools.Tips.UnitTest.Adapter, Version=9.0.0.0, Culture=neutral, PublicKeyToken=b03f5f7f11d50a3a" className="NorthwindEF.Tests.LazyLoadingTests, NorthwindEF.Tests" name="LazyLoadingShoundBeDisabledForDetachedEntitites5" />
    </UnitTest>
    <UnitTest name="UnionTest" storage="d:\projects\softserve\fotogallery\dataaccesslayer\efpocoadapter\northwindef.tests\bin\debug\northwindef.tests.dll" id="ddcd61ee-0b3b-62b4-5d3f-dc493b7953ba">
      <Css projectStructure="" iteration="" />
      <Owners>
        <Owner name="" />
      </Owners>
      <Execution id="e58fb2c9-0f49-4e5b-8c5d-58987cbffb81" />
      <TestMethod codeBase="D:\Projects\Softserve\Fotogallery\DataAccessLayer\EFPocoAdapter\NorthwindEF.Tests\bin\Debug\NorthwindEF.Tests.dll" adapterTypeName="Microsoft.VisualStudio.TestTools.TestTypes.Unit.UnitTestAdapter, Microsoft.VisualStudio.QualityTools.Tips.UnitTest.Adapter, Version=9.0.0.0, Culture=neutral, PublicKeyToken=b03f5f7f11d50a3a" className="NorthwindEF.Tests.BuilderMethodsTests, NorthwindEF.Tests" name="UnionTest" />
    </UnitTest>
    <UnitTest name="AutoWireUp2" storage="d:\projects\softserve\fotogallery\dataaccesslayer\efpocoadapter\northwindef.tests\bin\debug\northwindef.tests.dll" id="11fe18b1-73b7-5606-8c65-158ed0a650cc">
      <Css projectStructure="" iteration="" />
      <Owners>
        <Owner name="" />
      </Owners>
      <Execution id="67440ad5-c019-40fc-9617-0d878b915c1e" />
      <TestMethod codeBase="D:\Projects\Softserve\Fotogallery\DataAccessLayer\EFPocoAdapter\NorthwindEF.Tests\bin\Debug\NorthwindEF.Tests.dll" adapterTypeName="Microsoft.VisualStudio.TestTools.TestTypes.Unit.UnitTestAdapter, Microsoft.VisualStudio.QualityTools.Tips.UnitTest.Adapter, Version=9.0.0.0, Culture=neutral, PublicKeyToken=b03f5f7f11d50a3a" className="NorthwindEF.Tests.ReferencePropertiesTests, NorthwindEF.Tests" name="AutoWireUp2" />
    </UnitTest>
    <UnitTest name="NestedAnonymousTypes" storage="d:\projects\softserve\fotogallery\dataaccesslayer\efpocoadapter\northwindef.tests\bin\debug\northwindef.tests.dll" id="5ea264d0-e2b2-7997-9d58-4e891356da5d">
      <Css projectStructure="" iteration="" />
      <Owners>
        <Owner name="" />
      </Owners>
      <Execution id="aeb8bec0-cd33-4a4e-af99-cb442ed8a2fa" />
      <TestMethod codeBase="D:\Projects\Softserve\Fotogallery\DataAccessLayer\EFPocoAdapter\NorthwindEF.Tests\bin\Debug\NorthwindEF.Tests.dll" adapterTypeName="Microsoft.VisualStudio.TestTools.TestTypes.Unit.UnitTestAdapter, Microsoft.VisualStudio.QualityTools.Tips.UnitTest.Adapter, Version=9.0.0.0, Culture=neutral, PublicKeyToken=b03f5f7f11d50a3a" className="NorthwindEF.Tests.QueryTests, NorthwindEF.Tests" name="NestedAnonymousTypes" />
    </UnitTest>
    <UnitTest name="IsReadOnlyTest" storage="d:\projects\softserve\fotogallery\dataaccesslayer\efpocoadapter\northwindef.tests\bin\debug\northwindef.tests.dll" id="39a58b15-5927-60cb-9138-3e716160413e">
      <Css projectStructure="" iteration="" />
      <Owners>
        <Owner name="" />
      </Owners>
      <Execution id="ecf8752a-b938-43d5-ba60-5e6e2d44a1fd" />
      <TestMethod codeBase="D:\Projects\Softserve\Fotogallery\DataAccessLayer\EFPocoAdapter\NorthwindEF.Tests\bin\Debug\NorthwindEF.Tests.dll" adapterTypeName="Microsoft.VisualStudio.TestTools.TestTypes.Unit.UnitTestAdapter, Microsoft.VisualStudio.QualityTools.Tips.UnitTest.Adapter, Version=9.0.0.0, Culture=neutral, PublicKeyToken=b03f5f7f11d50a3a" className="NorthwindEF.Tests.CollectionPropertiesTests, NorthwindEF.Tests" name="IsReadOnlyTest" />
    </UnitTest>
    <UnitTest name="GeneratePocoAdapterAssembly" storage="d:\projects\softserve\fotogallery\dataaccesslayer\efpocoadapter\northwindef.tests\bin\debug\northwindef.tests.dll" id="4a35159b-8e7a-74a7-032e-5a03380b7205">
      <Css projectStructure="" iteration="" />
      <Owners>
        <Owner name="" />
      </Owners>
      <Execution id="15dbe29c-761c-4c9e-af2d-edbbb5b53b63" />
      <TestMethod codeBase="D:\Projects\Softserve\Fotogallery\DataAccessLayer\EFPocoAdapter\NorthwindEF.Tests\bin\Debug\NorthwindEF.Tests.dll" adapterTypeName="Microsoft.VisualStudio.TestTools.TestTypes.Unit.UnitTestAdapter, Microsoft.VisualStudio.QualityTools.Tips.UnitTest.Adapter, Version=9.0.0.0, Culture=neutral, PublicKeyToken=b03f5f7f11d50a3a" className="NorthwindEF.Tests.CodeGenTests, NorthwindEF.Tests" name="GeneratePocoAdapterAssembly" />
    </UnitTest>
    <UnitTest name="ConvertProxiesToPoco" storage="d:\projects\softserve\fotogallery\dataaccesslayer\efpocoadapter\northwindef.tests\bin\debug\northwindef.tests.dll" id="ff14ce63-3d78-f104-ad42-36eab63a9a1c">
      <Css projectStructure="" iteration="" />
      <Owners>
        <Owner name="" />
      </Owners>
      <Execution id="83949617-bc05-442d-8938-1841ff36bdb1" />
      <TestMethod codeBase="D:\Projects\Softserve\Fotogallery\DataAccessLayer\EFPocoAdapter\NorthwindEF.Tests\bin\Debug\NorthwindEF.Tests.dll" adapterTypeName="Microsoft.VisualStudio.TestTools.TestTypes.Unit.UnitTestAdapter, Microsoft.VisualStudio.QualityTools.Tips.UnitTest.Adapter, Version=9.0.0.0, Culture=neutral, PublicKeyToken=b03f5f7f11d50a3a" className="NorthwindEF.Tests.ProxiesTests, NorthwindEF.Tests" name="ConvertProxiesToPoco" />
    </UnitTest>
    <UnitTest name="NestedQuery1" storage="d:\projects\softserve\fotogallery\dataaccesslayer\efpocoadapter\northwindef.tests\bin\debug\northwindef.tests.dll" id="b7be693d-0997-ceb5-48cc-0e64347b9c3f">
      <Css projectStructure="" iteration="" />
      <Owners>
        <Owner name="" />
      </Owners>
      <Execution id="07955129-eb3c-4f3e-8d8d-bda6ced0b1f1" />
      <TestMethod codeBase="D:\Projects\Softserve\Fotogallery\DataAccessLayer\EFPocoAdapter\NorthwindEF.Tests\bin\Debug\NorthwindEF.Tests.dll" adapterTypeName="Microsoft.VisualStudio.TestTools.TestTypes.Unit.UnitTestAdapter, Microsoft.VisualStudio.QualityTools.Tips.UnitTest.Adapter, Version=9.0.0.0, Culture=neutral, PublicKeyToken=b03f5f7f11d50a3a" className="NorthwindEF.Tests.QueryTests, NorthwindEF.Tests" name="NestedQuery1" />
    </UnitTest>
    <UnitTest name="ChangeTrackingTestString1" storage="d:\projects\softserve\fotogallery\dataaccesslayer\efpocoadapter\northwindef.tests\bin\debug\northwindef.tests.dll" id="af7e5efb-dd1f-5b65-ec7d-f3ea698c3ab7">
      <Css projectStructure="" iteration="" />
      <Owners>
        <Owner name="" />
      </Owners>
      <Execution id="11a5e248-fd4a-49ed-983e-df12b08ca6f8" />
      <TestMethod codeBase="D:\Projects\Softserve\Fotogallery\DataAccessLayer\EFPocoAdapter\NorthwindEF.Tests\bin\Debug\NorthwindEF.Tests.dll" adapterTypeName="Microsoft.VisualStudio.TestTools.TestTypes.Unit.UnitTestAdapter, Microsoft.VisualStudio.QualityTools.Tips.UnitTest.Adapter, Version=9.0.0.0, Culture=neutral, PublicKeyToken=b03f5f7f11d50a3a" className="NorthwindEF.Tests.ChangeTrackingTests, NorthwindEF.Tests" name="ChangeTrackingTestString1" />
    </UnitTest>
    <UnitTest name="LoadWithInclude" storage="d:\projects\softserve\fotogallery\dataaccesslayer\efpocoadapter\northwindef.tests\bin\debug\northwindef.tests.dll" id="df44393a-c6a3-a82f-84f1-6e5633ca652b">
      <Css projectStructure="" iteration="" />
      <Owners>
        <Owner name="" />
      </Owners>
      <Execution id="385933fa-f095-40c5-a510-28db62a44328" />
      <TestMethod codeBase="D:\Projects\Softserve\Fotogallery\DataAccessLayer\EFPocoAdapter\NorthwindEF.Tests\bin\Debug\NorthwindEF.Tests.dll" adapterTypeName="Microsoft.VisualStudio.TestTools.TestTypes.Unit.UnitTestAdapter, Microsoft.VisualStudio.QualityTools.Tips.UnitTest.Adapter, Version=9.0.0.0, Culture=neutral, PublicKeyToken=b03f5f7f11d50a3a" className="NorthwindEF.Tests.ReferencePropertiesTests, NorthwindEF.Tests" name="LoadWithInclude" />
    </UnitTest>
    <UnitTest name="ProductsTest" storage="d:\projects\softserve\fotogallery\dataaccesslayer\efpocoadapter\northwindef.tests\bin\debug\northwindef.tests.dll" id="93c4e9cd-1724-6e0a-552e-a2b71196e6be">
      <Css projectStructure="" iteration="" />
      <Owners>
        <Owner name="" />
      </Owners>
      <Execution id="c85c9ff9-d74d-4deb-83e2-c25c63a9e6e3" />
      <TestMethod codeBase="D:\Projects\Softserve\Fotogallery\DataAccessLayer\EFPocoAdapter\NorthwindEF.Tests\bin\Debug\NorthwindEF.Tests.dll" adapterTypeName="Microsoft.VisualStudio.TestTools.TestTypes.Unit.UnitTestAdapter, Microsoft.VisualStudio.QualityTools.Tips.UnitTest.Adapter, Version=9.0.0.0, Culture=neutral, PublicKeyToken=b03f5f7f11d50a3a" className="NorthwindEF.Tests.EntitySetTests, NorthwindEF.Tests" name="ProductsTest" />
    </UnitTest>
    <UnitTest name="ChangeTrackingUsingProxy3" storage="d:\projects\softserve\fotogallery\dataaccesslayer\efpocoadapter\northwindef.tests\bin\debug\northwindef.tests.dll" id="13bf05c2-000a-549a-4d0c-a4f36420758a">
      <Css projectStructure="" iteration="" />
      <Owners>
        <Owner name="" />
      </Owners>
      <Execution id="fc58fbe8-43ee-4b7b-ac13-ccf9046dc2ee" />
      <TestMethod codeBase="D:\Projects\Softserve\Fotogallery\DataAccessLayer\EFPocoAdapter\NorthwindEF.Tests\bin\Debug\NorthwindEF.Tests.dll" adapterTypeName="Microsoft.VisualStudio.TestTools.TestTypes.Unit.UnitTestAdapter, Microsoft.VisualStudio.QualityTools.Tips.UnitTest.Adapter, Version=9.0.0.0, Culture=neutral, PublicKeyToken=b03f5f7f11d50a3a" className="NorthwindEF.Tests.ChangeTrackingTests, NorthwindEF.Tests" name="ChangeTrackingUsingProxy3" />
    </UnitTest>
    <UnitTest name="GeneratePocoAdapter" storage="d:\projects\softserve\fotogallery\dataaccesslayer\efpocoadapter\northwindef.tests\bin\debug\northwindef.tests.dll" id="9c55cf1b-c8b9-f533-4c68-d65e8b7eacc9">
      <Css projectStructure="" iteration="" />
      <Owners>
        <Owner name="" />
      </Owners>
      <Execution id="3dea7c96-0a5c-44df-b1a1-5aae790d1a73" />
      <TestMethod codeBase="D:\Projects\Softserve\Fotogallery\DataAccessLayer\EFPocoAdapter\NorthwindEF.Tests\bin\Debug\NorthwindEF.Tests.dll" adapterTypeName="Microsoft.VisualStudio.TestTools.TestTypes.Unit.UnitTestAdapter, Microsoft.VisualStudio.QualityTools.Tips.UnitTest.Adapter, Version=9.0.0.0, Culture=neutral, PublicKeyToken=b03f5f7f11d50a3a" className="NorthwindEF.Tests.CodeGenTests, NorthwindEF.Tests" name="GeneratePocoAdapter" />
    </UnitTest>
    <UnitTest name="SelectAll" storage="d:\projects\softserve\fotogallery\dataaccesslayer\efpocoadapter\northwindef.tests\bin\debug\northwindef.tests.dll" id="1da35ad4-54d7-6a87-7c6a-5c4f6d1415e3">
      <Css projectStructure="" iteration="" />
      <Owners>
        <Owner name="" />
      </Owners>
      <Execution id="6efd074f-8e64-4101-9b6d-b20a987a8fee" />
      <TestMethod codeBase="D:\Projects\Softserve\Fotogallery\DataAccessLayer\EFPocoAdapter\NorthwindEF.Tests\bin\Debug\NorthwindEF.Tests.dll" adapterTypeName="Microsoft.VisualStudio.TestTools.TestTypes.Unit.UnitTestAdapter, Microsoft.VisualStudio.QualityTools.Tips.UnitTest.Adapter, Version=9.0.0.0, Culture=neutral, PublicKeyToken=b03f5f7f11d50a3a" className="NorthwindEF.Tests.EntitySetTests, NorthwindEF.Tests" name="SelectAll" />
    </UnitTest>
    <UnitTest name="CreateObject" storage="d:\projects\softserve\fotogallery\dataaccesslayer\efpocoadapter\northwindef.tests\bin\debug\northwindef.tests.dll" id="cd131dd4-85bd-b5e9-21cd-5a7402507692">
      <Css projectStructure="" iteration="" />
      <Owners>
        <Owner name="" />
      </Owners>
      <Execution id="04dfa3ae-5f4f-4ce8-9aed-4986ab71f333" />
      <TestMethod codeBase="D:\Projects\Softserve\Fotogallery\DataAccessLayer\EFPocoAdapter\NorthwindEF.Tests\bin\Debug\NorthwindEF.Tests.dll" adapterTypeName="Microsoft.VisualStudio.TestTools.TestTypes.Unit.UnitTestAdapter, Microsoft.VisualStudio.QualityTools.Tips.UnitTest.Adapter, Version=9.0.0.0, Culture=neutral, PublicKeyToken=b03f5f7f11d50a3a" className="NorthwindEF.Tests.UnitTest1, NorthwindEF.Tests" name="CreateObject" />
    </UnitTest>
    <UnitTest name="SimpleLoad" storage="d:\projects\softserve\fotogallery\dataaccesslayer\efpocoadapter\northwindef.tests\bin\debug\northwindef.tests.dll" id="0a2f4e10-7280-de93-9057-12a563027ebf">
      <Css projectStructure="" iteration="" />
      <Owners>
        <Owner name="" />
      </Owners>
      <Execution id="a178ce38-b3c4-4d3d-8c19-9256d57ba560" />
      <TestMethod codeBase="D:\Projects\Softserve\Fotogallery\DataAccessLayer\EFPocoAdapter\NorthwindEF.Tests\bin\Debug\NorthwindEF.Tests.dll" adapterTypeName="Microsoft.VisualStudio.TestTools.TestTypes.Unit.UnitTestAdapter, Microsoft.VisualStudio.QualityTools.Tips.UnitTest.Adapter, Version=9.0.0.0, Culture=neutral, PublicKeyToken=b03f5f7f11d50a3a" className="NorthwindEF.Tests.ReferencePropertiesTests, NorthwindEF.Tests" name="SimpleLoad" />
    </UnitTest>
    <UnitTest name="GetAdapterObjectDoesNotWorkForProxiesBug" storage="d:\projects\softserve\fotogallery\dataaccesslayer\efpocoadapter\northwindef.tests\bin\debug\northwindef.tests.dll" id="e0af5358-59d2-1bea-f3ac-567d225a07ae">
      <Css projectStructure="" iteration="" />
      <Owners>
        <Owner name="" />
      </Owners>
      <Execution id="e71168cb-276b-4fc3-9860-1890a72bc3fd" />
      <TestMethod codeBase="D:\Projects\Softserve\Fotogallery\DataAccessLayer\EFPocoAdapter\NorthwindEF.Tests\bin\Debug\NorthwindEF.Tests.dll" adapterTypeName="Microsoft.VisualStudio.TestTools.TestTypes.Unit.UnitTestAdapter, Microsoft.VisualStudio.QualityTools.Tips.UnitTest.Adapter, Version=9.0.0.0, Culture=neutral, PublicKeyToken=b03f5f7f11d50a3a" className="NorthwindEF.Tests.BugRegressionTests, NorthwindEF.Tests" name="GetAdapterObjectDoesNotWorkForProxiesBug" />
    </UnitTest>
    <UnitTest name="GeneratePocoContainersToDirectory" storage="d:\projects\softserve\fotogallery\dataaccesslayer\efpocoadapter\northwindef.tests\bin\debug\northwindef.tests.dll" id="fecb3338-796b-b570-89bd-7d54684f0666">
      <Css projectStructure="" iteration="" />
      <Owners>
        <Owner name="" />
      </Owners>
      <Execution id="241c3289-b9b2-4204-838b-1035c1e5b449" />
      <TestMethod codeBase="D:\Projects\Softserve\Fotogallery\DataAccessLayer\EFPocoAdapter\NorthwindEF.Tests\bin\Debug\NorthwindEF.Tests.dll" adapterTypeName="Microsoft.VisualStudio.TestTools.TestTypes.Unit.UnitTestAdapter, Microsoft.VisualStudio.QualityTools.Tips.UnitTest.Adapter, Version=9.0.0.0, Culture=neutral, PublicKeyToken=b03f5f7f11d50a3a" className="NorthwindEF.Tests.CodeGenTests, NorthwindEF.Tests" name="GeneratePocoContainersToDirectory" />
    </UnitTest>
    <UnitTest name="SelectValueTest" storage="d:\projects\softserve\fotogallery\dataaccesslayer\efpocoadapter\northwindef.tests\bin\debug\northwindef.tests.dll" id="4b208553-1388-dadb-e0bd-651eecea97be">
      <Css projectStructure="" iteration="" />
      <Owners>
        <Owner name="" />
      </Owners>
      <Execution id="fede8f37-bb68-4d5c-9087-8d08b4d95d1c" />
      <TestMethod codeBase="D:\Projects\Softserve\Fotogallery\DataAccessLayer\EFPocoAdapter\NorthwindEF.Tests\bin\Debug\NorthwindEF.Tests.dll" adapterTypeName="Microsoft.VisualStudio.TestTools.TestTypes.Unit.UnitTestAdapter, Microsoft.VisualStudio.QualityTools.Tips.UnitTest.Adapter, Version=9.0.0.0, Culture=neutral, PublicKeyToken=b03f5f7f11d50a3a" className="NorthwindEF.Tests.BuilderMethodsTests, NorthwindEF.Tests" name="SelectValueTest" />
    </UnitTest>
    <UnitTest name="GroupByTest" storage="d:\projects\softserve\fotogallery\dataaccesslayer\efpocoadapter\northwindef.tests\bin\debug\northwindef.tests.dll" id="e96e4db3-baca-0348-b02d-1e1280610dac">
      <Css projectStructure="" iteration="" />
      <Owners>
        <Owner name="" />
      </Owners>
      <Execution id="ce8bca43-14db-4e4b-94a2-625d1945e4ee" />
      <TestMethod codeBase="D:\Projects\Softserve\Fotogallery\DataAccessLayer\EFPocoAdapter\NorthwindEF.Tests\bin\Debug\NorthwindEF.Tests.dll" adapterTypeName="Microsoft.VisualStudio.TestTools.TestTypes.Unit.UnitTestAdapter, Microsoft.VisualStudio.QualityTools.Tips.UnitTest.Adapter, Version=9.0.0.0, Culture=neutral, PublicKeyToken=b03f5f7f11d50a3a" className="NorthwindEF.Tests.BuilderMethodsTests, NorthwindEF.Tests" name="GroupByTest" />
    </UnitTest>
    <UnitTest name="IndexOfTest" storage="d:\projects\softserve\fotogallery\dataaccesslayer\efpocoadapter\northwindef.tests\bin\debug\northwindef.tests.dll" id="50844afb-7bc1-22fe-cd7c-df39335e5ea6">
      <Css projectStructure="" iteration="" />
      <Owners>
        <Owner name="" />
      </Owners>
      <Execution id="05142b1f-c8bb-4b2b-9932-5fc5e9a968f5" />
      <TestMethod codeBase="D:\Projects\Softserve\Fotogallery\DataAccessLayer\EFPocoAdapter\NorthwindEF.Tests\bin\Debug\NorthwindEF.Tests.dll" adapterTypeName="Microsoft.VisualStudio.TestTools.TestTypes.Unit.UnitTestAdapter, Microsoft.VisualStudio.QualityTools.Tips.UnitTest.Adapter, Version=9.0.0.0, Culture=neutral, PublicKeyToken=b03f5f7f11d50a3a" className="NorthwindEF.Tests.CollectionPropertiesTests, NorthwindEF.Tests" name="IndexOfTest" />
    </UnitTest>
    <UnitTest name="UnionAllTest" storage="d:\projects\softserve\fotogallery\dataaccesslayer\efpocoadapter\northwindef.tests\bin\debug\northwindef.tests.dll" id="46053c39-dd42-a419-6b84-39610804814f">
      <Css projectStructure="" iteration="" />
      <Owners>
        <Owner name="" />
      </Owners>
      <Execution id="c9d4f275-ee28-4c61-907b-db334c7048cc" />
      <TestMethod codeBase="D:\Projects\Softserve\Fotogallery\DataAccessLayer\EFPocoAdapter\NorthwindEF.Tests\bin\Debug\NorthwindEF.Tests.dll" adapterTypeName="Microsoft.VisualStudio.TestTools.TestTypes.Unit.UnitTestAdapter, Microsoft.VisualStudio.QualityTools.Tips.UnitTest.Adapter, Version=9.0.0.0, Culture=neutral, PublicKeyToken=b03f5f7f11d50a3a" className="NorthwindEF.Tests.BuilderMethodsTests, NorthwindEF.Tests" name="UnionAllTest" />
    </UnitTest>
    <UnitTest name="ExplicitLoading2" storage="d:\projects\softserve\fotogallery\dataaccesslayer\efpocoadapter\northwindef.tests\bin\debug\northwindef.tests.dll" id="223a98d6-b497-a51a-a204-1e53f94a77c7">
      <Css projectStructure="" iteration="" />
      <Owners>
        <Owner name="" />
      </Owners>
      <Execution id="ccb068ee-6596-4514-9a87-2ba4ed884eda" />
      <TestMethod codeBase="D:\Projects\Softserve\Fotogallery\DataAccessLayer\EFPocoAdapter\NorthwindEF.Tests\bin\Debug\NorthwindEF.Tests.dll" adapterTypeName="Microsoft.VisualStudio.TestTools.TestTypes.Unit.UnitTestAdapter, Microsoft.VisualStudio.QualityTools.Tips.UnitTest.Adapter, Version=9.0.0.0, Culture=neutral, PublicKeyToken=b03f5f7f11d50a3a" className="NorthwindEF.Tests.LazyLoadingTests, NorthwindEF.Tests" name="ExplicitLoading2" />
    </UnitTest>
    <UnitTest name="TestLoadEditSaveChildObjectsWithoutWCFTransfer" storage="d:\projects\softserve\fotogallery\dataaccesslayer\efpocoadapter\northwindef.tests\bin\debug\northwindef.tests.dll" id="1dd0cc49-d99d-a1e2-5368-290230fe6a88">
      <Css projectStructure="" iteration="" />
      <Owners>
        <Owner name="" />
      </Owners>
      <Execution id="c2268b3a-2236-494b-9e31-2a93f77fdc1d" />
      <TestMethod codeBase="D:\Projects\Softserve\Fotogallery\DataAccessLayer\EFPocoAdapter\NorthwindEF.Tests\bin\Debug\NorthwindEF.Tests.dll" adapterTypeName="Microsoft.VisualStudio.TestTools.TestTypes.Unit.UnitTestAdapter, Microsoft.VisualStudio.QualityTools.Tips.UnitTest.Adapter, Version=9.0.0.0, Culture=neutral, PublicKeyToken=b03f5f7f11d50a3a" className="NorthwindEF.Tests.DetachedTests, NorthwindEF.Tests" name="TestLoadEditSaveChildObjectsWithoutWCFTransfer" />
    </UnitTest>
    <UnitTest name="ExplicitLoadingNegative4" storage="d:\projects\softserve\fotogallery\dataaccesslayer\efpocoadapter\northwindef.tests\bin\debug\northwindef.tests.dll" id="c5c23342-1516-b35d-3453-d6e5b221ca5b">
      <Css projectStructure="" iteration="" />
      <Owners>
        <Owner name="" />
      </Owners>
      <Execution id="db507eb0-2207-4ac3-98ba-5549b7c8179a" />
      <TestMethod codeBase="D:\Projects\Softserve\Fotogallery\DataAccessLayer\EFPocoAdapter\NorthwindEF.Tests\bin\Debug\NorthwindEF.Tests.dll" adapterTypeName="Microsoft.VisualStudio.TestTools.TestTypes.Unit.UnitTestAdapter, Microsoft.VisualStudio.QualityTools.Tips.UnitTest.Adapter, Version=9.0.0.0, Culture=neutral, PublicKeyToken=b03f5f7f11d50a3a" className="NorthwindEF.Tests.LazyLoadingTests, NorthwindEF.Tests" name="ExplicitLoadingNegative4" />
    </UnitTest>
    <UnitTest name="CompiledQueryTest0" storage="d:\projects\softserve\fotogallery\dataaccesslayer\efpocoadapter\northwindef.tests\bin\debug\northwindef.tests.dll" id="43258b19-d9ac-b77d-5304-15027d7ca8ca">
      <Css projectStructure="" iteration="" />
      <Owners>
        <Owner name="" />
      </Owners>
      <Execution id="35007a2e-9f26-4ad0-80c3-cac2c32caecb" />
      <TestMethod codeBase="D:\Projects\Softserve\Fotogallery\DataAccessLayer\EFPocoAdapter\NorthwindEF.Tests\bin\Debug\NorthwindEF.Tests.dll" adapterTypeName="Microsoft.VisualStudio.TestTools.TestTypes.Unit.UnitTestAdapter, Microsoft.VisualStudio.QualityTools.Tips.UnitTest.Adapter, Version=9.0.0.0, Culture=neutral, PublicKeyToken=b03f5f7f11d50a3a" className="NorthwindEF.Tests.CompiledQueryTests, NorthwindEF.Tests" name="CompiledQueryTest0" />
    </UnitTest>
  </TestDefinitions>
  <TestLists>
    <TestList name="Results Not in a List" id="8c84fa94-04c1-424b-9868-57a2d4851a1d" />
    <TestList name="All Loaded Results" id="19431567-8539-422a-85d7-44ee4e166bda" />
  </TestLists>
  <TestEntries>
    <TestEntry testId="5e3205ce-535e-23cf-0093-010e0393036e" executionId="b32f4f80-b62d-4a35-9e1d-5741feebb88a" testListId="8c84fa94-04c1-424b-9868-57a2d4851a1d" />
    <TestEntry testId="e0af5358-59d2-1bea-f3ac-567d225a07ae" executionId="e71168cb-276b-4fc3-9860-1890a72bc3fd" testListId="8c84fa94-04c1-424b-9868-57a2d4851a1d" />
    <TestEntry testId="1996f95d-ee37-ec2b-02a6-5587b03fa8ff" executionId="05c722fc-c1b8-4ba2-bdeb-c97f9bb91582" testListId="8c84fa94-04c1-424b-9868-57a2d4851a1d" />
    <TestEntry testId="48c768a5-a6a6-57b3-9fa4-b9880c2ac319" executionId="d95233da-543c-4cc1-813b-10d81daef2ce" testListId="8c84fa94-04c1-424b-9868-57a2d4851a1d" />
    <TestEntry testId="71995ef6-1d5d-8bdb-a1cc-116da569a224" executionId="0e1a4da1-9b91-4e39-be13-dc3e115f03b6" testListId="8c84fa94-04c1-424b-9868-57a2d4851a1d" />
    <TestEntry testId="e96e4db3-baca-0348-b02d-1e1280610dac" executionId="ce8bca43-14db-4e4b-94a2-625d1945e4ee" testListId="8c84fa94-04c1-424b-9868-57a2d4851a1d" />
    <TestEntry testId="9d9714f8-9c0b-fdee-3528-c1d11195b474" executionId="9873f3f5-1236-4c0c-b3d6-cd3d2000583a" testListId="8c84fa94-04c1-424b-9868-57a2d4851a1d" />
    <TestEntry testId="94dcb363-31c2-91bb-28f6-f209ed22e462" executionId="4831a900-02a5-41cd-a6fd-5a86f21fe0f6" testListId="8c84fa94-04c1-424b-9868-57a2d4851a1d" />
    <TestEntry testId="45337e9a-64d0-af49-e7cd-5d962b3d32ab" executionId="fb62a80b-06b5-44fe-9c0d-e4df3529956f" testListId="8c84fa94-04c1-424b-9868-57a2d4851a1d" />
    <TestEntry testId="51f2f757-2089-66a4-65f2-06c89ba27dc0" executionId="e051148b-208a-4b48-807a-931f8f3531b1" testListId="8c84fa94-04c1-424b-9868-57a2d4851a1d" />
    <TestEntry testId="4b208553-1388-dadb-e0bd-651eecea97be" executionId="fede8f37-bb68-4d5c-9087-8d08b4d95d1c" testListId="8c84fa94-04c1-424b-9868-57a2d4851a1d" />
    <TestEntry testId="23c204f0-efe1-1afe-e3a3-dfcd9e6212db" executionId="625bed21-22f8-4097-a003-3a1409a558ae" testListId="8c84fa94-04c1-424b-9868-57a2d4851a1d" />
    <TestEntry testId="6f946bbe-8302-38bf-1a08-1c9d89cdd679" executionId="4a092675-1aea-43f5-b369-ed02ef613d8c" testListId="8c84fa94-04c1-424b-9868-57a2d4851a1d" />
    <TestEntry testId="ddcd61ee-0b3b-62b4-5d3f-dc493b7953ba" executionId="e58fb2c9-0f49-4e5b-8c5d-58987cbffb81" testListId="8c84fa94-04c1-424b-9868-57a2d4851a1d" />
    <TestEntry testId="46053c39-dd42-a419-6b84-39610804814f" executionId="c9d4f275-ee28-4c61-907b-db334c7048cc" testListId="8c84fa94-04c1-424b-9868-57a2d4851a1d" />
    <TestEntry testId="ee062bf3-bc2f-09ac-853d-bc665c56be0d" executionId="cdca8cbd-4a13-403f-b8a6-00078c68140b" testListId="8c84fa94-04c1-424b-9868-57a2d4851a1d" />
    <TestEntry testId="af7e5efb-dd1f-5b65-ec7d-f3ea698c3ab7" executionId="11a5e248-fd4a-49ed-983e-df12b08ca6f8" testListId="8c84fa94-04c1-424b-9868-57a2d4851a1d" />
    <TestEntry testId="182c8aff-d23e-1801-a2b6-62ee375cce7a" executionId="39488fb9-862b-4c87-83d8-3c8201899339" testListId="8c84fa94-04c1-424b-9868-57a2d4851a1d" />
    <TestEntry testId="a46e958f-e7a9-95e1-ffcd-63d08022f16e" executionId="3ce731fb-5f4d-4781-b4bf-c4b87c842e41" testListId="8c84fa94-04c1-424b-9868-57a2d4851a1d" />
    <TestEntry testId="0f28e599-96f7-c0ec-42d3-979d2b5bbfeb" executionId="139193ee-f1ef-4980-9aa8-d4f94793b417" testListId="8c84fa94-04c1-424b-9868-57a2d4851a1d" />
    <TestEntry testId="987694a8-c501-7d04-c5d7-a1ac7dfb77c8" executionId="45e400a7-2aaa-43aa-b7f3-5f7b53a67b67" testListId="8c84fa94-04c1-424b-9868-57a2d4851a1d" />
    <TestEntry testId="fffbe5b7-7464-1dfc-47b6-998babca385b" executionId="980e267a-3d8d-4f49-b88c-2fca4246f821" testListId="8c84fa94-04c1-424b-9868-57a2d4851a1d" />
    <TestEntry testId="d6b725e8-bdbd-bb71-05f5-9133baa2d21c" executionId="08f65aff-2df2-41e8-b650-a4802d74f695" testListId="8c84fa94-04c1-424b-9868-57a2d4851a1d" />
    <TestEntry testId="20c177db-29cf-f573-468d-5e5db659c3bc" executionId="d821ac40-7cd4-491a-8aaf-155428e01c5e" testListId="8c84fa94-04c1-424b-9868-57a2d4851a1d" />
    <TestEntry testId="f6ef295e-254d-33ae-8b08-aa1a560111be" executionId="c04a48d9-c8b1-41e6-ab58-80f375de4c5c" testListId="8c84fa94-04c1-424b-9868-57a2d4851a1d" />
    <TestEntry testId="7dd610df-5e22-e025-91e7-ac7931cd9cf4" executionId="9dbddb4e-6b4a-4399-95db-f1102a00308b" testListId="8c84fa94-04c1-424b-9868-57a2d4851a1d" />
    <TestEntry testId="e983cdd7-4651-45c0-1158-00c7bedc0ff0" executionId="9048b969-0052-45c1-8f48-03f4973b382d" testListId="8c84fa94-04c1-424b-9868-57a2d4851a1d" />
    <TestEntry testId="3eada314-a55d-4407-2cd8-c6b75b6cec1e" executionId="a3cf8b27-771d-4995-8368-2edd1594d95f" testListId="8c84fa94-04c1-424b-9868-57a2d4851a1d" />
    <TestEntry testId="13bf05c2-000a-549a-4d0c-a4f36420758a" executionId="fc58fbe8-43ee-4b7b-ac13-ccf9046dc2ee" testListId="8c84fa94-04c1-424b-9868-57a2d4851a1d" />
    <TestEntry testId="b1c7d6c9-8c8f-3e87-5558-0e12b7fcae85" executionId="0e0f5b0f-ec8b-4b1c-8ce3-cf29344ac0b8" testListId="8c84fa94-04c1-424b-9868-57a2d4851a1d" />
    <TestEntry testId="cba82877-7b39-9850-ed4f-e09cd3c3fb13" executionId="728bdfeb-b43c-42a4-855e-c686dc397e1a" testListId="8c84fa94-04c1-424b-9868-57a2d4851a1d" />
    <TestEntry testId="ee55a1e2-1d8f-0e43-b3d9-fd791b69d975" executionId="85cab07a-1348-472c-aa25-ed168d3dd71a" testListId="8c84fa94-04c1-424b-9868-57a2d4851a1d" />
    <TestEntry testId="9c55cf1b-c8b9-f533-4c68-d65e8b7eacc9" executionId="3dea7c96-0a5c-44df-b1a1-5aae790d1a73" testListId="8c84fa94-04c1-424b-9868-57a2d4851a1d" />
    <TestEntry testId="4a35159b-8e7a-74a7-032e-5a03380b7205" executionId="15dbe29c-761c-4c9e-af2d-edbbb5b53b63" testListId="8c84fa94-04c1-424b-9868-57a2d4851a1d" />
    <TestEntry testId="b1b1e715-8374-6d86-619d-7269d01bdd82" executionId="67d1b249-02d0-49b9-a55b-51b2a8b25280" testListId="8c84fa94-04c1-424b-9868-57a2d4851a1d" />
    <TestEntry testId="d0eb9702-ffbf-076b-6da3-61ab241b6d69" executionId="bf9d4d91-35dd-4543-8b9d-d7b48fec7544" testListId="8c84fa94-04c1-424b-9868-57a2d4851a1d" />
    <TestEntry testId="0e60549c-a21d-628d-2581-099d26d4e9b3" executionId="a68a20d6-1c0f-4fa2-9d34-163d65b877b2" testListId="8c84fa94-04c1-424b-9868-57a2d4851a1d" />
    <TestEntry testId="d22ace2c-69e6-a91e-ce9c-e37bb3e87ce1" executionId="04fb9d5c-02ef-46e2-9e93-cda44c6ceeb5" testListId="8c84fa94-04c1-424b-9868-57a2d4851a1d" />
    <TestEntry testId="fecb3338-796b-b570-89bd-7d54684f0666" executionId="241c3289-b9b2-4204-838b-1035c1e5b449" testListId="8c84fa94-04c1-424b-9868-57a2d4851a1d" />
    <TestEntry testId="8b620baa-a6c8-5024-d5ff-7b31328102c0" executionId="9980f629-77a3-4075-ac25-a5f43315f622" testListId="8c84fa94-04c1-424b-9868-57a2d4851a1d" />
    <TestEntry testId="8d5aef6c-ac9e-184e-bf17-2a535a3aff61" executionId="0c57e4de-9317-43e7-a66e-02dfe6959a30" testListId="8c84fa94-04c1-424b-9868-57a2d4851a1d" />
    <TestEntry testId="4579655d-673b-db7c-be05-ef04d266eba7" executionId="9584ce6d-0099-4818-b360-fad5a8335583" testListId="8c84fa94-04c1-424b-9868-57a2d4851a1d" />
    <TestEntry testId="799c3995-2e3b-59cb-a0b5-44a1d264d17a" executionId="2c023966-9e4e-4a6b-86fe-f5b41d896aa0" testListId="8c84fa94-04c1-424b-9868-57a2d4851a1d" />
    <TestEntry testId="92f42e63-417f-16c8-84a7-b9992ffd8770" executionId="b3607658-8d9c-4eef-b793-6a226561cff6" testListId="8c84fa94-04c1-424b-9868-57a2d4851a1d" />
    <TestEntry testId="39a58b15-5927-60cb-9138-3e716160413e" executionId="ecf8752a-b938-43d5-ba60-5e6e2d44a1fd" testListId="8c84fa94-04c1-424b-9868-57a2d4851a1d" />
    <TestEntry testId="4f9cc1a1-c406-ce63-f590-6d0e6e31a17c" executionId="be181247-49d2-445e-9df7-c02527664361" testListId="8c84fa94-04c1-424b-9868-57a2d4851a1d" />
    <TestEntry testId="aa1e6e17-8e16-a505-9f5c-dbb859cab6c5" executionId="e46393ac-d80d-439a-a0be-0e7dec9dfcff" testListId="8c84fa94-04c1-424b-9868-57a2d4851a1d" />
    <TestEntry testId="424d3772-c289-7249-8d88-d5ff41101246" executionId="8bc26931-e3e6-4dbf-8d92-a7811ef0a8d6" testListId="8c84fa94-04c1-424b-9868-57a2d4851a1d" />
    <TestEntry testId="50844afb-7bc1-22fe-cd7c-df39335e5ea6" executionId="05142b1f-c8bb-4b2b-9932-5fc5e9a968f5" testListId="8c84fa94-04c1-424b-9868-57a2d4851a1d" />
    <TestEntry testId="43258b19-d9ac-b77d-5304-15027d7ca8ca" executionId="35007a2e-9f26-4ad0-80c3-cac2c32caecb" testListId="8c84fa94-04c1-424b-9868-57a2d4851a1d" />
    <TestEntry testId="a64aaa9a-0789-5033-47ec-6f3c52c05b23" executionId="0382a019-0849-47dc-8017-0de47e2de3eb" testListId="8c84fa94-04c1-424b-9868-57a2d4851a1d" />
    <TestEntry testId="11dad64e-cf1a-f513-7844-96d494638643" executionId="d6665805-aa51-4a7b-879b-033e5d8cf95c" testListId="8c84fa94-04c1-424b-9868-57a2d4851a1d" />
    <TestEntry testId="1ed90504-c21a-c4a3-c3c3-7035e7aa1995" executionId="6fc3057d-92ab-4f34-8e47-e2d9cbc6a352" testListId="8c84fa94-04c1-424b-9868-57a2d4851a1d" />
    <TestEntry testId="fa1a2292-0be0-c753-64c3-1a77380bb049" executionId="af946c34-c1e0-4230-b533-4f2add915499" testListId="8c84fa94-04c1-424b-9868-57a2d4851a1d" />
    <TestEntry testId="fb16c560-245f-8e00-9d6a-e7f528148668" executionId="8e4dd5b6-c465-4211-95c9-8d44c516c773" testListId="8c84fa94-04c1-424b-9868-57a2d4851a1d" />
    <TestEntry testId="24851d69-d75c-7093-c389-739172474de1" executionId="ff23b203-0d31-40f6-9d2e-c469ea7ff4ea" testListId="8c84fa94-04c1-424b-9868-57a2d4851a1d" />
    <TestEntry testId="433caed2-d6d4-07c1-25da-6427443148f6" executionId="8e661b88-aa49-4158-802f-211f4a2443e8" testListId="8c84fa94-04c1-424b-9868-57a2d4851a1d" />
    <TestEntry testId="e9fc80f7-7a3f-5d49-0eb8-88837b346b7a" executionId="e0cc5ac3-d294-446e-8190-4854640c5cb1" testListId="8c84fa94-04c1-424b-9868-57a2d4851a1d" />
    <TestEntry testId="d85893db-8079-faa5-1ee1-78196f28c6e4" executionId="d3455150-5fee-4de9-8838-404533c08a4e" testListId="8c84fa94-04c1-424b-9868-57a2d4851a1d" />
    <TestEntry testId="ff737d04-7dc5-8624-bfd3-52f0a45827e6" executionId="662246eb-fef8-4cc8-b9ca-458f06d481a9" testListId="8c84fa94-04c1-424b-9868-57a2d4851a1d" />
    <TestEntry testId="873c1835-16aa-9876-4b64-6525c4b2bcea" executionId="68d01a11-39f7-4878-ae80-f70b44f6455a" testListId="8c84fa94-04c1-424b-9868-57a2d4851a1d" />
    <TestEntry testId="cead6da7-fafd-f526-1dd9-a36ca94d750e" executionId="697af5b9-e53e-43e5-8247-0dfd11e3c1f1" testListId="8c84fa94-04c1-424b-9868-57a2d4851a1d" />
    <TestEntry testId="79c5426e-3b56-d732-a601-68ab5de528b2" executionId="390acc29-e88e-4998-ad15-83546a71f46c" testListId="8c84fa94-04c1-424b-9868-57a2d4851a1d" />
    <TestEntry testId="318e275c-da32-5d4a-eaf3-1a93aaf20913" executionId="e26cf557-c080-4526-be15-1f2aeb517eba" testListId="8c84fa94-04c1-424b-9868-57a2d4851a1d" />
    <TestEntry testId="500bfa84-af0d-b9cb-0f96-b239790b2af1" executionId="4d84344a-efa4-4db9-ac04-5abe1a048c73" testListId="8c84fa94-04c1-424b-9868-57a2d4851a1d" />
    <TestEntry testId="1dd0cc49-d99d-a1e2-5368-290230fe6a88" executionId="c2268b3a-2236-494b-9e31-2a93f77fdc1d" testListId="8c84fa94-04c1-424b-9868-57a2d4851a1d" />
    <TestEntry testId="a61c9bf1-8f36-32c4-a778-e51644d0aff5" executionId="0eb830a3-1668-4278-8bad-566f7e4bad11" testListId="8c84fa94-04c1-424b-9868-57a2d4851a1d" />
    <TestEntry testId="b10da09f-c43f-6dd6-5bea-01d77c30321a" executionId="64bb773d-0b2e-44f0-ba3e-a9cfd663d880" testListId="8c84fa94-04c1-424b-9868-57a2d4851a1d" />
    <TestEntry testId="24f29ed2-452c-648b-dc3a-ee174e9f367b" executionId="9df9f3ce-5992-4807-bea5-9a66a4cb1c4b" testListId="8c84fa94-04c1-424b-9868-57a2d4851a1d" />
    <TestEntry testId="89297101-f5c6-b15a-d177-a75805fe2c10" executionId="23c723df-5390-4c1a-969c-fd3403a6aec6" testListId="8c84fa94-04c1-424b-9868-57a2d4851a1d" />
    <TestEntry testId="1da35ad4-54d7-6a87-7c6a-5c4f6d1415e3" executionId="6efd074f-8e64-4101-9b6d-b20a987a8fee" testListId="8c84fa94-04c1-424b-9868-57a2d4851a1d" />
    <TestEntry testId="c87c3d6f-31a2-c6a1-0e47-823be60a057f" executionId="4cb73030-36ab-4451-87de-81efb90c6129" testListId="8c84fa94-04c1-424b-9868-57a2d4851a1d" />
    <TestEntry testId="97ec2f4f-44f4-7cb1-66dd-78cfa686cc23" executionId="86ebe912-c64f-4ffe-b02c-7f6eab5847f2" testListId="8c84fa94-04c1-424b-9868-57a2d4851a1d" />
    <TestEntry testId="f682572f-3b5a-5971-c419-5fbfb86b883b" executionId="5d475d28-bfd4-4091-a1e3-1c2f0ed36b2c" testListId="8c84fa94-04c1-424b-9868-57a2d4851a1d" />
    <TestEntry testId="93c4e9cd-1724-6e0a-552e-a2b71196e6be" executionId="c85c9ff9-d74d-4deb-83e2-c25c63a9e6e3" testListId="8c84fa94-04c1-424b-9868-57a2d4851a1d" />
    <TestEntry testId="f56e0139-5ff0-7ddb-3d5a-6da63eafee08" executionId="f5e92acb-589e-4a2a-a741-22eed19715b4" testListId="8c84fa94-04c1-424b-9868-57a2d4851a1d" />
    <TestEntry testId="5448f4be-9ad2-087b-eae6-367addc3505d" executionId="8e6758bf-f04f-4c9a-8665-97a3fc8f0a93" testListId="8c84fa94-04c1-424b-9868-57a2d4851a1d" />
    <TestEntry testId="00acdafd-ff03-b55e-3132-e36752377a69" executionId="9324576e-314d-4ade-9abb-9b3d38f1ec9d" testListId="8c84fa94-04c1-424b-9868-57a2d4851a1d" />
    <TestEntry testId="5be65b38-5088-ac3b-321e-c701f1651c20" executionId="8248fa66-5907-400f-9ef2-b983950da2d2" testListId="8c84fa94-04c1-424b-9868-57a2d4851a1d" />
    <TestEntry testId="22b96c4d-272a-e43c-38b1-165927b122f8" executionId="f52e727f-26c5-49a9-9d4d-effcba530db6" testListId="8c84fa94-04c1-424b-9868-57a2d4851a1d" />
    <TestEntry testId="049bc142-2e8f-20b4-96a6-79a3c5307694" executionId="3e4dd73a-5c5a-4bcc-a07e-63ddc04e504b" testListId="8c84fa94-04c1-424b-9868-57a2d4851a1d" />
    <TestEntry testId="5831351a-4c3e-7696-1e6d-7ed0deec8fd2" executionId="62c3c77d-71b2-43ec-9b74-8eabfb0d076d" testListId="8c84fa94-04c1-424b-9868-57a2d4851a1d" />
    <TestEntry testId="223a98d6-b497-a51a-a204-1e53f94a77c7" executionId="ccb068ee-6596-4514-9a87-2ba4ed884eda" testListId="8c84fa94-04c1-424b-9868-57a2d4851a1d" />
    <TestEntry testId="f002357d-a340-55a5-f5f6-6462095b882c" executionId="d2977505-aae4-4d33-b092-55e4fccc2bcd" testListId="8c84fa94-04c1-424b-9868-57a2d4851a1d" />
    <TestEntry testId="a0ef2a73-862e-4472-ce1f-8c5ccb00e31a" executionId="a0760877-63fa-4bd9-9ce0-065782fbda72" testListId="8c84fa94-04c1-424b-9868-57a2d4851a1d" />
    <TestEntry testId="38999eaa-9da7-dc2e-6b00-70cd6cf293bf" executionId="eae1eaa3-db4b-4822-8c36-db99fda3c455" testListId="8c84fa94-04c1-424b-9868-57a2d4851a1d" />
    <TestEntry testId="dc121815-49c4-ce47-9acc-ac8cc35bbfef" executionId="6a395ba8-45cd-452b-8195-bb39ad79e354" testListId="8c84fa94-04c1-424b-9868-57a2d4851a1d" />
    <TestEntry testId="e2d60138-5237-958e-c6d9-433b066a75b3" executionId="3e0ff789-9e3a-4f2f-a4ac-7e7e5e583b01" testListId="8c84fa94-04c1-424b-9868-57a2d4851a1d" />
    <TestEntry testId="c5c23342-1516-b35d-3453-d6e5b221ca5b" executionId="db507eb0-2207-4ac3-98ba-5549b7c8179a" testListId="8c84fa94-04c1-424b-9868-57a2d4851a1d" />
    <TestEntry testId="ee2fbafa-0298-ef28-7dff-c755e4ea89d9" executionId="3577ff97-da48-4465-9782-d4dd2cab414f" testListId="8c84fa94-04c1-424b-9868-57a2d4851a1d" />
    <TestEntry testId="2bd6fc76-2a3a-cd5f-52e9-acced9a7a383" executionId="3f7cb349-f800-400a-b4af-8696c36661fa" testListId="8c84fa94-04c1-424b-9868-57a2d4851a1d" />
    <TestEntry testId="89e54ad2-c999-5107-eb8f-89d1089266b6" executionId="2d6d80fc-ebbd-45b9-a355-36384ba828b5" testListId="8c84fa94-04c1-424b-9868-57a2d4851a1d" />
    <TestEntry testId="d8552ed3-d25d-4518-e4d4-a4e68ac7b2b2" executionId="990dccbb-cd41-46be-9953-0381efc472d5" testListId="8c84fa94-04c1-424b-9868-57a2d4851a1d" />
    <TestEntry testId="215037cd-7ff2-1200-40e9-ca7e22e864d6" executionId="d33e6364-6098-42ea-8b4d-b1e436e46f09" testListId="8c84fa94-04c1-424b-9868-57a2d4851a1d" />
    <TestEntry testId="0f0fb7e4-35be-4cf8-6a04-44403b4b5f8e" executionId="d68e0c47-7e66-4106-a7ff-0e76097fd8fa" testListId="8c84fa94-04c1-424b-9868-57a2d4851a1d" />
    <TestEntry testId="53cb3d8c-a3da-c19f-3ddf-a163c52d73e3" executionId="1b73e253-c310-41bd-8558-b84fe952d2b9" testListId="8c84fa94-04c1-424b-9868-57a2d4851a1d" />
    <TestEntry testId="cb8ce0cc-de13-b70c-4ee8-fd4e0b0ccd57" executionId="9cff42d6-fdbe-449b-a945-594b3a9cda87" testListId="8c84fa94-04c1-424b-9868-57a2d4851a1d" />
    <TestEntry testId="f441aae1-3290-9326-9645-1a5e9938871c" executionId="ce00a627-70ef-4e3a-a086-0c72aa090c45" testListId="8c84fa94-04c1-424b-9868-57a2d4851a1d" />
    <TestEntry testId="ff14ce63-3d78-f104-ad42-36eab63a9a1c" executionId="83949617-bc05-442d-8938-1841ff36bdb1" testListId="8c84fa94-04c1-424b-9868-57a2d4851a1d" />
    <TestEntry testId="a698a4c7-3f39-4624-0176-9ffec7c6db62" executionId="e338ac4b-95c5-4c13-8bc8-14bafcf4407a" testListId="8c84fa94-04c1-424b-9868-57a2d4851a1d" />
    <TestEntry testId="2a77a37b-226e-f660-0805-70f415cda8ba" executionId="c0f9de44-e1e2-4555-b502-127ad0a0f5f8" testListId="8c84fa94-04c1-424b-9868-57a2d4851a1d" />
    <TestEntry testId="36a8f38b-62c0-f99c-a3e9-f667aeb44d10" executionId="c3c5a031-a13e-4a94-899f-946d0d633637" testListId="8c84fa94-04c1-424b-9868-57a2d4851a1d" />
    <TestEntry testId="523ace16-7533-61e8-6dcf-c3977413a79c" executionId="915b3719-d0df-4a8f-90de-cf13d11b3c47" testListId="8c84fa94-04c1-424b-9868-57a2d4851a1d" />
    <TestEntry testId="157974d1-2bb7-9531-4807-8723b138ee57" executionId="09d0f353-8e6c-4f86-a3eb-2323dad09415" testListId="8c84fa94-04c1-424b-9868-57a2d4851a1d" />
    <TestEntry testId="3ae6555d-bf6c-1d70-6c6a-0918a37d46c0" executionId="d9c699c2-5571-4469-a44d-6afce2f7d62d" testListId="8c84fa94-04c1-424b-9868-57a2d4851a1d" />
    <TestEntry testId="5ea264d0-e2b2-7997-9d58-4e891356da5d" executionId="aeb8bec0-cd33-4a4e-af99-cb442ed8a2fa" testListId="8c84fa94-04c1-424b-9868-57a2d4851a1d" />
    <TestEntry testId="c6434e89-683e-a29e-de4c-7b53b7bbef12" executionId="767af3e4-91f2-42c9-b8aa-717353c3cadb" testListId="8c84fa94-04c1-424b-9868-57a2d4851a1d" />
    <TestEntry testId="558c20ce-063f-a43b-8db5-52df8cbe5c21" executionId="8aabd257-3d0d-4e25-84cf-6afc48db3166" testListId="8c84fa94-04c1-424b-9868-57a2d4851a1d" />
    <TestEntry testId="23fa54d4-610f-3371-3c55-7969512b24eb" executionId="2b2fa248-185d-46e1-b453-96cba1061710" testListId="8c84fa94-04c1-424b-9868-57a2d4851a1d" />
    <TestEntry testId="71d5f3b0-a4af-b7e4-4128-f2034f85966b" executionId="e40e5789-aa42-4809-b322-9e90c97cea1c" testListId="8c84fa94-04c1-424b-9868-57a2d4851a1d" />
    <TestEntry testId="94d4c79f-9329-d6b0-c437-af0755425909" executionId="f14e3886-d724-494d-a19e-e32f2819b9bc" testListId="8c84fa94-04c1-424b-9868-57a2d4851a1d" />
    <TestEntry testId="839da681-0eaa-4006-880b-a3e734034c8b" executionId="10769b76-a956-4044-9595-a48a45bb59d9" testListId="8c84fa94-04c1-424b-9868-57a2d4851a1d" />
    <TestEntry testId="a7ec2bc9-1263-961b-4c2a-2c8e7ec5805f" executionId="365d6d99-64a7-441d-803e-d549518390e3" testListId="8c84fa94-04c1-424b-9868-57a2d4851a1d" />
    <TestEntry testId="4122e52b-617c-09af-8098-6261e83f8d98" executionId="6cf6fb4c-7a46-4543-b89a-0acbcf5d578a" testListId="8c84fa94-04c1-424b-9868-57a2d4851a1d" />
    <TestEntry testId="642f8b2b-f86e-0e79-a9a4-ccd87408c34d" executionId="13b09f51-203b-4f30-a4ef-e7c87a11eb69" testListId="8c84fa94-04c1-424b-9868-57a2d4851a1d" />
    <TestEntry testId="82074cac-6446-32e6-7c31-4a79a274a5df" executionId="b6b2d871-6ec0-4462-a3a6-8b707303ff54" testListId="8c84fa94-04c1-424b-9868-57a2d4851a1d" />
    <TestEntry testId="9aab549d-6b7e-0843-4c23-8d9c3fc62948" executionId="539b5e48-5345-45cf-afd0-3e2ff596beb1" testListId="8c84fa94-04c1-424b-9868-57a2d4851a1d" />
    <TestEntry testId="b7be693d-0997-ceb5-48cc-0e64347b9c3f" executionId="07955129-eb3c-4f3e-8d8d-bda6ced0b1f1" testListId="8c84fa94-04c1-424b-9868-57a2d4851a1d" />
    <TestEntry testId="1b282046-210d-e1e8-d549-d8e2debd04f5" executionId="712f3062-bbed-484e-9e53-8a17a448c07c" testListId="8c84fa94-04c1-424b-9868-57a2d4851a1d" />
    <TestEntry testId="6935b1a5-a892-03da-ba51-54ac3b0d0425" executionId="60425a54-4fb8-496c-98cf-5d88990ea82b" testListId="8c84fa94-04c1-424b-9868-57a2d4851a1d" />
    <TestEntry testId="7372d8c7-91d4-b605-f743-4e96b3e0ee09" executionId="053ee1fe-a79f-45b2-8a8a-83549a2eb64e" testListId="8c84fa94-04c1-424b-9868-57a2d4851a1d" />
    <TestEntry testId="8fffa05e-8126-ae7c-9a9c-1fa6ad516c2e" executionId="8b4da3b7-b62a-4dde-b83d-ec43387d55af" testListId="8c84fa94-04c1-424b-9868-57a2d4851a1d" />
    <TestEntry testId="bd97b791-283f-75ff-2b79-c76726267a42" executionId="1e64bbfa-efcf-431e-8a4c-44cf5c5cc538" testListId="8c84fa94-04c1-424b-9868-57a2d4851a1d" />
    <TestEntry testId="0a2f4e10-7280-de93-9057-12a563027ebf" executionId="a178ce38-b3c4-4d3d-8c19-9256d57ba560" testListId="8c84fa94-04c1-424b-9868-57a2d4851a1d" />
    <TestEntry testId="df44393a-c6a3-a82f-84f1-6e5633ca652b" executionId="385933fa-f095-40c5-a510-28db62a44328" testListId="8c84fa94-04c1-424b-9868-57a2d4851a1d" />
    <TestEntry testId="0536652a-a34a-1a5e-4720-fd8e1cdd024b" executionId="2fc30ff4-55bb-4ff8-bf15-2b43246ccd31" testListId="8c84fa94-04c1-424b-9868-57a2d4851a1d" />
    <TestEntry testId="11fe18b1-73b7-5606-8c65-158ed0a650cc" executionId="67440ad5-c019-40fc-9617-0d878b915c1e" testListId="8c84fa94-04c1-424b-9868-57a2d4851a1d" />
    <TestEntry testId="507dc209-89a0-4ee4-1a44-81d3b4a17001" executionId="1a3d706c-1004-4d41-832e-ae4d14d02df5" testListId="8c84fa94-04c1-424b-9868-57a2d4851a1d" />
    <TestEntry testId="cd131dd4-85bd-b5e9-21cd-5a7402507692" executionId="04dfa3ae-5f4f-4ce8-9aed-4986ab71f333" testListId="8c84fa94-04c1-424b-9868-57a2d4851a1d" />
    <TestEntry testId="0bd4d244-f566-2beb-c852-9c3ae10958cd" executionId="7dd88728-edb9-4da9-b9e7-45b38e086149" testListId="8c84fa94-04c1-424b-9868-57a2d4851a1d" />
    <TestEntry testId="01cf82ba-4a31-70c6-2803-876024d73086" executionId="de93b18f-5be8-482a-b54f-1c8123f16bd5" testListId="8c84fa94-04c1-424b-9868-57a2d4851a1d" />
    <TestEntry testId="6539fc59-6fd5-dc7e-42a0-81298303d1f4" executionId="10205e3d-664c-4a7b-913b-d0018bf8f709" testListId="8c84fa94-04c1-424b-9868-57a2d4851a1d" />
    <TestEntry testId="06f3d3e7-dabf-f73d-88b2-b104c71f82d5" executionId="2b76c9f4-0617-4817-9377-9fd3a84c44ef" testListId="8c84fa94-04c1-424b-9868-57a2d4851a1d" />
    <TestEntry testId="a5710961-d06a-9400-ae34-654f0f5776e2" executionId="11945ac3-e263-443b-8704-e1554b44de1e" testListId="8c84fa94-04c1-424b-9868-57a2d4851a1d" />
  </TestEntries>
  <Results>
    <UnitTestResult executionId="b32f4f80-b62d-4a35-9e1d-5741feebb88a" testId="5e3205ce-535e-23cf-0093-010e0393036e" testName="GenerateAndUsePocoAdapter" computerName="PRIZRAK" duration="00:00:03.7187634" startTime="2011-03-20T22:07:45.2603875+02:00" endTime="2011-03-20T22:07:50.0566618+02:00" testType="13cdc9d9-ddb5-4fa4-a97d-d965ccfc6d4b" outcome="Failed" testListId="8c84fa94-04c1-424b-9868-57a2d4851a1d">
      <Output>
        <ErrorInfo>
          <Message>Test method NorthwindEF.Tests.AdapterGeneratorTests.GenerateAndUsePocoAdapter threw exception:  System.Data.EntityException: The underlying provider failed on Open. ---&gt;  System.Data.SqlClient.SqlException: Cannot open database "NorthwindEF" requested by the login. The login failed.
Login failed for user 'prizrak\korwin'..</Message>
          <StackTrace>    at System.Data.SqlClient.SqlInternalConnection.OnError(SqlException exception, Boolean breakConnection)
   at System.Data.SqlClient.TdsParser.ThrowExceptionAndWarning(TdsParserStateObject stateObj)
   at System.Data.SqlClient.TdsParser.Run(RunBehavior runBehavior, SqlCommand cmdHandler, SqlDataReader dataStream, BulkCopySimpleResultSet bulkCopyHandler, TdsParserStateObject stateObj)
   at System.Data.SqlClient.SqlInternalConnectionTds.CompleteLogin(Boolean enlistOK)
   at System.Data.SqlClient.SqlInternalConnectionTds.AttemptOneLogin(ServerInfo serverInfo, String newPassword, Boolean ignoreSniOpenTimeout, Int64 timerExpire, SqlConnection owningObject)
   at System.Data.SqlClient.SqlInternalConnectionTds.LoginNoFailover(String host, String newPassword, Boolean redirectedUserInstance, SqlConnection owningObject, SqlConnectionString connectionOptions, Int64 timerStart)
   at System.Data.SqlClient.SqlInternalConnectionTds.OpenLoginEnlist(SqlConnection owningObject, SqlConnectionString connectionOptions, String newPassword, Boolean redirectedUserInstance)
   at System.Data.SqlClient.SqlInternalConnectionTds..ctor(DbConnectionPoolIdentity identity, SqlConnectionString connectionOptions, Object providerInfo, String newPassword, SqlConnection owningObject, Boolean redirectedUserInstance)
   at System.Data.SqlClient.SqlConnectionFactory.CreateConnection(DbConnectionOptions options, Object poolGroupProviderInfo, DbConnectionPool pool, DbConnection owningConnection)
   at System.Data.ProviderBase.DbConnectionFactory.CreatePooledConnection(DbConnection owningConnection, DbConnectionPool pool, DbConnectionOptions options)
   at System.Data.ProviderBase.DbConnectionPool.CreateObject(DbConnection owningObject)
   at System.Data.ProviderBase.DbConnectionPool.UserCreateRequest(DbConnection owningObject)
   at System.Data.ProviderBase.DbConnectionPool.GetConnection(DbConnection owningObject)
   at System.Data.ProviderBase.DbConnectionFactory.GetConnection(DbConnection owningConnection)
   at System.Data.ProviderBase.DbConnectionClosed.OpenConnection(DbConnection outerConnection, DbConnectionFactory connectionFactory)
   at System.Data.SqlClient.SqlConnection.Open()
   at System.Data.EntityClient.EntityConnection.OpenStoreConnectionIf(Boolean openCondition, DbConnection storeConnectionToOpen, DbConnection originalConnection, String exceptionCode, String attemptedOperation, Boolean&amp; closeStoreConnectionOnFailure)
 --- End of inner exception stack trace ---
    at System.Data.EntityClient.EntityConnection.OpenStoreConnectionIf(Boolean openCondition, DbConnection storeConnectionToOpen, DbConnection originalConnection, String exceptionCode, String attemptedOperation, Boolean&amp; closeStoreConnectionOnFailure)
   at System.Data.EntityClient.EntityConnection.Open()
   at System.Data.Objects.ObjectContext.EnsureConnection()
   at System.Data.Objects.ObjectQuery`1.GetResults(Nullable`1 forMergeOption)
   at System.Data.Objects.ObjectQuery`1.System.Collections.Generic.IEnumerable&lt;T&gt;.GetEnumerator()
   at System.Data.Objects.ObjectQuery`1.GetEnumeratorInternal()
   at System.Data.Objects.ObjectQuery.System.Collections.IEnumerable.GetEnumerator()
   at System.Linq.Enumerable.&lt;CastIterator&gt;d__aa`1.MoveNext()
   at System.Linq.Enumerable.First[TSource](IEnumerable`1 source)
   at System.Data.Objects.ELinq.ObjectQueryProvider.&lt;GetElementFunction&gt;b__0[TResult](IEnumerable`1 sequence)
   at System.Data.Objects.ELinq.ObjectQueryProvider.ExecuteSingle[TResult](IEnumerable`1 query, Expression queryRoot)
   at System.Data.Objects.ELinq.ObjectQueryProvider.System.Linq.IQueryProvider.Execute(Expression expression)
   at EFPocoAdapter.EFPocoQueryProvider.Execute[TResult](Expression expression) in D:\Projects\Softserve\Fotogallery\DataAccessLayer\EFPocoAdapter\EFPocoAdapter\EFPocoQueryProvider.cs:line 47
   at System.Linq.Queryable.First[TSource](IQueryable`1 source, Expression`1 predicate)
   at NorthwindEF.Tests.AdapterGeneratorTests.GenerateAndUsePocoAdapter() in D:\Projects\Softserve\Fotogallery\DataAccessLayer\EFPocoAdapter\NorthwindEF.Tests\AdapterGeneratorTests.cs:line 54
</StackTrace>
        </ErrorInfo>
      </Output>
    </UnitTestResult>
    <UnitTestResult executionId="e71168cb-276b-4fc3-9860-1890a72bc3fd" testId="e0af5358-59d2-1bea-f3ac-567d225a07ae" testName="GetAdapterObjectDoesNotWorkForProxiesBug" computerName="PRIZRAK" duration="00:00:00.0642347" startTime="2011-03-20T22:07:50.0886636+02:00" endTime="2011-03-20T22:07:50.1656680+02:00" testType="13cdc9d9-ddb5-4fa4-a97d-d965ccfc6d4b" outcome="Passed" testListId="8c84fa94-04c1-424b-9868-57a2d4851a1d">
      <Output>
      </Output>
    </UnitTestResult>
    <UnitTestResult executionId="05c722fc-c1b8-4ba2-bdeb-c97f9bb91582" testId="1996f95d-ee37-ec2b-02a6-5587b03fa8ff" testName="LazyLoadingShoundBeDisabledForAddedEntitites" computerName="PRIZRAK" duration="00:00:00.0533482" startTime="2011-03-20T22:07:50.1896694+02:00" endTime="2011-03-20T22:07:50.2756743+02:00" testType="13cdc9d9-ddb5-4fa4-a97d-d965ccfc6d4b" outcome="Failed" testListId="8c84fa94-04c1-424b-9868-57a2d4851a1d">
      <Output>
        <ErrorInfo>
          <Message>Test method NorthwindEF.Tests.BugRegressionTests.LazyLoadingShoundBeDisabledForAddedEntitites threw exception:  System.Data.EntityException: The underlying provider failed on Open. ---&gt;  System.Data.SqlClient.SqlException: Cannot open database "NorthwindEF" requested by the login. The login failed.
Login failed for user 'prizrak\korwin'..</Message>
          <StackTrace>    at System.Data.ProviderBase.DbConnectionPool.GetConnection(DbConnection owningObject)
   at System.Data.ProviderBase.DbConnectionFactory.GetConnection(DbConnection owningConnection)
   at System.Data.ProviderBase.DbConnectionClosed.OpenConnection(DbConnection outerConnection, DbConnectionFactory connectionFactory)
   at System.Data.SqlClient.SqlConnection.Open()
   at System.Data.EntityClient.EntityConnection.OpenStoreConnectionIf(Boolean openCondition, DbConnection storeConnectionToOpen, DbConnection originalConnection, String exceptionCode, String attemptedOperation, Boolean&amp; closeStoreConnectionOnFailure)
 --- End of inner exception stack trace ---
    at System.Data.EntityClient.EntityConnection.OpenStoreConnectionIf(Boolean openCondition, DbConnection storeConnectionToOpen, DbConnection originalConnection, String exceptionCode, String attemptedOperation, Boolean&amp; closeStoreConnectionOnFailure)
   at System.Data.EntityClient.EntityConnection.Open()
   at NorthwindEF.Tests.BugRegressionTests.LazyLoadingShoundBeDisabledForAddedEntitites() in D:\Projects\Softserve\Fotogallery\DataAccessLayer\EFPocoAdapter\NorthwindEF.Tests\BugRegressionTests.cs:line 38
</StackTrace>
        </ErrorInfo>
      </Output>
    </UnitTestResult>
    <UnitTestResult executionId="d95233da-543c-4cc1-813b-10d81daef2ce" testId="48c768a5-a6a6-57b3-9fa4-b9880c2ac319" testName="DistinctTest" computerName="PRIZRAK" duration="00:00:00.0641661" startTime="2011-03-20T22:07:50.2926753+02:00" endTime="2011-03-20T22:07:50.3726799+02:00" testType="13cdc9d9-ddb5-4fa4-a97d-d965ccfc6d4b" outcome="Failed" testListId="8c84fa94-04c1-424b-9868-57a2d4851a1d">
      <Output>
        <ErrorInfo>
          <Message>Test method NorthwindEF.Tests.BuilderMethodsTests.DistinctTest threw exception:  System.Data.EntityException: The underlying provider failed on Open. ---&gt;  System.Data.SqlClient.SqlException: Cannot open database "NorthwindEF" requested by the login. The login failed.
Login failed for user 'prizrak\korwin'..</Message>
          <StackTrace>    at System.Data.ProviderBase.DbConnectionPool.GetConnection(DbConnection owningObject)
   at System.Data.ProviderBase.DbConnectionFactory.GetConnection(DbConnection owningConnection)
   at System.Data.ProviderBase.DbConnectionClosed.OpenConnection(DbConnection outerConnection, DbConnectionFactory connectionFactory)
   at System.Data.SqlClient.SqlConnection.Open()
   at System.Data.EntityClient.EntityConnection.OpenStoreConnectionIf(Boolean openCondition, DbConnection storeConnectionToOpen, DbConnection originalConnection, String exceptionCode, String attemptedOperation, Boolean&amp; closeStoreConnectionOnFailure)
 --- End of inner exception stack trace ---
    at System.Data.EntityClient.EntityConnection.OpenStoreConnectionIf(Boolean openCondition, DbConnection storeConnectionToOpen, DbConnection originalConnection, String exceptionCode, String attemptedOperation, Boolean&amp; closeStoreConnectionOnFailure)
   at System.Data.EntityClient.EntityConnection.Open()
   at System.Data.Objects.ObjectContext.EnsureConnection()
   at System.Data.Objects.ObjectQuery`1.GetResults(Nullable`1 forMergeOption)
   at System.Data.Objects.ObjectQuery`1.System.Collections.Generic.IEnumerable&lt;T&gt;.GetEnumerator()
   at System.Data.Objects.ObjectQuery`1.GetEnumeratorInternal()
   at System.Data.Objects.ObjectQuery.System.Collections.IEnumerable.GetEnumerator()
   at System.Linq.Enumerable.&lt;CastIterator&gt;d__aa`1.MoveNext()
   at System.Linq.Enumerable.First[TSource](IEnumerable`1 source)
   at System.Data.Objects.ELinq.ObjectQueryProvider.&lt;GetElementFunction&gt;b__0[TResult](IEnumerable`1 sequence)
   at System.Data.Objects.ELinq.ObjectQueryProvider.ExecuteSingle[TResult](IEnumerable`1 query, Expression queryRoot)
   at System.Data.Objects.ELinq.ObjectQueryProvider.System.Linq.IQueryProvider.Execute(Expression expression)
   at EFPocoAdapter.EFPocoQueryProvider.Execute[TResult](Expression expression) in D:\Projects\Softserve\Fotogallery\DataAccessLayer\EFPocoAdapter\EFPocoAdapter\EFPocoQueryProvider.cs:line 47
   at System.Linq.Queryable.First[TSource](IQueryable`1 source, Expression`1 predicate)
   at NorthwindEF.Tests.BuilderMethodsTests.DistinctTest() in D:\Projects\Softserve\Fotogallery\DataAccessLayer\EFPocoAdapter\NorthwindEF.Tests\BuilderMethodsTests.cs:line 24
</StackTrace>
        </ErrorInfo>
      </Output>
    </UnitTestResult>
    <UnitTestResult executionId="0e1a4da1-9b91-4e39-be13-dc3e115f03b6" testId="71995ef6-1d5d-8bdb-a1cc-116da569a224" testName="ExceptTest" computerName="PRIZRAK" duration="00:00:00.0390134" startTime="2011-03-20T22:07:50.3876807+02:00" endTime="2011-03-20T22:07:50.4326833+02:00" testType="13cdc9d9-ddb5-4fa4-a97d-d965ccfc6d4b" outcome="Failed" testListId="8c84fa94-04c1-424b-9868-57a2d4851a1d">
      <Output>
        <ErrorInfo>
          <Message>Test method NorthwindEF.Tests.BuilderMethodsTests.ExceptTest threw exception:  System.Data.EntityException: The underlying provider failed on Open. ---&gt;  System.Data.SqlClient.SqlException: Cannot open database "NorthwindEF" requested by the login. The login failed.
Login failed for user 'prizrak\korwin'..</Message>
          <StackTrace>    at System.Data.ProviderBase.DbConnectionPool.GetConnection(DbConnection owningObject)
   at System.Data.ProviderBase.DbConnectionFactory.GetConnection(DbConnection owningConnection)
   at System.Data.ProviderBase.DbConnectionClosed.OpenConnection(DbConnection outerConnection, DbConnectionFactory connectionFactory)
   at System.Data.SqlClient.SqlConnection.Open()
   at System.Data.EntityClient.EntityConnection.OpenStoreConnectionIf(Boolean openCondition, DbConnection storeConnectionToOpen, DbConnection originalConnection, String exceptionCode, String attemptedOperation, Boolean&amp; closeStoreConnectionOnFailure)
 --- End of inner exception stack trace ---
    at System.Data.EntityClient.EntityConnection.OpenStoreConnectionIf(Boolean openCondition, DbConnection storeConnectionToOpen, DbConnection originalConnection, String exceptionCode, String attemptedOperation, Boolean&amp; closeStoreConnectionOnFailure)
   at System.Data.EntityClient.EntityConnection.Open()
   at System.Data.Objects.ObjectContext.EnsureConnection()
   at System.Data.Objects.ObjectQuery`1.GetResults(Nullable`1 forMergeOption)
   at System.Data.Objects.ObjectQuery`1.System.Collections.Generic.IEnumerable&lt;T&gt;.GetEnumerator()
   at System.Data.Objects.ObjectQuery`1.GetEnumeratorInternal()
   at System.Data.Objects.ObjectQuery.System.Collections.IEnumerable.GetEnumerator()
   at System.Linq.Enumerable.&lt;CastIterator&gt;d__aa`1.MoveNext()
   at System.Linq.Enumerable.First[TSource](IEnumerable`1 source)
   at System.Data.Objects.ELinq.ObjectQueryProvider.&lt;GetElementFunction&gt;b__0[TResult](IEnumerable`1 sequence)
   at System.Data.Objects.ELinq.ObjectQueryProvider.ExecuteSingle[TResult](IEnumerable`1 query, Expression queryRoot)
   at System.Data.Objects.ELinq.ObjectQueryProvider.System.Linq.IQueryProvider.Execute(Expression expression)
   at EFPocoAdapter.EFPocoQueryProvider.Execute[TResult](Expression expression) in D:\Projects\Softserve\Fotogallery\DataAccessLayer\EFPocoAdapter\EFPocoAdapter\EFPocoQueryProvider.cs:line 47
   at System.Linq.Queryable.First[TSource](IQueryable`1 source)
   at NorthwindEF.Tests.BuilderMethodsTests.ExceptTest() in D:\Projects\Softserve\Fotogallery\DataAccessLayer\EFPocoAdapter\NorthwindEF.Tests\BuilderMethodsTests.cs:line 34
</StackTrace>
        </ErrorInfo>
      </Output>
    </UnitTestResult>
    <UnitTestResult executionId="ce8bca43-14db-4e4b-94a2-625d1945e4ee" testId="e96e4db3-baca-0348-b02d-1e1280610dac" testName="GroupByTest" computerName="PRIZRAK" duration="00:00:00.1196892" startTime="2011-03-20T22:07:50.4466841+02:00" endTime="2011-03-20T22:07:50.5726913+02:00" testType="13cdc9d9-ddb5-4fa4-a97d-d965ccfc6d4b" outcome="Failed" testListId="8c84fa94-04c1-424b-9868-57a2d4851a1d">
      <Output>
        <ErrorInfo>
          <Message>Test method NorthwindEF.Tests.BuilderMethodsTests.GroupByTest threw exception:  System.Data.EntityException: The underlying provider failed on Open. ---&gt;  System.Data.SqlClient.SqlException: Cannot open database "NorthwindEF" requested by the login. The login failed.
Login failed for user 'prizrak\korwin'..</Message>
          <StackTrace>    at System.Data.ProviderBase.DbConnectionPool.GetConnection(DbConnection owningObject)
   at System.Data.ProviderBase.DbConnectionFactory.GetConnection(DbConnection owningConnection)
   at System.Data.ProviderBase.DbConnectionClosed.OpenConnection(DbConnection outerConnection, DbConnectionFactory connectionFactory)
   at System.Data.SqlClient.SqlConnection.Open()
   at System.Data.EntityClient.EntityConnection.OpenStoreConnectionIf(Boolean openCondition, DbConnection storeConnectionToOpen, DbConnection originalConnection, String exceptionCode, String attemptedOperation, Boolean&amp; closeStoreConnectionOnFailure)
 --- End of inner exception stack trace ---
    at System.Data.EntityClient.EntityConnection.OpenStoreConnectionIf(Boolean openCondition, DbConnection storeConnectionToOpen, DbConnection originalConnection, String exceptionCode, String attemptedOperation, Boolean&amp; closeStoreConnectionOnFailure)
   at System.Data.EntityClient.EntityConnection.Open()
   at System.Data.Objects.ObjectContext.EnsureConnection()
   at System.Data.Objects.ObjectQuery`1.GetResults(Nullable`1 forMergeOption)
   at System.Data.Objects.ObjectQuery`1.System.Collections.Generic.IEnumerable&lt;T&gt;.GetEnumerator()
   at EFPocoAdapter.Internal.QueryTranslator.EnumeratorConverter`2.&lt;Convert&gt;d__f.MoveNext() in D:\Projects\Softserve\Fotogallery\DataAccessLayer\EFPocoAdapter\EFPocoAdapter\Internal\QueryTranslator.cs:line 61
   at System.Linq.Buffer`1..ctor(IEnumerable`1 source)
   at System.Linq.Enumerable.ToArray[TSource](IEnumerable`1 source)
   at NorthwindEF.Tests.BuilderMethodsTests.GroupByTest() in D:\Projects\Softserve\Fotogallery\DataAccessLayer\EFPocoAdapter\NorthwindEF.Tests\BuilderMethodsTests.cs:line 45
</StackTrace>
        </ErrorInfo>
      </Output>
    </UnitTestResult>
    <UnitTestResult executionId="9873f3f5-1236-4c0c-b3d6-cd3d2000583a" testId="9d9714f8-9c0b-fdee-3528-c1d11195b474" testName="IntersectTest" computerName="PRIZRAK" duration="00:00:00.0348112" startTime="2011-03-20T22:07:50.5886922+02:00" endTime="2011-03-20T22:07:50.6336948+02:00" testType="13cdc9d9-ddb5-4fa4-a97d-d965ccfc6d4b" outcome="Failed" testListId="8c84fa94-04c1-424b-9868-57a2d4851a1d">
      <Output>
        <ErrorInfo>
          <Message>Test method NorthwindEF.Tests.BuilderMethodsTests.IntersectTest threw exception:  System.Data.EntityException: The underlying provider failed on Open. ---&gt;  System.Data.SqlClient.SqlException: Cannot open database "NorthwindEF" requested by the login. The login failed.
Login failed for user 'prizrak\korwin'..</Message>
          <StackTrace>    at System.Data.ProviderBase.DbConnectionPool.GetConnection(DbConnection owningObject)
   at System.Data.ProviderBase.DbConnectionFactory.GetConnection(DbConnection owningConnection)
   at System.Data.ProviderBase.DbConnectionClosed.OpenConnection(DbConnection outerConnection, DbConnectionFactory connectionFactory)
   at System.Data.SqlClient.SqlConnection.Open()
   at System.Data.EntityClient.EntityConnection.OpenStoreConnectionIf(Boolean openCondition, DbConnection storeConnectionToOpen, DbConnection originalConnection, String exceptionCode, String attemptedOperation, Boolean&amp; closeStoreConnectionOnFailure)
 --- End of inner exception stack trace ---
    at System.Data.EntityClient.EntityConnection.OpenStoreConnectionIf(Boolean openCondition, DbConnection storeConnectionToOpen, DbConnection originalConnection, String exceptionCode, String attemptedOperation, Boolean&amp; closeStoreConnectionOnFailure)
   at System.Data.EntityClient.EntityConnection.Open()
   at System.Data.Objects.ObjectContext.EnsureConnection()
   at System.Data.Objects.ObjectQuery`1.GetResults(Nullable`1 forMergeOption)
   at System.Data.Objects.ObjectQuery`1.System.Collections.Generic.IEnumerable&lt;T&gt;.GetEnumerator()
   at EFPocoAdapter.Internal.QueryTranslator.EnumeratorConverter`2.&lt;Convert&gt;d__f.MoveNext() in D:\Projects\Softserve\Fotogallery\DataAccessLayer\EFPocoAdapter\EFPocoAdapter\Internal\QueryTranslator.cs:line 61
   at System.Linq.Buffer`1..ctor(IEnumerable`1 source)
   at System.Linq.Enumerable.ToArray[TSource](IEnumerable`1 source)
   at NorthwindEF.Tests.BuilderMethodsTests.IntersectTest() in D:\Projects\Softserve\Fotogallery\DataAccessLayer\EFPocoAdapter\NorthwindEF.Tests\BuilderMethodsTests.cs:line 58
</StackTrace>
        </ErrorInfo>
      </Output>
    </UnitTestResult>
    <UnitTestResult executionId="4831a900-02a5-41cd-a6fd-5a86f21fe0f6" testId="94dcb363-31c2-91bb-28f6-f209ed22e462" testName="OfTypeTest" computerName="PRIZRAK" duration="00:00:00.0378669" startTime="2011-03-20T22:07:50.6496957+02:00" endTime="2011-03-20T22:07:50.6966984+02:00" testType="13cdc9d9-ddb5-4fa4-a97d-d965ccfc6d4b" outcome="Failed" testListId="8c84fa94-04c1-424b-9868-57a2d4851a1d">
      <Output>
        <ErrorInfo>
          <Message>Test method NorthwindEF.Tests.BuilderMethodsTests.OfTypeTest threw exception:  System.Data.EntityException: The underlying provider failed on Open. ---&gt;  System.Data.SqlClient.SqlException: Cannot open database "NorthwindEF" requested by the login. The login failed.
Login failed for user 'prizrak\korwin'..</Message>
          <StackTrace>    at System.Data.ProviderBase.DbConnectionPool.GetConnection(DbConnection owningObject)
   at System.Data.ProviderBase.DbConnectionFactory.GetConnection(DbConnection owningConnection)
   at System.Data.ProviderBase.DbConnectionClosed.OpenConnection(DbConnection outerConnection, DbConnectionFactory connectionFactory)
   at System.Data.SqlClient.SqlConnection.Open()
   at System.Data.EntityClient.EntityConnection.OpenStoreConnectionIf(Boolean openCondition, DbConnection storeConnectionToOpen, DbConnection originalConnection, String exceptionCode, String attemptedOperation, Boolean&amp; closeStoreConnectionOnFailure)
 --- End of inner exception stack trace ---
    at System.Data.EntityClient.EntityConnection.OpenStoreConnectionIf(Boolean openCondition, DbConnection storeConnectionToOpen, DbConnection originalConnection, String exceptionCode, String attemptedOperation, Boolean&amp; closeStoreConnectionOnFailure)
   at System.Data.EntityClient.EntityConnection.Open()
   at System.Data.Objects.ObjectContext.EnsureConnection()
   at System.Data.Objects.ObjectQuery`1.GetResults(Nullable`1 forMergeOption)
   at System.Data.Objects.ObjectQuery`1.System.Collections.Generic.IEnumerable&lt;T&gt;.GetEnumerator()
   at EFPocoAdapter.Internal.QueryTranslator.EnumeratorConverter`2.&lt;Convert&gt;d__f.MoveNext() in D:\Projects\Softserve\Fotogallery\DataAccessLayer\EFPocoAdapter\EFPocoAdapter\Internal\QueryTranslator.cs:line 61
   at NorthwindEF.Tests.BuilderMethodsTests.OfTypeTest() in D:\Projects\Softserve\Fotogallery\DataAccessLayer\EFPocoAdapter\NorthwindEF.Tests\BuilderMethodsTests.cs:line 74
</StackTrace>
        </ErrorInfo>
      </Output>
    </UnitTestResult>
    <UnitTestResult executionId="fb62a80b-06b5-44fe-9c0d-e4df3529956f" testId="45337e9a-64d0-af49-e7cd-5d962b3d32ab" testName="OrderByTest" computerName="PRIZRAK" duration="00:00:00.0356471" startTime="2011-03-20T22:07:50.7136994+02:00" endTime="2011-03-20T22:07:50.7557018+02:00" testType="13cdc9d9-ddb5-4fa4-a97d-d965ccfc6d4b" outcome="Failed" testListId="8c84fa94-04c1-424b-9868-57a2d4851a1d">
      <Output>
        <ErrorInfo>
          <Message>Test method NorthwindEF.Tests.BuilderMethodsTests.OrderByTest threw exception:  System.Data.EntityException: The underlying provider failed on Open. ---&gt;  System.Data.SqlClient.SqlException: Cannot open database "NorthwindEF" requested by the login. The login failed.
Login failed for user 'prizrak\korwin'..</Message>
          <StackTrace>    at System.Data.ProviderBase.DbConnectionPool.GetConnection(DbConnection owningObject)
   at System.Data.ProviderBase.DbConnectionFactory.GetConnection(DbConnection owningConnection)
   at System.Data.ProviderBase.DbConnectionClosed.OpenConnection(DbConnection outerConnection, DbConnectionFactory connectionFactory)
   at System.Data.SqlClient.SqlConnection.Open()
   at System.Data.EntityClient.EntityConnection.OpenStoreConnectionIf(Boolean openCondition, DbConnection storeConnectionToOpen, DbConnection originalConnection, String exceptionCode, String attemptedOperation, Boolean&amp; closeStoreConnectionOnFailure)
 --- End of inner exception stack trace ---
    at System.Data.EntityClient.EntityConnection.OpenStoreConnectionIf(Boolean openCondition, DbConnection storeConnectionToOpen, DbConnection originalConnection, String exceptionCode, String attemptedOperation, Boolean&amp; closeStoreConnectionOnFailure)
   at System.Data.EntityClient.EntityConnection.Open()
   at System.Data.Objects.ObjectContext.EnsureConnection()
   at System.Data.Objects.ObjectQuery`1.GetResults(Nullable`1 forMergeOption)
   at System.Data.Objects.ObjectQuery`1.System.Collections.Generic.IEnumerable&lt;T&gt;.GetEnumerator()
   at EFPocoAdapter.Internal.QueryTranslator.EnumeratorConverter`2.&lt;Convert&gt;d__f.MoveNext() in D:\Projects\Softserve\Fotogallery\DataAccessLayer\EFPocoAdapter\EFPocoAdapter\Internal\QueryTranslator.cs:line 61
   at System.Linq.Buffer`1..ctor(IEnumerable`1 source)
   at System.Linq.Enumerable.ToArray[TSource](IEnumerable`1 source)
   at NorthwindEF.Tests.BuilderMethodsTests.OrderByTest() in D:\Projects\Softserve\Fotogallery\DataAccessLayer\EFPocoAdapter\NorthwindEF.Tests\BuilderMethodsTests.cs:line 86
</StackTrace>
        </ErrorInfo>
      </Output>
    </UnitTestResult>
    <UnitTestResult executionId="e051148b-208a-4b48-807a-931f8f3531b1" testId="51f2f757-2089-66a4-65f2-06c89ba27dc0" testName="SelectTest" computerName="PRIZRAK" duration="00:00:00.0353617" startTime="2011-03-20T22:07:50.7757029+02:00" endTime="2011-03-20T22:07:50.8207055+02:00" testType="13cdc9d9-ddb5-4fa4-a97d-d965ccfc6d4b" outcome="Failed" testListId="8c84fa94-04c1-424b-9868-57a2d4851a1d">
      <Output>
        <ErrorInfo>
          <Message>Test method NorthwindEF.Tests.BuilderMethodsTests.SelectTest threw exception:  System.Data.EntityException: The underlying provider failed on Open. ---&gt;  System.Data.SqlClient.SqlException: Cannot open database "NorthwindEF" requested by the login. The login failed.
Login failed for user 'prizrak\korwin'..</Message>
          <StackTrace>    at System.Data.ProviderBase.DbConnectionPool.GetConnection(DbConnection owningObject)
   at System.Data.ProviderBase.DbConnectionFactory.GetConnection(DbConnection owningConnection)
   at System.Data.ProviderBase.DbConnectionClosed.OpenConnection(DbConnection outerConnection, DbConnectionFactory connectionFactory)
   at System.Data.SqlClient.SqlConnection.Open()
   at System.Data.EntityClient.EntityConnection.OpenStoreConnectionIf(Boolean openCondition, DbConnection storeConnectionToOpen, DbConnection originalConnection, String exceptionCode, String attemptedOperation, Boolean&amp; closeStoreConnectionOnFailure)
 --- End of inner exception stack trace ---
    at System.Data.EntityClient.EntityConnection.OpenStoreConnectionIf(Boolean openCondition, DbConnection storeConnectionToOpen, DbConnection originalConnection, String exceptionCode, String attemptedOperation, Boolean&amp; closeStoreConnectionOnFailure)
   at System.Data.EntityClient.EntityConnection.Open()
   at System.Data.Objects.ObjectContext.EnsureConnection()
   at System.Data.Objects.ObjectQuery`1.GetResults(Nullable`1 forMergeOption)
   at System.Data.Objects.ObjectQuery`1.System.Collections.Generic.IEnumerable&lt;T&gt;.GetEnumerator()
   at EFPocoAdapter.Internal.QueryTranslator.EnumeratorConverter`2.&lt;Convert&gt;d__f.MoveNext() in D:\Projects\Softserve\Fotogallery\DataAccessLayer\EFPocoAdapter\EFPocoAdapter\Internal\QueryTranslator.cs:line 61
   at System.Linq.Buffer`1..ctor(IEnumerable`1 source)
   at System.Linq.Enumerable.ToArray[TSource](IEnumerable`1 source)
   at NorthwindEF.Tests.BuilderMethodsTests.SelectTest() in D:\Projects\Softserve\Fotogallery\DataAccessLayer\EFPocoAdapter\NorthwindEF.Tests\BuilderMethodsTests.cs:line 99
</StackTrace>
        </ErrorInfo>
      </Output>
    </UnitTestResult>
    <UnitTestResult executionId="fede8f37-bb68-4d5c-9087-8d08b4d95d1c" testId="4b208553-1388-dadb-e0bd-651eecea97be" testName="SelectValueTest" computerName="PRIZRAK" duration="00:00:00.0372420" startTime="2011-03-20T22:07:50.8347063+02:00" endTime="2011-03-20T22:07:50.8787088+02:00" testType="13cdc9d9-ddb5-4fa4-a97d-d965ccfc6d4b" outcome="Failed" testListId="8c84fa94-04c1-424b-9868-57a2d4851a1d">
      <Output>
        <ErrorInfo>
          <Message>Test method NorthwindEF.Tests.BuilderMethodsTests.SelectValueTest threw exception:  System.Data.EntityException: The underlying provider failed on Open. ---&gt;  System.Data.SqlClient.SqlException: Cannot open database "NorthwindEF" requested by the login. The login failed.
Login failed for user 'prizrak\korwin'..</Message>
          <StackTrace>    at System.Data.ProviderBase.DbConnectionPool.GetConnection(DbConnection owningObject)
   at System.Data.ProviderBase.DbConnectionFactory.GetConnection(DbConnection owningConnection)
   at System.Data.ProviderBase.DbConnectionClosed.OpenConnection(DbConnection outerConnection, DbConnectionFactory connectionFactory)
   at System.Data.SqlClient.SqlConnection.Open()
   at System.Data.EntityClient.EntityConnection.OpenStoreConnectionIf(Boolean openCondition, DbConnection storeConnectionToOpen, DbConnection originalConnection, String exceptionCode, String attemptedOperation, Boolean&amp; closeStoreConnectionOnFailure)
 --- End of inner exception stack trace ---
    at System.Data.EntityClient.EntityConnection.OpenStoreConnectionIf(Boolean openCondition, DbConnection storeConnectionToOpen, DbConnection originalConnection, String exceptionCode, String attemptedOperation, Boolean&amp; closeStoreConnectionOnFailure)
   at System.Data.EntityClient.EntityConnection.Open()
   at System.Data.Objects.ObjectContext.EnsureConnection()
   at System.Data.Objects.ObjectQuery`1.GetResults(Nullable`1 forMergeOption)
   at System.Data.Objects.ObjectQuery`1.System.Collections.Generic.IEnumerable&lt;T&gt;.GetEnumerator()
   at EFPocoAdapter.Internal.QueryTranslator.EnumeratorConverter`2.&lt;Convert&gt;d__f.MoveNext() in D:\Projects\Softserve\Fotogallery\DataAccessLayer\EFPocoAdapter\EFPocoAdapter\Internal\QueryTranslator.cs:line 61
   at System.Linq.Buffer`1..ctor(IEnumerable`1 source)
   at System.Linq.Enumerable.ToArray[TSource](IEnumerable`1 source)
   at NorthwindEF.Tests.BuilderMethodsTests.SelectValueTest() in D:\Projects\Softserve\Fotogallery\DataAccessLayer\EFPocoAdapter\NorthwindEF.Tests\BuilderMethodsTests.cs:line 110
</StackTrace>
        </ErrorInfo>
      </Output>
    </UnitTestResult>
    <UnitTestResult executionId="625bed21-22f8-4097-a003-3a1409a558ae" testId="23c204f0-efe1-1afe-e3a3-dfcd9e6212db" testName="SkipTest" computerName="PRIZRAK" duration="00:00:00.0342588" startTime="2011-03-20T22:07:50.8967098+02:00" endTime="2011-03-20T22:07:50.9387123+02:00" testType="13cdc9d9-ddb5-4fa4-a97d-d965ccfc6d4b" outcome="Failed" testListId="8c84fa94-04c1-424b-9868-57a2d4851a1d">
      <Output>
        <ErrorInfo>
          <Message>Test method NorthwindEF.Tests.BuilderMethodsTests.SkipTest threw exception:  System.Data.EntityException: The underlying provider failed on Open. ---&gt;  System.Data.SqlClient.SqlException: Cannot open database "NorthwindEF" requested by the login. The login failed.
Login failed for user 'prizrak\korwin'..</Message>
          <StackTrace>    at System.Data.ProviderBase.DbConnectionPool.GetConnection(DbConnection owningObject)
   at System.Data.ProviderBase.DbConnectionFactory.GetConnection(DbConnection owningConnection)
   at System.Data.ProviderBase.DbConnectionClosed.OpenConnection(DbConnection outerConnection, DbConnectionFactory connectionFactory)
   at System.Data.SqlClient.SqlConnection.Open()
   at System.Data.EntityClient.EntityConnection.OpenStoreConnectionIf(Boolean openCondition, DbConnection storeConnectionToOpen, DbConnection originalConnection, String exceptionCode, String attemptedOperation, Boolean&amp; closeStoreConnectionOnFailure)
 --- End of inner exception stack trace ---
    at System.Data.EntityClient.EntityConnection.OpenStoreConnectionIf(Boolean openCondition, DbConnection storeConnectionToOpen, DbConnection originalConnection, String exceptionCode, String attemptedOperation, Boolean&amp; closeStoreConnectionOnFailure)
   at System.Data.EntityClient.EntityConnection.Open()
   at System.Data.Objects.ObjectContext.EnsureConnection()
   at System.Data.Objects.ObjectQuery`1.GetResults(Nullable`1 forMergeOption)
   at System.Data.Objects.ObjectQuery`1.System.Collections.Generic.IEnumerable&lt;T&gt;.GetEnumerator()
   at EFPocoAdapter.Internal.QueryTranslator.EnumeratorConverter`2.&lt;Convert&gt;d__f.MoveNext() in D:\Projects\Softserve\Fotogallery\DataAccessLayer\EFPocoAdapter\EFPocoAdapter\Internal\QueryTranslator.cs:line 61
   at System.Linq.Buffer`1..ctor(IEnumerable`1 source)
   at System.Linq.Enumerable.ToArray[TSource](IEnumerable`1 source)
   at NorthwindEF.Tests.BuilderMethodsTests.SkipTest() in D:\Projects\Softserve\Fotogallery\DataAccessLayer\EFPocoAdapter\NorthwindEF.Tests\BuilderMethodsTests.cs:line 121
</StackTrace>
        </ErrorInfo>
      </Output>
    </UnitTestResult>
    <UnitTestResult executionId="4a092675-1aea-43f5-b369-ed02ef613d8c" testId="6f946bbe-8302-38bf-1a08-1c9d89cdd679" testName="TopTest" computerName="PRIZRAK" duration="00:00:00.0354964" startTime="2011-03-20T22:07:50.9527131+02:00" endTime="2011-03-20T22:07:50.9947155+02:00" testType="13cdc9d9-ddb5-4fa4-a97d-d965ccfc6d4b" outcome="Failed" testListId="8c84fa94-04c1-424b-9868-57a2d4851a1d">
      <Output>
        <ErrorInfo>
          <Message>Test method NorthwindEF.Tests.BuilderMethodsTests.TopTest threw exception:  System.Data.EntityException: The underlying provider failed on Open. ---&gt;  System.Data.SqlClient.SqlException: Cannot open database "NorthwindEF" requested by the login. The login failed.
Login failed for user 'prizrak\korwin'..</Message>
          <StackTrace>    at System.Data.ProviderBase.DbConnectionPool.GetConnection(DbConnection owningObject)
   at System.Data.ProviderBase.DbConnectionFactory.GetConnection(DbConnection owningConnection)
   at System.Data.ProviderBase.DbConnectionClosed.OpenConnection(DbConnection outerConnection, DbConnectionFactory connectionFactory)
   at System.Data.SqlClient.SqlConnection.Open()
   at System.Data.EntityClient.EntityConnection.OpenStoreConnectionIf(Boolean openCondition, DbConnection storeConnectionToOpen, DbConnection originalConnection, String exceptionCode, String attemptedOperation, Boolean&amp; closeStoreConnectionOnFailure)
 --- End of inner exception stack trace ---
    at System.Data.EntityClient.EntityConnection.OpenStoreConnectionIf(Boolean openCondition, DbConnection storeConnectionToOpen, DbConnection originalConnection, String exceptionCode, String attemptedOperation, Boolean&amp; closeStoreConnectionOnFailure)
   at System.Data.EntityClient.EntityConnection.Open()
   at System.Data.Objects.ObjectContext.EnsureConnection()
   at System.Data.Objects.ObjectQuery`1.GetResults(Nullable`1 forMergeOption)
   at System.Data.Objects.ObjectQuery`1.System.Collections.Generic.IEnumerable&lt;T&gt;.GetEnumerator()
   at EFPocoAdapter.Internal.QueryTranslator.EnumeratorConverter`2.&lt;Convert&gt;d__f.MoveNext() in D:\Projects\Softserve\Fotogallery\DataAccessLayer\EFPocoAdapter\EFPocoAdapter\Internal\QueryTranslator.cs:line 61
   at System.Linq.Buffer`1..ctor(IEnumerable`1 source)
   at System.Linq.Enumerable.ToArray[TSource](IEnumerable`1 source)
   at NorthwindEF.Tests.BuilderMethodsTests.TopTest() in D:\Projects\Softserve\Fotogallery\DataAccessLayer\EFPocoAdapter\NorthwindEF.Tests\BuilderMethodsTests.cs:line 131
</StackTrace>
        </ErrorInfo>
      </Output>
    </UnitTestResult>
    <UnitTestResult executionId="e58fb2c9-0f49-4e5b-8c5d-58987cbffb81" testId="ddcd61ee-0b3b-62b4-5d3f-dc493b7953ba" testName="UnionTest" computerName="PRIZRAK" duration="00:00:00.0344102" startTime="2011-03-20T22:07:51.0097163+02:00" endTime="2011-03-20T22:07:51.0517187+02:00" testType="13cdc9d9-ddb5-4fa4-a97d-d965ccfc6d4b" outcome="Failed" testListId="8c84fa94-04c1-424b-9868-57a2d4851a1d">
      <Output>
        <ErrorInfo>
          <Message>Test method NorthwindEF.Tests.BuilderMethodsTests.UnionTest threw exception:  System.Data.EntityException: The underlying provider failed on Open. ---&gt;  System.Data.SqlClient.SqlException: Cannot open database "NorthwindEF" requested by the login. The login failed.
Login failed for user 'prizrak\korwin'..</Message>
          <StackTrace>    at System.Data.ProviderBase.DbConnectionPool.GetConnection(DbConnection owningObject)
   at System.Data.ProviderBase.DbConnectionFactory.GetConnection(DbConnection owningConnection)
   at System.Data.ProviderBase.DbConnectionClosed.OpenConnection(DbConnection outerConnection, DbConnectionFactory connectionFactory)
   at System.Data.SqlClient.SqlConnection.Open()
   at System.Data.EntityClient.EntityConnection.OpenStoreConnectionIf(Boolean openCondition, DbConnection storeConnectionToOpen, DbConnection originalConnection, String exceptionCode, String attemptedOperation, Boolean&amp; closeStoreConnectionOnFailure)
 --- End of inner exception stack trace ---
    at System.Data.EntityClient.EntityConnection.OpenStoreConnectionIf(Boolean openCondition, DbConnection storeConnectionToOpen, DbConnection originalConnection, String exceptionCode, String attemptedOperation, Boolean&amp; closeStoreConnectionOnFailure)
   at System.Data.EntityClient.EntityConnection.Open()
   at System.Data.Objects.ObjectContext.EnsureConnection()
   at System.Data.Objects.ObjectQuery`1.GetResults(Nullable`1 forMergeOption)
   at System.Data.Objects.ObjectQuery`1.System.Collections.Generic.IEnumerable&lt;T&gt;.GetEnumerator()
   at EFPocoAdapter.Internal.QueryTranslator.EnumeratorConverter`2.&lt;Convert&gt;d__f.MoveNext() in D:\Projects\Softserve\Fotogallery\DataAccessLayer\EFPocoAdapter\EFPocoAdapter\Internal\QueryTranslator.cs:line 61
   at System.Linq.Buffer`1..ctor(IEnumerable`1 source)
   at System.Linq.Enumerable.ToArray[TSource](IEnumerable`1 source)
   at NorthwindEF.Tests.BuilderMethodsTests.UnionTest() in D:\Projects\Softserve\Fotogallery\DataAccessLayer\EFPocoAdapter\NorthwindEF.Tests\BuilderMethodsTests.cs:line 146
</StackTrace>
        </ErrorInfo>
      </Output>
    </UnitTestResult>
    <UnitTestResult executionId="c9d4f275-ee28-4c61-907b-db334c7048cc" testId="46053c39-dd42-a419-6b84-39610804814f" testName="UnionAllTest" computerName="PRIZRAK" duration="00:00:00.0340850" startTime="2011-03-20T22:07:51.0647195+02:00" endTime="2011-03-20T22:07:51.1067219+02:00" testType="13cdc9d9-ddb5-4fa4-a97d-d965ccfc6d4b" outcome="Failed" testListId="8c84fa94-04c1-424b-9868-57a2d4851a1d">
      <Output>
        <ErrorInfo>
          <Message>Test method NorthwindEF.Tests.BuilderMethodsTests.UnionAllTest threw exception:  System.Data.EntityException: The underlying provider failed on Open. ---&gt;  System.Data.SqlClient.SqlException: Cannot open database "NorthwindEF" requested by the login. The login failed.
Login failed for user 'prizrak\korwin'..</Message>
          <StackTrace>    at System.Data.ProviderBase.DbConnectionPool.GetConnection(DbConnection owningObject)
   at System.Data.ProviderBase.DbConnectionFactory.GetConnection(DbConnection owningConnection)
   at System.Data.ProviderBase.DbConnectionClosed.OpenConnection(DbConnection outerConnection, DbConnectionFactory connectionFactory)
   at System.Data.SqlClient.SqlConnection.Open()
   at System.Data.EntityClient.EntityConnection.OpenStoreConnectionIf(Boolean openCondition, DbConnection storeConnectionToOpen, DbConnection originalConnection, String exceptionCode, String attemptedOperation, Boolean&amp; closeStoreConnectionOnFailure)
 --- End of inner exception stack trace ---
    at System.Data.EntityClient.EntityConnection.OpenStoreConnectionIf(Boolean openCondition, DbConnection storeConnectionToOpen, DbConnection originalConnection, String exceptionCode, String attemptedOperation, Boolean&amp; closeStoreConnectionOnFailure)
   at System.Data.EntityClient.EntityConnection.Open()
   at System.Data.Objects.ObjectContext.EnsureConnection()
   at System.Data.Objects.ObjectQuery`1.GetResults(Nullable`1 forMergeOption)
   at System.Data.Objects.ObjectQuery`1.System.Collections.Generic.IEnumerable&lt;T&gt;.GetEnumerator()
   at EFPocoAdapter.Internal.QueryTranslator.EnumeratorConverter`2.&lt;Convert&gt;d__f.MoveNext() in D:\Projects\Softserve\Fotogallery\DataAccessLayer\EFPocoAdapter\EFPocoAdapter\Internal\QueryTranslator.cs:line 61
   at System.Linq.Buffer`1..ctor(IEnumerable`1 source)
   at System.Linq.Enumerable.ToArray[TSource](IEnumerable`1 source)
   at NorthwindEF.Tests.BuilderMethodsTests.UnionAllTest() in D:\Projects\Softserve\Fotogallery\DataAccessLayer\EFPocoAdapter\NorthwindEF.Tests\BuilderMethodsTests.cs:line 162
</StackTrace>
        </ErrorInfo>
      </Output>
    </UnitTestResult>
    <UnitTestResult executionId="cdca8cbd-4a13-403f-b8a6-00078c68140b" testId="ee062bf3-bc2f-09ac-853d-bc665c56be0d" testName="WhereTest" computerName="PRIZRAK" duration="00:00:00.0364087" startTime="2011-03-20T22:07:51.1277231+02:00" endTime="2011-03-20T22:07:51.1717256+02:00" testType="13cdc9d9-ddb5-4fa4-a97d-d965ccfc6d4b" outcome="Failed" testListId="8c84fa94-04c1-424b-9868-57a2d4851a1d">
      <Output>
        <ErrorInfo>
          <Message>Test method NorthwindEF.Tests.BuilderMethodsTests.WhereTest threw exception:  System.Data.EntityException: The underlying provider failed on Open. ---&gt;  System.Data.SqlClient.SqlException: Cannot open database "NorthwindEF" requested by the login. The login failed.
Login failed for user 'prizrak\korwin'..</Message>
          <StackTrace>    at System.Data.ProviderBase.DbConnectionPool.GetConnection(DbConnection owningObject)
   at System.Data.ProviderBase.DbConnectionFactory.GetConnection(DbConnection owningConnection)
   at System.Data.ProviderBase.DbConnectionClosed.OpenConnection(DbConnection outerConnection, DbConnectionFactory connectionFactory)
   at System.Data.SqlClient.SqlConnection.Open()
   at System.Data.EntityClient.EntityConnection.OpenStoreConnectionIf(Boolean openCondition, DbConnection storeConnectionToOpen, DbConnection originalConnection, String exceptionCode, String attemptedOperation, Boolean&amp; closeStoreConnectionOnFailure)
 --- End of inner exception stack trace ---
    at System.Data.EntityClient.EntityConnection.OpenStoreConnectionIf(Boolean openCondition, DbConnection storeConnectionToOpen, DbConnection originalConnection, String exceptionCode, String attemptedOperation, Boolean&amp; closeStoreConnectionOnFailure)
   at System.Data.EntityClient.EntityConnection.Open()
   at System.Data.Objects.ObjectContext.EnsureConnection()
   at System.Data.Objects.ObjectQuery`1.GetResults(Nullable`1 forMergeOption)
   at System.Data.Objects.ObjectQuery`1.System.Collections.Generic.IEnumerable&lt;T&gt;.GetEnumerator()
   at System.Data.Objects.ObjectQuery`1.GetEnumeratorInternal()
   at System.Data.Objects.ObjectQuery.System.Collections.IEnumerable.GetEnumerator()
   at System.Linq.Enumerable.&lt;CastIterator&gt;d__aa`1.MoveNext()
   at System.Linq.Enumerable.First[TSource](IEnumerable`1 source)
   at System.Data.Objects.ELinq.ObjectQueryProvider.&lt;GetElementFunction&gt;b__0[TResult](IEnumerable`1 sequence)
   at System.Data.Objects.ELinq.ObjectQueryProvider.ExecuteSingle[TResult](IEnumerable`1 query, Expression queryRoot)
   at System.Data.Objects.ELinq.ObjectQueryProvider.System.Linq.IQueryProvider.Execute(Expression expression)
   at EFPocoAdapter.EFPocoQueryProvider.Execute[TResult](Expression expression) in D:\Projects\Softserve\Fotogallery\DataAccessLayer\EFPocoAdapter\EFPocoAdapter\EFPocoQueryProvider.cs:line 47
   at System.Linq.Queryable.First[TSource](IQueryable`1 source)
   at NorthwindEF.Tests.BuilderMethodsTests.WhereTest() in D:\Projects\Softserve\Fotogallery\DataAccessLayer\EFPocoAdapter\NorthwindEF.Tests\BuilderMethodsTests.cs:line 176
</StackTrace>
        </ErrorInfo>
      </Output>
    </UnitTestResult>
    <UnitTestResult executionId="11a5e248-fd4a-49ed-983e-df12b08ca6f8" testId="af7e5efb-dd1f-5b65-ec7d-f3ea698c3ab7" testName="ChangeTrackingTestString1" computerName="PRIZRAK" duration="00:00:00.0438539" startTime="2011-03-20T22:07:51.1897266+02:00" endTime="2011-03-20T22:07:51.2397295+02:00" testType="13cdc9d9-ddb5-4fa4-a97d-d965ccfc6d4b" outcome="Failed" testListId="8c84fa94-04c1-424b-9868-57a2d4851a1d">
      <Output>
        <ErrorInfo>
          <Message>Test method NorthwindEF.Tests.ChangeTrackingTests.ChangeTrackingTestString1 threw exception:  System.Data.EntityException: The underlying provider failed on Open. ---&gt;  System.Data.SqlClient.SqlException: Cannot open database "NorthwindEF" requested by the login. The login failed.
Login failed for user 'prizrak\korwin'..</Message>
          <StackTrace>    at System.Data.ProviderBase.DbConnectionPool.GetConnection(DbConnection owningObject)
   at System.Data.ProviderBase.DbConnectionFactory.GetConnection(DbConnection owningConnection)
   at System.Data.ProviderBase.DbConnectionClosed.OpenConnection(DbConnection outerConnection, DbConnectionFactory connectionFactory)
   at System.Data.SqlClient.SqlConnection.Open()
   at System.Data.EntityClient.EntityConnection.OpenStoreConnectionIf(Boolean openCondition, DbConnection storeConnectionToOpen, DbConnection originalConnection, String exceptionCode, String attemptedOperation, Boolean&amp; closeStoreConnectionOnFailure)
 --- End of inner exception stack trace ---
    at System.Data.EntityClient.EntityConnection.OpenStoreConnectionIf(Boolean openCondition, DbConnection storeConnectionToOpen, DbConnection originalConnection, String exceptionCode, String attemptedOperation, Boolean&amp; closeStoreConnectionOnFailure)
   at System.Data.EntityClient.EntityConnection.Open()
   at System.Data.Objects.ObjectContext.EnsureConnection()
   at System.Data.Objects.ObjectQuery`1.GetResults(Nullable`1 forMergeOption)
   at System.Data.Objects.ObjectQuery`1.System.Collections.Generic.IEnumerable&lt;T&gt;.GetEnumerator()
   at System.Data.Objects.ObjectQuery`1.GetEnumeratorInternal()
   at System.Data.Objects.ObjectQuery.System.Collections.IEnumerable.GetEnumerator()
   at System.Linq.Enumerable.&lt;CastIterator&gt;d__aa`1.MoveNext()
   at System.Linq.Enumerable.First[TSource](IEnumerable`1 source)
   at System.Data.Objects.ELinq.ObjectQueryProvider.&lt;GetElementFunction&gt;b__0[TResult](IEnumerable`1 sequence)
   at System.Data.Objects.ELinq.ObjectQueryProvider.ExecuteSingle[TResult](IEnumerable`1 query, Expression queryRoot)
   at System.Data.Objects.ELinq.ObjectQueryProvider.System.Linq.IQueryProvider.Execute(Expression expression)
   at EFPocoAdapter.EFPocoQueryProvider.Execute[TResult](Expression expression) in D:\Projects\Softserve\Fotogallery\DataAccessLayer\EFPocoAdapter\EFPocoAdapter\EFPocoQueryProvider.cs:line 47
   at System.Linq.Queryable.First[TSource](IQueryable`1 source, Expression`1 predicate)
   at NorthwindEF.Tests.ChangeTrackingTests.ChangeTrackingTestString1() in D:\Projects\Softserve\Fotogallery\DataAccessLayer\EFPocoAdapter\NorthwindEF.Tests\ChangeTrackingTests.cs:line 27
</StackTrace>
        </ErrorInfo>
      </Output>
    </UnitTestResult>
    <UnitTestResult executionId="39488fb9-862b-4c87-83d8-3c8201899339" testId="182c8aff-d23e-1801-a2b6-62ee375cce7a" testName="ChangeTrackingTestString2" computerName="PRIZRAK" duration="00:00:00.0425932" startTime="2011-03-20T22:07:51.2557304+02:00" endTime="2011-03-20T22:07:51.3047332+02:00" testType="13cdc9d9-ddb5-4fa4-a97d-d965ccfc6d4b" outcome="Failed" testListId="8c84fa94-04c1-424b-9868-57a2d4851a1d">
      <Output>
        <ErrorInfo>
          <Message>Test method NorthwindEF.Tests.ChangeTrackingTests.ChangeTrackingTestString2 threw exception:  System.Data.EntityException: The underlying provider failed on Open. ---&gt;  System.Data.SqlClient.SqlException: Cannot open database "NorthwindEF" requested by the login. The login failed.
Login failed for user 'prizrak\korwin'..</Message>
          <StackTrace>    at System.Data.ProviderBase.DbConnectionPool.GetConnection(DbConnection owningObject)
   at System.Data.ProviderBase.DbConnectionFactory.GetConnection(DbConnection owningConnection)
   at System.Data.ProviderBase.DbConnectionClosed.OpenConnection(DbConnection outerConnection, DbConnectionFactory connectionFactory)
   at System.Data.SqlClient.SqlConnection.Open()
   at System.Data.EntityClient.EntityConnection.OpenStoreConnectionIf(Boolean openCondition, DbConnection storeConnectionToOpen, DbConnection originalConnection, String exceptionCode, String attemptedOperation, Boolean&amp; closeStoreConnectionOnFailure)
 --- End of inner exception stack trace ---
    at System.Data.EntityClient.EntityConnection.OpenStoreConnectionIf(Boolean openCondition, DbConnection storeConnectionToOpen, DbConnection originalConnection, String exceptionCode, String attemptedOperation, Boolean&amp; closeStoreConnectionOnFailure)
   at System.Data.EntityClient.EntityConnection.Open()
   at System.Data.Objects.ObjectContext.EnsureConnection()
   at System.Data.Objects.ObjectQuery`1.GetResults(Nullable`1 forMergeOption)
   at System.Data.Objects.ObjectQuery`1.System.Collections.Generic.IEnumerable&lt;T&gt;.GetEnumerator()
   at System.Data.Objects.ObjectQuery`1.GetEnumeratorInternal()
   at System.Data.Objects.ObjectQuery.System.Collections.IEnumerable.GetEnumerator()
   at System.Linq.Enumerable.&lt;CastIterator&gt;d__aa`1.MoveNext()
   at System.Linq.Enumerable.First[TSource](IEnumerable`1 source)
   at System.Data.Objects.ELinq.ObjectQueryProvider.&lt;GetElementFunction&gt;b__0[TResult](IEnumerable`1 sequence)
   at System.Data.Objects.ELinq.ObjectQueryProvider.ExecuteSingle[TResult](IEnumerable`1 query, Expression queryRoot)
   at System.Data.Objects.ELinq.ObjectQueryProvider.System.Linq.IQueryProvider.Execute(Expression expression)
   at EFPocoAdapter.EFPocoQueryProvider.Execute[TResult](Expression expression) in D:\Projects\Softserve\Fotogallery\DataAccessLayer\EFPocoAdapter\EFPocoAdapter\EFPocoQueryProvider.cs:line 47
   at System.Linq.Queryable.First[TSource](IQueryable`1 source, Expression`1 predicate)
   at NorthwindEF.Tests.ChangeTrackingTests.ChangeTrackingTestString2() in D:\Projects\Softserve\Fotogallery\DataAccessLayer\EFPocoAdapter\NorthwindEF.Tests\ChangeTrackingTests.cs:line 47
</StackTrace>
        </ErrorInfo>
      </Output>
    </UnitTestResult>
    <UnitTestResult executionId="3ce731fb-5f4d-4781-b4bf-c4b87c842e41" testId="a46e958f-e7a9-95e1-ffcd-63d08022f16e" testName="ChangeTrackingByteArray1" computerName="PRIZRAK" duration="00:00:00.0441285" startTime="2011-03-20T22:07:51.3437354+02:00" endTime="2011-03-20T22:07:51.4267402+02:00" testType="13cdc9d9-ddb5-4fa4-a97d-d965ccfc6d4b" outcome="Failed" testListId="8c84fa94-04c1-424b-9868-57a2d4851a1d">
      <Output>
        <ErrorInfo>
          <Message>Test method NorthwindEF.Tests.ChangeTrackingTests.ChangeTrackingByteArray1 threw exception:  System.Data.EntityException: The underlying provider failed on Open. ---&gt;  System.Data.SqlClient.SqlException: Cannot open database "NorthwindEF" requested by the login. The login failed.
Login failed for user 'prizrak\korwin'..</Message>
          <StackTrace>    at System.Data.ProviderBase.DbConnectionPool.GetConnection(DbConnection owningObject)
   at System.Data.ProviderBase.DbConnectionFactory.GetConnection(DbConnection owningConnection)
   at System.Data.ProviderBase.DbConnectionClosed.OpenConnection(DbConnection outerConnection, DbConnectionFactory connectionFactory)
   at System.Data.SqlClient.SqlConnection.Open()
   at System.Data.EntityClient.EntityConnection.OpenStoreConnectionIf(Boolean openCondition, DbConnection storeConnectionToOpen, DbConnection originalConnection, String exceptionCode, String attemptedOperation, Boolean&amp; closeStoreConnectionOnFailure)
 --- End of inner exception stack trace ---
    at System.Data.EntityClient.EntityConnection.OpenStoreConnectionIf(Boolean openCondition, DbConnection storeConnectionToOpen, DbConnection originalConnection, String exceptionCode, String attemptedOperation, Boolean&amp; closeStoreConnectionOnFailure)
   at System.Data.EntityClient.EntityConnection.Open()
   at System.Data.Objects.ObjectContext.EnsureConnection()
   at System.Data.Objects.ObjectQuery`1.GetResults(Nullable`1 forMergeOption)
   at System.Data.Objects.ObjectQuery`1.System.Collections.Generic.IEnumerable&lt;T&gt;.GetEnumerator()
   at System.Data.Objects.ObjectQuery`1.GetEnumeratorInternal()
   at System.Data.Objects.ObjectQuery.System.Collections.IEnumerable.GetEnumerator()
   at System.Linq.Enumerable.&lt;CastIterator&gt;d__aa`1.MoveNext()
   at System.Linq.Enumerable.First[TSource](IEnumerable`1 source)
   at System.Data.Objects.ELinq.ObjectQueryProvider.&lt;GetElementFunction&gt;b__0[TResult](IEnumerable`1 sequence)
   at System.Data.Objects.ELinq.ObjectQueryProvider.ExecuteSingle[TResult](IEnumerable`1 query, Expression queryRoot)
   at System.Data.Objects.ELinq.ObjectQueryProvider.System.Linq.IQueryProvider.Execute(Expression expression)
   at EFPocoAdapter.EFPocoQueryProvider.Execute[TResult](Expression expression) in D:\Projects\Softserve\Fotogallery\DataAccessLayer\EFPocoAdapter\EFPocoAdapter\EFPocoQueryProvider.cs:line 47
   at System.Linq.Queryable.First[TSource](IQueryable`1 source, Expression`1 predicate)
   at NorthwindEF.Tests.ChangeTrackingTests.ChangeTrackingByteArray1() in D:\Projects\Softserve\Fotogallery\DataAccessLayer\EFPocoAdapter\NorthwindEF.Tests\ChangeTrackingTests.cs:line 75
</StackTrace>
        </ErrorInfo>
      </Output>
    </UnitTestResult>
    <UnitTestResult executionId="139193ee-f1ef-4980-9aa8-d4f94793b417" testId="0f28e599-96f7-c0ec-42d3-979d2b5bbfeb" testName="ChangeTrackingByteArray2" computerName="PRIZRAK" duration="00:00:00.0371137" startTime="2011-03-20T22:07:51.4437411+02:00" endTime="2011-03-20T22:07:51.4877437+02:00" testType="13cdc9d9-ddb5-4fa4-a97d-d965ccfc6d4b" outcome="Failed" testListId="8c84fa94-04c1-424b-9868-57a2d4851a1d">
      <Output>
        <ErrorInfo>
          <Message>Test method NorthwindEF.Tests.ChangeTrackingTests.ChangeTrackingByteArray2 threw exception:  System.Data.EntityException: The underlying provider failed on Open. ---&gt;  System.Data.SqlClient.SqlException: Cannot open database "NorthwindEF" requested by the login. The login failed.
Login failed for user 'prizrak\korwin'..</Message>
          <StackTrace>    at System.Data.ProviderBase.DbConnectionPool.GetConnection(DbConnection owningObject)
   at System.Data.ProviderBase.DbConnectionFactory.GetConnection(DbConnection owningConnection)
   at System.Data.ProviderBase.DbConnectionClosed.OpenConnection(DbConnection outerConnection, DbConnectionFactory connectionFactory)
   at System.Data.SqlClient.SqlConnection.Open()
   at System.Data.EntityClient.EntityConnection.OpenStoreConnectionIf(Boolean openCondition, DbConnection storeConnectionToOpen, DbConnection originalConnection, String exceptionCode, String attemptedOperation, Boolean&amp; closeStoreConnectionOnFailure)
 --- End of inner exception stack trace ---
    at System.Data.EntityClient.EntityConnection.OpenStoreConnectionIf(Boolean openCondition, DbConnection storeConnectionToOpen, DbConnection originalConnection, String exceptionCode, String attemptedOperation, Boolean&amp; closeStoreConnectionOnFailure)
   at System.Data.EntityClient.EntityConnection.Open()
   at System.Data.Objects.ObjectContext.EnsureConnection()
   at System.Data.Objects.ObjectQuery`1.GetResults(Nullable`1 forMergeOption)
   at System.Data.Objects.ObjectQuery`1.System.Collections.Generic.IEnumerable&lt;T&gt;.GetEnumerator()
   at System.Data.Objects.ObjectQuery`1.GetEnumeratorInternal()
   at System.Data.Objects.ObjectQuery.System.Collections.IEnumerable.GetEnumerator()
   at System.Linq.Enumerable.&lt;CastIterator&gt;d__aa`1.MoveNext()
   at System.Linq.Enumerable.First[TSource](IEnumerable`1 source)
   at System.Data.Objects.ELinq.ObjectQueryProvider.&lt;GetElementFunction&gt;b__0[TResult](IEnumerable`1 sequence)
   at System.Data.Objects.ELinq.ObjectQueryProvider.ExecuteSingle[TResult](IEnumerable`1 query, Expression queryRoot)
   at System.Data.Objects.ELinq.ObjectQueryProvider.System.Linq.IQueryProvider.Execute(Expression expression)
   at EFPocoAdapter.EFPocoQueryProvider.Execute[TResult](Expression expression) in D:\Projects\Softserve\Fotogallery\DataAccessLayer\EFPocoAdapter\EFPocoAdapter\EFPocoQueryProvider.cs:line 47
   at System.Linq.Queryable.First[TSource](IQueryable`1 source, Expression`1 predicate)
   at NorthwindEF.Tests.ChangeTrackingTests.ChangeTrackingByteArray2() in D:\Projects\Softserve\Fotogallery\DataAccessLayer\EFPocoAdapter\NorthwindEF.Tests\ChangeTrackingTests.cs:line 95
</StackTrace>
        </ErrorInfo>
      </Output>
    </UnitTestResult>
    <UnitTestResult executionId="45e400a7-2aaa-43aa-b7f3-5f7b53a67b67" testId="987694a8-c501-7d04-c5d7-a1ac7dfb77c8" testName="ChangeTrackingByteArray3" computerName="PRIZRAK" duration="00:00:00.0394099" startTime="2011-03-20T22:07:51.5027445+02:00" endTime="2011-03-20T22:07:51.5477471+02:00" testType="13cdc9d9-ddb5-4fa4-a97d-d965ccfc6d4b" outcome="Failed" testListId="8c84fa94-04c1-424b-9868-57a2d4851a1d">
      <Output>
        <ErrorInfo>
          <Message>Test method NorthwindEF.Tests.ChangeTrackingTests.ChangeTrackingByteArray3 threw exception:  System.Data.EntityException: The underlying provider failed on Open. ---&gt;  System.Data.SqlClient.SqlException: Cannot open database "NorthwindEF" requested by the login. The login failed.
Login failed for user 'prizrak\korwin'..</Message>
          <StackTrace>    at System.Data.ProviderBase.DbConnectionPool.GetConnection(DbConnection owningObject)
   at System.Data.ProviderBase.DbConnectionFactory.GetConnection(DbConnection owningConnection)
   at System.Data.ProviderBase.DbConnectionClosed.OpenConnection(DbConnection outerConnection, DbConnectionFactory connectionFactory)
   at System.Data.SqlClient.SqlConnection.Open()
   at System.Data.EntityClient.EntityConnection.OpenStoreConnectionIf(Boolean openCondition, DbConnection storeConnectionToOpen, DbConnection originalConnection, String exceptionCode, String attemptedOperation, Boolean&amp; closeStoreConnectionOnFailure)
 --- End of inner exception stack trace ---
    at System.Data.EntityClient.EntityConnection.OpenStoreConnectionIf(Boolean openCondition, DbConnection storeConnectionToOpen, DbConnection originalConnection, String exceptionCode, String attemptedOperation, Boolean&amp; closeStoreConnectionOnFailure)
   at System.Data.EntityClient.EntityConnection.Open()
   at System.Data.Objects.ObjectContext.EnsureConnection()
   at System.Data.Objects.ObjectQuery`1.GetResults(Nullable`1 forMergeOption)
   at System.Data.Objects.ObjectQuery`1.System.Collections.Generic.IEnumerable&lt;T&gt;.GetEnumerator()
   at System.Data.Objects.ObjectQuery`1.GetEnumeratorInternal()
   at System.Data.Objects.ObjectQuery.System.Collections.IEnumerable.GetEnumerator()
   at System.Linq.Enumerable.&lt;CastIterator&gt;d__aa`1.MoveNext()
   at System.Linq.Enumerable.First[TSource](IEnumerable`1 source)
   at System.Data.Objects.ELinq.ObjectQueryProvider.&lt;GetElementFunction&gt;b__0[TResult](IEnumerable`1 sequence)
   at System.Data.Objects.ELinq.ObjectQueryProvider.ExecuteSingle[TResult](IEnumerable`1 query, Expression queryRoot)
   at System.Data.Objects.ELinq.ObjectQueryProvider.System.Linq.IQueryProvider.Execute(Expression expression)
   at EFPocoAdapter.EFPocoQueryProvider.Execute[TResult](Expression expression) in D:\Projects\Softserve\Fotogallery\DataAccessLayer\EFPocoAdapter\EFPocoAdapter\EFPocoQueryProvider.cs:line 47
   at System.Linq.Queryable.First[TSource](IQueryable`1 source, Expression`1 predicate)
   at NorthwindEF.Tests.ChangeTrackingTests.ChangeTrackingByteArray3() in D:\Projects\Softserve\Fotogallery\DataAccessLayer\EFPocoAdapter\NorthwindEF.Tests\ChangeTrackingTests.cs:line 112
</StackTrace>
        </ErrorInfo>
      </Output>
    </UnitTestResult>
    <UnitTestResult executionId="980e267a-3d8d-4f49-b88c-2fca4246f821" testId="fffbe5b7-7464-1dfc-47b6-998babca385b" testName="ChangeTrackingTestNullableDate1" computerName="PRIZRAK" duration="00:00:00.0390397" startTime="2011-03-20T22:07:51.5657481+02:00" endTime="2011-03-20T22:07:51.6117507+02:00" testType="13cdc9d9-ddb5-4fa4-a97d-d965ccfc6d4b" outcome="Failed" testListId="8c84fa94-04c1-424b-9868-57a2d4851a1d">
      <Output>
        <ErrorInfo>
          <Message>Test method NorthwindEF.Tests.ChangeTrackingTests.ChangeTrackingTestNullableDate1 threw exception:  System.Data.EntityException: The underlying provider failed on Open. ---&gt;  System.Data.SqlClient.SqlException: Cannot open database "NorthwindEF" requested by the login. The login failed.
Login failed for user 'prizrak\korwin'..</Message>
          <StackTrace>    at System.Data.ProviderBase.DbConnectionPool.GetConnection(DbConnection owningObject)
   at System.Data.ProviderBase.DbConnectionFactory.GetConnection(DbConnection owningConnection)
   at System.Data.ProviderBase.DbConnectionClosed.OpenConnection(DbConnection outerConnection, DbConnectionFactory connectionFactory)
   at System.Data.SqlClient.SqlConnection.Open()
   at System.Data.EntityClient.EntityConnection.OpenStoreConnectionIf(Boolean openCondition, DbConnection storeConnectionToOpen, DbConnection originalConnection, String exceptionCode, String attemptedOperation, Boolean&amp; closeStoreConnectionOnFailure)
 --- End of inner exception stack trace ---
    at System.Data.EntityClient.EntityConnection.OpenStoreConnectionIf(Boolean openCondition, DbConnection storeConnectionToOpen, DbConnection originalConnection, String exceptionCode, String attemptedOperation, Boolean&amp; closeStoreConnectionOnFailure)
   at System.Data.EntityClient.EntityConnection.Open()
   at System.Data.Objects.ObjectContext.EnsureConnection()
   at System.Data.Objects.ObjectQuery`1.GetResults(Nullable`1 forMergeOption)
   at System.Data.Objects.ObjectQuery`1.System.Collections.Generic.IEnumerable&lt;T&gt;.GetEnumerator()
   at System.Data.Objects.ObjectQuery`1.GetEnumeratorInternal()
   at System.Data.Objects.ObjectQuery.System.Collections.IEnumerable.GetEnumerator()
   at System.Linq.Enumerable.&lt;CastIterator&gt;d__aa`1.MoveNext()
   at System.Linq.Enumerable.First[TSource](IEnumerable`1 source)
   at System.Data.Objects.ELinq.ObjectQueryProvider.&lt;GetElementFunction&gt;b__0[TResult](IEnumerable`1 sequence)
   at System.Data.Objects.ELinq.ObjectQueryProvider.ExecuteSingle[TResult](IEnumerable`1 query, Expression queryRoot)
   at System.Data.Objects.ELinq.ObjectQueryProvider.System.Linq.IQueryProvider.Execute(Expression expression)
   at EFPocoAdapter.EFPocoQueryProvider.Execute[TResult](Expression expression) in D:\Projects\Softserve\Fotogallery\DataAccessLayer\EFPocoAdapter\EFPocoAdapter\EFPocoQueryProvider.cs:line 47
   at System.Linq.Queryable.First[TSource](IQueryable`1 source, Expression`1 predicate)
   at NorthwindEF.Tests.ChangeTrackingTests.ChangeTrackingTestNullableDate1() in D:\Projects\Softserve\Fotogallery\DataAccessLayer\EFPocoAdapter\NorthwindEF.Tests\ChangeTrackingTests.cs:line 139
</StackTrace>
        </ErrorInfo>
      </Output>
    </UnitTestResult>
    <UnitTestResult executionId="08f65aff-2df2-41e8-b650-a4802d74f695" testId="d6b725e8-bdbd-bb71-05f5-9133baa2d21c" testName="ChangeTrackingTestNulalbleDate2" computerName="PRIZRAK" duration="00:00:00.0389191" startTime="2011-03-20T22:07:51.6267516+02:00" endTime="2011-03-20T22:07:51.6717542+02:00" testType="13cdc9d9-ddb5-4fa4-a97d-d965ccfc6d4b" outcome="Failed" testListId="8c84fa94-04c1-424b-9868-57a2d4851a1d">
      <Output>
        <ErrorInfo>
          <Message>Test method NorthwindEF.Tests.ChangeTrackingTests.ChangeTrackingTestNulalbleDate2 threw exception:  System.Data.EntityException: The underlying provider failed on Open. ---&gt;  System.Data.SqlClient.SqlException: Cannot open database "NorthwindEF" requested by the login. The login failed.
Login failed for user 'prizrak\korwin'..</Message>
          <StackTrace>    at System.Data.ProviderBase.DbConnectionPool.GetConnection(DbConnection owningObject)
   at System.Data.ProviderBase.DbConnectionFactory.GetConnection(DbConnection owningConnection)
   at System.Data.ProviderBase.DbConnectionClosed.OpenConnection(DbConnection outerConnection, DbConnectionFactory connectionFactory)
   at System.Data.SqlClient.SqlConnection.Open()
   at System.Data.EntityClient.EntityConnection.OpenStoreConnectionIf(Boolean openCondition, DbConnection storeConnectionToOpen, DbConnection originalConnection, String exceptionCode, String attemptedOperation, Boolean&amp; closeStoreConnectionOnFailure)
 --- End of inner exception stack trace ---
    at System.Data.EntityClient.EntityConnection.OpenStoreConnectionIf(Boolean openCondition, DbConnection storeConnectionToOpen, DbConnection originalConnection, String exceptionCode, String attemptedOperation, Boolean&amp; closeStoreConnectionOnFailure)
   at System.Data.EntityClient.EntityConnection.Open()
   at System.Data.Objects.ObjectContext.EnsureConnection()
   at System.Data.Objects.ObjectQuery`1.GetResults(Nullable`1 forMergeOption)
   at System.Data.Objects.ObjectQuery`1.System.Collections.Generic.IEnumerable&lt;T&gt;.GetEnumerator()
   at System.Data.Objects.ObjectQuery`1.GetEnumeratorInternal()
   at System.Data.Objects.ObjectQuery.System.Collections.IEnumerable.GetEnumerator()
   at System.Linq.Enumerable.&lt;CastIterator&gt;d__aa`1.MoveNext()
   at System.Linq.Enumerable.First[TSource](IEnumerable`1 source)
   at System.Data.Objects.ELinq.ObjectQueryProvider.&lt;GetElementFunction&gt;b__0[TResult](IEnumerable`1 sequence)
   at System.Data.Objects.ELinq.ObjectQueryProvider.ExecuteSingle[TResult](IEnumerable`1 query, Expression queryRoot)
   at System.Data.Objects.ELinq.ObjectQueryProvider.System.Linq.IQueryProvider.Execute(Expression expression)
   at EFPocoAdapter.EFPocoQueryProvider.Execute[TResult](Expression expression) in D:\Projects\Softserve\Fotogallery\DataAccessLayer\EFPocoAdapter\EFPocoAdapter\EFPocoQueryProvider.cs:line 47
   at System.Linq.Queryable.First[TSource](IQueryable`1 source, Expression`1 predicate)
   at NorthwindEF.Tests.ChangeTrackingTests.ChangeTrackingTestNulalbleDate2() in D:\Projects\Softserve\Fotogallery\DataAccessLayer\EFPocoAdapter\NorthwindEF.Tests\ChangeTrackingTests.cs:line 159
</StackTrace>
        </ErrorInfo>
      </Output>
    </UnitTestResult>
    <UnitTestResult executionId="d821ac40-7cd4-491a-8aaf-155428e01c5e" testId="20c177db-29cf-f573-468d-5e5db659c3bc" testName="ChangeTrackingValueType1" computerName="PRIZRAK" duration="00:00:00.0387022" startTime="2011-03-20T22:07:51.6847549+02:00" endTime="2011-03-20T22:07:51.7307576+02:00" testType="13cdc9d9-ddb5-4fa4-a97d-d965ccfc6d4b" outcome="Failed" testListId="8c84fa94-04c1-424b-9868-57a2d4851a1d">
      <Output>
        <ErrorInfo>
          <Message>Test method NorthwindEF.Tests.ChangeTrackingTests.ChangeTrackingValueType1 threw exception:  System.Data.EntityException: The underlying provider failed on Open. ---&gt;  System.Data.SqlClient.SqlException: Cannot open database "NorthwindEF" requested by the login. The login failed.
Login failed for user 'prizrak\korwin'..</Message>
          <StackTrace>    at System.Data.ProviderBase.DbConnectionPool.GetConnection(DbConnection owningObject)
   at System.Data.ProviderBase.DbConnectionFactory.GetConnection(DbConnection owningConnection)
   at System.Data.ProviderBase.DbConnectionClosed.OpenConnection(DbConnection outerConnection, DbConnectionFactory connectionFactory)
   at System.Data.SqlClient.SqlConnection.Open()
   at System.Data.EntityClient.EntityConnection.OpenStoreConnectionIf(Boolean openCondition, DbConnection storeConnectionToOpen, DbConnection originalConnection, String exceptionCode, String attemptedOperation, Boolean&amp; closeStoreConnectionOnFailure)
 --- End of inner exception stack trace ---
    at System.Data.EntityClient.EntityConnection.OpenStoreConnectionIf(Boolean openCondition, DbConnection storeConnectionToOpen, DbConnection originalConnection, String exceptionCode, String attemptedOperation, Boolean&amp; closeStoreConnectionOnFailure)
   at System.Data.EntityClient.EntityConnection.Open()
   at System.Data.Objects.ObjectContext.EnsureConnection()
   at System.Data.Objects.ObjectQuery`1.GetResults(Nullable`1 forMergeOption)
   at System.Data.Objects.ObjectQuery`1.System.Collections.Generic.IEnumerable&lt;T&gt;.GetEnumerator()
   at System.Data.Objects.ObjectQuery`1.GetEnumeratorInternal()
   at System.Data.Objects.ObjectQuery.System.Collections.IEnumerable.GetEnumerator()
   at System.Linq.Enumerable.&lt;CastIterator&gt;d__aa`1.MoveNext()
   at System.Linq.Enumerable.First[TSource](IEnumerable`1 source)
   at System.Data.Objects.ELinq.ObjectQueryProvider.&lt;GetElementFunction&gt;b__0[TResult](IEnumerable`1 sequence)
   at System.Data.Objects.ELinq.ObjectQueryProvider.ExecuteSingle[TResult](IEnumerable`1 query, Expression queryRoot)
   at System.Data.Objects.ELinq.ObjectQueryProvider.System.Linq.IQueryProvider.Execute(Expression expression)
   at EFPocoAdapter.EFPocoQueryProvider.Execute[TResult](Expression expression) in D:\Projects\Softserve\Fotogallery\DataAccessLayer\EFPocoAdapter\EFPocoAdapter\EFPocoQueryProvider.cs:line 47
   at System.Linq.Queryable.First[TSource](IQueryable`1 source)
   at NorthwindEF.Tests.ChangeTrackingTests.ChangeTrackingValueType1() in D:\Projects\Softserve\Fotogallery\DataAccessLayer\EFPocoAdapter\NorthwindEF.Tests\ChangeTrackingTests.cs:line 187
</StackTrace>
        </ErrorInfo>
      </Output>
    </UnitTestResult>
    <UnitTestResult executionId="c04a48d9-c8b1-41e6-ab58-80f375de4c5c" testId="f6ef295e-254d-33ae-8b08-aa1a560111be" testName="ChangeTrackingReference1" computerName="PRIZRAK" duration="00:00:00.0975563" startTime="2011-03-20T22:07:51.7487586+02:00" endTime="2011-03-20T22:07:51.8537646+02:00" testType="13cdc9d9-ddb5-4fa4-a97d-d965ccfc6d4b" outcome="Failed" testListId="8c84fa94-04c1-424b-9868-57a2d4851a1d">
      <Output>
        <ErrorInfo>
          <Message>Test method NorthwindEF.Tests.ChangeTrackingTests.ChangeTrackingReference1 threw exception:  System.Data.EntityException: The underlying provider failed on Open. ---&gt;  System.Data.SqlClient.SqlException: Cannot open database "NorthwindEF" requested by the login. The login failed.
Login failed for user 'prizrak\korwin'..</Message>
          <StackTrace>    at System.Data.ProviderBase.DbConnectionPool.GetConnection(DbConnection owningObject)
   at System.Data.ProviderBase.DbConnectionFactory.GetConnection(DbConnection owningConnection)
   at System.Data.ProviderBase.DbConnectionClosed.OpenConnection(DbConnection outerConnection, DbConnectionFactory connectionFactory)
   at System.Data.SqlClient.SqlConnection.Open()
   at System.Data.EntityClient.EntityConnection.OpenStoreConnectionIf(Boolean openCondition, DbConnection storeConnectionToOpen, DbConnection originalConnection, String exceptionCode, String attemptedOperation, Boolean&amp; closeStoreConnectionOnFailure)
 --- End of inner exception stack trace ---
    at System.Data.EntityClient.EntityConnection.OpenStoreConnectionIf(Boolean openCondition, DbConnection storeConnectionToOpen, DbConnection originalConnection, String exceptionCode, String attemptedOperation, Boolean&amp; closeStoreConnectionOnFailure)
   at System.Data.EntityClient.EntityConnection.Open()
   at System.Data.Objects.ObjectContext.EnsureConnection()
   at System.Data.Objects.ObjectQuery`1.GetResults(Nullable`1 forMergeOption)
   at System.Data.Objects.ObjectQuery`1.System.Collections.Generic.IEnumerable&lt;T&gt;.GetEnumerator()
   at System.Data.Objects.ObjectQuery`1.GetEnumeratorInternal()
   at System.Data.Objects.ObjectQuery.System.Collections.IEnumerable.GetEnumerator()
   at System.Linq.Enumerable.&lt;CastIterator&gt;d__aa`1.MoveNext()
   at System.Linq.Enumerable.First[TSource](IEnumerable`1 source)
   at System.Data.Objects.ELinq.ObjectQueryProvider.&lt;GetElementFunction&gt;b__0[TResult](IEnumerable`1 sequence)
   at System.Data.Objects.ELinq.ObjectQueryProvider.ExecuteSingle[TResult](IEnumerable`1 query, Expression queryRoot)
   at System.Data.Objects.ELinq.ObjectQueryProvider.System.Linq.IQueryProvider.Execute(Expression expression)
   at EFPocoAdapter.EFPocoQueryProvider.Execute[TResult](Expression expression) in D:\Projects\Softserve\Fotogallery\DataAccessLayer\EFPocoAdapter\EFPocoAdapter\EFPocoQueryProvider.cs:line 47
   at System.Linq.Queryable.First[TSource](IQueryable`1 source)
   at NorthwindEF.Tests.ChangeTrackingTests.ChangeTrackingReference1() in D:\Projects\Softserve\Fotogallery\DataAccessLayer\EFPocoAdapter\NorthwindEF.Tests\ChangeTrackingTests.cs:line 209
</StackTrace>
        </ErrorInfo>
      </Output>
    </UnitTestResult>
    <UnitTestResult executionId="9dbddb4e-6b4a-4399-95db-f1102a00308b" testId="7dd610df-5e22-e025-91e7-ac7931cd9cf4" testName="ChangeTrackingReference2" computerName="PRIZRAK" duration="00:00:00.0387927" startTime="2011-03-20T22:07:51.8677654+02:00" endTime="2011-03-20T22:07:51.9127680+02:00" testType="13cdc9d9-ddb5-4fa4-a97d-d965ccfc6d4b" outcome="Failed" testListId="8c84fa94-04c1-424b-9868-57a2d4851a1d">
      <Output>
        <ErrorInfo>
          <Message>Test method NorthwindEF.Tests.ChangeTrackingTests.ChangeTrackingReference2 threw exception:  System.Data.EntityException: The underlying provider failed on Open. ---&gt;  System.Data.SqlClient.SqlException: Cannot open database "NorthwindEF" requested by the login. The login failed.
Login failed for user 'prizrak\korwin'..</Message>
          <StackTrace>    at System.Data.ProviderBase.DbConnectionPool.GetConnection(DbConnection owningObject)
   at System.Data.ProviderBase.DbConnectionFactory.GetConnection(DbConnection owningConnection)
   at System.Data.ProviderBase.DbConnectionClosed.OpenConnection(DbConnection outerConnection, DbConnectionFactory connectionFactory)
   at System.Data.SqlClient.SqlConnection.Open()
   at System.Data.EntityClient.EntityConnection.OpenStoreConnectionIf(Boolean openCondition, DbConnection storeConnectionToOpen, DbConnection originalConnection, String exceptionCode, String attemptedOperation, Boolean&amp; closeStoreConnectionOnFailure)
 --- End of inner exception stack trace ---
    at System.Data.EntityClient.EntityConnection.OpenStoreConnectionIf(Boolean openCondition, DbConnection storeConnectionToOpen, DbConnection originalConnection, String exceptionCode, String attemptedOperation, Boolean&amp; closeStoreConnectionOnFailure)
   at System.Data.EntityClient.EntityConnection.Open()
   at System.Data.Objects.ObjectContext.EnsureConnection()
   at System.Data.Objects.ObjectQuery`1.GetResults(Nullable`1 forMergeOption)
   at System.Data.Objects.ObjectQuery`1.System.Collections.Generic.IEnumerable&lt;T&gt;.GetEnumerator()
   at System.Data.Objects.ObjectQuery`1.GetEnumeratorInternal()
   at System.Data.Objects.ObjectQuery.System.Collections.IEnumerable.GetEnumerator()
   at System.Linq.Enumerable.&lt;CastIterator&gt;d__aa`1.MoveNext()
   at System.Linq.Enumerable.First[TSource](IEnumerable`1 source)
   at System.Data.Objects.ELinq.ObjectQueryProvider.&lt;GetElementFunction&gt;b__0[TResult](IEnumerable`1 sequence)
   at System.Data.Objects.ELinq.ObjectQueryProvider.ExecuteSingle[TResult](IEnumerable`1 query, Expression queryRoot)
   at System.Data.Objects.ELinq.ObjectQueryProvider.System.Linq.IQueryProvider.Execute(Expression expression)
   at EFPocoAdapter.EFPocoQueryProvider.Execute[TResult](Expression expression) in D:\Projects\Softserve\Fotogallery\DataAccessLayer\EFPocoAdapter\EFPocoAdapter\EFPocoQueryProvider.cs:line 47
   at System.Linq.Queryable.First[TSource](IQueryable`1 source)
   at NorthwindEF.Tests.ChangeTrackingTests.ChangeTrackingReference2() in D:\Projects\Softserve\Fotogallery\DataAccessLayer\EFPocoAdapter\NorthwindEF.Tests\ChangeTrackingTests.cs:line 232
</StackTrace>
        </ErrorInfo>
      </Output>
    </UnitTestResult>
    <UnitTestResult executionId="9048b969-0052-45c1-8f48-03f4973b382d" testId="e983cdd7-4651-45c0-1158-00c7bedc0ff0" testName="ChangeTrackingUsingProxy1" computerName="PRIZRAK" duration="00:00:00.0398249" startTime="2011-03-20T22:07:51.9287689+02:00" endTime="2011-03-20T22:07:51.9747715+02:00" testType="13cdc9d9-ddb5-4fa4-a97d-d965ccfc6d4b" outcome="Failed" testListId="8c84fa94-04c1-424b-9868-57a2d4851a1d">
      <Output>
        <ErrorInfo>
          <Message>Test method NorthwindEF.Tests.ChangeTrackingTests.ChangeTrackingUsingProxy1 threw exception:  System.Data.EntityException: The underlying provider failed on Open. ---&gt;  System.Data.SqlClient.SqlException: Cannot open database "NorthwindEF" requested by the login. The login failed.
Login failed for user 'prizrak\korwin'..</Message>
          <StackTrace>    at System.Data.ProviderBase.DbConnectionPool.GetConnection(DbConnection owningObject)
   at System.Data.ProviderBase.DbConnectionFactory.GetConnection(DbConnection owningConnection)
   at System.Data.ProviderBase.DbConnectionClosed.OpenConnection(DbConnection outerConnection, DbConnectionFactory connectionFactory)
   at System.Data.SqlClient.SqlConnection.Open()
   at System.Data.EntityClient.EntityConnection.OpenStoreConnectionIf(Boolean openCondition, DbConnection storeConnectionToOpen, DbConnection originalConnection, String exceptionCode, String attemptedOperation, Boolean&amp; closeStoreConnectionOnFailure)
 --- End of inner exception stack trace ---
    at System.Data.EntityClient.EntityConnection.OpenStoreConnectionIf(Boolean openCondition, DbConnection storeConnectionToOpen, DbConnection originalConnection, String exceptionCode, String attemptedOperation, Boolean&amp; closeStoreConnectionOnFailure)
   at System.Data.EntityClient.EntityConnection.Open()
   at System.Data.Objects.ObjectContext.EnsureConnection()
   at System.Data.Objects.ObjectQuery`1.GetResults(Nullable`1 forMergeOption)
   at System.Data.Objects.ObjectQuery`1.System.Collections.Generic.IEnumerable&lt;T&gt;.GetEnumerator()
   at System.Data.Objects.ObjectQuery`1.GetEnumeratorInternal()
   at System.Data.Objects.ObjectQuery.System.Collections.IEnumerable.GetEnumerator()
   at System.Linq.Enumerable.&lt;CastIterator&gt;d__aa`1.MoveNext()
   at System.Linq.Enumerable.First[TSource](IEnumerable`1 source)
   at System.Data.Objects.ELinq.ObjectQueryProvider.&lt;GetElementFunction&gt;b__0[TResult](IEnumerable`1 sequence)
   at System.Data.Objects.ELinq.ObjectQueryProvider.ExecuteSingle[TResult](IEnumerable`1 query, Expression queryRoot)
   at System.Data.Objects.ELinq.ObjectQueryProvider.System.Linq.IQueryProvider.Execute(Expression expression)
   at EFPocoAdapter.EFPocoQueryProvider.Execute[TResult](Expression expression) in D:\Projects\Softserve\Fotogallery\DataAccessLayer\EFPocoAdapter\EFPocoAdapter\EFPocoQueryProvider.cs:line 47
   at System.Linq.Queryable.First[TSource](IQueryable`1 source)
   at NorthwindEF.Tests.ChangeTrackingTests.ChangeTrackingUsingProxy1() in D:\Projects\Softserve\Fotogallery\DataAccessLayer\EFPocoAdapter\NorthwindEF.Tests\ChangeTrackingTests.cs:line 253
</StackTrace>
        </ErrorInfo>
      </Output>
    </UnitTestResult>
    <UnitTestResult executionId="a3cf8b27-771d-4995-8368-2edd1594d95f" testId="3eada314-a55d-4407-2cd8-c6b75b6cec1e" testName="ChangeTrackingUsingProxy2" computerName="PRIZRAK" duration="00:00:00.0393547" startTime="2011-03-20T22:07:51.9937726+02:00" endTime="2011-03-20T22:07:52.0387752+02:00" testType="13cdc9d9-ddb5-4fa4-a97d-d965ccfc6d4b" outcome="Failed" testListId="8c84fa94-04c1-424b-9868-57a2d4851a1d">
      <Output>
        <ErrorInfo>
          <Message>Test method NorthwindEF.Tests.ChangeTrackingTests.ChangeTrackingUsingProxy2 threw exception:  System.Data.EntityException: The underlying provider failed on Open. ---&gt;  System.Data.SqlClient.SqlException: Cannot open database "NorthwindEF" requested by the login. The login failed.
Login failed for user 'prizrak\korwin'..</Message>
          <StackTrace>    at System.Data.ProviderBase.DbConnectionPool.GetConnection(DbConnection owningObject)
   at System.Data.ProviderBase.DbConnectionFactory.GetConnection(DbConnection owningConnection)
   at System.Data.ProviderBase.DbConnectionClosed.OpenConnection(DbConnection outerConnection, DbConnectionFactory connectionFactory)
   at System.Data.SqlClient.SqlConnection.Open()
   at System.Data.EntityClient.EntityConnection.OpenStoreConnectionIf(Boolean openCondition, DbConnection storeConnectionToOpen, DbConnection originalConnection, String exceptionCode, String attemptedOperation, Boolean&amp; closeStoreConnectionOnFailure)
 --- End of inner exception stack trace ---
    at System.Data.EntityClient.EntityConnection.OpenStoreConnectionIf(Boolean openCondition, DbConnection storeConnectionToOpen, DbConnection originalConnection, String exceptionCode, String attemptedOperation, Boolean&amp; closeStoreConnectionOnFailure)
   at System.Data.EntityClient.EntityConnection.Open()
   at System.Data.Objects.ObjectContext.EnsureConnection()
   at System.Data.Objects.ObjectQuery`1.GetResults(Nullable`1 forMergeOption)
   at System.Data.Objects.ObjectQuery`1.System.Collections.Generic.IEnumerable&lt;T&gt;.GetEnumerator()
   at System.Data.Objects.ObjectQuery`1.GetEnumeratorInternal()
   at System.Data.Objects.ObjectQuery.System.Collections.IEnumerable.GetEnumerator()
   at System.Linq.Enumerable.&lt;CastIterator&gt;d__aa`1.MoveNext()
   at System.Linq.Enumerable.First[TSource](IEnumerable`1 source)
   at System.Data.Objects.ELinq.ObjectQueryProvider.&lt;GetElementFunction&gt;b__0[TResult](IEnumerable`1 sequence)
   at System.Data.Objects.ELinq.ObjectQueryProvider.ExecuteSingle[TResult](IEnumerable`1 query, Expression queryRoot)
   at System.Data.Objects.ELinq.ObjectQueryProvider.System.Linq.IQueryProvider.Execute(Expression expression)
   at EFPocoAdapter.EFPocoQueryProvider.Execute[TResult](Expression expression) in D:\Projects\Softserve\Fotogallery\DataAccessLayer\EFPocoAdapter\EFPocoAdapter\EFPocoQueryProvider.cs:line 47
   at System.Linq.Queryable.First[TSource](IQueryable`1 source)
   at NorthwindEF.Tests.ChangeTrackingTests.ChangeTrackingUsingProxy2() in D:\Projects\Softserve\Fotogallery\DataAccessLayer\EFPocoAdapter\NorthwindEF.Tests\ChangeTrackingTests.cs:line 274
</StackTrace>
        </ErrorInfo>
      </Output>
    </UnitTestResult>
    <UnitTestResult executionId="fc58fbe8-43ee-4b7b-ac13-ccf9046dc2ee" testId="13bf05c2-000a-549a-4d0c-a4f36420758a" testName="ChangeTrackingUsingProxy3" computerName="PRIZRAK" duration="00:00:00.0377482" startTime="2011-03-20T22:07:52.0557761+02:00" endTime="2011-03-20T22:07:52.1007787+02:00" testType="13cdc9d9-ddb5-4fa4-a97d-d965ccfc6d4b" outcome="Failed" testListId="8c84fa94-04c1-424b-9868-57a2d4851a1d">
      <Output>
        <ErrorInfo>
          <Message>Test method NorthwindEF.Tests.ChangeTrackingTests.ChangeTrackingUsingProxy3 threw exception:  System.Data.EntityException: The underlying provider failed on Open. ---&gt;  System.Data.SqlClient.SqlException: Cannot open database "NorthwindEF" requested by the login. The login failed.
Login failed for user 'prizrak\korwin'..</Message>
          <StackTrace>    at System.Data.ProviderBase.DbConnectionPool.GetConnection(DbConnection owningObject)
   at System.Data.ProviderBase.DbConnectionFactory.GetConnection(DbConnection owningConnection)
   at System.Data.ProviderBase.DbConnectionClosed.OpenConnection(DbConnection outerConnection, DbConnectionFactory connectionFactory)
   at System.Data.SqlClient.SqlConnection.Open()
   at System.Data.EntityClient.EntityConnection.OpenStoreConnectionIf(Boolean openCondition, DbConnection storeConnectionToOpen, DbConnection originalConnection, String exceptionCode, String attemptedOperation, Boolean&amp; closeStoreConnectionOnFailure)
 --- End of inner exception stack trace ---
    at System.Data.EntityClient.EntityConnection.OpenStoreConnectionIf(Boolean openCondition, DbConnection storeConnectionToOpen, DbConnection originalConnection, String exceptionCode, String attemptedOperation, Boolean&amp; closeStoreConnectionOnFailure)
   at System.Data.EntityClient.EntityConnection.Open()
   at System.Data.Objects.ObjectContext.EnsureConnection()
   at System.Data.Objects.ObjectQuery`1.GetResults(Nullable`1 forMergeOption)
   at System.Data.Objects.ObjectQuery`1.System.Collections.Generic.IEnumerable&lt;T&gt;.GetEnumerator()
   at System.Data.Objects.ObjectQuery`1.GetEnumeratorInternal()
   at System.Data.Objects.ObjectQuery.System.Collections.IEnumerable.GetEnumerator()
   at System.Linq.Enumerable.&lt;CastIterator&gt;d__aa`1.MoveNext()
   at System.Linq.Enumerable.First[TSource](IEnumerable`1 source)
   at System.Data.Objects.ELinq.ObjectQueryProvider.&lt;GetElementFunction&gt;b__0[TResult](IEnumerable`1 sequence)
   at System.Data.Objects.ELinq.ObjectQueryProvider.ExecuteSingle[TResult](IEnumerable`1 query, Expression queryRoot)
   at System.Data.Objects.ELinq.ObjectQueryProvider.System.Linq.IQueryProvider.Execute(Expression expression)
   at EFPocoAdapter.EFPocoQueryProvider.Execute[TResult](Expression expression) in D:\Projects\Softserve\Fotogallery\DataAccessLayer\EFPocoAdapter\EFPocoAdapter\EFPocoQueryProvider.cs:line 47
   at System.Linq.Queryable.First[TSource](IQueryable`1 source)
   at NorthwindEF.Tests.ChangeTrackingTests.ChangeTrackingUsingProxy3() in D:\Projects\Softserve\Fotogallery\DataAccessLayer\EFPocoAdapter\NorthwindEF.Tests\ChangeTrackingTests.cs:line 295
</StackTrace>
        </ErrorInfo>
      </Output>
    </UnitTestResult>
    <UnitTestResult executionId="0e0f5b0f-ec8b-4b1c-8ce3-cf29344ac0b8" testId="b1c7d6c9-8c8f-3e87-5558-0e12b7fcae85" testName="ChangeTrackingUsingProxy4" computerName="PRIZRAK" duration="00:00:00.0353584" startTime="2011-03-20T22:07:52.1157796+02:00" endTime="2011-03-20T22:07:52.1597821+02:00" testType="13cdc9d9-ddb5-4fa4-a97d-d965ccfc6d4b" outcome="Failed" testListId="8c84fa94-04c1-424b-9868-57a2d4851a1d">
      <Output>
        <ErrorInfo>
          <Message>Test method NorthwindEF.Tests.ChangeTrackingTests.ChangeTrackingUsingProxy4 threw exception:  System.Data.EntityException: The underlying provider failed on Open. ---&gt;  System.Data.SqlClient.SqlException: Cannot open database "NorthwindEF" requested by the login. The login failed.
Login failed for user 'prizrak\korwin'..</Message>
          <StackTrace>    at System.Data.ProviderBase.DbConnectionPool.GetConnection(DbConnection owningObject)
   at System.Data.ProviderBase.DbConnectionFactory.GetConnection(DbConnection owningConnection)
   at System.Data.ProviderBase.DbConnectionClosed.OpenConnection(DbConnection outerConnection, DbConnectionFactory connectionFactory)
   at System.Data.SqlClient.SqlConnection.Open()
   at System.Data.EntityClient.EntityConnection.OpenStoreConnectionIf(Boolean openCondition, DbConnection storeConnectionToOpen, DbConnection originalConnection, String exceptionCode, String attemptedOperation, Boolean&amp; closeStoreConnectionOnFailure)
 --- End of inner exception stack trace ---
    at System.Data.EntityClient.EntityConnection.OpenStoreConnectionIf(Boolean openCondition, DbConnection storeConnectionToOpen, DbConnection originalConnection, String exceptionCode, String attemptedOperation, Boolean&amp; closeStoreConnectionOnFailure)
   at System.Data.EntityClient.EntityConnection.Open()
   at System.Data.Objects.ObjectContext.EnsureConnection()
   at System.Data.Objects.ObjectQuery`1.GetResults(Nullable`1 forMergeOption)
   at System.Data.Objects.ObjectQuery`1.System.Collections.Generic.IEnumerable&lt;T&gt;.GetEnumerator()
   at EFPocoAdapter.Internal.QueryTranslator.EnumeratorConverter`2.&lt;Convert&gt;d__f.MoveNext() in D:\Projects\Softserve\Fotogallery\DataAccessLayer\EFPocoAdapter\EFPocoAdapter\Internal\QueryTranslator.cs:line 61
   at NorthwindEF.Tests.ChangeTrackingTests.ChangeTrackingUsingProxy4() in D:\Projects\Softserve\Fotogallery\DataAccessLayer\EFPocoAdapter\NorthwindEF.Tests\ChangeTrackingTests.cs:line 317
</StackTrace>
        </ErrorInfo>
      </Output>
    </UnitTestResult>
    <UnitTestResult executionId="728bdfeb-b43c-42a4-855e-c686dc397e1a" testId="cba82877-7b39-9850-ed4f-e09cd3c3fb13" testName="ChangeTrackingUsingProxy5" computerName="PRIZRAK" duration="00:00:00.0404312" startTime="2011-03-20T22:07:52.1757830+02:00" endTime="2011-03-20T22:07:52.2247858+02:00" testType="13cdc9d9-ddb5-4fa4-a97d-d965ccfc6d4b" outcome="Failed" testListId="8c84fa94-04c1-424b-9868-57a2d4851a1d">
      <Output>
        <ErrorInfo>
          <Message>Test method NorthwindEF.Tests.ChangeTrackingTests.ChangeTrackingUsingProxy5 threw exception:  System.Data.EntityException: The underlying provider failed on Open. ---&gt;  System.Data.SqlClient.SqlException: Cannot open database "NorthwindEF" requested by the login. The login failed.
Login failed for user 'prizrak\korwin'..</Message>
          <StackTrace>    at System.Data.ProviderBase.DbConnectionPool.GetConnection(DbConnection owningObject)
   at System.Data.ProviderBase.DbConnectionFactory.GetConnection(DbConnection owningConnection)
   at System.Data.ProviderBase.DbConnectionClosed.OpenConnection(DbConnection outerConnection, DbConnectionFactory connectionFactory)
   at System.Data.SqlClient.SqlConnection.Open()
   at System.Data.EntityClient.EntityConnection.OpenStoreConnectionIf(Boolean openCondition, DbConnection storeConnectionToOpen, DbConnection originalConnection, String exceptionCode, String attemptedOperation, Boolean&amp; closeStoreConnectionOnFailure)
 --- End of inner exception stack trace ---
    at System.Data.EntityClient.EntityConnection.OpenStoreConnectionIf(Boolean openCondition, DbConnection storeConnectionToOpen, DbConnection originalConnection, String exceptionCode, String attemptedOperation, Boolean&amp; closeStoreConnectionOnFailure)
   at System.Data.EntityClient.EntityConnection.Open()
   at System.Data.Objects.ObjectContext.EnsureConnection()
   at System.Data.Objects.ObjectQuery`1.GetResults(Nullable`1 forMergeOption)
   at System.Data.Objects.ObjectQuery`1.System.Collections.Generic.IEnumerable&lt;T&gt;.GetEnumerator()
   at System.Data.Objects.ObjectQuery`1.GetEnumeratorInternal()
   at System.Data.Objects.ObjectQuery.System.Collections.IEnumerable.GetEnumerator()
   at System.Linq.Enumerable.&lt;CastIterator&gt;d__aa`1.MoveNext()
   at System.Linq.Enumerable.First[TSource](IEnumerable`1 source)
   at System.Data.Objects.ELinq.ObjectQueryProvider.&lt;GetElementFunction&gt;b__0[TResult](IEnumerable`1 sequence)
   at System.Data.Objects.ELinq.ObjectQueryProvider.ExecuteSingle[TResult](IEnumerable`1 query, Expression queryRoot)
   at System.Data.Objects.ELinq.ObjectQueryProvider.System.Linq.IQueryProvider.Execute(Expression expression)
   at EFPocoAdapter.EFPocoQueryProvider.Execute[TResult](Expression expression) in D:\Projects\Softserve\Fotogallery\DataAccessLayer\EFPocoAdapter\EFPocoAdapter\EFPocoQueryProvider.cs:line 47
   at System.Linq.Queryable.First[TSource](IQueryable`1 source)
   at NorthwindEF.Tests.ChangeTrackingTests.ChangeTrackingUsingProxy5() in D:\Projects\Softserve\Fotogallery\DataAccessLayer\EFPocoAdapter\NorthwindEF.Tests\ChangeTrackingTests.cs:line 335
</StackTrace>
        </ErrorInfo>
      </Output>
    </UnitTestResult>
    <UnitTestResult executionId="85cab07a-1348-472c-aa25-ed168d3dd71a" testId="ee55a1e2-1d8f-0e43-b3d9-fd791b69d975" testName="ChangeTrackingUsingProxyReference1" computerName="PRIZRAK" duration="00:00:00.0403985" startTime="2011-03-20T22:07:52.2417868+02:00" endTime="2011-03-20T22:07:52.2907896+02:00" testType="13cdc9d9-ddb5-4fa4-a97d-d965ccfc6d4b" outcome="Failed" testListId="8c84fa94-04c1-424b-9868-57a2d4851a1d">
      <Output>
        <ErrorInfo>
          <Message>Test method NorthwindEF.Tests.ChangeTrackingTests.ChangeTrackingUsingProxyReference1 threw exception:  System.Data.EntityException: The underlying provider failed on Open. ---&gt;  System.Data.SqlClient.SqlException: Cannot open database "NorthwindEF" requested by the login. The login failed.
Login failed for user 'prizrak\korwin'..</Message>
          <StackTrace>    at System.Data.ProviderBase.DbConnectionPool.GetConnection(DbConnection owningObject)
   at System.Data.ProviderBase.DbConnectionFactory.GetConnection(DbConnection owningConnection)
   at System.Data.ProviderBase.DbConnectionClosed.OpenConnection(DbConnection outerConnection, DbConnectionFactory connectionFactory)
   at System.Data.SqlClient.SqlConnection.Open()
   at System.Data.EntityClient.EntityConnection.OpenStoreConnectionIf(Boolean openCondition, DbConnection storeConnectionToOpen, DbConnection originalConnection, String exceptionCode, String attemptedOperation, Boolean&amp; closeStoreConnectionOnFailure)
 --- End of inner exception stack trace ---
    at System.Data.EntityClient.EntityConnection.OpenStoreConnectionIf(Boolean openCondition, DbConnection storeConnectionToOpen, DbConnection originalConnection, String exceptionCode, String attemptedOperation, Boolean&amp; closeStoreConnectionOnFailure)
   at System.Data.EntityClient.EntityConnection.Open()
   at System.Data.Objects.ObjectContext.EnsureConnection()
   at System.Data.Objects.ObjectQuery`1.GetResults(Nullable`1 forMergeOption)
   at System.Data.Objects.ObjectQuery`1.System.Collections.Generic.IEnumerable&lt;T&gt;.GetEnumerator()
   at System.Data.Objects.ObjectQuery`1.GetEnumeratorInternal()
   at System.Data.Objects.ObjectQuery.System.Collections.IEnumerable.GetEnumerator()
   at System.Linq.Enumerable.&lt;CastIterator&gt;d__aa`1.MoveNext()
   at System.Linq.Enumerable.First[TSource](IEnumerable`1 source)
   at System.Data.Objects.ELinq.ObjectQueryProvider.&lt;GetElementFunction&gt;b__0[TResult](IEnumerable`1 sequence)
   at System.Data.Objects.ELinq.ObjectQueryProvider.ExecuteSingle[TResult](IEnumerable`1 query, Expression queryRoot)
   at System.Data.Objects.ELinq.ObjectQueryProvider.System.Linq.IQueryProvider.Execute(Expression expression)
   at EFPocoAdapter.EFPocoQueryProvider.Execute[TResult](Expression expression) in D:\Projects\Softserve\Fotogallery\DataAccessLayer\EFPocoAdapter\EFPocoAdapter\EFPocoQueryProvider.cs:line 47
   at System.Linq.Queryable.First[TSource](IQueryable`1 source)
   at NorthwindEF.Tests.ChangeTrackingTests.ChangeTrackingUsingProxyReference1() in D:\Projects\Softserve\Fotogallery\DataAccessLayer\EFPocoAdapter\NorthwindEF.Tests\ChangeTrackingTests.cs:line 349
</StackTrace>
        </ErrorInfo>
      </Output>
    </UnitTestResult>
    <UnitTestResult executionId="3dea7c96-0a5c-44df-b1a1-5aae790d1a73" testId="9c55cf1b-c8b9-f533-4c68-d65e8b7eacc9" testName="GeneratePocoAdapter" computerName="PRIZRAK" duration="00:00:00.0805956" startTime="2011-03-20T22:07:52.3087906+02:00" endTime="2011-03-20T22:07:52.3987958+02:00" testType="13cdc9d9-ddb5-4fa4-a97d-d965ccfc6d4b" outcome="Passed" testListId="8c84fa94-04c1-424b-9868-57a2d4851a1d">
      <Output>
      </Output>
    </UnitTestResult>
    <UnitTestResult executionId="15dbe29c-761c-4c9e-af2d-edbbb5b53b63" testId="4a35159b-8e7a-74a7-032e-5a03380b7205" testName="GeneratePocoAdapterAssembly" computerName="PRIZRAK" duration="00:00:00.5999069" startTime="2011-03-20T22:07:52.4097964+02:00" endTime="2011-03-20T22:07:53.0158311+02:00" testType="13cdc9d9-ddb5-4fa4-a97d-d965ccfc6d4b" outcome="Passed" testListId="8c84fa94-04c1-424b-9868-57a2d4851a1d">
      <Output>
      </Output>
    </UnitTestResult>
    <UnitTestResult executionId="67d1b249-02d0-49b9-a55b-51b2a8b25280" testId="b1b1e715-8374-6d86-619d-7269d01bdd82" testName="GeneratePocoAdapterAssemblyWithBadOCMapping" computerName="PRIZRAK" duration="00:00:00.3353957" startTime="2011-03-20T22:07:53.0248316+02:00" endTime="2011-03-20T22:07:53.3718514+02:00" testType="13cdc9d9-ddb5-4fa4-a97d-d965ccfc6d4b" outcome="Passed" testListId="8c84fa94-04c1-424b-9868-57a2d4851a1d">
      <Output>
      </Output>
    </UnitTestResult>
    <UnitTestResult executionId="bf9d4d91-35dd-4543-8b9d-d7b48fec7544" testId="d0eb9702-ffbf-076b-6da3-61ab241b6d69" testName="GeneratePocoClasses" computerName="PRIZRAK" duration="00:00:00.0306251" startTime="2011-03-20T22:07:53.3898524+02:00" endTime="2011-03-20T22:07:53.4288547+02:00" testType="13cdc9d9-ddb5-4fa4-a97d-d965ccfc6d4b" outcome="Passed" testListId="8c84fa94-04c1-424b-9868-57a2d4851a1d">
      <Output>
      </Output>
    </UnitTestResult>
    <UnitTestResult executionId="a68a20d6-1c0f-4fa2-9d34-163d65b877b2" testId="0e60549c-a21d-628d-2581-099d26d4e9b3" testName="GeneratePocoClassesToDirectory" computerName="PRIZRAK" duration="00:00:00.4131357" startTime="2011-03-20T22:07:53.4378552+02:00" endTime="2011-03-20T22:07:53.8588793+02:00" testType="13cdc9d9-ddb5-4fa4-a97d-d965ccfc6d4b" outcome="Passed" testListId="8c84fa94-04c1-424b-9868-57a2d4851a1d">
      <Output>
      </Output>
    </UnitTestResult>
    <UnitTestResult executionId="04fb9d5c-02ef-46e2-9e93-cda44c6ceeb5" testId="d22ace2c-69e6-a91e-ce9c-e37bb3e87ce1" testName="GeneratePocoAdaptersToDirectory" computerName="PRIZRAK" duration="00:00:00.7728681" startTime="2011-03-20T22:07:53.8688798+02:00" endTime="2011-03-20T22:07:54.6509246+02:00" testType="13cdc9d9-ddb5-4fa4-a97d-d965ccfc6d4b" outcome="Passed" testListId="8c84fa94-04c1-424b-9868-57a2d4851a1d">
      <Output>
      </Output>
    </UnitTestResult>
    <UnitTestResult executionId="241c3289-b9b2-4204-838b-1035c1e5b449" testId="fecb3338-796b-b570-89bd-7d54684f0666" testName="GeneratePocoContainersToDirectory" computerName="PRIZRAK" duration="00:00:00.3703448" startTime="2011-03-20T22:07:54.6629253+02:00" endTime="2011-03-20T22:07:55.0399468+02:00" testType="13cdc9d9-ddb5-4fa4-a97d-d965ccfc6d4b" outcome="Passed" testListId="8c84fa94-04c1-424b-9868-57a2d4851a1d">
      <Output>
      </Output>
    </UnitTestResult>
    <UnitTestResult executionId="9980f629-77a3-4075-ac25-a5f43315f622" testId="8b620baa-a6c8-5024-d5ff-7b31328102c0" testName="GeneratePocoContainer" computerName="PRIZRAK" duration="00:00:00.0037639" startTime="2011-03-20T22:07:55.0649483+02:00" endTime="2011-03-20T22:07:55.0749488+02:00" testType="13cdc9d9-ddb5-4fa4-a97d-d965ccfc6d4b" outcome="Passed" testListId="8c84fa94-04c1-424b-9868-57a2d4851a1d">
      <Output>
      </Output>
    </UnitTestResult>
    <UnitTestResult executionId="0c57e4de-9317-43e7-a66e-02dfe6959a30" testId="8d5aef6c-ac9e-184e-bf17-2a535a3aff61" testName="ClearTest" computerName="PRIZRAK" duration="00:00:00.2005382" startTime="2011-03-20T22:07:55.0839493+02:00" endTime="2011-03-20T22:07:55.2949614+02:00" testType="13cdc9d9-ddb5-4fa4-a97d-d965ccfc6d4b" outcome="Failed" testListId="8c84fa94-04c1-424b-9868-57a2d4851a1d">
      <Output>
        <ErrorInfo>
          <Message>Test method NorthwindEF.Tests.CollectionPropertiesTests.ClearTest threw exception:  System.Data.EntityException: The underlying provider failed on Open. ---&gt;  System.Data.SqlClient.SqlException: Cannot open database "NorthwindEF" requested by the login. The login failed.
Login failed for user 'prizrak\korwin'..</Message>
          <StackTrace>    at System.Data.SqlClient.SqlInternalConnection.OnError(SqlException exception, Boolean breakConnection)
   at System.Data.SqlClient.TdsParser.ThrowExceptionAndWarning(TdsParserStateObject stateObj)
   at System.Data.SqlClient.TdsParser.Run(RunBehavior runBehavior, SqlCommand cmdHandler, SqlDataReader dataStream, BulkCopySimpleResultSet bulkCopyHandler, TdsParserStateObject stateObj)
   at System.Data.SqlClient.SqlInternalConnectionTds.CompleteLogin(Boolean enlistOK)
   at System.Data.SqlClient.SqlInternalConnectionTds.AttemptOneLogin(ServerInfo serverInfo, String newPassword, Boolean ignoreSniOpenTimeout, Int64 timerExpire, SqlConnection owningObject)
   at System.Data.SqlClient.SqlInternalConnectionTds.LoginNoFailover(String host, String newPassword, Boolean redirectedUserInstance, SqlConnection owningObject, SqlConnectionString connectionOptions, Int64 timerStart)
   at System.Data.SqlClient.SqlInternalConnectionTds.OpenLoginEnlist(SqlConnection owningObject, SqlConnectionString connectionOptions, String newPassword, Boolean redirectedUserInstance)
   at System.Data.SqlClient.SqlInternalConnectionTds..ctor(DbConnectionPoolIdentity identity, SqlConnectionString connectionOptions, Object providerInfo, String newPassword, SqlConnection owningObject, Boolean redirectedUserInstance)
   at System.Data.SqlClient.SqlConnectionFactory.CreateConnection(DbConnectionOptions options, Object poolGroupProviderInfo, DbConnectionPool pool, DbConnection owningConnection)
   at System.Data.ProviderBase.DbConnectionFactory.CreatePooledConnection(DbConnection owningConnection, DbConnectionPool pool, DbConnectionOptions options)
   at System.Data.ProviderBase.DbConnectionPool.CreateObject(DbConnection owningObject)
   at System.Data.ProviderBase.DbConnectionPool.UserCreateRequest(DbConnection owningObject)
   at System.Data.ProviderBase.DbConnectionPool.GetConnection(DbConnection owningObject)
   at System.Data.ProviderBase.DbConnectionFactory.GetConnection(DbConnection owningConnection)
   at System.Data.ProviderBase.DbConnectionClosed.OpenConnection(DbConnection outerConnection, DbConnectionFactory connectionFactory)
   at System.Data.SqlClient.SqlConnection.Open()
   at System.Data.EntityClient.EntityConnection.OpenStoreConnectionIf(Boolean openCondition, DbConnection storeConnectionToOpen, DbConnection originalConnection, String exceptionCode, String attemptedOperation, Boolean&amp; closeStoreConnectionOnFailure)
 --- End of inner exception stack trace ---
    at System.Data.EntityClient.EntityConnection.OpenStoreConnectionIf(Boolean openCondition, DbConnection storeConnectionToOpen, DbConnection originalConnection, String exceptionCode, String attemptedOperation, Boolean&amp; closeStoreConnectionOnFailure)
   at System.Data.EntityClient.EntityConnection.Open()
   at NorthwindEF.Tests.CollectionPropertiesTests.ClearTest() in D:\Projects\Softserve\Fotogallery\DataAccessLayer\EFPocoAdapter\NorthwindEF.Tests\CollectionTests.cs:line 30
</StackTrace>
        </ErrorInfo>
      </Output>
    </UnitTestResult>
    <UnitTestResult executionId="9584ce6d-0099-4818-b360-fad5a8335583" testId="4579655d-673b-db7c-be05-ef04d266eba7" testName="IndexerNegativeTest1" computerName="PRIZRAK" duration="00:00:00.1249223" startTime="2011-03-20T22:07:55.4849723+02:00" endTime="2011-03-20T22:07:55.6179799+02:00" testType="13cdc9d9-ddb5-4fa4-a97d-d965ccfc6d4b" outcome="Failed" testListId="8c84fa94-04c1-424b-9868-57a2d4851a1d">
      <Output>
        <ErrorInfo>
          <Message>Test method NorthwindEF.Tests.CollectionPropertiesTests.IndexerNegativeTest1 threw exception System.Data.EntityException, but exception System.ArgumentOutOfRangeException was expected. Exception message:  System.Data.EntityException: The underlying provider failed on Open. ---&gt;  System.Data.SqlClient.SqlException: Cannot open database "NorthwindEF" requested by the login. The login failed.
Login failed for user 'prizrak\korwin'.
</Message>
          <StackTrace>    at System.Data.ProviderBase.DbConnectionPool.GetConnection(DbConnection owningObject)
   at System.Data.ProviderBase.DbConnectionFactory.GetConnection(DbConnection owningConnection)
   at System.Data.ProviderBase.DbConnectionClosed.OpenConnection(DbConnection outerConnection, DbConnectionFactory connectionFactory)
   at System.Data.SqlClient.SqlConnection.Open()
   at System.Data.EntityClient.EntityConnection.OpenStoreConnectionIf(Boolean openCondition, DbConnection storeConnectionToOpen, DbConnection originalConnection, String exceptionCode, String attemptedOperation, Boolean&amp; closeStoreConnectionOnFailure)
 --- End of inner exception stack trace ---
    at System.Data.EntityClient.EntityConnection.OpenStoreConnectionIf(Boolean openCondition, DbConnection storeConnectionToOpen, DbConnection originalConnection, String exceptionCode, String attemptedOperation, Boolean&amp; closeStoreConnectionOnFailure)
   at System.Data.EntityClient.EntityConnection.Open()
   at System.Data.Objects.ObjectContext.EnsureConnection()
   at System.Data.Objects.ObjectQuery`1.GetResults(Nullable`1 forMergeOption)
   at System.Data.Objects.ObjectQuery`1.System.Collections.Generic.IEnumerable&lt;T&gt;.GetEnumerator()
   at System.Data.Objects.ObjectQuery`1.GetEnumeratorInternal()
   at System.Data.Objects.ObjectQuery.System.Collections.IEnumerable.GetEnumerator()
   at System.Linq.Enumerable.&lt;CastIterator&gt;d__aa`1.MoveNext()
   at System.Linq.Enumerable.First[TSource](IEnumerable`1 source)
   at System.Data.Objects.ELinq.ObjectQueryProvider.&lt;GetElementFunction&gt;b__0[TResult](IEnumerable`1 sequence)
   at System.Data.Objects.ELinq.ObjectQueryProvider.ExecuteSingle[TResult](IEnumerable`1 query, Expression queryRoot)
   at System.Data.Objects.ELinq.ObjectQueryProvider.System.Linq.IQueryProvider.Execute(Expression expression)
   at EFPocoAdapter.EFPocoQueryProvider.Execute[TResult](Expression expression) in D:\Projects\Softserve\Fotogallery\DataAccessLayer\EFPocoAdapter\EFPocoAdapter\EFPocoQueryProvider.cs:line 47
   at System.Linq.Queryable.First[TSource](IQueryable`1 source, Expression`1 predicate)
   at NorthwindEF.Tests.CollectionPropertiesTests.IndexerNegativeTest1() in D:\Projects\Softserve\Fotogallery\DataAccessLayer\EFPocoAdapter\NorthwindEF.Tests\CollectionTests.cs:line 63
</StackTrace>
        </ErrorInfo>
      </Output>
    </UnitTestResult>
    <UnitTestResult executionId="2c023966-9e4e-4a6b-86fe-f5b41d896aa0" testId="799c3995-2e3b-59cb-a0b5-44a1d264d17a" testName="IndexerNegativeTest2" computerName="PRIZRAK" duration="00:00:00.0434176" startTime="2011-03-20T22:07:55.6989845+02:00" endTime="2011-03-20T22:07:55.7539877+02:00" testType="13cdc9d9-ddb5-4fa4-a97d-d965ccfc6d4b" outcome="Failed" testListId="8c84fa94-04c1-424b-9868-57a2d4851a1d">
      <Output>
        <ErrorInfo>
          <Message>Test method NorthwindEF.Tests.CollectionPropertiesTests.IndexerNegativeTest2 threw exception System.Data.EntityException, but exception System.ArgumentOutOfRangeException was expected. Exception message:  System.Data.EntityException: The underlying provider failed on Open. ---&gt;  System.Data.SqlClient.SqlException: Cannot open database "NorthwindEF" requested by the login. The login failed.
Login failed for user 'prizrak\korwin'.
</Message>
          <StackTrace>    at System.Data.ProviderBase.DbConnectionPool.GetConnection(DbConnection owningObject)
   at System.Data.ProviderBase.DbConnectionFactory.GetConnection(DbConnection owningConnection)
   at System.Data.ProviderBase.DbConnectionClosed.OpenConnection(DbConnection outerConnection, DbConnectionFactory connectionFactory)
   at System.Data.SqlClient.SqlConnection.Open()
   at System.Data.EntityClient.EntityConnection.OpenStoreConnectionIf(Boolean openCondition, DbConnection storeConnectionToOpen, DbConnection originalConnection, String exceptionCode, String attemptedOperation, Boolean&amp; closeStoreConnectionOnFailure)
 --- End of inner exception stack trace ---
    at System.Data.EntityClient.EntityConnection.OpenStoreConnectionIf(Boolean openCondition, DbConnection storeConnectionToOpen, DbConnection originalConnection, String exceptionCode, String attemptedOperation, Boolean&amp; closeStoreConnectionOnFailure)
   at System.Data.EntityClient.EntityConnection.Open()
   at System.Data.Objects.ObjectContext.EnsureConnection()
   at System.Data.Objects.ObjectQuery`1.GetResults(Nullable`1 forMergeOption)
   at System.Data.Objects.ObjectQuery`1.System.Collections.Generic.IEnumerable&lt;T&gt;.GetEnumerator()
   at System.Data.Objects.ObjectQuery`1.GetEnumeratorInternal()
   at System.Data.Objects.ObjectQuery.System.Collections.IEnumerable.GetEnumerator()
   at System.Linq.Enumerable.&lt;CastIterator&gt;d__aa`1.MoveNext()
   at System.Linq.Enumerable.First[TSource](IEnumerable`1 source)
   at System.Data.Objects.ELinq.ObjectQueryProvider.&lt;GetElementFunction&gt;b__0[TResult](IEnumerable`1 sequence)
   at System.Data.Objects.ELinq.ObjectQueryProvider.ExecuteSingle[TResult](IEnumerable`1 query, Expression queryRoot)
   at System.Data.Objects.ELinq.ObjectQueryProvider.System.Linq.IQueryProvider.Execute(Expression expression)
   at EFPocoAdapter.EFPocoQueryProvider.Execute[TResult](Expression expression) in D:\Projects\Softserve\Fotogallery\DataAccessLayer\EFPocoAdapter\EFPocoAdapter\EFPocoQueryProvider.cs:line 47
   at System.Linq.Queryable.First[TSource](IQueryable`1 source, Expression`1 predicate)
   at NorthwindEF.Tests.CollectionPropertiesTests.IndexerNegativeTest2() in D:\Projects\Softserve\Fotogallery\DataAccessLayer\EFPocoAdapter\NorthwindEF.Tests\CollectionTests.cs:line 74
</StackTrace>
        </ErrorInfo>
      </Output>
    </UnitTestResult>
    <UnitTestResult executionId="b3607658-8d9c-4eef-b793-6a226561cff6" testId="92f42e63-417f-16c8-84a7-b9992ffd8770" testName="IndexerTest" computerName="PRIZRAK" duration="00:00:00.1104277" startTime="2011-03-20T22:07:55.8319921+02:00" endTime="2011-03-20T22:07:55.9509989+02:00" testType="13cdc9d9-ddb5-4fa4-a97d-d965ccfc6d4b" outcome="Failed" testListId="8c84fa94-04c1-424b-9868-57a2d4851a1d">
      <Output>
        <ErrorInfo>
          <Message>Test method NorthwindEF.Tests.CollectionPropertiesTests.IndexerTest threw exception:  System.Data.EntityException: The underlying provider failed on Open. ---&gt;  System.Data.SqlClient.SqlException: Cannot open database "NorthwindEF" requested by the login. The login failed.
Login failed for user 'prizrak\korwin'..</Message>
          <StackTrace>    at System.Data.ProviderBase.DbConnectionPool.GetConnection(DbConnection owningObject)
   at System.Data.ProviderBase.DbConnectionFactory.GetConnection(DbConnection owningConnection)
   at System.Data.ProviderBase.DbConnectionClosed.OpenConnection(DbConnection outerConnection, DbConnectionFactory connectionFactory)
   at System.Data.SqlClient.SqlConnection.Open()
   at System.Data.EntityClient.EntityConnection.OpenStoreConnectionIf(Boolean openCondition, DbConnection storeConnectionToOpen, DbConnection originalConnection, String exceptionCode, String attemptedOperation, Boolean&amp; closeStoreConnectionOnFailure)
 --- End of inner exception stack trace ---
    at System.Data.EntityClient.EntityConnection.OpenStoreConnectionIf(Boolean openCondition, DbConnection storeConnectionToOpen, DbConnection originalConnection, String exceptionCode, String attemptedOperation, Boolean&amp; closeStoreConnectionOnFailure)
   at System.Data.EntityClient.EntityConnection.Open()
   at NorthwindEF.Tests.CollectionPropertiesTests.IndexerTest() in D:\Projects\Softserve\Fotogallery\DataAccessLayer\EFPocoAdapter\NorthwindEF.Tests\CollectionTests.cs:line 86
</StackTrace>
        </ErrorInfo>
      </Output>
    </UnitTestResult>
    <UnitTestResult executionId="ecf8752a-b938-43d5-ba60-5e6e2d44a1fd" testId="39a58b15-5927-60cb-9138-3e716160413e" testName="IsReadOnlyTest" computerName="PRIZRAK" duration="00:00:00.0475191" startTime="2011-03-20T22:07:55.9740003+02:00" endTime="2011-03-20T22:07:56.0320036+02:00" testType="13cdc9d9-ddb5-4fa4-a97d-d965ccfc6d4b" outcome="Failed" testListId="8c84fa94-04c1-424b-9868-57a2d4851a1d">
      <Output>
        <ErrorInfo>
          <Message>Test method NorthwindEF.Tests.CollectionPropertiesTests.IsReadOnlyTest threw exception:  System.Data.EntityException: The underlying provider failed on Open. ---&gt;  System.Data.SqlClient.SqlException: Cannot open database "NorthwindEF" requested by the login. The login failed.
Login failed for user 'prizrak\korwin'..</Message>
          <StackTrace>    at System.Data.ProviderBase.DbConnectionPool.GetConnection(DbConnection owningObject)
   at System.Data.ProviderBase.DbConnectionFactory.GetConnection(DbConnection owningConnection)
   at System.Data.ProviderBase.DbConnectionClosed.OpenConnection(DbConnection outerConnection, DbConnectionFactory connectionFactory)
   at System.Data.SqlClient.SqlConnection.Open()
   at System.Data.EntityClient.EntityConnection.OpenStoreConnectionIf(Boolean openCondition, DbConnection storeConnectionToOpen, DbConnection originalConnection, String exceptionCode, String attemptedOperation, Boolean&amp; closeStoreConnectionOnFailure)
 --- End of inner exception stack trace ---
    at System.Data.EntityClient.EntityConnection.OpenStoreConnectionIf(Boolean openCondition, DbConnection storeConnectionToOpen, DbConnection originalConnection, String exceptionCode, String attemptedOperation, Boolean&amp; closeStoreConnectionOnFailure)
   at System.Data.EntityClient.EntityConnection.Open()
   at System.Data.Objects.ObjectContext.EnsureConnection()
   at System.Data.Objects.ObjectQuery`1.GetResults(Nullable`1 forMergeOption)
   at System.Data.Objects.ObjectQuery`1.System.Collections.Generic.IEnumerable&lt;T&gt;.GetEnumerator()
   at System.Data.Objects.ObjectQuery`1.GetEnumeratorInternal()
   at System.Data.Objects.ObjectQuery.System.Collections.IEnumerable.GetEnumerator()
   at System.Linq.Enumerable.&lt;CastIterator&gt;d__aa`1.MoveNext()
   at System.Linq.Enumerable.First[TSource](IEnumerable`1 source)
   at System.Data.Objects.ELinq.ObjectQueryProvider.&lt;GetElementFunction&gt;b__0[TResult](IEnumerable`1 sequence)
   at System.Data.Objects.ELinq.ObjectQueryProvider.ExecuteSingle[TResult](IEnumerable`1 query, Expression queryRoot)
   at System.Data.Objects.ELinq.ObjectQueryProvider.System.Linq.IQueryProvider.Execute(Expression expression)
   at EFPocoAdapter.EFPocoQueryProvider.Execute[TResult](Expression expression) in D:\Projects\Softserve\Fotogallery\DataAccessLayer\EFPocoAdapter\EFPocoAdapter\EFPocoQueryProvider.cs:line 47
   at System.Linq.Queryable.First[TSource](IQueryable`1 source, Expression`1 predicate)
   at NorthwindEF.Tests.CollectionPropertiesTests.IsReadOnlyTest() in D:\Projects\Softserve\Fotogallery\DataAccessLayer\EFPocoAdapter\NorthwindEF.Tests\CollectionTests.cs:line 115
</StackTrace>
        </ErrorInfo>
      </Output>
    </UnitTestResult>
    <UnitTestResult executionId="be181247-49d2-445e-9df7-c02527664361" testId="4f9cc1a1-c406-ce63-f590-6d0e6e31a17c" testName="RemoveAtTest" computerName="PRIZRAK" duration="00:00:00.0296159" startTime="2011-03-20T22:07:56.1050077+02:00" endTime="2011-03-20T22:07:56.1570107+02:00" testType="13cdc9d9-ddb5-4fa4-a97d-d965ccfc6d4b" outcome="Failed" testListId="8c84fa94-04c1-424b-9868-57a2d4851a1d">
      <Output>
        <ErrorInfo>
          <Message>Test method NorthwindEF.Tests.CollectionPropertiesTests.RemoveAtTest threw exception:  System.Data.EntityException: The underlying provider failed on Open. ---&gt;  System.Data.SqlClient.SqlException: Cannot open database "NorthwindEF" requested by the login. The login failed.
Login failed for user 'prizrak\korwin'..</Message>
          <StackTrace>    at System.Data.ProviderBase.DbConnectionPool.GetConnection(DbConnection owningObject)
   at System.Data.ProviderBase.DbConnectionFactory.GetConnection(DbConnection owningConnection)
   at System.Data.ProviderBase.DbConnectionClosed.OpenConnection(DbConnection outerConnection, DbConnectionFactory connectionFactory)
   at System.Data.SqlClient.SqlConnection.Open()
   at System.Data.EntityClient.EntityConnection.OpenStoreConnectionIf(Boolean openCondition, DbConnection storeConnectionToOpen, DbConnection originalConnection, String exceptionCode, String attemptedOperation, Boolean&amp; closeStoreConnectionOnFailure)
 --- End of inner exception stack trace ---
    at System.Data.EntityClient.EntityConnection.OpenStoreConnectionIf(Boolean openCondition, DbConnection storeConnectionToOpen, DbConnection originalConnection, String exceptionCode, String attemptedOperation, Boolean&amp; closeStoreConnectionOnFailure)
   at System.Data.EntityClient.EntityConnection.Open()
   at NorthwindEF.Tests.CollectionPropertiesTests.RemoveAtTest() in D:\Projects\Softserve\Fotogallery\DataAccessLayer\EFPocoAdapter\NorthwindEF.Tests\CollectionTests.cs:line 127
</StackTrace>
        </ErrorInfo>
      </Output>
    </UnitTestResult>
    <UnitTestResult executionId="e46393ac-d80d-439a-a0be-0e7dec9dfcff" testId="aa1e6e17-8e16-a505-9f5c-dbb859cab6c5" testName="RemoveTest" computerName="PRIZRAK" duration="00:00:00.0297462" startTime="2011-03-20T22:07:56.1710115+02:00" endTime="2011-03-20T22:07:56.2060135+02:00" testType="13cdc9d9-ddb5-4fa4-a97d-d965ccfc6d4b" outcome="Failed" testListId="8c84fa94-04c1-424b-9868-57a2d4851a1d">
      <Output>
        <ErrorInfo>
          <Message>Test method NorthwindEF.Tests.CollectionPropertiesTests.RemoveTest threw exception:  System.Data.EntityException: The underlying provider failed on Open. ---&gt;  System.Data.SqlClient.SqlException: Cannot open database "NorthwindEF" requested by the login. The login failed.
Login failed for user 'prizrak\korwin'..</Message>
          <StackTrace>    at System.Data.ProviderBase.DbConnectionPool.GetConnection(DbConnection owningObject)
   at System.Data.ProviderBase.DbConnectionFactory.GetConnection(DbConnection owningConnection)
   at System.Data.ProviderBase.DbConnectionClosed.OpenConnection(DbConnection outerConnection, DbConnectionFactory connectionFactory)
   at System.Data.SqlClient.SqlConnection.Open()
   at System.Data.EntityClient.EntityConnection.OpenStoreConnectionIf(Boolean openCondition, DbConnection storeConnectionToOpen, DbConnection originalConnection, String exceptionCode, String attemptedOperation, Boolean&amp; closeStoreConnectionOnFailure)
 --- End of inner exception stack trace ---
    at System.Data.EntityClient.EntityConnection.OpenStoreConnectionIf(Boolean openCondition, DbConnection storeConnectionToOpen, DbConnection originalConnection, String exceptionCode, String attemptedOperation, Boolean&amp; closeStoreConnectionOnFailure)
   at System.Data.EntityClient.EntityConnection.Open()
   at NorthwindEF.Tests.CollectionPropertiesTests.RemoveTest() in D:\Projects\Softserve\Fotogallery\DataAccessLayer\EFPocoAdapter\NorthwindEF.Tests\CollectionTests.cs:line 151
</StackTrace>
        </ErrorInfo>
      </Output>
    </UnitTestResult>
    <UnitTestResult executionId="8bc26931-e3e6-4dbf-8d92-a7811ef0a8d6" testId="424d3772-c289-7249-8d88-d5ff41101246" testName="InsertTest" computerName="PRIZRAK" duration="00:00:00.0296634" startTime="2011-03-20T22:07:56.2210144+02:00" endTime="2011-03-20T22:07:56.2580165+02:00" testType="13cdc9d9-ddb5-4fa4-a97d-d965ccfc6d4b" outcome="Failed" testListId="8c84fa94-04c1-424b-9868-57a2d4851a1d">
      <Output>
        <ErrorInfo>
          <Message>Test method NorthwindEF.Tests.CollectionPropertiesTests.InsertTest threw exception:  System.Data.EntityException: The underlying provider failed on Open. ---&gt;  System.Data.SqlClient.SqlException: Cannot open database "NorthwindEF" requested by the login. The login failed.
Login failed for user 'prizrak\korwin'..</Message>
          <StackTrace>    at System.Data.ProviderBase.DbConnectionPool.GetConnection(DbConnection owningObject)
   at System.Data.ProviderBase.DbConnectionFactory.GetConnection(DbConnection owningConnection)
   at System.Data.ProviderBase.DbConnectionClosed.OpenConnection(DbConnection outerConnection, DbConnectionFactory connectionFactory)
   at System.Data.SqlClient.SqlConnection.Open()
   at System.Data.EntityClient.EntityConnection.OpenStoreConnectionIf(Boolean openCondition, DbConnection storeConnectionToOpen, DbConnection originalConnection, String exceptionCode, String attemptedOperation, Boolean&amp; closeStoreConnectionOnFailure)
 --- End of inner exception stack trace ---
    at System.Data.EntityClient.EntityConnection.OpenStoreConnectionIf(Boolean openCondition, DbConnection storeConnectionToOpen, DbConnection originalConnection, String exceptionCode, String attemptedOperation, Boolean&amp; closeStoreConnectionOnFailure)
   at System.Data.EntityClient.EntityConnection.Open()
   at NorthwindEF.Tests.CollectionPropertiesTests.InsertTest() in D:\Projects\Softserve\Fotogallery\DataAccessLayer\EFPocoAdapter\NorthwindEF.Tests\CollectionTests.cs:line 175
</StackTrace>
        </ErrorInfo>
      </Output>
    </UnitTestResult>
    <UnitTestResult executionId="05142b1f-c8bb-4b2b-9932-5fc5e9a968f5" testId="50844afb-7bc1-22fe-cd7c-df39335e5ea6" testName="IndexOfTest" computerName="PRIZRAK" duration="00:00:00.0387086" startTime="2011-03-20T22:07:56.2720173+02:00" endTime="2011-03-20T22:07:56.3170199+02:00" testType="13cdc9d9-ddb5-4fa4-a97d-d965ccfc6d4b" outcome="Failed" testListId="8c84fa94-04c1-424b-9868-57a2d4851a1d">
      <Output>
        <ErrorInfo>
          <Message>Test method NorthwindEF.Tests.CollectionPropertiesTests.IndexOfTest threw exception:  System.Data.EntityException: The underlying provider failed on Open. ---&gt;  System.Data.SqlClient.SqlException: Cannot open database "NorthwindEF" requested by the login. The login failed.
Login failed for user 'prizrak\korwin'..</Message>
          <StackTrace>    at System.Data.ProviderBase.DbConnectionPool.GetConnection(DbConnection owningObject)
   at System.Data.ProviderBase.DbConnectionFactory.GetConnection(DbConnection owningConnection)
   at System.Data.ProviderBase.DbConnectionClosed.OpenConnection(DbConnection outerConnection, DbConnectionFactory connectionFactory)
   at System.Data.SqlClient.SqlConnection.Open()
   at System.Data.EntityClient.EntityConnection.OpenStoreConnectionIf(Boolean openCondition, DbConnection storeConnectionToOpen, DbConnection originalConnection, String exceptionCode, String attemptedOperation, Boolean&amp; closeStoreConnectionOnFailure)
 --- End of inner exception stack trace ---
    at System.Data.EntityClient.EntityConnection.OpenStoreConnectionIf(Boolean openCondition, DbConnection storeConnectionToOpen, DbConnection originalConnection, String exceptionCode, String attemptedOperation, Boolean&amp; closeStoreConnectionOnFailure)
   at System.Data.EntityClient.EntityConnection.Open()
   at System.Data.Objects.ObjectContext.EnsureConnection()
   at System.Data.Objects.ObjectQuery`1.GetResults(Nullable`1 forMergeOption)
   at System.Data.Objects.ObjectQuery`1.System.Collections.Generic.IEnumerable&lt;T&gt;.GetEnumerator()
   at System.Data.Objects.ObjectQuery`1.GetEnumeratorInternal()
   at System.Data.Objects.ObjectQuery.System.Collections.IEnumerable.GetEnumerator()
   at System.Linq.Enumerable.&lt;CastIterator&gt;d__aa`1.MoveNext()
   at System.Linq.Enumerable.First[TSource](IEnumerable`1 source)
   at System.Data.Objects.ELinq.ObjectQueryProvider.&lt;GetElementFunction&gt;b__0[TResult](IEnumerable`1 sequence)
   at System.Data.Objects.ELinq.ObjectQueryProvider.ExecuteSingle[TResult](IEnumerable`1 query, Expression queryRoot)
   at System.Data.Objects.ELinq.ObjectQueryProvider.System.Linq.IQueryProvider.Execute(Expression expression)
   at EFPocoAdapter.EFPocoQueryProvider.Execute[TResult](Expression expression) in D:\Projects\Softserve\Fotogallery\DataAccessLayer\EFPocoAdapter\EFPocoAdapter\EFPocoQueryProvider.cs:line 47
   at System.Linq.Queryable.First[TSource](IQueryable`1 source, Expression`1 predicate)
   at NorthwindEF.Tests.CollectionPropertiesTests.IndexOfTest() in D:\Projects\Softserve\Fotogallery\DataAccessLayer\EFPocoAdapter\NorthwindEF.Tests\CollectionTests.cs:line 200
</StackTrace>
        </ErrorInfo>
      </Output>
    </UnitTestResult>
    <UnitTestResult executionId="35007a2e-9f26-4ad0-80c3-cac2c32caecb" testId="43258b19-d9ac-b77d-5304-15027d7ca8ca" testName="CompiledQueryTest0" computerName="PRIZRAK" duration="00:00:00.0828205" startTime="2011-03-20T22:07:56.3330208+02:00" endTime="2011-03-20T22:07:56.4230259+02:00" testType="13cdc9d9-ddb5-4fa4-a97d-d965ccfc6d4b" outcome="Failed" testListId="8c84fa94-04c1-424b-9868-57a2d4851a1d">
      <Output>
        <ErrorInfo>
          <Message>Test method NorthwindEF.Tests.CompiledQueryTests.CompiledQueryTest0 threw exception:  System.Data.EntityException: The underlying provider failed on Open. ---&gt;  System.Data.SqlClient.SqlException: Cannot open database "NorthwindEF" requested by the login. The login failed.
Login failed for user 'prizrak\korwin'..</Message>
          <StackTrace>    at System.Data.ProviderBase.DbConnectionPool.GetConnection(DbConnection owningObject)
   at System.Data.ProviderBase.DbConnectionFactory.GetConnection(DbConnection owningConnection)
   at System.Data.ProviderBase.DbConnectionClosed.OpenConnection(DbConnection outerConnection, DbConnectionFactory connectionFactory)
   at System.Data.SqlClient.SqlConnection.Open()
   at System.Data.EntityClient.EntityConnection.OpenStoreConnectionIf(Boolean openCondition, DbConnection storeConnectionToOpen, DbConnection originalConnection, String exceptionCode, String attemptedOperation, Boolean&amp; closeStoreConnectionOnFailure)
 --- End of inner exception stack trace ---
    at System.Data.EntityClient.EntityConnection.OpenStoreConnectionIf(Boolean openCondition, DbConnection storeConnectionToOpen, DbConnection originalConnection, String exceptionCode, String attemptedOperation, Boolean&amp; closeStoreConnectionOnFailure)
   at System.Data.EntityClient.EntityConnection.Open()
   at System.Data.Objects.ObjectContext.EnsureConnection()
   at System.Data.Objects.ObjectQuery`1.GetResults(Nullable`1 forMergeOption)
   at System.Data.Objects.ObjectQuery`1.System.Collections.Generic.IEnumerable&lt;T&gt;.GetEnumerator()
   at System.Linq.Enumerable.First[TSource](IEnumerable`1 source)
   at System.Data.Objects.ELinq.ObjectQueryProvider.&lt;GetElementFunction&gt;b__0[TResult](IEnumerable`1 sequence)
   at System.Data.Objects.ELinq.ObjectQueryProvider.ExecuteSingle[TResult](IEnumerable`1 query, Expression queryRoot)
   at System.Data.Objects.CompiledQuery.ExecuteQuery[TResult](ObjectContext context, Object[] parameterValues)
   at System.Data.Objects.CompiledQuery.Invoke[TArg0,TResult](TArg0 arg0)
   at EFPocoAdapter.FuncAdapter`2.Execute(EFPocoContext context) in D:\Projects\Softserve\Fotogallery\DataAccessLayer\EFPocoAdapter\EFPocoAdapter\EFPocoCompiledQuery.cs:line 18
   at EFPocoAdapter.EFPocoCompiledQuery`2.Execute(TArg0 context) in D:\Projects\Softserve\Fotogallery\DataAccessLayer\EFPocoAdapter\EFPocoAdapter\EFPocoCompiledQuery.cs:line 92
   at NorthwindEF.Tests.CompiledQueryTests.CompiledQueryTest0() in D:\Projects\Softserve\Fotogallery\DataAccessLayer\EFPocoAdapter\NorthwindEF.Tests\CompiledQueryTests.cs:line 28
</StackTrace>
        </ErrorInfo>
      </Output>
    </UnitTestResult>
    <UnitTestResult executionId="0382a019-0849-47dc-8017-0de47e2de3eb" testId="a64aaa9a-0789-5033-47ec-6f3c52c05b23" testName="CompiledQueryTest1" computerName="PRIZRAK" duration="00:00:00.0559151" startTime="2011-03-20T22:07:56.4380268+02:00" endTime="2011-03-20T22:07:56.5000303+02:00" testType="13cdc9d9-ddb5-4fa4-a97d-d965ccfc6d4b" outcome="Failed" testListId="8c84fa94-04c1-424b-9868-57a2d4851a1d">
      <Output>
        <ErrorInfo>
          <Message>Test method NorthwindEF.Tests.CompiledQueryTests.CompiledQueryTest1 threw exception:  System.Data.EntityException: The underlying provider failed on Open. ---&gt;  System.Data.SqlClient.SqlException: Cannot open database "NorthwindEF" requested by the login. The login failed.
Login failed for user 'prizrak\korwin'..</Message>
          <StackTrace>    at System.Data.ProviderBase.DbConnectionPool.GetConnection(DbConnection owningObject)
   at System.Data.ProviderBase.DbConnectionFactory.GetConnection(DbConnection owningConnection)
   at System.Data.ProviderBase.DbConnectionClosed.OpenConnection(DbConnection outerConnection, DbConnectionFactory connectionFactory)
   at System.Data.SqlClient.SqlConnection.Open()
   at System.Data.EntityClient.EntityConnection.OpenStoreConnectionIf(Boolean openCondition, DbConnection storeConnectionToOpen, DbConnection originalConnection, String exceptionCode, String attemptedOperation, Boolean&amp; closeStoreConnectionOnFailure)
 --- End of inner exception stack trace ---
    at System.Data.EntityClient.EntityConnection.OpenStoreConnectionIf(Boolean openCondition, DbConnection storeConnectionToOpen, DbConnection originalConnection, String exceptionCode, String attemptedOperation, Boolean&amp; closeStoreConnectionOnFailure)
   at System.Data.EntityClient.EntityConnection.Open()
   at System.Data.Objects.ObjectContext.EnsureConnection()
   at System.Data.Objects.ObjectQuery`1.GetResults(Nullable`1 forMergeOption)
   at System.Data.Objects.ObjectQuery`1.System.Collections.Generic.IEnumerable&lt;T&gt;.GetEnumerator()
   at System.Linq.Enumerable.First[TSource](IEnumerable`1 source)
   at System.Data.Objects.ELinq.ObjectQueryProvider.&lt;GetElementFunction&gt;b__0[TResult](IEnumerable`1 sequence)
   at System.Data.Objects.ELinq.ObjectQueryProvider.ExecuteSingle[TResult](IEnumerable`1 query, Expression queryRoot)
   at System.Data.Objects.CompiledQuery.ExecuteQuery[TResult](ObjectContext context, Object[] parameterValues)
   at System.Data.Objects.CompiledQuery.Invoke[TArg0,TArg1,TResult](TArg0 arg0, TArg1 arg1)
   at EFPocoAdapter.FuncAdapter`3.Execute(EFPocoContext context, TArg1 arg1) in D:\Projects\Softserve\Fotogallery\DataAccessLayer\EFPocoAdapter\EFPocoAdapter\EFPocoCompiledQuery.cs:line 24
   at EFPocoAdapter.EFPocoCompiledQuery`3.Execute(TArg0 context, TArg1 arg1) in D:\Projects\Softserve\Fotogallery\DataAccessLayer\EFPocoAdapter\EFPocoAdapter\EFPocoCompiledQuery.cs:line 120
   at NorthwindEF.Tests.CompiledQueryTests.CompiledQueryTest1() in D:\Projects\Softserve\Fotogallery\DataAccessLayer\EFPocoAdapter\NorthwindEF.Tests\CompiledQueryTests.cs:line 40
</StackTrace>
        </ErrorInfo>
      </Output>
    </UnitTestResult>
    <UnitTestResult executionId="d6665805-aa51-4a7b-879b-033e5d8cf95c" testId="11dad64e-cf1a-f513-7844-96d494638643" testName="CompiledQueryTest2" computerName="PRIZRAK" duration="00:00:00.0599299" startTime="2011-03-20T22:07:56.5670342+02:00" endTime="2011-03-20T22:07:56.6330379+02:00" testType="13cdc9d9-ddb5-4fa4-a97d-d965ccfc6d4b" outcome="Failed" testListId="8c84fa94-04c1-424b-9868-57a2d4851a1d">
      <Output>
        <ErrorInfo>
          <Message>Test method NorthwindEF.Tests.CompiledQueryTests.CompiledQueryTest2 threw exception:  System.Data.EntityException: The underlying provider failed on Open. ---&gt;  System.Data.SqlClient.SqlException: Cannot open database "NorthwindEF" requested by the login. The login failed.
Login failed for user 'prizrak\korwin'..</Message>
          <StackTrace>    at System.Data.ProviderBase.DbConnectionPool.GetConnection(DbConnection owningObject)
   at System.Data.ProviderBase.DbConnectionFactory.GetConnection(DbConnection owningConnection)
   at System.Data.ProviderBase.DbConnectionClosed.OpenConnection(DbConnection outerConnection, DbConnectionFactory connectionFactory)
   at System.Data.SqlClient.SqlConnection.Open()
   at System.Data.EntityClient.EntityConnection.OpenStoreConnectionIf(Boolean openCondition, DbConnection storeConnectionToOpen, DbConnection originalConnection, String exceptionCode, String attemptedOperation, Boolean&amp; closeStoreConnectionOnFailure)
 --- End of inner exception stack trace ---
    at System.Data.EntityClient.EntityConnection.OpenStoreConnectionIf(Boolean openCondition, DbConnection storeConnectionToOpen, DbConnection originalConnection, String exceptionCode, String attemptedOperation, Boolean&amp; closeStoreConnectionOnFailure)
   at System.Data.EntityClient.EntityConnection.Open()
   at System.Data.Objects.ObjectContext.EnsureConnection()
   at System.Data.Objects.ObjectQuery`1.GetResults(Nullable`1 forMergeOption)
   at System.Data.Objects.ObjectQuery`1.System.Collections.Generic.IEnumerable&lt;T&gt;.GetEnumerator()
   at System.Linq.Enumerable.First[TSource](IEnumerable`1 source)
   at System.Data.Objects.ELinq.ObjectQueryProvider.&lt;GetElementFunction&gt;b__0[TResult](IEnumerable`1 sequence)
   at System.Data.Objects.ELinq.ObjectQueryProvider.ExecuteSingle[TResult](IEnumerable`1 query, Expression queryRoot)
   at System.Data.Objects.CompiledQuery.ExecuteQuery[TResult](ObjectContext context, Object[] parameterValues)
   at System.Data.Objects.CompiledQuery.Invoke[TArg0,TArg1,TArg2,TResult](TArg0 arg0, TArg1 arg1, TArg2 arg2)
   at EFPocoAdapter.FuncAdapter`4.Execute(EFPocoContext context, TArg1 arg1, TArg2 arg2) in D:\Projects\Softserve\Fotogallery\DataAccessLayer\EFPocoAdapter\EFPocoAdapter\EFPocoCompiledQuery.cs:line 30
   at EFPocoAdapter.EFPocoCompiledQuery`4.Execute(TArg0 context, TArg1 arg1, TArg2 arg2) in D:\Projects\Softserve\Fotogallery\DataAccessLayer\EFPocoAdapter\EFPocoAdapter\EFPocoCompiledQuery.cs:line 148
   at NorthwindEF.Tests.CompiledQueryTests.CompiledQueryTest2() in D:\Projects\Softserve\Fotogallery\DataAccessLayer\EFPocoAdapter\NorthwindEF.Tests\CompiledQueryTests.cs:line 52
</StackTrace>
        </ErrorInfo>
      </Output>
    </UnitTestResult>
    <UnitTestResult executionId="6fc3057d-92ab-4f34-8e47-e2d9cbc6a352" testId="1ed90504-c21a-c4a3-c3c3-7035e7aa1995" testName="CompiledQueryTest3" computerName="PRIZRAK" duration="00:00:00.0527484" startTime="2011-03-20T22:07:56.6840409+02:00" endTime="2011-03-20T22:07:56.7450444+02:00" testType="13cdc9d9-ddb5-4fa4-a97d-d965ccfc6d4b" outcome="Failed" testListId="8c84fa94-04c1-424b-9868-57a2d4851a1d">
      <Output>
        <ErrorInfo>
          <Message>Test method NorthwindEF.Tests.CompiledQueryTests.CompiledQueryTest3 threw exception:  System.Data.EntityException: The underlying provider failed on Open. ---&gt;  System.Data.SqlClient.SqlException: Cannot open database "NorthwindEF" requested by the login. The login failed.
Login failed for user 'prizrak\korwin'..</Message>
          <StackTrace>    at System.Data.ProviderBase.DbConnectionPool.GetConnection(DbConnection owningObject)
   at System.Data.ProviderBase.DbConnectionFactory.GetConnection(DbConnection owningConnection)
   at System.Data.ProviderBase.DbConnectionClosed.OpenConnection(DbConnection outerConnection, DbConnectionFactory connectionFactory)
   at System.Data.SqlClient.SqlConnection.Open()
   at System.Data.EntityClient.EntityConnection.OpenStoreConnectionIf(Boolean openCondition, DbConnection storeConnectionToOpen, DbConnection originalConnection, String exceptionCode, String attemptedOperation, Boolean&amp; closeStoreConnectionOnFailure)
 --- End of inner exception stack trace ---
    at System.Data.EntityClient.EntityConnection.OpenStoreConnectionIf(Boolean openCondition, DbConnection storeConnectionToOpen, DbConnection originalConnection, String exceptionCode, String attemptedOperation, Boolean&amp; closeStoreConnectionOnFailure)
   at System.Data.EntityClient.EntityConnection.Open()
   at System.Data.Objects.ObjectContext.EnsureConnection()
   at System.Data.Objects.ObjectQuery`1.GetResults(Nullable`1 forMergeOption)
   at System.Data.Objects.ObjectQuery`1.System.Collections.Generic.IEnumerable&lt;T&gt;.GetEnumerator()
   at System.Linq.Enumerable.First[TSource](IEnumerable`1 source)
   at System.Data.Objects.ELinq.ObjectQueryProvider.&lt;GetElementFunction&gt;b__0[TResult](IEnumerable`1 sequence)
   at System.Data.Objects.ELinq.ObjectQueryProvider.ExecuteSingle[TResult](IEnumerable`1 query, Expression queryRoot)
   at System.Data.Objects.CompiledQuery.ExecuteQuery[TResult](ObjectContext context, Object[] parameterValues)
   at System.Data.Objects.CompiledQuery.Invoke[TArg0,TArg1,TArg2,TArg3,TResult](TArg0 arg0, TArg1 arg1, TArg2 arg2, TArg3 arg3)
   at EFPocoAdapter.FuncAdapter`5.Execute(EFPocoContext context, TArg1 arg1, TArg2 arg2, TArg3 arg3) in D:\Projects\Softserve\Fotogallery\DataAccessLayer\EFPocoAdapter\EFPocoAdapter\EFPocoCompiledQuery.cs:line 36
   at EFPocoAdapter.EFPocoCompiledQuery`5.Execute(TArg0 context, TArg1 arg1, TArg2 arg2, TArg3 arg3) in D:\Projects\Softserve\Fotogallery\DataAccessLayer\EFPocoAdapter\EFPocoAdapter\EFPocoCompiledQuery.cs:line 176
   at NorthwindEF.Tests.CompiledQueryTests.CompiledQueryTest3() in D:\Projects\Softserve\Fotogallery\DataAccessLayer\EFPocoAdapter\NorthwindEF.Tests\CompiledQueryTests.cs:line 64
</StackTrace>
        </ErrorInfo>
      </Output>
    </UnitTestResult>
    <UnitTestResult executionId="af946c34-c1e0-4230-b533-4f2add915499" testId="fa1a2292-0be0-c753-64c3-1a77380bb049" testName="SimpleContextInjection" computerName="PRIZRAK" duration="00:00:00.0423398" startTime="2011-03-20T22:07:56.7800464+02:00" endTime="2011-03-20T22:07:56.8370496+02:00" testType="13cdc9d9-ddb5-4fa4-a97d-d965ccfc6d4b" outcome="Failed" testListId="8c84fa94-04c1-424b-9868-57a2d4851a1d">
      <Output>
        <ErrorInfo>
          <Message>Test method NorthwindEF.Tests.ContextInjectionTests.SimpleContextInjection threw exception:  System.Data.EntityException: The underlying provider failed on Open. ---&gt;  System.Data.SqlClient.SqlException: Cannot open database "NorthwindEF" requested by the login. The login failed.
Login failed for user 'prizrak\korwin'..</Message>
          <StackTrace>    at System.Data.ProviderBase.DbConnectionPool.GetConnection(DbConnection owningObject)
   at System.Data.ProviderBase.DbConnectionFactory.GetConnection(DbConnection owningConnection)
   at System.Data.ProviderBase.DbConnectionClosed.OpenConnection(DbConnection outerConnection, DbConnectionFactory connectionFactory)
   at System.Data.SqlClient.SqlConnection.Open()
   at System.Data.EntityClient.EntityConnection.OpenStoreConnectionIf(Boolean openCondition, DbConnection storeConnectionToOpen, DbConnection originalConnection, String exceptionCode, String attemptedOperation, Boolean&amp; closeStoreConnectionOnFailure)
 --- End of inner exception stack trace ---
    at System.Data.EntityClient.EntityConnection.OpenStoreConnectionIf(Boolean openCondition, DbConnection storeConnectionToOpen, DbConnection originalConnection, String exceptionCode, String attemptedOperation, Boolean&amp; closeStoreConnectionOnFailure)
   at System.Data.EntityClient.EntityConnection.Open()
   at System.Data.Objects.ObjectContext.EnsureConnection()
   at System.Data.Objects.ObjectQuery`1.GetResults(Nullable`1 forMergeOption)
   at System.Data.Objects.ObjectQuery`1.System.Collections.Generic.IEnumerable&lt;T&gt;.GetEnumerator()
   at System.Data.Objects.ObjectQuery`1.GetEnumeratorInternal()
   at System.Data.Objects.ObjectQuery.System.Collections.IEnumerable.GetEnumerator()
   at System.Linq.Enumerable.&lt;CastIterator&gt;d__aa`1.MoveNext()
   at System.Linq.Enumerable.First[TSource](IEnumerable`1 source)
   at System.Data.Objects.ELinq.ObjectQueryProvider.&lt;GetElementFunction&gt;b__0[TResult](IEnumerable`1 sequence)
   at System.Data.Objects.ELinq.ObjectQueryProvider.ExecuteSingle[TResult](IEnumerable`1 query, Expression queryRoot)
   at System.Data.Objects.ELinq.ObjectQueryProvider.System.Linq.IQueryProvider.Execute(Expression expression)
   at EFPocoAdapter.EFPocoQueryProvider.Execute[TResult](Expression expression) in D:\Projects\Softserve\Fotogallery\DataAccessLayer\EFPocoAdapter\EFPocoAdapter\EFPocoQueryProvider.cs:line 47
   at System.Linq.Queryable.First[TSource](IQueryable`1 source)
   at NorthwindEF.Tests.ContextInjectionTests.SimpleContextInjection() in D:\Projects\Softserve\Fotogallery\DataAccessLayer\EFPocoAdapter\NorthwindEF.Tests\ContextInjectionTests.cs:line 25
</StackTrace>
        </ErrorInfo>
      </Output>
    </UnitTestResult>
    <UnitTestResult executionId="8e4dd5b6-c465-4211-95c9-8d44c516c773" testId="fb16c560-245f-8e00-9d6a-e7f528148668" testName="ContextInjectionWithInclude" computerName="PRIZRAK" duration="00:00:00.0429839" startTime="2011-03-20T22:07:56.8810521+02:00" endTime="2011-03-20T22:07:56.9300549+02:00" testType="13cdc9d9-ddb5-4fa4-a97d-d965ccfc6d4b" outcome="Failed" testListId="8c84fa94-04c1-424b-9868-57a2d4851a1d">
      <Output>
        <ErrorInfo>
          <Message>Test method NorthwindEF.Tests.ContextInjectionTests.ContextInjectionWithInclude threw exception:  System.Data.EntityException: The underlying provider failed on Open. ---&gt;  System.Data.SqlClient.SqlException: Cannot open database "NorthwindEF" requested by the login. The login failed.
Login failed for user 'prizrak\korwin'..</Message>
          <StackTrace>    at System.Data.ProviderBase.DbConnectionPool.GetConnection(DbConnection owningObject)
   at System.Data.ProviderBase.DbConnectionFactory.GetConnection(DbConnection owningConnection)
   at System.Data.ProviderBase.DbConnectionClosed.OpenConnection(DbConnection outerConnection, DbConnectionFactory connectionFactory)
   at System.Data.SqlClient.SqlConnection.Open()
   at System.Data.EntityClient.EntityConnection.OpenStoreConnectionIf(Boolean openCondition, DbConnection storeConnectionToOpen, DbConnection originalConnection, String exceptionCode, String attemptedOperation, Boolean&amp; closeStoreConnectionOnFailure)
 --- End of inner exception stack trace ---
    at System.Data.EntityClient.EntityConnection.OpenStoreConnectionIf(Boolean openCondition, DbConnection storeConnectionToOpen, DbConnection originalConnection, String exceptionCode, String attemptedOperation, Boolean&amp; closeStoreConnectionOnFailure)
   at System.Data.EntityClient.EntityConnection.Open()
   at System.Data.Objects.ObjectContext.EnsureConnection()
   at System.Data.Objects.ObjectQuery`1.GetResults(Nullable`1 forMergeOption)
   at System.Data.Objects.ObjectQuery`1.System.Collections.Generic.IEnumerable&lt;T&gt;.GetEnumerator()
   at System.Data.Objects.ObjectQuery`1.GetEnumeratorInternal()
   at System.Data.Objects.ObjectQuery.System.Collections.IEnumerable.GetEnumerator()
   at System.Linq.Enumerable.&lt;CastIterator&gt;d__aa`1.MoveNext()
   at System.Linq.Enumerable.First[TSource](IEnumerable`1 source)
   at System.Data.Objects.ELinq.ObjectQueryProvider.&lt;GetElementFunction&gt;b__0[TResult](IEnumerable`1 sequence)
   at System.Data.Objects.ELinq.ObjectQueryProvider.ExecuteSingle[TResult](IEnumerable`1 query, Expression queryRoot)
   at System.Data.Objects.ELinq.ObjectQueryProvider.System.Linq.IQueryProvider.Execute(Expression expression)
   at EFPocoAdapter.EFPocoQueryProvider.Execute[TResult](Expression expression) in D:\Projects\Softserve\Fotogallery\DataAccessLayer\EFPocoAdapter\EFPocoAdapter\EFPocoQueryProvider.cs:line 47
   at System.Linq.Queryable.First[TSource](IQueryable`1 source)
   at NorthwindEF.Tests.ContextInjectionTests.ContextInjectionWithInclude() in D:\Projects\Softserve\Fotogallery\DataAccessLayer\EFPocoAdapter\NorthwindEF.Tests\ContextInjectionTests.cs:line 35
</StackTrace>
        </ErrorInfo>
      </Output>
    </UnitTestResult>
    <UnitTestResult executionId="ff23b203-0d31-40f6-9d2e-c469ea7ff4ea" testId="24851d69-d75c-7093-c389-739172474de1" testName="ContextInjectionWithLoad" computerName="PRIZRAK" duration="00:00:00.0412915" startTime="2011-03-20T22:07:56.9430557+02:00" endTime="2011-03-20T22:07:57.0060593+02:00" testType="13cdc9d9-ddb5-4fa4-a97d-d965ccfc6d4b" outcome="Failed" testListId="8c84fa94-04c1-424b-9868-57a2d4851a1d">
      <Output>
        <ErrorInfo>
          <Message>Test method NorthwindEF.Tests.ContextInjectionTests.ContextInjectionWithLoad threw exception:  System.Data.EntityException: The underlying provider failed on Open. ---&gt;  System.Data.SqlClient.SqlException: Cannot open database "NorthwindEF" requested by the login. The login failed.
Login failed for user 'prizrak\korwin'..</Message>
          <StackTrace>    at System.Data.ProviderBase.DbConnectionPool.GetConnection(DbConnection owningObject)
   at System.Data.ProviderBase.DbConnectionFactory.GetConnection(DbConnection owningConnection)
   at System.Data.ProviderBase.DbConnectionClosed.OpenConnection(DbConnection outerConnection, DbConnectionFactory connectionFactory)
   at System.Data.SqlClient.SqlConnection.Open()
   at System.Data.EntityClient.EntityConnection.OpenStoreConnectionIf(Boolean openCondition, DbConnection storeConnectionToOpen, DbConnection originalConnection, String exceptionCode, String attemptedOperation, Boolean&amp; closeStoreConnectionOnFailure)
 --- End of inner exception stack trace ---
    at System.Data.EntityClient.EntityConnection.OpenStoreConnectionIf(Boolean openCondition, DbConnection storeConnectionToOpen, DbConnection originalConnection, String exceptionCode, String attemptedOperation, Boolean&amp; closeStoreConnectionOnFailure)
   at System.Data.EntityClient.EntityConnection.Open()
   at System.Data.Objects.ObjectContext.EnsureConnection()
   at System.Data.Objects.ObjectQuery`1.GetResults(Nullable`1 forMergeOption)
   at System.Data.Objects.ObjectQuery`1.System.Collections.Generic.IEnumerable&lt;T&gt;.GetEnumerator()
   at System.Data.Objects.ObjectQuery`1.GetEnumeratorInternal()
   at System.Data.Objects.ObjectQuery.System.Collections.IEnumerable.GetEnumerator()
   at System.Linq.Enumerable.&lt;CastIterator&gt;d__aa`1.MoveNext()
   at System.Linq.Enumerable.First[TSource](IEnumerable`1 source)
   at System.Data.Objects.ELinq.ObjectQueryProvider.&lt;GetElementFunction&gt;b__0[TResult](IEnumerable`1 sequence)
   at System.Data.Objects.ELinq.ObjectQueryProvider.ExecuteSingle[TResult](IEnumerable`1 query, Expression queryRoot)
   at System.Data.Objects.ELinq.ObjectQueryProvider.System.Linq.IQueryProvider.Execute(Expression expression)
   at EFPocoAdapter.EFPocoQueryProvider.Execute[TResult](Expression expression) in D:\Projects\Softserve\Fotogallery\DataAccessLayer\EFPocoAdapter\EFPocoAdapter\EFPocoQueryProvider.cs:line 47
   at System.Linq.Queryable.First[TSource](IQueryable`1 source)
   at NorthwindEF.Tests.ContextInjectionTests.ContextInjectionWithLoad() in D:\Projects\Softserve\Fotogallery\DataAccessLayer\EFPocoAdapter\NorthwindEF.Tests\ContextInjectionTests.cs:line 50
</StackTrace>
        </ErrorInfo>
      </Output>
    </UnitTestResult>
    <UnitTestResult executionId="8e661b88-aa49-4158-802f-211f4a2443e8" testId="433caed2-d6d4-07c1-25da-6427443148f6" testName="CRUD1" computerName="PRIZRAK" duration="00:00:00.0368776" startTime="2011-03-20T22:07:57.0430614+02:00" endTime="2011-03-20T22:07:57.0860639+02:00" testType="13cdc9d9-ddb5-4fa4-a97d-d965ccfc6d4b" outcome="Failed" testListId="8c84fa94-04c1-424b-9868-57a2d4851a1d">
      <Output>
        <ErrorInfo>
          <Message>Test method NorthwindEF.Tests.CRUDTests.CRUD1 threw exception:  System.Data.EntityException: The underlying provider failed on Open. ---&gt;  System.Data.SqlClient.SqlException: Cannot open database "NorthwindEF" requested by the login. The login failed.
Login failed for user 'prizrak\korwin'..</Message>
          <StackTrace>    at System.Data.ProviderBase.DbConnectionPool.GetConnection(DbConnection owningObject)
   at System.Data.ProviderBase.DbConnectionFactory.GetConnection(DbConnection owningConnection)
   at System.Data.ProviderBase.DbConnectionClosed.OpenConnection(DbConnection outerConnection, DbConnectionFactory connectionFactory)
   at System.Data.SqlClient.SqlConnection.Open()
   at System.Data.EntityClient.EntityConnection.OpenStoreConnectionIf(Boolean openCondition, DbConnection storeConnectionToOpen, DbConnection originalConnection, String exceptionCode, String attemptedOperation, Boolean&amp; closeStoreConnectionOnFailure)
 --- End of inner exception stack trace ---
    at System.Data.EntityClient.EntityConnection.OpenStoreConnectionIf(Boolean openCondition, DbConnection storeConnectionToOpen, DbConnection originalConnection, String exceptionCode, String attemptedOperation, Boolean&amp; closeStoreConnectionOnFailure)
   at System.Data.EntityClient.EntityConnection.Open()
   at NorthwindEF.Tests.CRUDTests.CRUD1() in D:\Projects\Softserve\Fotogallery\DataAccessLayer\EFPocoAdapter\NorthwindEF.Tests\CRUDTests.cs:line 30
</StackTrace>
        </ErrorInfo>
      </Output>
    </UnitTestResult>
    <UnitTestResult executionId="e0cc5ac3-d294-446e-8190-4854640c5cb1" testId="e9fc80f7-7a3f-5d49-0eb8-88837b346b7a" testName="CRUD2" computerName="PRIZRAK" duration="00:00:00.0369829" startTime="2011-03-20T22:07:57.1010647+02:00" endTime="2011-03-20T22:07:57.1440672+02:00" testType="13cdc9d9-ddb5-4fa4-a97d-d965ccfc6d4b" outcome="Failed" testListId="8c84fa94-04c1-424b-9868-57a2d4851a1d">
      <Output>
        <ErrorInfo>
          <Message>Test method NorthwindEF.Tests.CRUDTests.CRUD2 threw exception:  System.Data.EntityException: The underlying provider failed on Open. ---&gt;  System.Data.SqlClient.SqlException: Cannot open database "NorthwindEF" requested by the login. The login failed.
Login failed for user 'prizrak\korwin'..</Message>
          <StackTrace>    at System.Data.ProviderBase.DbConnectionPool.GetConnection(DbConnection owningObject)
   at System.Data.ProviderBase.DbConnectionFactory.GetConnection(DbConnection owningConnection)
   at System.Data.ProviderBase.DbConnectionClosed.OpenConnection(DbConnection outerConnection, DbConnectionFactory connectionFactory)
   at System.Data.SqlClient.SqlConnection.Open()
   at System.Data.EntityClient.EntityConnection.OpenStoreConnectionIf(Boolean openCondition, DbConnection storeConnectionToOpen, DbConnection originalConnection, String exceptionCode, String attemptedOperation, Boolean&amp; closeStoreConnectionOnFailure)
 --- End of inner exception stack trace ---
    at System.Data.EntityClient.EntityConnection.OpenStoreConnectionIf(Boolean openCondition, DbConnection storeConnectionToOpen, DbConnection originalConnection, String exceptionCode, String attemptedOperation, Boolean&amp; closeStoreConnectionOnFailure)
   at System.Data.EntityClient.EntityConnection.Open()
   at NorthwindEF.Tests.CRUDTests.CRUD2() in D:\Projects\Softserve\Fotogallery\DataAccessLayer\EFPocoAdapter\NorthwindEF.Tests\CRUDTests.cs:line 77
</StackTrace>
        </ErrorInfo>
      </Output>
    </UnitTestResult>
    <UnitTestResult executionId="d3455150-5fee-4de9-8838-404533c08a4e" testId="d85893db-8079-faa5-1ee1-78196f28c6e4" testName="ApplyPropertyChangesTest" computerName="PRIZRAK" duration="00:00:00.0308753" startTime="2011-03-20T22:07:57.1570679+02:00" endTime="2011-03-20T22:07:57.2150712+02:00" testType="13cdc9d9-ddb5-4fa4-a97d-d965ccfc6d4b" outcome="Failed" testListId="8c84fa94-04c1-424b-9868-57a2d4851a1d">
      <Output>
        <ErrorInfo>
          <Message>Test method NorthwindEF.Tests.DetachedTests.ApplyPropertyChangesTest threw exception:  System.Data.EntityException: The underlying provider failed on Open. ---&gt;  System.Data.SqlClient.SqlException: Cannot open database "NorthwindEF" requested by the login. The login failed.
Login failed for user 'prizrak\korwin'..</Message>
          <StackTrace>    at System.Data.ProviderBase.DbConnectionPool.GetConnection(DbConnection owningObject)
   at System.Data.ProviderBase.DbConnectionFactory.GetConnection(DbConnection owningConnection)
   at System.Data.ProviderBase.DbConnectionClosed.OpenConnection(DbConnection outerConnection, DbConnectionFactory connectionFactory)
   at System.Data.SqlClient.SqlConnection.Open()
   at System.Data.EntityClient.EntityConnection.OpenStoreConnectionIf(Boolean openCondition, DbConnection storeConnectionToOpen, DbConnection originalConnection, String exceptionCode, String attemptedOperation, Boolean&amp; closeStoreConnectionOnFailure)
 --- End of inner exception stack trace ---
    at System.Data.EntityClient.EntityConnection.OpenStoreConnectionIf(Boolean openCondition, DbConnection storeConnectionToOpen, DbConnection originalConnection, String exceptionCode, String attemptedOperation, Boolean&amp; closeStoreConnectionOnFailure)
   at System.Data.EntityClient.EntityConnection.Open()
   at NorthwindEF.Tests.DetachedTests.ApplyPropertyChangesTest() in D:\Projects\Softserve\Fotogallery\DataAccessLayer\EFPocoAdapter\NorthwindEF.Tests\DetachedTests.cs:line 33
</StackTrace>
        </ErrorInfo>
      </Output>
    </UnitTestResult>
    <UnitTestResult executionId="662246eb-fef8-4cc8-b9ca-458f06d481a9" testId="ff737d04-7dc5-8624-bfd3-52f0a45827e6" testName="CannotAttachProxyToMultipleActiveContextsTest" computerName="PRIZRAK" duration="00:00:00.0360321" startTime="2011-03-20T22:07:57.2300721+02:00" endTime="2011-03-20T22:07:57.2720745+02:00" testType="13cdc9d9-ddb5-4fa4-a97d-d965ccfc6d4b" outcome="Failed" testListId="8c84fa94-04c1-424b-9868-57a2d4851a1d">
      <Output>
        <ErrorInfo>
          <Message>Test method NorthwindEF.Tests.DetachedTests.CannotAttachProxyToMultipleActiveContextsTest threw exception System.Data.EntityException, but exception System.InvalidOperationException was expected. Exception message:  System.Data.EntityException: The underlying provider failed on Open. ---&gt;  System.Data.SqlClient.SqlException: Cannot open database "NorthwindEF" requested by the login. The login failed.
Login failed for user 'prizrak\korwin'.
</Message>
          <StackTrace>    at System.Data.ProviderBase.DbConnectionPool.GetConnection(DbConnection owningObject)
   at System.Data.ProviderBase.DbConnectionFactory.GetConnection(DbConnection owningConnection)
   at System.Data.ProviderBase.DbConnectionClosed.OpenConnection(DbConnection outerConnection, DbConnectionFactory connectionFactory)
   at System.Data.SqlClient.SqlConnection.Open()
   at System.Data.EntityClient.EntityConnection.OpenStoreConnectionIf(Boolean openCondition, DbConnection storeConnectionToOpen, DbConnection originalConnection, String exceptionCode, String attemptedOperation, Boolean&amp; closeStoreConnectionOnFailure)
 --- End of inner exception stack trace ---
    at System.Data.EntityClient.EntityConnection.OpenStoreConnectionIf(Boolean openCondition, DbConnection storeConnectionToOpen, DbConnection originalConnection, String exceptionCode, String attemptedOperation, Boolean&amp; closeStoreConnectionOnFailure)
   at System.Data.EntityClient.EntityConnection.Open()
   at System.Data.Objects.ObjectContext.EnsureConnection()
   at System.Data.Objects.ObjectQuery`1.GetResults(Nullable`1 forMergeOption)
   at System.Data.Objects.ObjectQuery`1.System.Collections.Generic.IEnumerable&lt;T&gt;.GetEnumerator()
   at System.Data.Objects.ObjectQuery`1.GetEnumeratorInternal()
   at System.Data.Objects.ObjectQuery.System.Collections.IEnumerable.GetEnumerator()
   at System.Linq.Enumerable.&lt;CastIterator&gt;d__aa`1.MoveNext()
   at System.Linq.Enumerable.First[TSource](IEnumerable`1 source)
   at System.Data.Objects.ELinq.ObjectQueryProvider.&lt;GetElementFunction&gt;b__0[TResult](IEnumerable`1 sequence)
   at System.Data.Objects.ELinq.ObjectQueryProvider.ExecuteSingle[TResult](IEnumerable`1 query, Expression queryRoot)
   at System.Data.Objects.ELinq.ObjectQueryProvider.System.Linq.IQueryProvider.Execute(Expression expression)
   at EFPocoAdapter.EFPocoQueryProvider.Execute[TResult](Expression expression) in D:\Projects\Softserve\Fotogallery\DataAccessLayer\EFPocoAdapter\EFPocoAdapter\EFPocoQueryProvider.cs:line 47
   at System.Linq.Queryable.First[TSource](IQueryable`1 source)
   at NorthwindEF.Tests.DetachedTests.CannotAttachProxyToMultipleActiveContextsTest() in D:\Projects\Softserve\Fotogallery\DataAccessLayer\EFPocoAdapter\NorthwindEF.Tests\DetachedTests.cs:line 80
</StackTrace>
        </ErrorInfo>
      </Output>
    </UnitTestResult>
    <UnitTestResult executionId="68d01a11-39f7-4878-ae80-f70b44f6455a" testId="873c1835-16aa-9876-4b64-6525c4b2bcea" testName="CanAttachDetachedProxyToMultipleActiveContextsTest" computerName="PRIZRAK" duration="00:00:00.0352924" startTime="2011-03-20T22:07:57.2860753+02:00" endTime="2011-03-20T22:07:57.3290778+02:00" testType="13cdc9d9-ddb5-4fa4-a97d-d965ccfc6d4b" outcome="Failed" testListId="8c84fa94-04c1-424b-9868-57a2d4851a1d">
      <Output>
        <ErrorInfo>
          <Message>Test method NorthwindEF.Tests.DetachedTests.CanAttachDetachedProxyToMultipleActiveContextsTest threw exception:  System.Data.EntityException: The underlying provider failed on Open. ---&gt;  System.Data.SqlClient.SqlException: Cannot open database "NorthwindEF" requested by the login. The login failed.
Login failed for user 'prizrak\korwin'..</Message>
          <StackTrace>    at System.Data.ProviderBase.DbConnectionPool.GetConnection(DbConnection owningObject)
   at System.Data.ProviderBase.DbConnectionFactory.GetConnection(DbConnection owningConnection)
   at System.Data.ProviderBase.DbConnectionClosed.OpenConnection(DbConnection outerConnection, DbConnectionFactory connectionFactory)
   at System.Data.SqlClient.SqlConnection.Open()
   at System.Data.EntityClient.EntityConnection.OpenStoreConnectionIf(Boolean openCondition, DbConnection storeConnectionToOpen, DbConnection originalConnection, String exceptionCode, String attemptedOperation, Boolean&amp; closeStoreConnectionOnFailure)
 --- End of inner exception stack trace ---
    at System.Data.EntityClient.EntityConnection.OpenStoreConnectionIf(Boolean openCondition, DbConnection storeConnectionToOpen, DbConnection originalConnection, String exceptionCode, String attemptedOperation, Boolean&amp; closeStoreConnectionOnFailure)
   at System.Data.EntityClient.EntityConnection.Open()
   at System.Data.Objects.ObjectContext.EnsureConnection()
   at System.Data.Objects.ObjectQuery`1.GetResults(Nullable`1 forMergeOption)
   at System.Data.Objects.ObjectQuery`1.System.Collections.Generic.IEnumerable&lt;T&gt;.GetEnumerator()
   at System.Data.Objects.ObjectQuery`1.GetEnumeratorInternal()
   at System.Data.Objects.ObjectQuery.System.Collections.IEnumerable.GetEnumerator()
   at System.Linq.Enumerable.&lt;CastIterator&gt;d__aa`1.MoveNext()
   at System.Linq.Enumerable.First[TSource](IEnumerable`1 source)
   at System.Data.Objects.ELinq.ObjectQueryProvider.&lt;GetElementFunction&gt;b__0[TResult](IEnumerable`1 sequence)
   at System.Data.Objects.ELinq.ObjectQueryProvider.ExecuteSingle[TResult](IEnumerable`1 query, Expression queryRoot)
   at System.Data.Objects.ELinq.ObjectQueryProvider.System.Linq.IQueryProvider.Execute(Expression expression)
   at EFPocoAdapter.EFPocoQueryProvider.Execute[TResult](Expression expression) in D:\Projects\Softserve\Fotogallery\DataAccessLayer\EFPocoAdapter\EFPocoAdapter\EFPocoQueryProvider.cs:line 47
   at System.Linq.Queryable.First[TSource](IQueryable`1 source)
   at NorthwindEF.Tests.DetachedTests.CanAttachDetachedProxyToMultipleActiveContextsTest() in D:\Projects\Softserve\Fotogallery\DataAccessLayer\EFPocoAdapter\NorthwindEF.Tests\DetachedTests.cs:line 97
</StackTrace>
        </ErrorInfo>
      </Output>
    </UnitTestResult>
    <UnitTestResult executionId="697af5b9-e53e-43e5-8247-0dfd11e3c1f1" testId="cead6da7-fafd-f526-1dd9-a36ca94d750e" testName="CanAttachProxyToAnotherContextTest" computerName="PRIZRAK" duration="00:00:00.0368789" startTime="2011-03-20T22:07:57.3430786+02:00" endTime="2011-03-20T22:07:57.3860810+02:00" testType="13cdc9d9-ddb5-4fa4-a97d-d965ccfc6d4b" outcome="Failed" testListId="8c84fa94-04c1-424b-9868-57a2d4851a1d">
      <Output>
        <ErrorInfo>
          <Message>Test method NorthwindEF.Tests.DetachedTests.CanAttachProxyToAnotherContextTest threw exception:  System.Data.EntityException: The underlying provider failed on Open. ---&gt;  System.Data.SqlClient.SqlException: Cannot open database "NorthwindEF" requested by the login. The login failed.
Login failed for user 'prizrak\korwin'..</Message>
          <StackTrace>    at System.Data.ProviderBase.DbConnectionPool.GetConnection(DbConnection owningObject)
   at System.Data.ProviderBase.DbConnectionFactory.GetConnection(DbConnection owningConnection)
   at System.Data.ProviderBase.DbConnectionClosed.OpenConnection(DbConnection outerConnection, DbConnectionFactory connectionFactory)
   at System.Data.SqlClient.SqlConnection.Open()
   at System.Data.EntityClient.EntityConnection.OpenStoreConnectionIf(Boolean openCondition, DbConnection storeConnectionToOpen, DbConnection originalConnection, String exceptionCode, String attemptedOperation, Boolean&amp; closeStoreConnectionOnFailure)
 --- End of inner exception stack trace ---
    at System.Data.EntityClient.EntityConnection.OpenStoreConnectionIf(Boolean openCondition, DbConnection storeConnectionToOpen, DbConnection originalConnection, String exceptionCode, String attemptedOperation, Boolean&amp; closeStoreConnectionOnFailure)
   at System.Data.EntityClient.EntityConnection.Open()
   at System.Data.Objects.ObjectContext.EnsureConnection()
   at System.Data.Objects.ObjectQuery`1.GetResults(Nullable`1 forMergeOption)
   at System.Data.Objects.ObjectQuery`1.System.Collections.Generic.IEnumerable&lt;T&gt;.GetEnumerator()
   at System.Data.Objects.ObjectQuery`1.GetEnumeratorInternal()
   at System.Data.Objects.ObjectQuery.System.Collections.IEnumerable.GetEnumerator()
   at System.Linq.Enumerable.&lt;CastIterator&gt;d__aa`1.MoveNext()
   at System.Linq.Enumerable.First[TSource](IEnumerable`1 source)
   at System.Data.Objects.ELinq.ObjectQueryProvider.&lt;GetElementFunction&gt;b__0[TResult](IEnumerable`1 sequence)
   at System.Data.Objects.ELinq.ObjectQueryProvider.ExecuteSingle[TResult](IEnumerable`1 query, Expression queryRoot)
   at System.Data.Objects.ELinq.ObjectQueryProvider.System.Linq.IQueryProvider.Execute(Expression expression)
   at EFPocoAdapter.EFPocoQueryProvider.Execute[TResult](Expression expression) in D:\Projects\Softserve\Fotogallery\DataAccessLayer\EFPocoAdapter\EFPocoAdapter\EFPocoQueryProvider.cs:line 47
   at System.Linq.Queryable.First[TSource](IQueryable`1 source)
   at NorthwindEF.Tests.DetachedTests.CanAttachProxyToAnotherContextTest() in D:\Projects\Softserve\Fotogallery\DataAccessLayer\EFPocoAdapter\NorthwindEF.Tests\DetachedTests.cs:line 115
</StackTrace>
        </ErrorInfo>
      </Output>
    </UnitTestResult>
    <UnitTestResult executionId="390acc29-e88e-4998-ad15-83546a71f46c" testId="79c5426e-3b56-d732-a601-68ab5de528b2" testName="CanAttachDetachedProxyToAnotherContextTest" computerName="PRIZRAK" duration="00:00:00.0356600" startTime="2011-03-20T22:07:57.4020819+02:00" endTime="2011-03-20T22:07:57.4450844+02:00" testType="13cdc9d9-ddb5-4fa4-a97d-d965ccfc6d4b" outcome="Failed" testListId="8c84fa94-04c1-424b-9868-57a2d4851a1d">
      <Output>
        <ErrorInfo>
          <Message>Test method NorthwindEF.Tests.DetachedTests.CanAttachDetachedProxyToAnotherContextTest threw exception:  System.Data.EntityException: The underlying provider failed on Open. ---&gt;  System.Data.SqlClient.SqlException: Cannot open database "NorthwindEF" requested by the login. The login failed.
Login failed for user 'prizrak\korwin'..</Message>
          <StackTrace>    at System.Data.ProviderBase.DbConnectionPool.GetConnection(DbConnection owningObject)
   at System.Data.ProviderBase.DbConnectionFactory.GetConnection(DbConnection owningConnection)
   at System.Data.ProviderBase.DbConnectionClosed.OpenConnection(DbConnection outerConnection, DbConnectionFactory connectionFactory)
   at System.Data.SqlClient.SqlConnection.Open()
   at System.Data.EntityClient.EntityConnection.OpenStoreConnectionIf(Boolean openCondition, DbConnection storeConnectionToOpen, DbConnection originalConnection, String exceptionCode, String attemptedOperation, Boolean&amp; closeStoreConnectionOnFailure)
 --- End of inner exception stack trace ---
    at System.Data.EntityClient.EntityConnection.OpenStoreConnectionIf(Boolean openCondition, DbConnection storeConnectionToOpen, DbConnection originalConnection, String exceptionCode, String attemptedOperation, Boolean&amp; closeStoreConnectionOnFailure)
   at System.Data.EntityClient.EntityConnection.Open()
   at System.Data.Objects.ObjectContext.EnsureConnection()
   at System.Data.Objects.ObjectQuery`1.GetResults(Nullable`1 forMergeOption)
   at System.Data.Objects.ObjectQuery`1.System.Collections.Generic.IEnumerable&lt;T&gt;.GetEnumerator()
   at System.Data.Objects.ObjectQuery`1.GetEnumeratorInternal()
   at System.Data.Objects.ObjectQuery.System.Collections.IEnumerable.GetEnumerator()
   at System.Linq.Enumerable.&lt;CastIterator&gt;d__aa`1.MoveNext()
   at System.Linq.Enumerable.First[TSource](IEnumerable`1 source)
   at System.Data.Objects.ELinq.ObjectQueryProvider.&lt;GetElementFunction&gt;b__0[TResult](IEnumerable`1 sequence)
   at System.Data.Objects.ELinq.ObjectQueryProvider.ExecuteSingle[TResult](IEnumerable`1 query, Expression queryRoot)
   at System.Data.Objects.ELinq.ObjectQueryProvider.System.Linq.IQueryProvider.Execute(Expression expression)
   at EFPocoAdapter.EFPocoQueryProvider.Execute[TResult](Expression expression) in D:\Projects\Softserve\Fotogallery\DataAccessLayer\EFPocoAdapter\EFPocoAdapter\EFPocoQueryProvider.cs:line 47
   at System.Linq.Queryable.First[TSource](IQueryable`1 source)
   at NorthwindEF.Tests.DetachedTests.CanAttachDetachedProxyToAnotherContextTest() in D:\Projects\Softserve\Fotogallery\DataAccessLayer\EFPocoAdapter\NorthwindEF.Tests\DetachedTests.cs:line 132
</StackTrace>
        </ErrorInfo>
      </Output>
    </UnitTestResult>
    <UnitTestResult executionId="e26cf557-c080-4526-be15-1f2aeb517eba" testId="318e275c-da32-5d4a-eaf3-1a93aaf20913" testName="CanAttachNonProxyToMultipleActiveContextsTest" computerName="PRIZRAK" duration="00:00:00.0348709" startTime="2011-03-20T22:07:57.4580851+02:00" endTime="2011-03-20T22:07:57.5220888+02:00" testType="13cdc9d9-ddb5-4fa4-a97d-d965ccfc6d4b" outcome="Failed" testListId="8c84fa94-04c1-424b-9868-57a2d4851a1d">
      <Output>
        <ErrorInfo>
          <Message>Test method NorthwindEF.Tests.DetachedTests.CanAttachNonProxyToMultipleActiveContextsTest threw exception:  System.Data.EntityException: The underlying provider failed on Open. ---&gt;  System.Data.SqlClient.SqlException: Cannot open database "NorthwindEF" requested by the login. The login failed.
Login failed for user 'prizrak\korwin'..</Message>
          <StackTrace>    at System.Data.ProviderBase.DbConnectionPool.GetConnection(DbConnection owningObject)
   at System.Data.ProviderBase.DbConnectionFactory.GetConnection(DbConnection owningConnection)
   at System.Data.ProviderBase.DbConnectionClosed.OpenConnection(DbConnection outerConnection, DbConnectionFactory connectionFactory)
   at System.Data.SqlClient.SqlConnection.Open()
   at System.Data.EntityClient.EntityConnection.OpenStoreConnectionIf(Boolean openCondition, DbConnection storeConnectionToOpen, DbConnection originalConnection, String exceptionCode, String attemptedOperation, Boolean&amp; closeStoreConnectionOnFailure)
 --- End of inner exception stack trace ---
    at System.Data.EntityClient.EntityConnection.OpenStoreConnectionIf(Boolean openCondition, DbConnection storeConnectionToOpen, DbConnection originalConnection, String exceptionCode, String attemptedOperation, Boolean&amp; closeStoreConnectionOnFailure)
   at System.Data.EntityClient.EntityConnection.Open()
   at System.Data.Objects.ObjectContext.EnsureConnection()
   at System.Data.Objects.ObjectQuery`1.GetResults(Nullable`1 forMergeOption)
   at System.Data.Objects.ObjectQuery`1.System.Collections.Generic.IEnumerable&lt;T&gt;.GetEnumerator()
   at System.Data.Objects.ObjectQuery`1.GetEnumeratorInternal()
   at System.Data.Objects.ObjectQuery.System.Collections.IEnumerable.GetEnumerator()
   at System.Linq.Enumerable.&lt;CastIterator&gt;d__aa`1.MoveNext()
   at System.Linq.Enumerable.First[TSource](IEnumerable`1 source)
   at System.Data.Objects.ELinq.ObjectQueryProvider.&lt;GetElementFunction&gt;b__0[TResult](IEnumerable`1 sequence)
   at System.Data.Objects.ELinq.ObjectQueryProvider.ExecuteSingle[TResult](IEnumerable`1 query, Expression queryRoot)
   at System.Data.Objects.ELinq.ObjectQueryProvider.System.Linq.IQueryProvider.Execute(Expression expression)
   at EFPocoAdapter.EFPocoQueryProvider.Execute[TResult](Expression expression) in D:\Projects\Softserve\Fotogallery\DataAccessLayer\EFPocoAdapter\EFPocoAdapter\EFPocoQueryProvider.cs:line 47
   at System.Linq.Queryable.First[TSource](IQueryable`1 source)
   at NorthwindEF.Tests.DetachedTests.CanAttachNonProxyToMultipleActiveContextsTest() in D:\Projects\Softserve\Fotogallery\DataAccessLayer\EFPocoAdapter\NorthwindEF.Tests\DetachedTests.cs:line 151
</StackTrace>
        </ErrorInfo>
      </Output>
    </UnitTestResult>
    <UnitTestResult executionId="4d84344a-efa4-4db9-ac04-5abe1a048c73" testId="500bfa84-af0d-b9cb-0f96-b239790b2af1" testName="CanAttachNonProxyToAnotherContextTest" computerName="PRIZRAK" duration="00:00:00.0361784" startTime="2011-03-20T22:07:57.5360896+02:00" endTime="2011-03-20T22:07:57.5790921+02:00" testType="13cdc9d9-ddb5-4fa4-a97d-d965ccfc6d4b" outcome="Failed" testListId="8c84fa94-04c1-424b-9868-57a2d4851a1d">
      <Output>
        <ErrorInfo>
          <Message>Test method NorthwindEF.Tests.DetachedTests.CanAttachNonProxyToAnotherContextTest threw exception:  System.Data.EntityException: The underlying provider failed on Open. ---&gt;  System.Data.SqlClient.SqlException: Cannot open database "NorthwindEF" requested by the login. The login failed.
Login failed for user 'prizrak\korwin'..</Message>
          <StackTrace>    at System.Data.ProviderBase.DbConnectionPool.GetConnection(DbConnection owningObject)
   at System.Data.ProviderBase.DbConnectionFactory.GetConnection(DbConnection owningConnection)
   at System.Data.ProviderBase.DbConnectionClosed.OpenConnection(DbConnection outerConnection, DbConnectionFactory connectionFactory)
   at System.Data.SqlClient.SqlConnection.Open()
   at System.Data.EntityClient.EntityConnection.OpenStoreConnectionIf(Boolean openCondition, DbConnection storeConnectionToOpen, DbConnection originalConnection, String exceptionCode, String attemptedOperation, Boolean&amp; closeStoreConnectionOnFailure)
 --- End of inner exception stack trace ---
    at System.Data.EntityClient.EntityConnection.OpenStoreConnectionIf(Boolean openCondition, DbConnection storeConnectionToOpen, DbConnection originalConnection, String exceptionCode, String attemptedOperation, Boolean&amp; closeStoreConnectionOnFailure)
   at System.Data.EntityClient.EntityConnection.Open()
   at System.Data.Objects.ObjectContext.EnsureConnection()
   at System.Data.Objects.ObjectQuery`1.GetResults(Nullable`1 forMergeOption)
   at System.Data.Objects.ObjectQuery`1.System.Collections.Generic.IEnumerable&lt;T&gt;.GetEnumerator()
   at System.Data.Objects.ObjectQuery`1.GetEnumeratorInternal()
   at System.Data.Objects.ObjectQuery.System.Collections.IEnumerable.GetEnumerator()
   at System.Linq.Enumerable.&lt;CastIterator&gt;d__aa`1.MoveNext()
   at System.Linq.Enumerable.First[TSource](IEnumerable`1 source)
   at System.Data.Objects.ELinq.ObjectQueryProvider.&lt;GetElementFunction&gt;b__0[TResult](IEnumerable`1 sequence)
   at System.Data.Objects.ELinq.ObjectQueryProvider.ExecuteSingle[TResult](IEnumerable`1 query, Expression queryRoot)
   at System.Data.Objects.ELinq.ObjectQueryProvider.System.Linq.IQueryProvider.Execute(Expression expression)
   at EFPocoAdapter.EFPocoQueryProvider.Execute[TResult](Expression expression) in D:\Projects\Softserve\Fotogallery\DataAccessLayer\EFPocoAdapter\EFPocoAdapter\EFPocoQueryProvider.cs:line 47
   at System.Linq.Queryable.First[TSource](IQueryable`1 source)
   at NorthwindEF.Tests.DetachedTests.CanAttachNonProxyToAnotherContextTest() in D:\Projects\Softserve\Fotogallery\DataAccessLayer\EFPocoAdapter\NorthwindEF.Tests\DetachedTests.cs:line 169
</StackTrace>
        </ErrorInfo>
      </Output>
    </UnitTestResult>
    <UnitTestResult executionId="c2268b3a-2236-494b-9e31-2a93f77fdc1d" testId="1dd0cc49-d99d-a1e2-5368-290230fe6a88" testName="TestLoadEditSaveChildObjectsWithoutWCFTransfer" computerName="PRIZRAK" duration="00:00:00.0464798" startTime="2011-03-20T22:07:57.6170942+02:00" endTime="2011-03-20T22:07:57.6720974+02:00" testType="13cdc9d9-ddb5-4fa4-a97d-d965ccfc6d4b" outcome="Failed" testListId="8c84fa94-04c1-424b-9868-57a2d4851a1d">
      <Output>
        <ErrorInfo>
          <Message>Test method NorthwindEF.Tests.DetachedTests.TestLoadEditSaveChildObjectsWithoutWCFTransfer threw exception:  System.Data.EntityException: The underlying provider failed on Open. ---&gt;  System.Data.SqlClient.SqlException: Cannot open database "NorthwindEF" requested by the login. The login failed.
Login failed for user 'prizrak\korwin'..</Message>
          <StackTrace>    at System.Data.ProviderBase.DbConnectionPool.GetConnection(DbConnection owningObject)
   at System.Data.ProviderBase.DbConnectionFactory.GetConnection(DbConnection owningConnection)
   at System.Data.ProviderBase.DbConnectionClosed.OpenConnection(DbConnection outerConnection, DbConnectionFactory connectionFactory)
   at System.Data.SqlClient.SqlConnection.Open()
   at System.Data.EntityClient.EntityConnection.OpenStoreConnectionIf(Boolean openCondition, DbConnection storeConnectionToOpen, DbConnection originalConnection, String exceptionCode, String attemptedOperation, Boolean&amp; closeStoreConnectionOnFailure)
 --- End of inner exception stack trace ---
    at System.Data.EntityClient.EntityConnection.OpenStoreConnectionIf(Boolean openCondition, DbConnection storeConnectionToOpen, DbConnection originalConnection, String exceptionCode, String attemptedOperation, Boolean&amp; closeStoreConnectionOnFailure)
   at System.Data.EntityClient.EntityConnection.Open()
   at System.Data.Objects.ObjectContext.EnsureConnection()
   at System.Data.Objects.ObjectQuery`1.GetResults(Nullable`1 forMergeOption)
   at System.Data.Objects.ObjectQuery`1.System.Collections.Generic.IEnumerable&lt;T&gt;.GetEnumerator()
   at System.Data.Objects.ObjectQuery`1.GetEnumeratorInternal()
   at System.Data.Objects.ObjectQuery.System.Collections.IEnumerable.GetEnumerator()
   at System.Linq.Enumerable.&lt;CastIterator&gt;d__aa`1.MoveNext()
   at System.Linq.Enumerable.First[TSource](IEnumerable`1 source)
   at System.Data.Objects.ELinq.ObjectQueryProvider.&lt;GetElementFunction&gt;b__0[TResult](IEnumerable`1 sequence)
   at System.Data.Objects.ELinq.ObjectQueryProvider.ExecuteSingle[TResult](IEnumerable`1 query, Expression queryRoot)
   at System.Data.Objects.ELinq.ObjectQueryProvider.System.Linq.IQueryProvider.Execute(Expression expression)
   at EFPocoAdapter.EFPocoQueryProvider.Execute[TResult](Expression expression) in D:\Projects\Softserve\Fotogallery\DataAccessLayer\EFPocoAdapter\EFPocoAdapter\EFPocoQueryProvider.cs:line 47
   at System.Linq.Queryable.First[TSource](IQueryable`1 source, Expression`1 predicate)
   at NorthwindEF.Tests.DetachedTests.TestLoadEditSaveChildObjectsWithoutWCFTransfer() in D:\Projects\Softserve\Fotogallery\DataAccessLayer\EFPocoAdapter\NorthwindEF.Tests\DetachedTests.cs:line 190
</StackTrace>
        </ErrorInfo>
      </Output>
    </UnitTestResult>
    <UnitTestResult executionId="0eb830a3-1668-4278-8bad-566f7e4bad11" testId="a61c9bf1-8f36-32c4-a778-e51644d0aff5" testName="EFPocoContextFactoryTest1" computerName="PRIZRAK" duration="00:00:00.0386817" startTime="2011-03-20T22:07:57.6890984+02:00" endTime="2011-03-20T22:07:57.7451016+02:00" testType="13cdc9d9-ddb5-4fa4-a97d-d965ccfc6d4b" outcome="Failed" testListId="8c84fa94-04c1-424b-9868-57a2d4851a1d">
      <Output>
        <ErrorInfo>
          <Message>Test method NorthwindEF.Tests.EFPocoContextFactoryTests.EFPocoContextFactoryTest1 threw exception:  System.Data.EntityException: The underlying provider failed on Open. ---&gt;  System.Data.SqlClient.SqlException: Cannot open database "NorthwindEF" requested by the login. The login failed.
Login failed for user 'prizrak\korwin'..</Message>
          <StackTrace>    at System.Data.ProviderBase.DbConnectionPool.GetConnection(DbConnection owningObject)
   at System.Data.ProviderBase.DbConnectionFactory.GetConnection(DbConnection owningConnection)
   at System.Data.ProviderBase.DbConnectionClosed.OpenConnection(DbConnection outerConnection, DbConnectionFactory connectionFactory)
   at System.Data.SqlClient.SqlConnection.Open()
   at System.Data.EntityClient.EntityConnection.OpenStoreConnectionIf(Boolean openCondition, DbConnection storeConnectionToOpen, DbConnection originalConnection, String exceptionCode, String attemptedOperation, Boolean&amp; closeStoreConnectionOnFailure)
 --- End of inner exception stack trace ---
    at System.Data.EntityClient.EntityConnection.OpenStoreConnectionIf(Boolean openCondition, DbConnection storeConnectionToOpen, DbConnection originalConnection, String exceptionCode, String attemptedOperation, Boolean&amp; closeStoreConnectionOnFailure)
   at System.Data.EntityClient.EntityConnection.Open()
   at System.Data.Objects.ObjectContext.EnsureConnection()
   at System.Data.Objects.ObjectQuery`1.GetResults(Nullable`1 forMergeOption)
   at System.Data.Objects.ObjectQuery`1.System.Collections.Generic.IEnumerable&lt;T&gt;.GetEnumerator()
   at System.Data.Objects.ObjectQuery`1.GetEnumeratorInternal()
   at System.Data.Objects.ObjectQuery.System.Collections.IEnumerable.GetEnumerator()
   at System.Linq.Enumerable.&lt;CastIterator&gt;d__aa`1.MoveNext()
   at System.Linq.Enumerable.First[TSource](IEnumerable`1 source)
   at System.Data.Objects.ELinq.ObjectQueryProvider.&lt;GetElementFunction&gt;b__0[TResult](IEnumerable`1 sequence)
   at System.Data.Objects.ELinq.ObjectQueryProvider.ExecuteSingle[TResult](IEnumerable`1 query, Expression queryRoot)
   at System.Data.Objects.ELinq.ObjectQueryProvider.System.Linq.IQueryProvider.Execute(Expression expression)
   at EFPocoAdapter.EFPocoQueryProvider.Execute[TResult](Expression expression) in D:\Projects\Softserve\Fotogallery\DataAccessLayer\EFPocoAdapter\EFPocoAdapter\EFPocoQueryProvider.cs:line 47
   at System.Linq.Queryable.First[TSource](IQueryable`1 source, Expression`1 predicate)
   at NorthwindEF.Tests.EFPocoContextFactoryTests.EFPocoContextFactoryTest1() in D:\Projects\Softserve\Fotogallery\DataAccessLayer\EFPocoAdapter\NorthwindEF.Tests\EFPocoContextFactoryTests.cs:line 45
</StackTrace>
        </ErrorInfo>
      </Output>
    </UnitTestResult>
    <UnitTestResult executionId="64bb773d-0b2e-44f0-ba3e-a9cfd663d880" testId="b10da09f-c43f-6dd6-5bea-01d77c30321a" testName="EFPocoContextFactoryTest2" computerName="PRIZRAK" duration="00:00:00.0386887" startTime="2011-03-20T22:07:57.7601024+02:00" endTime="2011-03-20T22:07:57.8051050+02:00" testType="13cdc9d9-ddb5-4fa4-a97d-d965ccfc6d4b" outcome="Failed" testListId="8c84fa94-04c1-424b-9868-57a2d4851a1d">
      <Output>
        <ErrorInfo>
          <Message>Test method NorthwindEF.Tests.EFPocoContextFactoryTests.EFPocoContextFactoryTest2 threw exception:  System.Data.EntityException: The underlying provider failed on Open. ---&gt;  System.Data.SqlClient.SqlException: Cannot open database "NorthwindEF" requested by the login. The login failed.
Login failed for user 'prizrak\korwin'..</Message>
          <StackTrace>    at System.Data.ProviderBase.DbConnectionPool.GetConnection(DbConnection owningObject)
   at System.Data.ProviderBase.DbConnectionFactory.GetConnection(DbConnection owningConnection)
   at System.Data.ProviderBase.DbConnectionClosed.OpenConnection(DbConnection outerConnection, DbConnectionFactory connectionFactory)
   at System.Data.SqlClient.SqlConnection.Open()
   at System.Data.EntityClient.EntityConnection.OpenStoreConnectionIf(Boolean openCondition, DbConnection storeConnectionToOpen, DbConnection originalConnection, String exceptionCode, String attemptedOperation, Boolean&amp; closeStoreConnectionOnFailure)
 --- End of inner exception stack trace ---
    at System.Data.EntityClient.EntityConnection.OpenStoreConnectionIf(Boolean openCondition, DbConnection storeConnectionToOpen, DbConnection originalConnection, String exceptionCode, String attemptedOperation, Boolean&amp; closeStoreConnectionOnFailure)
   at System.Data.EntityClient.EntityConnection.Open()
   at System.Data.Objects.ObjectContext.EnsureConnection()
   at System.Data.Objects.ObjectQuery`1.GetResults(Nullable`1 forMergeOption)
   at System.Data.Objects.ObjectQuery`1.System.Collections.Generic.IEnumerable&lt;T&gt;.GetEnumerator()
   at System.Data.Objects.ObjectQuery`1.GetEnumeratorInternal()
   at System.Data.Objects.ObjectQuery.System.Collections.IEnumerable.GetEnumerator()
   at System.Linq.Enumerable.&lt;CastIterator&gt;d__aa`1.MoveNext()
   at System.Linq.Enumerable.First[TSource](IEnumerable`1 source)
   at System.Data.Objects.ELinq.ObjectQueryProvider.&lt;GetElementFunction&gt;b__0[TResult](IEnumerable`1 sequence)
   at System.Data.Objects.ELinq.ObjectQueryProvider.ExecuteSingle[TResult](IEnumerable`1 query, Expression queryRoot)
   at System.Data.Objects.ELinq.ObjectQueryProvider.System.Linq.IQueryProvider.Execute(Expression expression)
   at EFPocoAdapter.EFPocoQueryProvider.Execute[TResult](Expression expression) in D:\Projects\Softserve\Fotogallery\DataAccessLayer\EFPocoAdapter\EFPocoAdapter\EFPocoQueryProvider.cs:line 47
   at System.Linq.Queryable.First[TSource](IQueryable`1 source, Expression`1 predicate)
   at NorthwindEF.Tests.EFPocoContextFactoryTests.EFPocoContextFactoryTest2() in D:\Projects\Softserve\Fotogallery\DataAccessLayer\EFPocoAdapter\NorthwindEF.Tests\EFPocoContextFactoryTests.cs:line 54
</StackTrace>
        </ErrorInfo>
      </Output>
    </UnitTestResult>
    <UnitTestResult executionId="9df9f3ce-5992-4807-bea5-9a66a4cb1c4b" testId="24f29ed2-452c-648b-dc3a-ee174e9f367b" testName="EFPocoContextFactoryTest3" computerName="PRIZRAK" duration="00:00:00.0403427" startTime="2011-03-20T22:07:57.8231060+02:00" endTime="2011-03-20T22:07:57.8691086+02:00" testType="13cdc9d9-ddb5-4fa4-a97d-d965ccfc6d4b" outcome="Failed" testListId="8c84fa94-04c1-424b-9868-57a2d4851a1d">
      <Output>
        <ErrorInfo>
          <Message>Test method NorthwindEF.Tests.EFPocoContextFactoryTests.EFPocoContextFactoryTest3 threw exception:  System.Data.EntityException: The underlying provider failed on Open. ---&gt;  System.Data.SqlClient.SqlException: Cannot open database "NorthwindEF" requested by the login. The login failed.
Login failed for user 'prizrak\korwin'..</Message>
          <StackTrace>    at System.Data.ProviderBase.DbConnectionPool.GetConnection(DbConnection owningObject)
   at System.Data.ProviderBase.DbConnectionFactory.GetConnection(DbConnection owningConnection)
   at System.Data.ProviderBase.DbConnectionClosed.OpenConnection(DbConnection outerConnection, DbConnectionFactory connectionFactory)
   at System.Data.SqlClient.SqlConnection.Open()
   at System.Data.EntityClient.EntityConnection.OpenStoreConnectionIf(Boolean openCondition, DbConnection storeConnectionToOpen, DbConnection originalConnection, String exceptionCode, String attemptedOperation, Boolean&amp; closeStoreConnectionOnFailure)
 --- End of inner exception stack trace ---
    at System.Data.EntityClient.EntityConnection.OpenStoreConnectionIf(Boolean openCondition, DbConnection storeConnectionToOpen, DbConnection originalConnection, String exceptionCode, String attemptedOperation, Boolean&amp; closeStoreConnectionOnFailure)
   at System.Data.EntityClient.EntityConnection.Open()
   at System.Data.Objects.ObjectContext.EnsureConnection()
   at System.Data.Objects.ObjectQuery`1.GetResults(Nullable`1 forMergeOption)
   at System.Data.Objects.ObjectQuery`1.System.Collections.Generic.IEnumerable&lt;T&gt;.GetEnumerator()
   at System.Data.Objects.ObjectQuery`1.GetEnumeratorInternal()
   at System.Data.Objects.ObjectQuery.System.Collections.IEnumerable.GetEnumerator()
   at System.Linq.Enumerable.&lt;CastIterator&gt;d__aa`1.MoveNext()
   at System.Linq.Enumerable.First[TSource](IEnumerable`1 source)
   at System.Data.Objects.ELinq.ObjectQueryProvider.&lt;GetElementFunction&gt;b__0[TResult](IEnumerable`1 sequence)
   at System.Data.Objects.ELinq.ObjectQueryProvider.ExecuteSingle[TResult](IEnumerable`1 query, Expression queryRoot)
   at System.Data.Objects.ELinq.ObjectQueryProvider.System.Linq.IQueryProvider.Execute(Expression expression)
   at EFPocoAdapter.EFPocoQueryProvider.Execute[TResult](Expression expression) in D:\Projects\Softserve\Fotogallery\DataAccessLayer\EFPocoAdapter\EFPocoAdapter\EFPocoQueryProvider.cs:line 47
   at System.Linq.Queryable.First[TSource](IQueryable`1 source, Expression`1 predicate)
   at NorthwindEF.Tests.EFPocoContextFactoryTests.EFPocoContextFactoryTest3() in D:\Projects\Softserve\Fotogallery\DataAccessLayer\EFPocoAdapter\NorthwindEF.Tests\EFPocoContextFactoryTests.cs:line 65
</StackTrace>
        </ErrorInfo>
      </Output>
    </UnitTestResult>
    <UnitTestResult executionId="23c723df-5390-4c1a-969c-fd3403a6aec6" testId="89297101-f5c6-b15a-d177-a75805fe2c10" testName="EFPocoContextFactoryTest4" computerName="PRIZRAK" duration="00:00:00.0399898" startTime="2011-03-20T22:07:57.8861096+02:00" endTime="2011-03-20T22:07:57.9321123+02:00" testType="13cdc9d9-ddb5-4fa4-a97d-d965ccfc6d4b" outcome="Failed" testListId="8c84fa94-04c1-424b-9868-57a2d4851a1d">
      <Output>
        <ErrorInfo>
          <Message>Test method NorthwindEF.Tests.EFPocoContextFactoryTests.EFPocoContextFactoryTest4 threw exception:  System.Data.EntityException: The underlying provider failed on Open. ---&gt;  System.Data.SqlClient.SqlException: Cannot open database "NorthwindEF" requested by the login. The login failed.
Login failed for user 'prizrak\korwin'..</Message>
          <StackTrace>    at System.Data.ProviderBase.DbConnectionPool.GetConnection(DbConnection owningObject)
   at System.Data.ProviderBase.DbConnectionFactory.GetConnection(DbConnection owningConnection)
   at System.Data.ProviderBase.DbConnectionClosed.OpenConnection(DbConnection outerConnection, DbConnectionFactory connectionFactory)
   at System.Data.SqlClient.SqlConnection.Open()
   at System.Data.EntityClient.EntityConnection.OpenStoreConnectionIf(Boolean openCondition, DbConnection storeConnectionToOpen, DbConnection originalConnection, String exceptionCode, String attemptedOperation, Boolean&amp; closeStoreConnectionOnFailure)
 --- End of inner exception stack trace ---
    at System.Data.EntityClient.EntityConnection.OpenStoreConnectionIf(Boolean openCondition, DbConnection storeConnectionToOpen, DbConnection originalConnection, String exceptionCode, String attemptedOperation, Boolean&amp; closeStoreConnectionOnFailure)
   at System.Data.EntityClient.EntityConnection.Open()
   at System.Data.Objects.ObjectContext.EnsureConnection()
   at System.Data.Objects.ObjectQuery`1.GetResults(Nullable`1 forMergeOption)
   at System.Data.Objects.ObjectQuery`1.System.Collections.Generic.IEnumerable&lt;T&gt;.GetEnumerator()
   at System.Data.Objects.ObjectQuery`1.GetEnumeratorInternal()
   at System.Data.Objects.ObjectQuery.System.Collections.IEnumerable.GetEnumerator()
   at System.Linq.Enumerable.&lt;CastIterator&gt;d__aa`1.MoveNext()
   at System.Linq.Enumerable.First[TSource](IEnumerable`1 source)
   at System.Data.Objects.ELinq.ObjectQueryProvider.&lt;GetElementFunction&gt;b__0[TResult](IEnumerable`1 sequence)
   at System.Data.Objects.ELinq.ObjectQueryProvider.ExecuteSingle[TResult](IEnumerable`1 query, Expression queryRoot)
   at System.Data.Objects.ELinq.ObjectQueryProvider.System.Linq.IQueryProvider.Execute(Expression expression)
   at EFPocoAdapter.EFPocoQueryProvider.Execute[TResult](Expression expression) in D:\Projects\Softserve\Fotogallery\DataAccessLayer\EFPocoAdapter\EFPocoAdapter\EFPocoQueryProvider.cs:line 47
   at System.Linq.Queryable.First[TSource](IQueryable`1 source, Expression`1 predicate)
   at NorthwindEF.Tests.EFPocoContextFactoryTests.EFPocoContextFactoryTest4() in D:\Projects\Softserve\Fotogallery\DataAccessLayer\EFPocoAdapter\NorthwindEF.Tests\EFPocoContextFactoryTests.cs:line 77
</StackTrace>
        </ErrorInfo>
      </Output>
    </UnitTestResult>
    <UnitTestResult executionId="6efd074f-8e64-4101-9b6d-b20a987a8fee" testId="1da35ad4-54d7-6a87-7c6a-5c4f6d1415e3" testName="SelectAll" computerName="PRIZRAK" duration="00:00:00.0366903" startTime="2011-03-20T22:07:57.9481132+02:00" endTime="2011-03-20T22:07:57.9911156+02:00" testType="13cdc9d9-ddb5-4fa4-a97d-d965ccfc6d4b" outcome="Failed" testListId="8c84fa94-04c1-424b-9868-57a2d4851a1d">
      <Output>
        <ErrorInfo>
          <Message>Test method NorthwindEF.Tests.EntitySetTests.SelectAll threw exception:  System.Data.EntityException: The underlying provider failed on Open. ---&gt;  System.Data.SqlClient.SqlException: Cannot open database "NorthwindEF" requested by the login. The login failed.
Login failed for user 'prizrak\korwin'..</Message>
          <StackTrace>    at System.Data.ProviderBase.DbConnectionPool.GetConnection(DbConnection owningObject)
   at System.Data.ProviderBase.DbConnectionFactory.GetConnection(DbConnection owningConnection)
   at System.Data.ProviderBase.DbConnectionClosed.OpenConnection(DbConnection outerConnection, DbConnectionFactory connectionFactory)
   at System.Data.SqlClient.SqlConnection.Open()
   at System.Data.EntityClient.EntityConnection.OpenStoreConnectionIf(Boolean openCondition, DbConnection storeConnectionToOpen, DbConnection originalConnection, String exceptionCode, String attemptedOperation, Boolean&amp; closeStoreConnectionOnFailure)
 --- End of inner exception stack trace ---
    at System.Data.EntityClient.EntityConnection.OpenStoreConnectionIf(Boolean openCondition, DbConnection storeConnectionToOpen, DbConnection originalConnection, String exceptionCode, String attemptedOperation, Boolean&amp; closeStoreConnectionOnFailure)
   at System.Data.EntityClient.EntityConnection.Open()
   at System.Data.Objects.ObjectContext.EnsureConnection()
   at System.Data.Objects.ObjectQuery`1.GetResults(Nullable`1 forMergeOption)
   at System.Data.Objects.ObjectQuery`1.System.Collections.Generic.IEnumerable&lt;T&gt;.GetEnumerator()
   at EFPocoAdapter.Internal.QueryTranslator.EnumeratorConverter`2.&lt;Convert&gt;d__f.MoveNext() in D:\Projects\Softserve\Fotogallery\DataAccessLayer\EFPocoAdapter\EFPocoAdapter\Internal\QueryTranslator.cs:line 61
   at System.Linq.Buffer`1..ctor(IEnumerable`1 source)
   at System.Linq.Enumerable.ToArray[TSource](IEnumerable`1 source)
   at NorthwindEF.Tests.EntitySetTests.SelectAll() in D:\Projects\Softserve\Fotogallery\DataAccessLayer\EFPocoAdapter\NorthwindEF.Tests\EntitySetTests.cs:line 29
</StackTrace>
        </ErrorInfo>
      </Output>
    </UnitTestResult>
    <UnitTestResult executionId="4cb73030-36ab-4451-87de-81efb90c6129" testId="c87c3d6f-31a2-c6a1-0e47-823be60a057f" testName="TouchAllMembers" computerName="PRIZRAK" duration="00:00:00.0415109" startTime="2011-03-20T22:07:58.0051164+02:00" endTime="2011-03-20T22:07:58.0551193+02:00" testType="13cdc9d9-ddb5-4fa4-a97d-d965ccfc6d4b" outcome="Failed" testListId="8c84fa94-04c1-424b-9868-57a2d4851a1d">
      <Output>
        <StdOut>Touching Categories</StdOut>
        <ErrorInfo>
          <Message>Test method NorthwindEF.Tests.EntitySetTests.TouchAllMembers threw exception:  System.Data.EntityException: The underlying provider failed on Open. ---&gt;  System.Data.SqlClient.SqlException: Cannot open database "NorthwindEF" requested by the login. The login failed.
Login failed for user 'prizrak\korwin'..</Message>
          <StackTrace>    at System.Data.ProviderBase.DbConnectionPool.GetConnection(DbConnection owningObject)
   at System.Data.ProviderBase.DbConnectionFactory.GetConnection(DbConnection owningConnection)
   at System.Data.ProviderBase.DbConnectionClosed.OpenConnection(DbConnection outerConnection, DbConnectionFactory connectionFactory)
   at System.Data.SqlClient.SqlConnection.Open()
   at System.Data.EntityClient.EntityConnection.OpenStoreConnectionIf(Boolean openCondition, DbConnection storeConnectionToOpen, DbConnection originalConnection, String exceptionCode, String attemptedOperation, Boolean&amp; closeStoreConnectionOnFailure)
 --- End of inner exception stack trace ---
    at System.Data.EntityClient.EntityConnection.OpenStoreConnectionIf(Boolean openCondition, DbConnection storeConnectionToOpen, DbConnection originalConnection, String exceptionCode, String attemptedOperation, Boolean&amp; closeStoreConnectionOnFailure)
   at System.Data.EntityClient.EntityConnection.Open()
   at System.Data.Objects.ObjectContext.EnsureConnection()
   at System.Data.Objects.ObjectQuery`1.GetResults(Nullable`1 forMergeOption)
   at System.Data.Objects.ObjectQuery`1.System.Collections.Generic.IEnumerable&lt;T&gt;.GetEnumerator()
   at EFPocoAdapter.Internal.QueryTranslator.EnumeratorConverter`2.&lt;Convert&gt;d__f.MoveNext() in D:\Projects\Softserve\Fotogallery\DataAccessLayer\EFPocoAdapter\EFPocoAdapter\Internal\QueryTranslator.cs:line 61
   at System.Linq.Buffer`1..ctor(IEnumerable`1 source)
   at System.Linq.Enumerable.ToArray[TSource](IEnumerable`1 source)
   at NorthwindEF.Tests.EntitySetTests.TouchAllMembers[T](IEnumerable`1 q) in D:\Projects\Softserve\Fotogallery\DataAccessLayer\EFPocoAdapter\NorthwindEF.Tests\EntitySetTests.cs:line 58
   at NorthwindEF.Tests.EntitySetTests.TouchAllMembers() in D:\Projects\Softserve\Fotogallery\DataAccessLayer\EFPocoAdapter\NorthwindEF.Tests\EntitySetTests.cs:line 76
</StackTrace>
        </ErrorInfo>
      </Output>
    </UnitTestResult>
    <UnitTestResult executionId="86ebe912-c64f-4ffe-b02c-7f6eab5847f2" testId="97ec2f4f-44f4-7cb1-66dd-78cfa686cc23" testName="AddNewMemberTests" computerName="PRIZRAK" duration="00:00:00.0293773" startTime="2011-03-20T22:07:58.0691201+02:00" endTime="2011-03-20T22:07:58.1041221+02:00" testType="13cdc9d9-ddb5-4fa4-a97d-d965ccfc6d4b" outcome="Failed" testListId="8c84fa94-04c1-424b-9868-57a2d4851a1d">
      <Output>
        <ErrorInfo>
          <Message>Test method NorthwindEF.Tests.EntitySetTests.AddNewMemberTests threw exception:  System.Data.EntityException: The underlying provider failed on Open. ---&gt;  System.Data.SqlClient.SqlException: Cannot open database "NorthwindEF" requested by the login. The login failed.
Login failed for user 'prizrak\korwin'..</Message>
          <StackTrace>    at System.Data.ProviderBase.DbConnectionPool.GetConnection(DbConnection owningObject)
   at System.Data.ProviderBase.DbConnectionFactory.GetConnection(DbConnection owningConnection)
   at System.Data.ProviderBase.DbConnectionClosed.OpenConnection(DbConnection outerConnection, DbConnectionFactory connectionFactory)
   at System.Data.SqlClient.SqlConnection.Open()
   at System.Data.EntityClient.EntityConnection.OpenStoreConnectionIf(Boolean openCondition, DbConnection storeConnectionToOpen, DbConnection originalConnection, String exceptionCode, String attemptedOperation, Boolean&amp; closeStoreConnectionOnFailure)
 --- End of inner exception stack trace ---
    at System.Data.EntityClient.EntityConnection.OpenStoreConnectionIf(Boolean openCondition, DbConnection storeConnectionToOpen, DbConnection originalConnection, String exceptionCode, String attemptedOperation, Boolean&amp; closeStoreConnectionOnFailure)
   at System.Data.EntityClient.EntityConnection.Open()
   at NorthwindEF.Tests.EntitySetTests.AddNewMemberTests() in D:\Projects\Softserve\Fotogallery\DataAccessLayer\EFPocoAdapter\NorthwindEF.Tests\EntitySetTests.cs:line 108
</StackTrace>
        </ErrorInfo>
      </Output>
    </UnitTestResult>
    <UnitTestResult executionId="5d475d28-bfd4-4091-a1e3-1c2f0ed36b2c" testId="f682572f-3b5a-5971-c419-5fbfb86b883b" testName="CategoriesTest" computerName="PRIZRAK" duration="00:00:00.0382101" startTime="2011-03-20T22:07:58.1191229+02:00" endTime="2011-03-20T22:07:58.1661256+02:00" testType="13cdc9d9-ddb5-4fa4-a97d-d965ccfc6d4b" outcome="Failed" testListId="8c84fa94-04c1-424b-9868-57a2d4851a1d">
      <Output>
        <ErrorInfo>
          <Message>Test method NorthwindEF.Tests.EntitySetTests.CategoriesTest threw exception:  System.Data.EntityException: The underlying provider failed on Open. ---&gt;  System.Data.SqlClient.SqlException: Cannot open database "NorthwindEF" requested by the login. The login failed.
Login failed for user 'prizrak\korwin'..</Message>
          <StackTrace>    at System.Data.ProviderBase.DbConnectionPool.GetConnection(DbConnection owningObject)
   at System.Data.ProviderBase.DbConnectionFactory.GetConnection(DbConnection owningConnection)
   at System.Data.ProviderBase.DbConnectionClosed.OpenConnection(DbConnection outerConnection, DbConnectionFactory connectionFactory)
   at System.Data.SqlClient.SqlConnection.Open()
   at System.Data.EntityClient.EntityConnection.OpenStoreConnectionIf(Boolean openCondition, DbConnection storeConnectionToOpen, DbConnection originalConnection, String exceptionCode, String attemptedOperation, Boolean&amp; closeStoreConnectionOnFailure)
 --- End of inner exception stack trace ---
    at System.Data.EntityClient.EntityConnection.OpenStoreConnectionIf(Boolean openCondition, DbConnection storeConnectionToOpen, DbConnection originalConnection, String exceptionCode, String attemptedOperation, Boolean&amp; closeStoreConnectionOnFailure)
   at System.Data.EntityClient.EntityConnection.Open()
   at System.Data.Objects.ObjectContext.EnsureConnection()
   at System.Data.Objects.ObjectQuery`1.GetResults(Nullable`1 forMergeOption)
   at System.Data.Objects.ObjectQuery`1.System.Collections.Generic.IEnumerable&lt;T&gt;.GetEnumerator()
   at System.Data.Objects.ObjectQuery`1.GetEnumeratorInternal()
   at System.Data.Objects.ObjectQuery.System.Collections.IEnumerable.GetEnumerator()
   at System.Linq.Enumerable.&lt;CastIterator&gt;d__aa`1.MoveNext()
   at System.Linq.Enumerable.First[TSource](IEnumerable`1 source)
   at System.Data.Objects.ELinq.ObjectQueryProvider.&lt;GetElementFunction&gt;b__0[TResult](IEnumerable`1 sequence)
   at System.Data.Objects.ELinq.ObjectQueryProvider.ExecuteSingle[TResult](IEnumerable`1 query, Expression queryRoot)
   at System.Data.Objects.ELinq.ObjectQueryProvider.System.Linq.IQueryProvider.Execute(Expression expression)
   at EFPocoAdapter.EFPocoQueryProvider.Execute[TResult](Expression expression) in D:\Projects\Softserve\Fotogallery\DataAccessLayer\EFPocoAdapter\EFPocoAdapter\EFPocoQueryProvider.cs:line 47
   at System.Linq.Queryable.First[TSource](IQueryable`1 source, Expression`1 predicate)
   at NorthwindEF.Tests.EntitySetTests.CategoriesTest() in D:\Projects\Softserve\Fotogallery\DataAccessLayer\EFPocoAdapter\NorthwindEF.Tests\EntitySetTests.cs:line 132
</StackTrace>
        </ErrorInfo>
      </Output>
    </UnitTestResult>
    <UnitTestResult executionId="c85c9ff9-d74d-4deb-83e2-c25c63a9e6e3" testId="93c4e9cd-1724-6e0a-552e-a2b71196e6be" testName="ProductsTest" computerName="PRIZRAK" duration="00:00:00.0579090" startTime="2011-03-20T22:07:58.1791264+02:00" endTime="2011-03-20T22:07:58.2451302+02:00" testType="13cdc9d9-ddb5-4fa4-a97d-d965ccfc6d4b" outcome="Failed" testListId="8c84fa94-04c1-424b-9868-57a2d4851a1d">
      <Output>
        <ErrorInfo>
          <Message>Test method NorthwindEF.Tests.EntitySetTests.ProductsTest threw exception:  System.Data.EntityException: The underlying provider failed on Open. ---&gt;  System.Data.SqlClient.SqlException: Cannot open database "NorthwindEF" requested by the login. The login failed.
Login failed for user 'prizrak\korwin'..</Message>
          <StackTrace>    at System.Data.ProviderBase.DbConnectionPool.GetConnection(DbConnection owningObject)
   at System.Data.ProviderBase.DbConnectionFactory.GetConnection(DbConnection owningConnection)
   at System.Data.ProviderBase.DbConnectionClosed.OpenConnection(DbConnection outerConnection, DbConnectionFactory connectionFactory)
   at System.Data.SqlClient.SqlConnection.Open()
   at System.Data.EntityClient.EntityConnection.OpenStoreConnectionIf(Boolean openCondition, DbConnection storeConnectionToOpen, DbConnection originalConnection, String exceptionCode, String attemptedOperation, Boolean&amp; closeStoreConnectionOnFailure)
 --- End of inner exception stack trace ---
    at System.Data.EntityClient.EntityConnection.OpenStoreConnectionIf(Boolean openCondition, DbConnection storeConnectionToOpen, DbConnection originalConnection, String exceptionCode, String attemptedOperation, Boolean&amp; closeStoreConnectionOnFailure)
   at System.Data.EntityClient.EntityConnection.Open()
   at System.Data.Objects.ObjectContext.EnsureConnection()
   at System.Data.Objects.ObjectQuery`1.GetResults(Nullable`1 forMergeOption)
   at System.Data.Objects.ObjectQuery`1.System.Collections.Generic.IEnumerable&lt;T&gt;.GetEnumerator()
   at System.Data.Objects.ObjectQuery`1.GetEnumeratorInternal()
   at System.Data.Objects.ObjectQuery.System.Collections.IEnumerable.GetEnumerator()
   at System.Linq.Enumerable.&lt;CastIterator&gt;d__aa`1.MoveNext()
   at System.Linq.Enumerable.First[TSource](IEnumerable`1 source)
   at System.Data.Objects.ELinq.ObjectQueryProvider.&lt;GetElementFunction&gt;b__0[TResult](IEnumerable`1 sequence)
   at System.Data.Objects.ELinq.ObjectQueryProvider.ExecuteSingle[TResult](IEnumerable`1 query, Expression queryRoot)
   at System.Data.Objects.ELinq.ObjectQueryProvider.System.Linq.IQueryProvider.Execute(Expression expression)
   at EFPocoAdapter.EFPocoQueryProvider.Execute[TResult](Expression expression) in D:\Projects\Softserve\Fotogallery\DataAccessLayer\EFPocoAdapter\EFPocoAdapter\EFPocoQueryProvider.cs:line 47
   at System.Linq.Queryable.First[TSource](IQueryable`1 source, Expression`1 predicate)
   at NorthwindEF.Tests.EntitySetTests.ProductsTest() in D:\Projects\Softserve\Fotogallery\DataAccessLayer\EFPocoAdapter\NorthwindEF.Tests\EntitySetTests.cs:line 146
</StackTrace>
        </ErrorInfo>
      </Output>
    </UnitTestResult>
    <UnitTestResult executionId="f5e92acb-589e-4a2a-a741-22eed19715b4" testId="f56e0139-5ff0-7ddb-3d5a-6da63eafee08" testName="AttachTest" computerName="PRIZRAK" duration="00:00:00.0926895" startTime="2011-03-20T22:07:58.2611311+02:00" endTime="2011-03-20T22:07:58.3631369+02:00" testType="13cdc9d9-ddb5-4fa4-a97d-d965ccfc6d4b" outcome="Failed" testListId="8c84fa94-04c1-424b-9868-57a2d4851a1d">
      <Output>
        <ErrorInfo>
          <Message>Test method NorthwindEF.Tests.EntitySetTests.AttachTest threw exception:  System.Data.EntityException: The underlying provider failed on Open. ---&gt;  System.Data.SqlClient.SqlException: Cannot open database "NorthwindEF" requested by the login. The login failed.
Login failed for user 'prizrak\korwin'..</Message>
          <StackTrace>    at System.Data.ProviderBase.DbConnectionPool.GetConnection(DbConnection owningObject)
   at System.Data.ProviderBase.DbConnectionFactory.GetConnection(DbConnection owningConnection)
   at System.Data.ProviderBase.DbConnectionClosed.OpenConnection(DbConnection outerConnection, DbConnectionFactory connectionFactory)
   at System.Data.SqlClient.SqlConnection.Open()
   at System.Data.EntityClient.EntityConnection.OpenStoreConnectionIf(Boolean openCondition, DbConnection storeConnectionToOpen, DbConnection originalConnection, String exceptionCode, String attemptedOperation, Boolean&amp; closeStoreConnectionOnFailure)
 --- End of inner exception stack trace ---
    at System.Data.EntityClient.EntityConnection.OpenStoreConnectionIf(Boolean openCondition, DbConnection storeConnectionToOpen, DbConnection originalConnection, String exceptionCode, String attemptedOperation, Boolean&amp; closeStoreConnectionOnFailure)
   at System.Data.EntityClient.EntityConnection.Open()
   at System.Data.Objects.ObjectContext.EnsureConnection()
   at System.Data.Objects.ObjectQuery`1.GetResults(Nullable`1 forMergeOption)
   at System.Data.Objects.ObjectQuery`1.System.Collections.Generic.IEnumerable&lt;T&gt;.GetEnumerator()
   at System.Data.Objects.ObjectQuery`1.GetEnumeratorInternal()
   at System.Data.Objects.ObjectQuery.System.Collections.IEnumerable.GetEnumerator()
   at System.Linq.Enumerable.&lt;CastIterator&gt;d__aa`1.MoveNext()
   at System.Linq.Enumerable.First[TSource](IEnumerable`1 source)
   at System.Data.Objects.ELinq.ObjectQueryProvider.&lt;GetElementFunction&gt;b__0[TResult](IEnumerable`1 sequence)
   at System.Data.Objects.ELinq.ObjectQueryProvider.ExecuteSingle[TResult](IEnumerable`1 query, Expression queryRoot)
   at System.Data.Objects.ELinq.ObjectQueryProvider.System.Linq.IQueryProvider.Execute(Expression expression)
   at EFPocoAdapter.EFPocoQueryProvider.Execute[TResult](Expression expression) in D:\Projects\Softserve\Fotogallery\DataAccessLayer\EFPocoAdapter\EFPocoAdapter\EFPocoQueryProvider.cs:line 47
   at System.Linq.Queryable.First[TSource](IQueryable`1 source, Expression`1 predicate)
   at NorthwindEF.Tests.EntitySetTests.AttachTest() in D:\Projects\Softserve\Fotogallery\DataAccessLayer\EFPocoAdapter\NorthwindEF.Tests\EntitySetTests.cs:line 165
</StackTrace>
        </ErrorInfo>
      </Output>
    </UnitTestResult>
    <UnitTestResult executionId="8e6758bf-f04f-4c9a-8665-97a3fc8f0a93" testId="5448f4be-9ad2-087b-eae6-367addc3505d" testName="AttachTest2" computerName="PRIZRAK" duration="00:00:00.0657975" startTime="2011-03-20T22:07:58.3811379+02:00" endTime="2011-03-20T22:07:58.4641427+02:00" testType="13cdc9d9-ddb5-4fa4-a97d-d965ccfc6d4b" outcome="Failed" testListId="8c84fa94-04c1-424b-9868-57a2d4851a1d">
      <Output>
        <ErrorInfo>
          <Message>Test method NorthwindEF.Tests.EntitySetTests.AttachTest2 threw exception:  System.Data.EntityException: The underlying provider failed on Open. ---&gt;  System.Data.SqlClient.SqlException: Cannot open database "NorthwindEF" requested by the login. The login failed.
Login failed for user 'prizrak\korwin'..</Message>
          <StackTrace>    at System.Data.ProviderBase.DbConnectionPool.GetConnection(DbConnection owningObject)
   at System.Data.ProviderBase.DbConnectionFactory.GetConnection(DbConnection owningConnection)
   at System.Data.ProviderBase.DbConnectionClosed.OpenConnection(DbConnection outerConnection, DbConnectionFactory connectionFactory)
   at System.Data.SqlClient.SqlConnection.Open()
   at System.Data.EntityClient.EntityConnection.OpenStoreConnectionIf(Boolean openCondition, DbConnection storeConnectionToOpen, DbConnection originalConnection, String exceptionCode, String attemptedOperation, Boolean&amp; closeStoreConnectionOnFailure)
 --- End of inner exception stack trace ---
    at System.Data.EntityClient.EntityConnection.OpenStoreConnectionIf(Boolean openCondition, DbConnection storeConnectionToOpen, DbConnection originalConnection, String exceptionCode, String attemptedOperation, Boolean&amp; closeStoreConnectionOnFailure)
   at System.Data.EntityClient.EntityConnection.Open()
   at System.Data.Objects.ObjectContext.EnsureConnection()
   at System.Data.Objects.ObjectQuery`1.GetResults(Nullable`1 forMergeOption)
   at System.Data.Objects.ObjectQuery`1.System.Collections.Generic.IEnumerable&lt;T&gt;.GetEnumerator()
   at EFPocoAdapter.Internal.QueryTranslator.EnumeratorConverter`2.&lt;Convert&gt;d__f.MoveNext() in D:\Projects\Softserve\Fotogallery\DataAccessLayer\EFPocoAdapter\EFPocoAdapter\Internal\QueryTranslator.cs:line 61
   at System.Linq.Buffer`1..ctor(IEnumerable`1 source)
   at System.Linq.Enumerable.ToArray[TSource](IEnumerable`1 source)
   at NorthwindEF.Tests.EntitySetTests.AttachTest2() in D:\Projects\Softserve\Fotogallery\DataAccessLayer\EFPocoAdapter\NorthwindEF.Tests\EntitySetTests.cs:line 181
</StackTrace>
        </ErrorInfo>
      </Output>
    </UnitTestResult>
    <UnitTestResult executionId="9324576e-314d-4ade-9abb-9b3d38f1ec9d" testId="00acdafd-ff03-b55e-3132-e36752377a69" testName="AttachTest3" computerName="PRIZRAK" duration="00:00:00.0451190" startTime="2011-03-20T22:07:58.4831438+02:00" endTime="2011-03-20T22:07:58.5361468+02:00" testType="13cdc9d9-ddb5-4fa4-a97d-d965ccfc6d4b" outcome="Failed" testListId="8c84fa94-04c1-424b-9868-57a2d4851a1d">
      <Output>
        <ErrorInfo>
          <Message>Test method NorthwindEF.Tests.EntitySetTests.AttachTest3 threw exception:  System.Data.EntityException: The underlying provider failed on Open. ---&gt;  System.Data.SqlClient.SqlException: Cannot open database "NorthwindEF" requested by the login. The login failed.
Login failed for user 'prizrak\korwin'..</Message>
          <StackTrace>    at System.Data.ProviderBase.DbConnectionPool.GetConnection(DbConnection owningObject)
   at System.Data.ProviderBase.DbConnectionFactory.GetConnection(DbConnection owningConnection)
   at System.Data.ProviderBase.DbConnectionClosed.OpenConnection(DbConnection outerConnection, DbConnectionFactory connectionFactory)
   at System.Data.SqlClient.SqlConnection.Open()
   at System.Data.EntityClient.EntityConnection.OpenStoreConnectionIf(Boolean openCondition, DbConnection storeConnectionToOpen, DbConnection originalConnection, String exceptionCode, String attemptedOperation, Boolean&amp; closeStoreConnectionOnFailure)
 --- End of inner exception stack trace ---
    at System.Data.EntityClient.EntityConnection.OpenStoreConnectionIf(Boolean openCondition, DbConnection storeConnectionToOpen, DbConnection originalConnection, String exceptionCode, String attemptedOperation, Boolean&amp; closeStoreConnectionOnFailure)
   at System.Data.EntityClient.EntityConnection.Open()
   at System.Data.Objects.ObjectContext.EnsureConnection()
   at System.Data.Objects.ObjectQuery`1.GetResults(Nullable`1 forMergeOption)
   at System.Data.Objects.ObjectQuery`1.System.Collections.Generic.IEnumerable&lt;T&gt;.GetEnumerator()
   at System.Data.Objects.ObjectQuery`1.GetEnumeratorInternal()
   at System.Data.Objects.ObjectQuery.System.Collections.IEnumerable.GetEnumerator()
   at System.Linq.Enumerable.&lt;CastIterator&gt;d__aa`1.MoveNext()
   at System.Linq.Enumerable.First[TSource](IEnumerable`1 source)
   at System.Data.Objects.ELinq.ObjectQueryProvider.&lt;GetElementFunction&gt;b__0[TResult](IEnumerable`1 sequence)
   at System.Data.Objects.ELinq.ObjectQueryProvider.ExecuteSingle[TResult](IEnumerable`1 query, Expression queryRoot)
   at System.Data.Objects.ELinq.ObjectQueryProvider.System.Linq.IQueryProvider.Execute(Expression expression)
   at EFPocoAdapter.EFPocoQueryProvider.Execute[TResult](Expression expression) in D:\Projects\Softserve\Fotogallery\DataAccessLayer\EFPocoAdapter\EFPocoAdapter\EFPocoQueryProvider.cs:line 47
   at System.Linq.Queryable.First[TSource](IQueryable`1 source, Expression`1 predicate)
   at NorthwindEF.Tests.EntitySetTests.AttachTest3() in D:\Projects\Softserve\Fotogallery\DataAccessLayer\EFPocoAdapter\NorthwindEF.Tests\EntitySetTests.cs:line 197
</StackTrace>
        </ErrorInfo>
      </Output>
    </UnitTestResult>
    <UnitTestResult executionId="8248fa66-5907-400f-9ef2-b983950da2d2" testId="5be65b38-5088-ac3b-321e-c701f1651c20" testName="AttachTest4" computerName="PRIZRAK" duration="00:00:00.0547885" startTime="2011-03-20T22:07:58.5521477+02:00" endTime="2011-03-20T22:07:58.6131512+02:00" testType="13cdc9d9-ddb5-4fa4-a97d-d965ccfc6d4b" outcome="Failed" testListId="8c84fa94-04c1-424b-9868-57a2d4851a1d">
      <Output>
        <ErrorInfo>
          <Message>Test method NorthwindEF.Tests.EntitySetTests.AttachTest4 threw exception:  System.Data.EntityException: The underlying provider failed on Open. ---&gt;  System.Data.SqlClient.SqlException: Cannot open database "NorthwindEF" requested by the login. The login failed.
Login failed for user 'prizrak\korwin'..</Message>
          <StackTrace>    at System.Data.ProviderBase.DbConnectionPool.GetConnection(DbConnection owningObject)
   at System.Data.ProviderBase.DbConnectionFactory.GetConnection(DbConnection owningConnection)
   at System.Data.ProviderBase.DbConnectionClosed.OpenConnection(DbConnection outerConnection, DbConnectionFactory connectionFactory)
   at System.Data.SqlClient.SqlConnection.Open()
   at System.Data.EntityClient.EntityConnection.OpenStoreConnectionIf(Boolean openCondition, DbConnection storeConnectionToOpen, DbConnection originalConnection, String exceptionCode, String attemptedOperation, Boolean&amp; closeStoreConnectionOnFailure)
 --- End of inner exception stack trace ---
    at System.Data.EntityClient.EntityConnection.OpenStoreConnectionIf(Boolean openCondition, DbConnection storeConnectionToOpen, DbConnection originalConnection, String exceptionCode, String attemptedOperation, Boolean&amp; closeStoreConnectionOnFailure)
   at System.Data.EntityClient.EntityConnection.Open()
   at System.Data.Objects.ObjectContext.EnsureConnection()
   at System.Data.Objects.ObjectQuery`1.GetResults(Nullable`1 forMergeOption)
   at System.Data.Objects.ObjectQuery`1.System.Collections.Generic.IEnumerable&lt;T&gt;.GetEnumerator()
   at System.Data.Objects.ObjectQuery`1.GetEnumeratorInternal()
   at System.Data.Objects.ObjectQuery.System.Collections.IEnumerable.GetEnumerator()
   at System.Linq.Enumerable.&lt;CastIterator&gt;d__aa`1.MoveNext()
   at System.Linq.Enumerable.First[TSource](IEnumerable`1 source)
   at System.Data.Objects.ELinq.ObjectQueryProvider.&lt;GetElementFunction&gt;b__0[TResult](IEnumerable`1 sequence)
   at System.Data.Objects.ELinq.ObjectQueryProvider.ExecuteSingle[TResult](IEnumerable`1 query, Expression queryRoot)
   at System.Data.Objects.ELinq.ObjectQueryProvider.System.Linq.IQueryProvider.Execute(Expression expression)
   at EFPocoAdapter.EFPocoQueryProvider.Execute[TResult](Expression expression) in D:\Projects\Softserve\Fotogallery\DataAccessLayer\EFPocoAdapter\EFPocoAdapter\EFPocoQueryProvider.cs:line 47
   at System.Linq.Queryable.First[TSource](IQueryable`1 source, Expression`1 predicate)
   at NorthwindEF.Tests.EntitySetTests.AttachTest4() in D:\Projects\Softserve\Fotogallery\DataAccessLayer\EFPocoAdapter\NorthwindEF.Tests\EntitySetTests.cs:line 214
</StackTrace>
        </ErrorInfo>
      </Output>
    </UnitTestResult>
    <UnitTestResult executionId="f52e727f-26c5-49a9-9d4d-effcba530db6" testId="22b96c4d-272a-e43c-38b1-165927b122f8" testName="LazyLoading1" computerName="PRIZRAK" duration="00:00:00.0382692" startTime="2011-03-20T22:07:58.6371526+02:00" endTime="2011-03-20T22:07:58.6821552+02:00" testType="13cdc9d9-ddb5-4fa4-a97d-d965ccfc6d4b" outcome="Failed" testListId="8c84fa94-04c1-424b-9868-57a2d4851a1d">
      <Output>
        <ErrorInfo>
          <Message>Test method NorthwindEF.Tests.LazyLoadingTests.LazyLoading1 threw exception:  System.Data.EntityException: The underlying provider failed on Open. ---&gt;  System.Data.SqlClient.SqlException: Cannot open database "NorthwindEF" requested by the login. The login failed.
Login failed for user 'prizrak\korwin'..</Message>
          <StackTrace>    at System.Data.ProviderBase.DbConnectionPool.GetConnection(DbConnection owningObject)
   at System.Data.ProviderBase.DbConnectionFactory.GetConnection(DbConnection owningConnection)
   at System.Data.ProviderBase.DbConnectionClosed.OpenConnection(DbConnection outerConnection, DbConnectionFactory connectionFactory)
   at System.Data.SqlClient.SqlConnection.Open()
   at System.Data.EntityClient.EntityConnection.OpenStoreConnectionIf(Boolean openCondition, DbConnection storeConnectionToOpen, DbConnection originalConnection, String exceptionCode, String attemptedOperation, Boolean&amp; closeStoreConnectionOnFailure)
 --- End of inner exception stack trace ---
    at System.Data.EntityClient.EntityConnection.OpenStoreConnectionIf(Boolean openCondition, DbConnection storeConnectionToOpen, DbConnection originalConnection, String exceptionCode, String attemptedOperation, Boolean&amp; closeStoreConnectionOnFailure)
   at System.Data.EntityClient.EntityConnection.Open()
   at System.Data.Objects.ObjectContext.EnsureConnection()
   at System.Data.Objects.ObjectQuery`1.GetResults(Nullable`1 forMergeOption)
   at System.Data.Objects.ObjectQuery`1.System.Collections.Generic.IEnumerable&lt;T&gt;.GetEnumerator()
   at System.Data.Objects.ObjectQuery`1.GetEnumeratorInternal()
   at System.Data.Objects.ObjectQuery.System.Collections.IEnumerable.GetEnumerator()
   at System.Linq.Enumerable.&lt;CastIterator&gt;d__aa`1.MoveNext()
   at System.Linq.Enumerable.First[TSource](IEnumerable`1 source)
   at System.Data.Objects.ELinq.ObjectQueryProvider.&lt;GetElementFunction&gt;b__0[TResult](IEnumerable`1 sequence)
   at System.Data.Objects.ELinq.ObjectQueryProvider.ExecuteSingle[TResult](IEnumerable`1 query, Expression queryRoot)
   at System.Data.Objects.ELinq.ObjectQueryProvider.System.Linq.IQueryProvider.Execute(Expression expression)
   at EFPocoAdapter.EFPocoQueryProvider.Execute[TResult](Expression expression) in D:\Projects\Softserve\Fotogallery\DataAccessLayer\EFPocoAdapter\EFPocoAdapter\EFPocoQueryProvider.cs:line 47
   at System.Linq.Queryable.First[TSource](IQueryable`1 source, Expression`1 predicate)
   at NorthwindEF.Tests.LazyLoadingTests.LazyLoading1() in D:\Projects\Softserve\Fotogallery\DataAccessLayer\EFPocoAdapter\NorthwindEF.Tests\LazyLoadingTests.cs:line 26
</StackTrace>
        </ErrorInfo>
      </Output>
    </UnitTestResult>
    <UnitTestResult executionId="3e4dd73a-5c5a-4bcc-a07e-63ddc04e504b" testId="049bc142-2e8f-20b4-96a6-79a3c5307694" testName="LazyLoading2" computerName="PRIZRAK" duration="00:00:00.0365235" startTime="2011-03-20T22:07:58.6981561+02:00" endTime="2011-03-20T22:07:58.7421586+02:00" testType="13cdc9d9-ddb5-4fa4-a97d-d965ccfc6d4b" outcome="Failed" testListId="8c84fa94-04c1-424b-9868-57a2d4851a1d">
      <Output>
        <ErrorInfo>
          <Message>Test method NorthwindEF.Tests.LazyLoadingTests.LazyLoading2 threw exception:  System.Data.EntityException: The underlying provider failed on Open. ---&gt;  System.Data.SqlClient.SqlException: Cannot open database "NorthwindEF" requested by the login. The login failed.
Login failed for user 'prizrak\korwin'..</Message>
          <StackTrace>    at System.Data.ProviderBase.DbConnectionPool.GetConnection(DbConnection owningObject)
   at System.Data.ProviderBase.DbConnectionFactory.GetConnection(DbConnection owningConnection)
   at System.Data.ProviderBase.DbConnectionClosed.OpenConnection(DbConnection outerConnection, DbConnectionFactory connectionFactory)
   at System.Data.SqlClient.SqlConnection.Open()
   at System.Data.EntityClient.EntityConnection.OpenStoreConnectionIf(Boolean openCondition, DbConnection storeConnectionToOpen, DbConnection originalConnection, String exceptionCode, String attemptedOperation, Boolean&amp; closeStoreConnectionOnFailure)
 --- End of inner exception stack trace ---
    at System.Data.EntityClient.EntityConnection.OpenStoreConnectionIf(Boolean openCondition, DbConnection storeConnectionToOpen, DbConnection originalConnection, String exceptionCode, String attemptedOperation, Boolean&amp; closeStoreConnectionOnFailure)
   at System.Data.EntityClient.EntityConnection.Open()
   at System.Data.Objects.ObjectContext.EnsureConnection()
   at System.Data.Objects.ObjectQuery`1.GetResults(Nullable`1 forMergeOption)
   at System.Data.Objects.ObjectQuery`1.System.Collections.Generic.IEnumerable&lt;T&gt;.GetEnumerator()
   at System.Data.Objects.ObjectQuery`1.GetEnumeratorInternal()
   at System.Data.Objects.ObjectQuery.System.Collections.IEnumerable.GetEnumerator()
   at System.Linq.Enumerable.&lt;CastIterator&gt;d__aa`1.MoveNext()
   at System.Linq.Enumerable.First[TSource](IEnumerable`1 source)
   at System.Data.Objects.ELinq.ObjectQueryProvider.&lt;GetElementFunction&gt;b__0[TResult](IEnumerable`1 sequence)
   at System.Data.Objects.ELinq.ObjectQueryProvider.ExecuteSingle[TResult](IEnumerable`1 query, Expression queryRoot)
   at System.Data.Objects.ELinq.ObjectQueryProvider.System.Linq.IQueryProvider.Execute(Expression expression)
   at EFPocoAdapter.EFPocoQueryProvider.Execute[TResult](Expression expression) in D:\Projects\Softserve\Fotogallery\DataAccessLayer\EFPocoAdapter\EFPocoAdapter\EFPocoQueryProvider.cs:line 47
   at System.Linq.Queryable.First[TSource](IQueryable`1 source, Expression`1 predicate)
   at NorthwindEF.Tests.LazyLoadingTests.LazyLoading2() in D:\Projects\Softserve\Fotogallery\DataAccessLayer\EFPocoAdapter\NorthwindEF.Tests\LazyLoadingTests.cs:line 37
</StackTrace>
        </ErrorInfo>
      </Output>
    </UnitTestResult>
    <UnitTestResult executionId="62c3c77d-71b2-43ec-9b74-8eabfb0d076d" testId="5831351a-4c3e-7696-1e6d-7ed0deec8fd2" testName="ExplicitLoading1" computerName="PRIZRAK" duration="00:00:00.0441503" startTime="2011-03-20T22:07:58.7591596+02:00" endTime="2011-03-20T22:07:58.8101625+02:00" testType="13cdc9d9-ddb5-4fa4-a97d-d965ccfc6d4b" outcome="Failed" testListId="8c84fa94-04c1-424b-9868-57a2d4851a1d">
      <Output>
        <ErrorInfo>
          <Message>Test method NorthwindEF.Tests.LazyLoadingTests.ExplicitLoading1 threw exception:  System.Data.EntityException: The underlying provider failed on Open. ---&gt;  System.Data.SqlClient.SqlException: Cannot open database "NorthwindEF" requested by the login. The login failed.
Login failed for user 'prizrak\korwin'..</Message>
          <StackTrace>    at System.Data.ProviderBase.DbConnectionPool.GetConnection(DbConnection owningObject)
   at System.Data.ProviderBase.DbConnectionFactory.GetConnection(DbConnection owningConnection)
   at System.Data.ProviderBase.DbConnectionClosed.OpenConnection(DbConnection outerConnection, DbConnectionFactory connectionFactory)
   at System.Data.SqlClient.SqlConnection.Open()
   at System.Data.EntityClient.EntityConnection.OpenStoreConnectionIf(Boolean openCondition, DbConnection storeConnectionToOpen, DbConnection originalConnection, String exceptionCode, String attemptedOperation, Boolean&amp; closeStoreConnectionOnFailure)
 --- End of inner exception stack trace ---
    at System.Data.EntityClient.EntityConnection.OpenStoreConnectionIf(Boolean openCondition, DbConnection storeConnectionToOpen, DbConnection originalConnection, String exceptionCode, String attemptedOperation, Boolean&amp; closeStoreConnectionOnFailure)
   at System.Data.EntityClient.EntityConnection.Open()
   at System.Data.Objects.ObjectContext.EnsureConnection()
   at System.Data.Objects.ObjectQuery`1.GetResults(Nullable`1 forMergeOption)
   at System.Data.Objects.ObjectQuery`1.System.Collections.Generic.IEnumerable&lt;T&gt;.GetEnumerator()
   at System.Data.Objects.ObjectQuery`1.GetEnumeratorInternal()
   at System.Data.Objects.ObjectQuery.System.Collections.IEnumerable.GetEnumerator()
   at System.Linq.Enumerable.&lt;CastIterator&gt;d__aa`1.MoveNext()
   at System.Linq.Enumerable.First[TSource](IEnumerable`1 source)
   at System.Data.Objects.ELinq.ObjectQueryProvider.&lt;GetElementFunction&gt;b__0[TResult](IEnumerable`1 sequence)
   at System.Data.Objects.ELinq.ObjectQueryProvider.ExecuteSingle[TResult](IEnumerable`1 query, Expression queryRoot)
   at System.Data.Objects.ELinq.ObjectQueryProvider.System.Linq.IQueryProvider.Execute(Expression expression)
   at EFPocoAdapter.EFPocoQueryProvider.Execute[TResult](Expression expression) in D:\Projects\Softserve\Fotogallery\DataAccessLayer\EFPocoAdapter\EFPocoAdapter\EFPocoQueryProvider.cs:line 47
   at System.Linq.Queryable.First[TSource](IQueryable`1 source, Expression`1 predicate)
   at NorthwindEF.Tests.LazyLoadingTests.ExplicitLoading1() in D:\Projects\Softserve\Fotogallery\DataAccessLayer\EFPocoAdapter\NorthwindEF.Tests\LazyLoadingTests.cs:line 47
</StackTrace>
        </ErrorInfo>
      </Output>
    </UnitTestResult>
    <UnitTestResult executionId="ccb068ee-6596-4514-9a87-2ba4ed884eda" testId="223a98d6-b497-a51a-a204-1e53f94a77c7" testName="ExplicitLoading2" computerName="PRIZRAK" duration="00:00:00.0525065" startTime="2011-03-20T22:07:58.8271634+02:00" endTime="2011-03-20T22:07:58.8861668+02:00" testType="13cdc9d9-ddb5-4fa4-a97d-d965ccfc6d4b" outcome="Failed" testListId="8c84fa94-04c1-424b-9868-57a2d4851a1d">
      <Output>
        <ErrorInfo>
          <Message>Test method NorthwindEF.Tests.LazyLoadingTests.ExplicitLoading2 threw exception:  System.Data.EntityException: The underlying provider failed on Open. ---&gt;  System.Data.SqlClient.SqlException: Cannot open database "NorthwindEF" requested by the login. The login failed.
Login failed for user 'prizrak\korwin'..</Message>
          <StackTrace>    at System.Data.ProviderBase.DbConnectionPool.GetConnection(DbConnection owningObject)
   at System.Data.ProviderBase.DbConnectionFactory.GetConnection(DbConnection owningConnection)
   at System.Data.ProviderBase.DbConnectionClosed.OpenConnection(DbConnection outerConnection, DbConnectionFactory connectionFactory)
   at System.Data.SqlClient.SqlConnection.Open()
   at System.Data.EntityClient.EntityConnection.OpenStoreConnectionIf(Boolean openCondition, DbConnection storeConnectionToOpen, DbConnection originalConnection, String exceptionCode, String attemptedOperation, Boolean&amp; closeStoreConnectionOnFailure)
 --- End of inner exception stack trace ---
    at System.Data.EntityClient.EntityConnection.OpenStoreConnectionIf(Boolean openCondition, DbConnection storeConnectionToOpen, DbConnection originalConnection, String exceptionCode, String attemptedOperation, Boolean&amp; closeStoreConnectionOnFailure)
   at System.Data.EntityClient.EntityConnection.Open()
   at System.Data.Objects.ObjectContext.EnsureConnection()
   at System.Data.Objects.ObjectQuery`1.GetResults(Nullable`1 forMergeOption)
   at System.Data.Objects.ObjectQuery`1.System.Collections.Generic.IEnumerable&lt;T&gt;.GetEnumerator()
   at System.Data.Objects.ObjectQuery`1.GetEnumeratorInternal()
   at System.Data.Objects.ObjectQuery.System.Collections.IEnumerable.GetEnumerator()
   at System.Linq.Enumerable.&lt;CastIterator&gt;d__aa`1.MoveNext()
   at System.Linq.Enumerable.First[TSource](IEnumerable`1 source)
   at System.Data.Objects.ELinq.ObjectQueryProvider.&lt;GetElementFunction&gt;b__0[TResult](IEnumerable`1 sequence)
   at System.Data.Objects.ELinq.ObjectQueryProvider.ExecuteSingle[TResult](IEnumerable`1 query, Expression queryRoot)
   at System.Data.Objects.ELinq.ObjectQueryProvider.System.Linq.IQueryProvider.Execute(Expression expression)
   at EFPocoAdapter.EFPocoQueryProvider.Execute[TResult](Expression expression) in D:\Projects\Softserve\Fotogallery\DataAccessLayer\EFPocoAdapter\EFPocoAdapter\EFPocoQueryProvider.cs:line 47
   at System.Linq.Queryable.First[TSource](IQueryable`1 source, Expression`1 predicate)
   at NorthwindEF.Tests.LazyLoadingTests.ExplicitLoading2() in D:\Projects\Softserve\Fotogallery\DataAccessLayer\EFPocoAdapter\NorthwindEF.Tests\LazyLoadingTests.cs:line 62
</StackTrace>
        </ErrorInfo>
      </Output>
    </UnitTestResult>
    <UnitTestResult executionId="d2977505-aae4-4d33-b092-55e4fccc2bcd" testId="f002357d-a340-55a5-f5f6-6462095b882c" testName="ExplicitLoading3" computerName="PRIZRAK" duration="00:00:00.0413967" startTime="2011-03-20T22:07:58.8941673+02:00" endTime="2011-03-20T22:07:58.9421700+02:00" testType="13cdc9d9-ddb5-4fa4-a97d-d965ccfc6d4b" outcome="Failed" testListId="8c84fa94-04c1-424b-9868-57a2d4851a1d">
      <Output>
        <ErrorInfo>
          <Message>Test method NorthwindEF.Tests.LazyLoadingTests.ExplicitLoading3 threw exception:  System.Data.EntityException: The underlying provider failed on Open. ---&gt;  System.Data.SqlClient.SqlException: Cannot open database "NorthwindEF" requested by the login. The login failed.
Login failed for user 'prizrak\korwin'..</Message>
          <StackTrace>    at System.Data.ProviderBase.DbConnectionPool.GetConnection(DbConnection owningObject)
   at System.Data.ProviderBase.DbConnectionFactory.GetConnection(DbConnection owningConnection)
   at System.Data.ProviderBase.DbConnectionClosed.OpenConnection(DbConnection outerConnection, DbConnectionFactory connectionFactory)
   at System.Data.SqlClient.SqlConnection.Open()
   at System.Data.EntityClient.EntityConnection.OpenStoreConnectionIf(Boolean openCondition, DbConnection storeConnectionToOpen, DbConnection originalConnection, String exceptionCode, String attemptedOperation, Boolean&amp; closeStoreConnectionOnFailure)
 --- End of inner exception stack trace ---
    at System.Data.EntityClient.EntityConnection.OpenStoreConnectionIf(Boolean openCondition, DbConnection storeConnectionToOpen, DbConnection originalConnection, String exceptionCode, String attemptedOperation, Boolean&amp; closeStoreConnectionOnFailure)
   at System.Data.EntityClient.EntityConnection.Open()
   at System.Data.Objects.ObjectContext.EnsureConnection()
   at System.Data.Objects.ObjectQuery`1.GetResults(Nullable`1 forMergeOption)
   at System.Data.Objects.ObjectQuery`1.System.Collections.Generic.IEnumerable&lt;T&gt;.GetEnumerator()
   at System.Data.Objects.ObjectQuery`1.GetEnumeratorInternal()
   at System.Data.Objects.ObjectQuery.System.Collections.IEnumerable.GetEnumerator()
   at System.Linq.Enumerable.&lt;CastIterator&gt;d__aa`1.MoveNext()
   at System.Linq.Enumerable.First[TSource](IEnumerable`1 source)
   at System.Data.Objects.ELinq.ObjectQueryProvider.&lt;GetElementFunction&gt;b__0[TResult](IEnumerable`1 sequence)
   at System.Data.Objects.ELinq.ObjectQueryProvider.ExecuteSingle[TResult](IEnumerable`1 query, Expression queryRoot)
   at System.Data.Objects.ELinq.ObjectQueryProvider.System.Linq.IQueryProvider.Execute(Expression expression)
   at EFPocoAdapter.EFPocoQueryProvider.Execute[TResult](Expression expression) in D:\Projects\Softserve\Fotogallery\DataAccessLayer\EFPocoAdapter\EFPocoAdapter\EFPocoQueryProvider.cs:line 47
   at System.Linq.Queryable.First[TSource](IQueryable`1 source, Expression`1 predicate)
   at NorthwindEF.Tests.LazyLoadingTests.ExplicitLoading3() in D:\Projects\Softserve\Fotogallery\DataAccessLayer\EFPocoAdapter\NorthwindEF.Tests\LazyLoadingTests.cs:line 77
</StackTrace>
        </ErrorInfo>
      </Output>
    </UnitTestResult>
    <UnitTestResult executionId="a0760877-63fa-4bd9-9ce0-065782fbda72" testId="a0ef2a73-862e-4472-ce1f-8c5ccb00e31a" testName="ExplicitLoading4" computerName="PRIZRAK" duration="00:00:00.0357921" startTime="2011-03-20T22:07:58.9501705+02:00" endTime="2011-03-20T22:07:58.9911728+02:00" testType="13cdc9d9-ddb5-4fa4-a97d-d965ccfc6d4b" outcome="Failed" testListId="8c84fa94-04c1-424b-9868-57a2d4851a1d">
      <Output>
        <ErrorInfo>
          <Message>Test method NorthwindEF.Tests.LazyLoadingTests.ExplicitLoading4 threw exception:  System.Data.EntityException: The underlying provider failed on Open. ---&gt;  System.Data.SqlClient.SqlException: Cannot open database "NorthwindEF" requested by the login. The login failed.
Login failed for user 'prizrak\korwin'..</Message>
          <StackTrace>    at System.Data.ProviderBase.DbConnectionPool.GetConnection(DbConnection owningObject)
   at System.Data.ProviderBase.DbConnectionFactory.GetConnection(DbConnection owningConnection)
   at System.Data.ProviderBase.DbConnectionClosed.OpenConnection(DbConnection outerConnection, DbConnectionFactory connectionFactory)
   at System.Data.SqlClient.SqlConnection.Open()
   at System.Data.EntityClient.EntityConnection.OpenStoreConnectionIf(Boolean openCondition, DbConnection storeConnectionToOpen, DbConnection originalConnection, String exceptionCode, String attemptedOperation, Boolean&amp; closeStoreConnectionOnFailure)
 --- End of inner exception stack trace ---
    at System.Data.EntityClient.EntityConnection.OpenStoreConnectionIf(Boolean openCondition, DbConnection storeConnectionToOpen, DbConnection originalConnection, String exceptionCode, String attemptedOperation, Boolean&amp; closeStoreConnectionOnFailure)
   at System.Data.EntityClient.EntityConnection.Open()
   at System.Data.Objects.ObjectContext.EnsureConnection()
   at System.Data.Objects.ObjectQuery`1.GetResults(Nullable`1 forMergeOption)
   at System.Data.Objects.ObjectQuery`1.System.Collections.Generic.IEnumerable&lt;T&gt;.GetEnumerator()
   at System.Data.Objects.ObjectQuery`1.GetEnumeratorInternal()
   at System.Data.Objects.ObjectQuery.System.Collections.IEnumerable.GetEnumerator()
   at System.Linq.Enumerable.&lt;CastIterator&gt;d__aa`1.MoveNext()
   at System.Linq.Enumerable.First[TSource](IEnumerable`1 source)
   at System.Data.Objects.ELinq.ObjectQueryProvider.&lt;GetElementFunction&gt;b__0[TResult](IEnumerable`1 sequence)
   at System.Data.Objects.ELinq.ObjectQueryProvider.ExecuteSingle[TResult](IEnumerable`1 query, Expression queryRoot)
   at System.Data.Objects.ELinq.ObjectQueryProvider.System.Linq.IQueryProvider.Execute(Expression expression)
   at EFPocoAdapter.EFPocoQueryProvider.Execute[TResult](Expression expression) in D:\Projects\Softserve\Fotogallery\DataAccessLayer\EFPocoAdapter\EFPocoAdapter\EFPocoQueryProvider.cs:line 47
   at System.Linq.Queryable.First[TSource](IQueryable`1 source, Expression`1 predicate)
   at NorthwindEF.Tests.LazyLoadingTests.ExplicitLoading4() in D:\Projects\Softserve\Fotogallery\DataAccessLayer\EFPocoAdapter\NorthwindEF.Tests\LazyLoadingTests.cs:line 92
</StackTrace>
        </ErrorInfo>
      </Output>
    </UnitTestResult>
    <UnitTestResult executionId="eae1eaa3-db4b-4822-8c36-db99fda3c455" testId="38999eaa-9da7-dc2e-6b00-70cd6cf293bf" testName="ExplicitLoadingNegative1" computerName="PRIZRAK" duration="00:00:00.0384963" startTime="2011-03-20T22:07:59.0001733+02:00" endTime="2011-03-20T22:07:59.0641770+02:00" testType="13cdc9d9-ddb5-4fa4-a97d-d965ccfc6d4b" outcome="Failed" testListId="8c84fa94-04c1-424b-9868-57a2d4851a1d">
      <Output>
        <ErrorInfo>
          <Message>Test method NorthwindEF.Tests.LazyLoadingTests.ExplicitLoadingNegative1 threw exception System.Data.EntityException, but exception System.ArgumentException was expected. Exception message:  System.Data.EntityException: The underlying provider failed on Open. ---&gt;  System.Data.SqlClient.SqlException: Cannot open database "NorthwindEF" requested by the login. The login failed.
Login failed for user 'prizrak\korwin'.
</Message>
          <StackTrace>    at System.Data.ProviderBase.DbConnectionPool.GetConnection(DbConnection owningObject)
   at System.Data.ProviderBase.DbConnectionFactory.GetConnection(DbConnection owningConnection)
   at System.Data.ProviderBase.DbConnectionClosed.OpenConnection(DbConnection outerConnection, DbConnectionFactory connectionFactory)
   at System.Data.SqlClient.SqlConnection.Open()
   at System.Data.EntityClient.EntityConnection.OpenStoreConnectionIf(Boolean openCondition, DbConnection storeConnectionToOpen, DbConnection originalConnection, String exceptionCode, String attemptedOperation, Boolean&amp; closeStoreConnectionOnFailure)
 --- End of inner exception stack trace ---
    at System.Data.EntityClient.EntityConnection.OpenStoreConnectionIf(Boolean openCondition, DbConnection storeConnectionToOpen, DbConnection originalConnection, String exceptionCode, String attemptedOperation, Boolean&amp; closeStoreConnectionOnFailure)
   at System.Data.EntityClient.EntityConnection.Open()
   at System.Data.Objects.ObjectContext.EnsureConnection()
   at System.Data.Objects.ObjectQuery`1.GetResults(Nullable`1 forMergeOption)
   at System.Data.Objects.ObjectQuery`1.System.Collections.Generic.IEnumerable&lt;T&gt;.GetEnumerator()
   at System.Data.Objects.ObjectQuery`1.GetEnumeratorInternal()
   at System.Data.Objects.ObjectQuery.System.Collections.IEnumerable.GetEnumerator()
   at System.Linq.Enumerable.&lt;CastIterator&gt;d__aa`1.MoveNext()
   at System.Linq.Enumerable.First[TSource](IEnumerable`1 source)
   at System.Data.Objects.ELinq.ObjectQueryProvider.&lt;GetElementFunction&gt;b__0[TResult](IEnumerable`1 sequence)
   at System.Data.Objects.ELinq.ObjectQueryProvider.ExecuteSingle[TResult](IEnumerable`1 query, Expression queryRoot)
   at System.Data.Objects.ELinq.ObjectQueryProvider.System.Linq.IQueryProvider.Execute(Expression expression)
   at EFPocoAdapter.EFPocoQueryProvider.Execute[TResult](Expression expression) in D:\Projects\Softserve\Fotogallery\DataAccessLayer\EFPocoAdapter\EFPocoAdapter\EFPocoQueryProvider.cs:line 47
   at System.Linq.Queryable.First[TSource](IQueryable`1 source, Expression`1 predicate)
   at NorthwindEF.Tests.LazyLoadingTests.ExplicitLoadingNegative1() in D:\Projects\Softserve\Fotogallery\DataAccessLayer\EFPocoAdapter\NorthwindEF.Tests\LazyLoadingTests.cs:line 108
</StackTrace>
        </ErrorInfo>
      </Output>
    </UnitTestResult>
    <UnitTestResult executionId="6a395ba8-45cd-452b-8195-bb39ad79e354" testId="dc121815-49c4-ce47-9acc-ac8cc35bbfef" testName="ExplicitLoadingNegative2" computerName="PRIZRAK" duration="00:00:00.0373338" startTime="2011-03-20T22:07:59.1151799+02:00" endTime="2011-03-20T22:07:59.1691830+02:00" testType="13cdc9d9-ddb5-4fa4-a97d-d965ccfc6d4b" outcome="Failed" testListId="8c84fa94-04c1-424b-9868-57a2d4851a1d">
      <Output>
        <ErrorInfo>
          <Message>Test method NorthwindEF.Tests.LazyLoadingTests.ExplicitLoadingNegative2 threw exception System.Data.EntityException, but exception System.ArgumentException was expected. Exception message:  System.Data.EntityException: The underlying provider failed on Open. ---&gt;  System.Data.SqlClient.SqlException: Cannot open database "NorthwindEF" requested by the login. The login failed.
Login failed for user 'prizrak\korwin'.
</Message>
          <StackTrace>    at System.Data.ProviderBase.DbConnectionPool.GetConnection(DbConnection owningObject)
   at System.Data.ProviderBase.DbConnectionFactory.GetConnection(DbConnection owningConnection)
   at System.Data.ProviderBase.DbConnectionClosed.OpenConnection(DbConnection outerConnection, DbConnectionFactory connectionFactory)
   at System.Data.SqlClient.SqlConnection.Open()
   at System.Data.EntityClient.EntityConnection.OpenStoreConnectionIf(Boolean openCondition, DbConnection storeConnectionToOpen, DbConnection originalConnection, String exceptionCode, String attemptedOperation, Boolean&amp; closeStoreConnectionOnFailure)
 --- End of inner exception stack trace ---
    at System.Data.EntityClient.EntityConnection.OpenStoreConnectionIf(Boolean openCondition, DbConnection storeConnectionToOpen, DbConnection originalConnection, String exceptionCode, String attemptedOperation, Boolean&amp; closeStoreConnectionOnFailure)
   at System.Data.EntityClient.EntityConnection.Open()
   at System.Data.Objects.ObjectContext.EnsureConnection()
   at System.Data.Objects.ObjectQuery`1.GetResults(Nullable`1 forMergeOption)
   at System.Data.Objects.ObjectQuery`1.System.Collections.Generic.IEnumerable&lt;T&gt;.GetEnumerator()
   at System.Data.Objects.ObjectQuery`1.GetEnumeratorInternal()
   at System.Data.Objects.ObjectQuery.System.Collections.IEnumerable.GetEnumerator()
   at System.Linq.Enumerable.&lt;CastIterator&gt;d__aa`1.MoveNext()
   at System.Linq.Enumerable.First[TSource](IEnumerable`1 source)
   at System.Data.Objects.ELinq.ObjectQueryProvider.&lt;GetElementFunction&gt;b__0[TResult](IEnumerable`1 sequence)
   at System.Data.Objects.ELinq.ObjectQueryProvider.ExecuteSingle[TResult](IEnumerable`1 query, Expression queryRoot)
   at System.Data.Objects.ELinq.ObjectQueryProvider.System.Linq.IQueryProvider.Execute(Expression expression)
   at EFPocoAdapter.EFPocoQueryProvider.Execute[TResult](Expression expression) in D:\Projects\Softserve\Fotogallery\DataAccessLayer\EFPocoAdapter\EFPocoAdapter\EFPocoQueryProvider.cs:line 47
   at System.Linq.Queryable.First[TSource](IQueryable`1 source, Expression`1 predicate)
   at NorthwindEF.Tests.LazyLoadingTests.ExplicitLoadingNegative2() in D:\Projects\Softserve\Fotogallery\DataAccessLayer\EFPocoAdapter\NorthwindEF.Tests\LazyLoadingTests.cs:line 119
</StackTrace>
        </ErrorInfo>
      </Output>
    </UnitTestResult>
    <UnitTestResult executionId="3e0ff789-9e3a-4f2f-a4ac-7e7e5e583b01" testId="e2d60138-5237-958e-c6d9-433b066a75b3" testName="ExplicitLoadingNegative3" computerName="PRIZRAK" duration="00:00:00.0388536" startTime="2011-03-20T22:07:59.1841839+02:00" endTime="2011-03-20T22:07:59.2301865+02:00" testType="13cdc9d9-ddb5-4fa4-a97d-d965ccfc6d4b" outcome="Failed" testListId="8c84fa94-04c1-424b-9868-57a2d4851a1d">
      <Output>
        <ErrorInfo>
          <Message>Test method NorthwindEF.Tests.LazyLoadingTests.ExplicitLoadingNegative3 threw exception System.Data.EntityException, but exception System.ArgumentException was expected. Exception message:  System.Data.EntityException: The underlying provider failed on Open. ---&gt;  System.Data.SqlClient.SqlException: Cannot open database "NorthwindEF" requested by the login. The login failed.
Login failed for user 'prizrak\korwin'.
</Message>
          <StackTrace>    at System.Data.ProviderBase.DbConnectionPool.GetConnection(DbConnection owningObject)
   at System.Data.ProviderBase.DbConnectionFactory.GetConnection(DbConnection owningConnection)
   at System.Data.ProviderBase.DbConnectionClosed.OpenConnection(DbConnection outerConnection, DbConnectionFactory connectionFactory)
   at System.Data.SqlClient.SqlConnection.Open()
   at System.Data.EntityClient.EntityConnection.OpenStoreConnectionIf(Boolean openCondition, DbConnection storeConnectionToOpen, DbConnection originalConnection, String exceptionCode, String attemptedOperation, Boolean&amp; closeStoreConnectionOnFailure)
 --- End of inner exception stack trace ---
    at System.Data.EntityClient.EntityConnection.OpenStoreConnectionIf(Boolean openCondition, DbConnection storeConnectionToOpen, DbConnection originalConnection, String exceptionCode, String attemptedOperation, Boolean&amp; closeStoreConnectionOnFailure)
   at System.Data.EntityClient.EntityConnection.Open()
   at System.Data.Objects.ObjectContext.EnsureConnection()
   at System.Data.Objects.ObjectQuery`1.GetResults(Nullable`1 forMergeOption)
   at System.Data.Objects.ObjectQuery`1.System.Collections.Generic.IEnumerable&lt;T&gt;.GetEnumerator()
   at System.Data.Objects.ObjectQuery`1.GetEnumeratorInternal()
   at System.Data.Objects.ObjectQuery.System.Collections.IEnumerable.GetEnumerator()
   at System.Linq.Enumerable.&lt;CastIterator&gt;d__aa`1.MoveNext()
   at System.Linq.Enumerable.First[TSource](IEnumerable`1 source)
   at System.Data.Objects.ELinq.ObjectQueryProvider.&lt;GetElementFunction&gt;b__0[TResult](IEnumerable`1 sequence)
   at System.Data.Objects.ELinq.ObjectQueryProvider.ExecuteSingle[TResult](IEnumerable`1 query, Expression queryRoot)
   at System.Data.Objects.ELinq.ObjectQueryProvider.System.Linq.IQueryProvider.Execute(Expression expression)
   at EFPocoAdapter.EFPocoQueryProvider.Execute[TResult](Expression expression) in D:\Projects\Softserve\Fotogallery\DataAccessLayer\EFPocoAdapter\EFPocoAdapter\EFPocoQueryProvider.cs:line 47
   at System.Linq.Queryable.First[TSource](IQueryable`1 source, Expression`1 predicate)
   at NorthwindEF.Tests.LazyLoadingTests.ExplicitLoadingNegative3() in D:\Projects\Softserve\Fotogallery\DataAccessLayer\EFPocoAdapter\NorthwindEF.Tests\LazyLoadingTests.cs:line 130
</StackTrace>
        </ErrorInfo>
      </Output>
    </UnitTestResult>
    <UnitTestResult executionId="db507eb0-2207-4ac3-98ba-5549b7c8179a" testId="c5c23342-1516-b35d-3453-d6e5b221ca5b" testName="ExplicitLoadingNegative4" computerName="PRIZRAK" duration="00:00:00.0382326" startTime="2011-03-20T22:07:59.2441873+02:00" endTime="2011-03-20T22:07:59.2901899+02:00" testType="13cdc9d9-ddb5-4fa4-a97d-d965ccfc6d4b" outcome="Failed" testListId="8c84fa94-04c1-424b-9868-57a2d4851a1d">
      <Output>
        <ErrorInfo>
          <Message>Test method NorthwindEF.Tests.LazyLoadingTests.ExplicitLoadingNegative4 threw exception System.Data.EntityException, but exception System.ArgumentException was expected. Exception message:  System.Data.EntityException: The underlying provider failed on Open. ---&gt;  System.Data.SqlClient.SqlException: Cannot open database "NorthwindEF" requested by the login. The login failed.
Login failed for user 'prizrak\korwin'.
</Message>
          <StackTrace>    at System.Data.ProviderBase.DbConnectionPool.GetConnection(DbConnection owningObject)
   at System.Data.ProviderBase.DbConnectionFactory.GetConnection(DbConnection owningConnection)
   at System.Data.ProviderBase.DbConnectionClosed.OpenConnection(DbConnection outerConnection, DbConnectionFactory connectionFactory)
   at System.Data.SqlClient.SqlConnection.Open()
   at System.Data.EntityClient.EntityConnection.OpenStoreConnectionIf(Boolean openCondition, DbConnection storeConnectionToOpen, DbConnection originalConnection, String exceptionCode, String attemptedOperation, Boolean&amp; closeStoreConnectionOnFailure)
 --- End of inner exception stack trace ---
    at System.Data.EntityClient.EntityConnection.OpenStoreConnectionIf(Boolean openCondition, DbConnection storeConnectionToOpen, DbConnection originalConnection, String exceptionCode, String attemptedOperation, Boolean&amp; closeStoreConnectionOnFailure)
   at System.Data.EntityClient.EntityConnection.Open()
   at System.Data.Objects.ObjectContext.EnsureConnection()
   at System.Data.Objects.ObjectQuery`1.GetResults(Nullable`1 forMergeOption)
   at System.Data.Objects.ObjectQuery`1.System.Collections.Generic.IEnumerable&lt;T&gt;.GetEnumerator()
   at System.Data.Objects.ObjectQuery`1.GetEnumeratorInternal()
   at System.Data.Objects.ObjectQuery.System.Collections.IEnumerable.GetEnumerator()
   at System.Linq.Enumerable.&lt;CastIterator&gt;d__aa`1.MoveNext()
   at System.Linq.Enumerable.First[TSource](IEnumerable`1 source)
   at System.Data.Objects.ELinq.ObjectQueryProvider.&lt;GetElementFunction&gt;b__0[TResult](IEnumerable`1 sequence)
   at System.Data.Objects.ELinq.ObjectQueryProvider.ExecuteSingle[TResult](IEnumerable`1 query, Expression queryRoot)
   at System.Data.Objects.ELinq.ObjectQueryProvider.System.Linq.IQueryProvider.Execute(Expression expression)
   at EFPocoAdapter.EFPocoQueryProvider.Execute[TResult](Expression expression) in D:\Projects\Softserve\Fotogallery\DataAccessLayer\EFPocoAdapter\EFPocoAdapter\EFPocoQueryProvider.cs:line 47
   at System.Linq.Queryable.First[TSource](IQueryable`1 source, Expression`1 predicate)
   at NorthwindEF.Tests.LazyLoadingTests.ExplicitLoadingNegative4() in D:\Projects\Softserve\Fotogallery\DataAccessLayer\EFPocoAdapter\NorthwindEF.Tests\LazyLoadingTests.cs:line 141
</StackTrace>
        </ErrorInfo>
      </Output>
    </UnitTestResult>
    <UnitTestResult executionId="3577ff97-da48-4465-9782-d4dd2cab414f" testId="ee2fbafa-0298-ef28-7dff-c755e4ea89d9" testName="ExplicitLoadingNegative5" computerName="PRIZRAK" duration="00:00:00.0374923" startTime="2011-03-20T22:07:59.3031907+02:00" endTime="2011-03-20T22:07:59.3491933+02:00" testType="13cdc9d9-ddb5-4fa4-a97d-d965ccfc6d4b" outcome="Failed" testListId="8c84fa94-04c1-424b-9868-57a2d4851a1d">
      <Output>
        <ErrorInfo>
          <Message>Test method NorthwindEF.Tests.LazyLoadingTests.ExplicitLoadingNegative5 threw exception System.Data.EntityException, but exception System.ArgumentException was expected. Exception message:  System.Data.EntityException: The underlying provider failed on Open. ---&gt;  System.Data.SqlClient.SqlException: Cannot open database "NorthwindEF" requested by the login. The login failed.
Login failed for user 'prizrak\korwin'.
</Message>
          <StackTrace>    at System.Data.ProviderBase.DbConnectionPool.GetConnection(DbConnection owningObject)
   at System.Data.ProviderBase.DbConnectionFactory.GetConnection(DbConnection owningConnection)
   at System.Data.ProviderBase.DbConnectionClosed.OpenConnection(DbConnection outerConnection, DbConnectionFactory connectionFactory)
   at System.Data.SqlClient.SqlConnection.Open()
   at System.Data.EntityClient.EntityConnection.OpenStoreConnectionIf(Boolean openCondition, DbConnection storeConnectionToOpen, DbConnection originalConnection, String exceptionCode, String attemptedOperation, Boolean&amp; closeStoreConnectionOnFailure)
 --- End of inner exception stack trace ---
    at System.Data.EntityClient.EntityConnection.OpenStoreConnectionIf(Boolean openCondition, DbConnection storeConnectionToOpen, DbConnection originalConnection, String exceptionCode, String attemptedOperation, Boolean&amp; closeStoreConnectionOnFailure)
   at System.Data.EntityClient.EntityConnection.Open()
   at System.Data.Objects.ObjectContext.EnsureConnection()
   at System.Data.Objects.ObjectQuery`1.GetResults(Nullable`1 forMergeOption)
   at System.Data.Objects.ObjectQuery`1.System.Collections.Generic.IEnumerable&lt;T&gt;.GetEnumerator()
   at System.Data.Objects.ObjectQuery`1.GetEnumeratorInternal()
   at System.Data.Objects.ObjectQuery.System.Collections.IEnumerable.GetEnumerator()
   at System.Linq.Enumerable.&lt;CastIterator&gt;d__aa`1.MoveNext()
   at System.Linq.Enumerable.First[TSource](IEnumerable`1 source)
   at System.Data.Objects.ELinq.ObjectQueryProvider.&lt;GetElementFunction&gt;b__0[TResult](IEnumerable`1 sequence)
   at System.Data.Objects.ELinq.ObjectQueryProvider.ExecuteSingle[TResult](IEnumerable`1 query, Expression queryRoot)
   at System.Data.Objects.ELinq.ObjectQueryProvider.System.Linq.IQueryProvider.Execute(Expression expression)
   at EFPocoAdapter.EFPocoQueryProvider.Execute[TResult](Expression expression) in D:\Projects\Softserve\Fotogallery\DataAccessLayer\EFPocoAdapter\EFPocoAdapter\EFPocoQueryProvider.cs:line 47
   at System.Linq.Queryable.First[TSource](IQueryable`1 source, Expression`1 predicate)
   at NorthwindEF.Tests.LazyLoadingTests.ExplicitLoadingNegative5() in D:\Projects\Softserve\Fotogallery\DataAccessLayer\EFPocoAdapter\NorthwindEF.Tests\LazyLoadingTests.cs:line 152
</StackTrace>
        </ErrorInfo>
      </Output>
    </UnitTestResult>
    <UnitTestResult executionId="3f7cb349-f800-400a-b4af-8696c36661fa" testId="2bd6fc76-2a3a-cd5f-52e9-acced9a7a383" testName="LazyLoadingShoundBeDisabledForDetachedEntitites" computerName="PRIZRAK" duration="00:00:00.0139364" startTime="2011-03-20T22:07:59.3651942+02:00" endTime="2011-03-20T22:07:59.3861954+02:00" testType="13cdc9d9-ddb5-4fa4-a97d-d965ccfc6d4b" outcome="Passed" testListId="8c84fa94-04c1-424b-9868-57a2d4851a1d">
      <Output>
      </Output>
    </UnitTestResult>
    <UnitTestResult executionId="2d6d80fc-ebbd-45b9-a355-36384ba828b5" testId="89e54ad2-c999-5107-eb8f-89d1089266b6" testName="LazyLoadingShoundBeDisabledForDetachedEntitites2" computerName="PRIZRAK" duration="00:00:00.0434908" startTime="2011-03-20T22:07:59.4031964+02:00" endTime="2011-03-20T22:07:59.4601997+02:00" testType="13cdc9d9-ddb5-4fa4-a97d-d965ccfc6d4b" outcome="Failed" testListId="8c84fa94-04c1-424b-9868-57a2d4851a1d">
      <Output>
        <ErrorInfo>
          <Message>Test method NorthwindEF.Tests.LazyLoadingTests.LazyLoadingShoundBeDisabledForDetachedEntitites2 threw exception:  System.Data.EntityException: The underlying provider failed on Open. ---&gt;  System.Data.SqlClient.SqlException: Cannot open database "NorthwindEF" requested by the login. The login failed.
Login failed for user 'prizrak\korwin'..</Message>
          <StackTrace>    at System.Data.ProviderBase.DbConnectionPool.GetConnection(DbConnection owningObject)
   at System.Data.ProviderBase.DbConnectionFactory.GetConnection(DbConnection owningConnection)
   at System.Data.ProviderBase.DbConnectionClosed.OpenConnection(DbConnection outerConnection, DbConnectionFactory connectionFactory)
   at System.Data.SqlClient.SqlConnection.Open()
   at System.Data.EntityClient.EntityConnection.OpenStoreConnectionIf(Boolean openCondition, DbConnection storeConnectionToOpen, DbConnection originalConnection, String exceptionCode, String attemptedOperation, Boolean&amp; closeStoreConnectionOnFailure)
 --- End of inner exception stack trace ---
    at System.Data.EntityClient.EntityConnection.OpenStoreConnectionIf(Boolean openCondition, DbConnection storeConnectionToOpen, DbConnection originalConnection, String exceptionCode, String attemptedOperation, Boolean&amp; closeStoreConnectionOnFailure)
   at System.Data.EntityClient.EntityConnection.Open()
   at System.Data.Objects.ObjectContext.EnsureConnection()
   at System.Data.Objects.ObjectQuery`1.GetResults(Nullable`1 forMergeOption)
   at System.Data.Objects.ObjectQuery`1.System.Collections.Generic.IEnumerable&lt;T&gt;.GetEnumerator()
   at System.Data.Objects.ObjectQuery`1.GetEnumeratorInternal()
   at System.Data.Objects.ObjectQuery.System.Collections.IEnumerable.GetEnumerator()
   at System.Linq.Enumerable.&lt;CastIterator&gt;d__aa`1.MoveNext()
   at System.Linq.Enumerable.First[TSource](IEnumerable`1 source)
   at System.Data.Objects.ELinq.ObjectQueryProvider.&lt;GetElementFunction&gt;b__0[TResult](IEnumerable`1 sequence)
   at System.Data.Objects.ELinq.ObjectQueryProvider.ExecuteSingle[TResult](IEnumerable`1 query, Expression queryRoot)
   at System.Data.Objects.ELinq.ObjectQueryProvider.System.Linq.IQueryProvider.Execute(Expression expression)
   at EFPocoAdapter.EFPocoQueryProvider.Execute[TResult](Expression expression) in D:\Projects\Softserve\Fotogallery\DataAccessLayer\EFPocoAdapter\EFPocoAdapter\EFPocoQueryProvider.cs:line 47
   at System.Linq.Queryable.First[TSource](IQueryable`1 source, Expression`1 predicate)
   at NorthwindEF.Tests.LazyLoadingTests.LazyLoadingShoundBeDisabledForDetachedEntitites2() in D:\Projects\Softserve\Fotogallery\DataAccessLayer\EFPocoAdapter\NorthwindEF.Tests\LazyLoadingTests.cs:line 177
</StackTrace>
        </ErrorInfo>
      </Output>
    </UnitTestResult>
    <UnitTestResult executionId="990dccbb-cd41-46be-9953-0381efc472d5" testId="d8552ed3-d25d-4518-e4d4-a4e68ac7b2b2" testName="LazyLoadingShoundBeDisabledForDetachedEntitites3" computerName="PRIZRAK" duration="00:00:00.0370675" startTime="2011-03-20T22:07:59.4712003+02:00" endTime="2011-03-20T22:07:59.5142027+02:00" testType="13cdc9d9-ddb5-4fa4-a97d-d965ccfc6d4b" outcome="Failed" testListId="8c84fa94-04c1-424b-9868-57a2d4851a1d">
      <Output>
        <ErrorInfo>
          <Message>Test method NorthwindEF.Tests.LazyLoadingTests.LazyLoadingShoundBeDisabledForDetachedEntitites3 threw exception:  System.Data.EntityException: The underlying provider failed on Open. ---&gt;  System.Data.SqlClient.SqlException: Cannot open database "NorthwindEF" requested by the login. The login failed.
Login failed for user 'prizrak\korwin'..</Message>
          <StackTrace>    at System.Data.ProviderBase.DbConnectionPool.GetConnection(DbConnection owningObject)
   at System.Data.ProviderBase.DbConnectionFactory.GetConnection(DbConnection owningConnection)
   at System.Data.ProviderBase.DbConnectionClosed.OpenConnection(DbConnection outerConnection, DbConnectionFactory connectionFactory)
   at System.Data.SqlClient.SqlConnection.Open()
   at System.Data.EntityClient.EntityConnection.OpenStoreConnectionIf(Boolean openCondition, DbConnection storeConnectionToOpen, DbConnection originalConnection, String exceptionCode, String attemptedOperation, Boolean&amp; closeStoreConnectionOnFailure)
 --- End of inner exception stack trace ---
    at System.Data.EntityClient.EntityConnection.OpenStoreConnectionIf(Boolean openCondition, DbConnection storeConnectionToOpen, DbConnection originalConnection, String exceptionCode, String attemptedOperation, Boolean&amp; closeStoreConnectionOnFailure)
   at System.Data.EntityClient.EntityConnection.Open()
   at System.Data.Objects.ObjectContext.EnsureConnection()
   at System.Data.Objects.ObjectQuery`1.GetResults(Nullable`1 forMergeOption)
   at System.Data.Objects.ObjectQuery`1.System.Collections.Generic.IEnumerable&lt;T&gt;.GetEnumerator()
   at System.Data.Objects.ObjectQuery`1.GetEnumeratorInternal()
   at System.Data.Objects.ObjectQuery.System.Collections.IEnumerable.GetEnumerator()
   at System.Linq.Enumerable.&lt;CastIterator&gt;d__aa`1.MoveNext()
   at System.Linq.Enumerable.First[TSource](IEnumerable`1 source)
   at System.Data.Objects.ELinq.ObjectQueryProvider.&lt;GetElementFunction&gt;b__0[TResult](IEnumerable`1 sequence)
   at System.Data.Objects.ELinq.ObjectQueryProvider.ExecuteSingle[TResult](IEnumerable`1 query, Expression queryRoot)
   at System.Data.Objects.ELinq.ObjectQueryProvider.System.Linq.IQueryProvider.Execute(Expression expression)
   at EFPocoAdapter.EFPocoQueryProvider.Execute[TResult](Expression expression) in D:\Projects\Softserve\Fotogallery\DataAccessLayer\EFPocoAdapter\EFPocoAdapter\EFPocoQueryProvider.cs:line 47
   at System.Linq.Queryable.First[TSource](IQueryable`1 source, Expression`1 predicate)
   at NorthwindEF.Tests.LazyLoadingTests.LazyLoadingShoundBeDisabledForDetachedEntitites3() in D:\Projects\Softserve\Fotogallery\DataAccessLayer\EFPocoAdapter\NorthwindEF.Tests\LazyLoadingTests.cs:line 193
</StackTrace>
        </ErrorInfo>
      </Output>
    </UnitTestResult>
    <UnitTestResult executionId="d33e6364-6098-42ea-8b4d-b1e436e46f09" testId="215037cd-7ff2-1200-40e9-ca7e22e864d6" testName="LazyLoadingShoundBeDisabledForDetachedEntitites4" computerName="PRIZRAK" duration="00:00:00.0386329" startTime="2011-03-20T22:07:59.5222032+02:00" endTime="2011-03-20T22:07:59.5692059+02:00" testType="13cdc9d9-ddb5-4fa4-a97d-d965ccfc6d4b" outcome="Failed" testListId="8c84fa94-04c1-424b-9868-57a2d4851a1d">
      <Output>
        <ErrorInfo>
          <Message>Test method NorthwindEF.Tests.LazyLoadingTests.LazyLoadingShoundBeDisabledForDetachedEntitites4 threw exception:  System.Data.EntityException: The underlying provider failed on Open. ---&gt;  System.Data.SqlClient.SqlException: Cannot open database "NorthwindEF" requested by the login. The login failed.
Login failed for user 'prizrak\korwin'..</Message>
          <StackTrace>    at System.Data.ProviderBase.DbConnectionPool.GetConnection(DbConnection owningObject)
   at System.Data.ProviderBase.DbConnectionFactory.GetConnection(DbConnection owningConnection)
   at System.Data.ProviderBase.DbConnectionClosed.OpenConnection(DbConnection outerConnection, DbConnectionFactory connectionFactory)
   at System.Data.SqlClient.SqlConnection.Open()
   at System.Data.EntityClient.EntityConnection.OpenStoreConnectionIf(Boolean openCondition, DbConnection storeConnectionToOpen, DbConnection originalConnection, String exceptionCode, String attemptedOperation, Boolean&amp; closeStoreConnectionOnFailure)
 --- End of inner exception stack trace ---
    at System.Data.EntityClient.EntityConnection.OpenStoreConnectionIf(Boolean openCondition, DbConnection storeConnectionToOpen, DbConnection originalConnection, String exceptionCode, String attemptedOperation, Boolean&amp; closeStoreConnectionOnFailure)
   at System.Data.EntityClient.EntityConnection.Open()
   at System.Data.Objects.ObjectContext.EnsureConnection()
   at System.Data.Objects.ObjectQuery`1.GetResults(Nullable`1 forMergeOption)
   at System.Data.Objects.ObjectQuery`1.System.Collections.Generic.IEnumerable&lt;T&gt;.GetEnumerator()
   at System.Data.Objects.ObjectQuery`1.GetEnumeratorInternal()
   at System.Data.Objects.ObjectQuery.System.Collections.IEnumerable.GetEnumerator()
   at System.Linq.Enumerable.&lt;CastIterator&gt;d__aa`1.MoveNext()
   at System.Linq.Enumerable.First[TSource](IEnumerable`1 source)
   at System.Data.Objects.ELinq.ObjectQueryProvider.&lt;GetElementFunction&gt;b__0[TResult](IEnumerable`1 sequence)
   at System.Data.Objects.ELinq.ObjectQueryProvider.ExecuteSingle[TResult](IEnumerable`1 query, Expression queryRoot)
   at System.Data.Objects.ELinq.ObjectQueryProvider.System.Linq.IQueryProvider.Execute(Expression expression)
   at EFPocoAdapter.EFPocoQueryProvider.Execute[TResult](Expression expression) in D:\Projects\Softserve\Fotogallery\DataAccessLayer\EFPocoAdapter\EFPocoAdapter\EFPocoQueryProvider.cs:line 47
   at System.Linq.Queryable.First[TSource](IQueryable`1 source, Expression`1 predicate)
   at NorthwindEF.Tests.LazyLoadingTests.LazyLoadingShoundBeDisabledForDetachedEntitites4() in D:\Projects\Softserve\Fotogallery\DataAccessLayer\EFPocoAdapter\NorthwindEF.Tests\LazyLoadingTests.cs:line 209
</StackTrace>
        </ErrorInfo>
      </Output>
    </UnitTestResult>
    <UnitTestResult executionId="d68e0c47-7e66-4106-a7ff-0e76097fd8fa" testId="0f0fb7e4-35be-4cf8-6a04-44403b4b5f8e" testName="LazyLoadingShoundBeDisabledForDetachedEntitites5" computerName="PRIZRAK" duration="00:00:00.0368975" startTime="2011-03-20T22:07:59.5782064+02:00" endTime="2011-03-20T22:07:59.6212089+02:00" testType="13cdc9d9-ddb5-4fa4-a97d-d965ccfc6d4b" outcome="Failed" testListId="8c84fa94-04c1-424b-9868-57a2d4851a1d">
      <Output>
        <ErrorInfo>
          <Message>Test method NorthwindEF.Tests.LazyLoadingTests.LazyLoadingShoundBeDisabledForDetachedEntitites5 threw exception:  System.Data.EntityException: The underlying provider failed on Open. ---&gt;  System.Data.SqlClient.SqlException: Cannot open database "NorthwindEF" requested by the login. The login failed.
Login failed for user 'prizrak\korwin'..</Message>
          <StackTrace>    at System.Data.ProviderBase.DbConnectionPool.GetConnection(DbConnection owningObject)
   at System.Data.ProviderBase.DbConnectionFactory.GetConnection(DbConnection owningConnection)
   at System.Data.ProviderBase.DbConnectionClosed.OpenConnection(DbConnection outerConnection, DbConnectionFactory connectionFactory)
   at System.Data.SqlClient.SqlConnection.Open()
   at System.Data.EntityClient.EntityConnection.OpenStoreConnectionIf(Boolean openCondition, DbConnection storeConnectionToOpen, DbConnection originalConnection, String exceptionCode, String attemptedOperation, Boolean&amp; closeStoreConnectionOnFailure)
 --- End of inner exception stack trace ---
    at System.Data.EntityClient.EntityConnection.OpenStoreConnectionIf(Boolean openCondition, DbConnection storeConnectionToOpen, DbConnection originalConnection, String exceptionCode, String attemptedOperation, Boolean&amp; closeStoreConnectionOnFailure)
   at System.Data.EntityClient.EntityConnection.Open()
   at System.Data.Objects.ObjectContext.EnsureConnection()
   at System.Data.Objects.ObjectQuery`1.GetResults(Nullable`1 forMergeOption)
   at System.Data.Objects.ObjectQuery`1.System.Collections.Generic.IEnumerable&lt;T&gt;.GetEnumerator()
   at System.Data.Objects.ObjectQuery`1.GetEnumeratorInternal()
   at System.Data.Objects.ObjectQuery.System.Collections.IEnumerable.GetEnumerator()
   at System.Linq.Enumerable.&lt;CastIterator&gt;d__aa`1.MoveNext()
   at System.Linq.Enumerable.First[TSource](IEnumerable`1 source)
   at System.Data.Objects.ELinq.ObjectQueryProvider.&lt;GetElementFunction&gt;b__0[TResult](IEnumerable`1 sequence)
   at System.Data.Objects.ELinq.ObjectQueryProvider.ExecuteSingle[TResult](IEnumerable`1 query, Expression queryRoot)
   at System.Data.Objects.ELinq.ObjectQueryProvider.System.Linq.IQueryProvider.Execute(Expression expression)
   at EFPocoAdapter.EFPocoQueryProvider.Execute[TResult](Expression expression) in D:\Projects\Softserve\Fotogallery\DataAccessLayer\EFPocoAdapter\EFPocoAdapter\EFPocoQueryProvider.cs:line 47
   at System.Linq.Queryable.First[TSource](IQueryable`1 source, Expression`1 predicate)
   at NorthwindEF.Tests.LazyLoadingTests.LazyLoadingShoundBeDisabledForDetachedEntitites5() in D:\Projects\Softserve\Fotogallery\DataAccessLayer\EFPocoAdapter\NorthwindEF.Tests\LazyLoadingTests.cs:line 223
</StackTrace>
        </ErrorInfo>
      </Output>
    </UnitTestResult>
    <UnitTestResult executionId="1b73e253-c310-41bd-8558-b84fe952d2b9" testId="53cb3d8c-a3da-c19f-3ddf-a163c52d73e3" testName="QueryWithProxiesDisabledTest" computerName="PRIZRAK" duration="00:00:00.0409740" startTime="2011-03-20T22:07:59.6302094+02:00" endTime="2011-03-20T22:07:59.6782121+02:00" testType="13cdc9d9-ddb5-4fa4-a97d-d965ccfc6d4b" outcome="Failed" testListId="8c84fa94-04c1-424b-9868-57a2d4851a1d">
      <Output>
        <ErrorInfo>
          <Message>Test method NorthwindEF.Tests.ProxiesTests.QueryWithProxiesDisabledTest threw exception:  System.Data.EntityException: The underlying provider failed on Open. ---&gt;  System.Data.SqlClient.SqlException: Cannot open database "NorthwindEF" requested by the login. The login failed.
Login failed for user 'prizrak\korwin'..</Message>
          <StackTrace>    at System.Data.ProviderBase.DbConnectionPool.GetConnection(DbConnection owningObject)
   at System.Data.ProviderBase.DbConnectionFactory.GetConnection(DbConnection owningConnection)
   at System.Data.ProviderBase.DbConnectionClosed.OpenConnection(DbConnection outerConnection, DbConnectionFactory connectionFactory)
   at System.Data.SqlClient.SqlConnection.Open()
   at System.Data.EntityClient.EntityConnection.OpenStoreConnectionIf(Boolean openCondition, DbConnection storeConnectionToOpen, DbConnection originalConnection, String exceptionCode, String attemptedOperation, Boolean&amp; closeStoreConnectionOnFailure)
 --- End of inner exception stack trace ---
    at System.Data.EntityClient.EntityConnection.OpenStoreConnectionIf(Boolean openCondition, DbConnection storeConnectionToOpen, DbConnection originalConnection, String exceptionCode, String attemptedOperation, Boolean&amp; closeStoreConnectionOnFailure)
   at System.Data.EntityClient.EntityConnection.Open()
   at System.Data.Objects.ObjectContext.EnsureConnection()
   at System.Data.Objects.ObjectQuery`1.GetResults(Nullable`1 forMergeOption)
   at System.Data.Objects.ObjectQuery`1.System.Collections.Generic.IEnumerable&lt;T&gt;.GetEnumerator()
   at System.Data.Objects.ObjectQuery`1.GetEnumeratorInternal()
   at System.Data.Objects.ObjectQuery.System.Collections.IEnumerable.GetEnumerator()
   at System.Linq.Enumerable.&lt;CastIterator&gt;d__aa`1.MoveNext()
   at System.Linq.Enumerable.First[TSource](IEnumerable`1 source)
   at System.Data.Objects.ELinq.ObjectQueryProvider.&lt;GetElementFunction&gt;b__0[TResult](IEnumerable`1 sequence)
   at System.Data.Objects.ELinq.ObjectQueryProvider.ExecuteSingle[TResult](IEnumerable`1 query, Expression queryRoot)
   at System.Data.Objects.ELinq.ObjectQueryProvider.System.Linq.IQueryProvider.Execute(Expression expression)
   at EFPocoAdapter.EFPocoQueryProvider.Execute[TResult](Expression expression) in D:\Projects\Softserve\Fotogallery\DataAccessLayer\EFPocoAdapter\EFPocoAdapter\EFPocoQueryProvider.cs:line 47
   at System.Linq.Queryable.First[TSource](IQueryable`1 source, Expression`1 predicate)
   at NorthwindEF.Tests.ProxiesTests.QueryWithProxiesDisabledTest() in D:\Projects\Softserve\Fotogallery\DataAccessLayer\EFPocoAdapter\NorthwindEF.Tests\ProxiesTests.cs:line 32
</StackTrace>
        </ErrorInfo>
      </Output>
    </UnitTestResult>
    <UnitTestResult executionId="9cff42d6-fdbe-449b-a945-594b3a9cda87" testId="cb8ce0cc-de13-b70c-4ee8-fd4e0b0ccd57" testName="QueryWithProxiesEnabledTest" computerName="PRIZRAK" duration="00:00:00.0558021" startTime="2011-03-20T22:07:59.6862126+02:00" endTime="2011-03-20T22:07:59.7512163+02:00" testType="13cdc9d9-ddb5-4fa4-a97d-d965ccfc6d4b" outcome="Failed" testListId="8c84fa94-04c1-424b-9868-57a2d4851a1d">
      <Output>
        <ErrorInfo>
          <Message>Test method NorthwindEF.Tests.ProxiesTests.QueryWithProxiesEnabledTest threw exception:  System.Data.EntityException: The underlying provider failed on Open. ---&gt;  System.Data.SqlClient.SqlException: Cannot open database "NorthwindEF" requested by the login. The login failed.
Login failed for user 'prizrak\korwin'..</Message>
          <StackTrace>    at System.Data.ProviderBase.DbConnectionPool.GetConnection(DbConnection owningObject)
   at System.Data.ProviderBase.DbConnectionFactory.GetConnection(DbConnection owningConnection)
   at System.Data.ProviderBase.DbConnectionClosed.OpenConnection(DbConnection outerConnection, DbConnectionFactory connectionFactory)
   at System.Data.SqlClient.SqlConnection.Open()
   at System.Data.EntityClient.EntityConnection.OpenStoreConnectionIf(Boolean openCondition, DbConnection storeConnectionToOpen, DbConnection originalConnection, String exceptionCode, String attemptedOperation, Boolean&amp; closeStoreConnectionOnFailure)
 --- End of inner exception stack trace ---
    at System.Data.EntityClient.EntityConnection.OpenStoreConnectionIf(Boolean openCondition, DbConnection storeConnectionToOpen, DbConnection originalConnection, String exceptionCode, String attemptedOperation, Boolean&amp; closeStoreConnectionOnFailure)
   at System.Data.EntityClient.EntityConnection.Open()
   at System.Data.Objects.ObjectContext.EnsureConnection()
   at System.Data.Objects.ObjectQuery`1.GetResults(Nullable`1 forMergeOption)
   at System.Data.Objects.ObjectQuery`1.System.Collections.Generic.IEnumerable&lt;T&gt;.GetEnumerator()
   at System.Data.Objects.ObjectQuery`1.GetEnumeratorInternal()
   at System.Data.Objects.ObjectQuery.System.Collections.IEnumerable.GetEnumerator()
   at System.Linq.Enumerable.&lt;CastIterator&gt;d__aa`1.MoveNext()
   at System.Linq.Enumerable.First[TSource](IEnumerable`1 source)
   at System.Data.Objects.ELinq.ObjectQueryProvider.&lt;GetElementFunction&gt;b__0[TResult](IEnumerable`1 sequence)
   at System.Data.Objects.ELinq.ObjectQueryProvider.ExecuteSingle[TResult](IEnumerable`1 query, Expression queryRoot)
   at System.Data.Objects.ELinq.ObjectQueryProvider.System.Linq.IQueryProvider.Execute(Expression expression)
   at EFPocoAdapter.EFPocoQueryProvider.Execute[TResult](Expression expression) in D:\Projects\Softserve\Fotogallery\DataAccessLayer\EFPocoAdapter\EFPocoAdapter\EFPocoQueryProvider.cs:line 47
   at System.Linq.Queryable.First[TSource](IQueryable`1 source, Expression`1 predicate)
   at NorthwindEF.Tests.ProxiesTests.QueryWithProxiesEnabledTest() in D:\Projects\Softserve\Fotogallery\DataAccessLayer\EFPocoAdapter\NorthwindEF.Tests\ProxiesTests.cs:line 49
</StackTrace>
        </ErrorInfo>
      </Output>
    </UnitTestResult>
    <UnitTestResult executionId="ce00a627-70ef-4e3a-a086-0c72aa090c45" testId="f441aae1-3290-9326-9645-1a5e9938871c" testName="ConvertPocoToProxiesTest" computerName="PRIZRAK" duration="00:00:00.0408270" startTime="2011-03-20T22:07:59.7662172+02:00" endTime="2011-03-20T22:07:59.8122198+02:00" testType="13cdc9d9-ddb5-4fa4-a97d-d965ccfc6d4b" outcome="Failed" testListId="8c84fa94-04c1-424b-9868-57a2d4851a1d">
      <Output>
        <ErrorInfo>
          <Message>Test method NorthwindEF.Tests.ProxiesTests.ConvertPocoToProxiesTest threw exception:  System.Data.EntityException: The underlying provider failed on Open. ---&gt;  System.Data.SqlClient.SqlException: Cannot open database "NorthwindEF" requested by the login. The login failed.
Login failed for user 'prizrak\korwin'..</Message>
          <StackTrace>    at System.Data.ProviderBase.DbConnectionPool.GetConnection(DbConnection owningObject)
   at System.Data.ProviderBase.DbConnectionFactory.GetConnection(DbConnection owningConnection)
   at System.Data.ProviderBase.DbConnectionClosed.OpenConnection(DbConnection outerConnection, DbConnectionFactory connectionFactory)
   at System.Data.SqlClient.SqlConnection.Open()
   at System.Data.EntityClient.EntityConnection.OpenStoreConnectionIf(Boolean openCondition, DbConnection storeConnectionToOpen, DbConnection originalConnection, String exceptionCode, String attemptedOperation, Boolean&amp; closeStoreConnectionOnFailure)
 --- End of inner exception stack trace ---
    at System.Data.EntityClient.EntityConnection.OpenStoreConnectionIf(Boolean openCondition, DbConnection storeConnectionToOpen, DbConnection originalConnection, String exceptionCode, String attemptedOperation, Boolean&amp; closeStoreConnectionOnFailure)
   at System.Data.EntityClient.EntityConnection.Open()
   at System.Data.Objects.ObjectContext.EnsureConnection()
   at System.Data.Objects.ObjectQuery`1.GetResults(Nullable`1 forMergeOption)
   at System.Data.Objects.ObjectQuery`1.System.Collections.Generic.IEnumerable&lt;T&gt;.GetEnumerator()
   at System.Data.Objects.ObjectQuery`1.GetEnumeratorInternal()
   at System.Data.Objects.ObjectQuery.System.Collections.IEnumerable.GetEnumerator()
   at System.Linq.Enumerable.&lt;CastIterator&gt;d__aa`1.MoveNext()
   at System.Linq.Enumerable.First[TSource](IEnumerable`1 source)
   at System.Data.Objects.ELinq.ObjectQueryProvider.&lt;GetElementFunction&gt;b__0[TResult](IEnumerable`1 sequence)
   at System.Data.Objects.ELinq.ObjectQueryProvider.ExecuteSingle[TResult](IEnumerable`1 query, Expression queryRoot)
   at System.Data.Objects.ELinq.ObjectQueryProvider.System.Linq.IQueryProvider.Execute(Expression expression)
   at EFPocoAdapter.EFPocoQueryProvider.Execute[TResult](Expression expression) in D:\Projects\Softserve\Fotogallery\DataAccessLayer\EFPocoAdapter\EFPocoAdapter\EFPocoQueryProvider.cs:line 47
   at System.Linq.Queryable.First[TSource](IQueryable`1 source, Expression`1 predicate)
   at NorthwindEF.Tests.ProxiesTests.ConvertPocoToProxiesTest() in D:\Projects\Softserve\Fotogallery\DataAccessLayer\EFPocoAdapter\NorthwindEF.Tests\ProxiesTests.cs:line 74
</StackTrace>
        </ErrorInfo>
      </Output>
    </UnitTestResult>
    <UnitTestResult executionId="83949617-bc05-442d-8938-1841ff36bdb1" testId="ff14ce63-3d78-f104-ad42-36eab63a9a1c" testName="ConvertProxiesToPoco" computerName="PRIZRAK" duration="00:00:00.0384276" startTime="2011-03-20T22:07:59.8192202+02:00" endTime="2011-03-20T22:07:59.8622226+02:00" testType="13cdc9d9-ddb5-4fa4-a97d-d965ccfc6d4b" outcome="Failed" testListId="8c84fa94-04c1-424b-9868-57a2d4851a1d">
      <Output>
        <ErrorInfo>
          <Message>Test method NorthwindEF.Tests.ProxiesTests.ConvertProxiesToPoco threw exception:  System.Data.EntityException: The underlying provider failed on Open. ---&gt;  System.Data.SqlClient.SqlException: Cannot open database "NorthwindEF" requested by the login. The login failed.
Login failed for user 'prizrak\korwin'..</Message>
          <StackTrace>    at System.Data.ProviderBase.DbConnectionPool.GetConnection(DbConnection owningObject)
   at System.Data.ProviderBase.DbConnectionFactory.GetConnection(DbConnection owningConnection)
   at System.Data.ProviderBase.DbConnectionClosed.OpenConnection(DbConnection outerConnection, DbConnectionFactory connectionFactory)
   at System.Data.SqlClient.SqlConnection.Open()
   at System.Data.EntityClient.EntityConnection.OpenStoreConnectionIf(Boolean openCondition, DbConnection storeConnectionToOpen, DbConnection originalConnection, String exceptionCode, String attemptedOperation, Boolean&amp; closeStoreConnectionOnFailure)
 --- End of inner exception stack trace ---
    at System.Data.EntityClient.EntityConnection.OpenStoreConnectionIf(Boolean openCondition, DbConnection storeConnectionToOpen, DbConnection originalConnection, String exceptionCode, String attemptedOperation, Boolean&amp; closeStoreConnectionOnFailure)
   at System.Data.EntityClient.EntityConnection.Open()
   at System.Data.Objects.ObjectContext.EnsureConnection()
   at System.Data.Objects.ObjectQuery`1.GetResults(Nullable`1 forMergeOption)
   at System.Data.Objects.ObjectQuery`1.System.Collections.Generic.IEnumerable&lt;T&gt;.GetEnumerator()
   at System.Data.Objects.ObjectQuery`1.GetEnumeratorInternal()
   at System.Data.Objects.ObjectQuery.System.Collections.IEnumerable.GetEnumerator()
   at System.Linq.Enumerable.&lt;CastIterator&gt;d__aa`1.MoveNext()
   at System.Linq.Enumerable.First[TSource](IEnumerable`1 source)
   at System.Data.Objects.ELinq.ObjectQueryProvider.&lt;GetElementFunction&gt;b__0[TResult](IEnumerable`1 sequence)
   at System.Data.Objects.ELinq.ObjectQueryProvider.ExecuteSingle[TResult](IEnumerable`1 query, Expression queryRoot)
   at System.Data.Objects.ELinq.ObjectQueryProvider.System.Linq.IQueryProvider.Execute(Expression expression)
   at EFPocoAdapter.EFPocoQueryProvider.Execute[TResult](Expression expression) in D:\Projects\Softserve\Fotogallery\DataAccessLayer\EFPocoAdapter\EFPocoAdapter\EFPocoQueryProvider.cs:line 47
   at System.Linq.Queryable.First[TSource](IQueryable`1 source, Expression`1 predicate)
   at NorthwindEF.Tests.ProxiesTests.ConvertProxiesToPoco() in D:\Projects\Softserve\Fotogallery\DataAccessLayer\EFPocoAdapter\NorthwindEF.Tests\ProxiesTests.cs:line 98
</StackTrace>
        </ErrorInfo>
      </Output>
    </UnitTestResult>
    <UnitTestResult executionId="e338ac4b-95c5-4c13-8bc8-14bafcf4407a" testId="a698a4c7-3f39-4624-0176-9ffec7c6db62" testName="ConvertAndCompare" computerName="PRIZRAK" duration="00:00:00.0890936" startTime="2011-03-20T22:07:59.8722232+02:00" endTime="2011-03-20T22:07:59.9672287+02:00" testType="13cdc9d9-ddb5-4fa4-a97d-d965ccfc6d4b" outcome="Failed" testListId="8c84fa94-04c1-424b-9868-57a2d4851a1d">
      <Output>
        <ErrorInfo>
          <Message>Test method NorthwindEF.Tests.ProxiesTests.ConvertAndCompare threw exception:  System.Data.EntityException: The underlying provider failed on Open. ---&gt;  System.Data.SqlClient.SqlException: Cannot open database "NorthwindEF" requested by the login. The login failed.
Login failed for user 'prizrak\korwin'..</Message>
          <StackTrace>    at System.Data.ProviderBase.DbConnectionPool.GetConnection(DbConnection owningObject)
   at System.Data.ProviderBase.DbConnectionFactory.GetConnection(DbConnection owningConnection)
   at System.Data.ProviderBase.DbConnectionClosed.OpenConnection(DbConnection outerConnection, DbConnectionFactory connectionFactory)
   at System.Data.SqlClient.SqlConnection.Open()
   at System.Data.EntityClient.EntityConnection.OpenStoreConnectionIf(Boolean openCondition, DbConnection storeConnectionToOpen, DbConnection originalConnection, String exceptionCode, String attemptedOperation, Boolean&amp; closeStoreConnectionOnFailure)
 --- End of inner exception stack trace ---
    at System.Data.EntityClient.EntityConnection.OpenStoreConnectionIf(Boolean openCondition, DbConnection storeConnectionToOpen, DbConnection originalConnection, String exceptionCode, String attemptedOperation, Boolean&amp; closeStoreConnectionOnFailure)
   at System.Data.EntityClient.EntityConnection.Open()
   at System.Data.Objects.ObjectContext.EnsureConnection()
   at System.Data.Objects.ObjectQuery`1.GetResults(Nullable`1 forMergeOption)
   at System.Data.Objects.ObjectQuery`1.System.Collections.Generic.IEnumerable&lt;T&gt;.GetEnumerator()
   at EFPocoAdapter.Internal.QueryTranslator.EnumeratorConverter`2.&lt;Convert&gt;d__f.MoveNext() in D:\Projects\Softserve\Fotogallery\DataAccessLayer\EFPocoAdapter\EFPocoAdapter\Internal\QueryTranslator.cs:line 61
   at System.Linq.Buffer`1..ctor(IEnumerable`1 source)
   at System.Linq.Enumerable.ToArray[TSource](IEnumerable`1 source)
   at NorthwindEF.Tests.ProxiesTests.ConvertAndCompare() in D:\Projects\Softserve\Fotogallery\DataAccessLayer\EFPocoAdapter\NorthwindEF.Tests\ProxiesTests.cs:line 124
</StackTrace>
        </ErrorInfo>
      </Output>
    </UnitTestResult>
    <UnitTestResult executionId="c0f9de44-e1e2-4555-b502-127ad0a0f5f8" testId="2a77a37b-226e-f660-0805-70f415cda8ba" testName="IEntityProxyTest" computerName="PRIZRAK" duration="00:00:00.0515268" startTime="2011-03-20T22:07:59.9762292+02:00" endTime="2011-03-20T22:08:00.0372327+02:00" testType="13cdc9d9-ddb5-4fa4-a97d-d965ccfc6d4b" outcome="Failed" testListId="8c84fa94-04c1-424b-9868-57a2d4851a1d">
      <Output>
        <ErrorInfo>
          <Message>Test method NorthwindEF.Tests.ProxiesTests.IEntityProxyTest threw exception:  System.Data.EntityException: The underlying provider failed on Open. ---&gt;  System.Data.SqlClient.SqlException: Cannot open database "NorthwindEF" requested by the login. The login failed.
Login failed for user 'prizrak\korwin'..</Message>
          <StackTrace>    at System.Data.ProviderBase.DbConnectionPool.GetConnection(DbConnection owningObject)
   at System.Data.ProviderBase.DbConnectionFactory.GetConnection(DbConnection owningConnection)
   at System.Data.ProviderBase.DbConnectionClosed.OpenConnection(DbConnection outerConnection, DbConnectionFactory connectionFactory)
   at System.Data.SqlClient.SqlConnection.Open()
   at System.Data.EntityClient.EntityConnection.OpenStoreConnectionIf(Boolean openCondition, DbConnection storeConnectionToOpen, DbConnection originalConnection, String exceptionCode, String attemptedOperation, Boolean&amp; closeStoreConnectionOnFailure)
 --- End of inner exception stack trace ---
    at System.Data.EntityClient.EntityConnection.OpenStoreConnectionIf(Boolean openCondition, DbConnection storeConnectionToOpen, DbConnection originalConnection, String exceptionCode, String attemptedOperation, Boolean&amp; closeStoreConnectionOnFailure)
   at System.Data.EntityClient.EntityConnection.Open()
   at System.Data.Objects.ObjectContext.EnsureConnection()
   at System.Data.Objects.ObjectQuery`1.GetResults(Nullable`1 forMergeOption)
   at System.Data.Objects.ObjectQuery`1.System.Collections.Generic.IEnumerable&lt;T&gt;.GetEnumerator()
   at System.Data.Objects.ObjectQuery`1.GetEnumeratorInternal()
   at System.Data.Objects.ObjectQuery.System.Collections.IEnumerable.GetEnumerator()
   at System.Linq.Enumerable.&lt;CastIterator&gt;d__aa`1.MoveNext()
   at System.Linq.Enumerable.First[TSource](IEnumerable`1 source)
   at System.Data.Objects.ELinq.ObjectQueryProvider.&lt;GetElementFunction&gt;b__0[TResult](IEnumerable`1 sequence)
   at System.Data.Objects.ELinq.ObjectQueryProvider.ExecuteSingle[TResult](IEnumerable`1 query, Expression queryRoot)
   at System.Data.Objects.ELinq.ObjectQueryProvider.System.Linq.IQueryProvider.Execute(Expression expression)
   at EFPocoAdapter.EFPocoQueryProvider.Execute[TResult](Expression expression) in D:\Projects\Softserve\Fotogallery\DataAccessLayer\EFPocoAdapter\EFPocoAdapter\EFPocoQueryProvider.cs:line 47
   at System.Linq.Queryable.First[TSource](IQueryable`1 source)
   at NorthwindEF.Tests.ProxiesTests.IEntityProxyTest() in D:\Projects\Softserve\Fotogallery\DataAccessLayer\EFPocoAdapter\NorthwindEF.Tests\ProxiesTests.cs:line 223
</StackTrace>
        </ErrorInfo>
      </Output>
    </UnitTestResult>
    <UnitTestResult executionId="c3c5a031-a13e-4a94-899f-946d0d633637" testId="36a8f38b-62c0-f99c-a3e9-f667aeb44d10" testName="PublicSurfaceTest1" computerName="PRIZRAK" duration="00:00:00.0090721" startTime="2011-03-20T22:08:00.0542336+02:00" endTime="2011-03-20T22:08:00.1002363+02:00" testType="13cdc9d9-ddb5-4fa4-a97d-d965ccfc6d4b" outcome="Passed" testListId="8c84fa94-04c1-424b-9868-57a2d4851a1d">
      <Output>
      </Output>
    </UnitTestResult>
    <UnitTestResult executionId="915b3719-d0df-4a8f-90de-cf13d11b3c47" testId="523ace16-7533-61e8-6dcf-c3977413a79c" testName="PublicSurfaceTest2" computerName="PRIZRAK" duration="00:00:00.0053813" startTime="2011-03-20T22:08:00.1122369+02:00" endTime="2011-03-20T22:08:00.1282379+02:00" testType="13cdc9d9-ddb5-4fa4-a97d-d965ccfc6d4b" outcome="Passed" testListId="8c84fa94-04c1-424b-9868-57a2d4851a1d">
      <Output>
      </Output>
    </UnitTestResult>
    <UnitTestResult executionId="09d0f353-8e6c-4f86-a3eb-2323dad09415" testId="157974d1-2bb7-9531-4807-8723b138ee57" testName="PublicSurfaceTest3" computerName="PRIZRAK" duration="00:00:00.0024815" startTime="2011-03-20T22:08:00.1432387+02:00" endTime="2011-03-20T22:08:00.1542393+02:00" testType="13cdc9d9-ddb5-4fa4-a97d-d965ccfc6d4b" outcome="Passed" testListId="8c84fa94-04c1-424b-9868-57a2d4851a1d">
      <Output>
      </Output>
    </UnitTestResult>
    <UnitTestResult executionId="d9c699c2-5571-4469-a44d-6afce2f7d62d" testId="3ae6555d-bf6c-1d70-6c6a-0918a37d46c0" testName="First" computerName="PRIZRAK" duration="00:00:00.0527740" startTime="2011-03-20T22:08:00.1642399+02:00" endTime="2011-03-20T22:08:00.2252434+02:00" testType="13cdc9d9-ddb5-4fa4-a97d-d965ccfc6d4b" outcome="Failed" testListId="8c84fa94-04c1-424b-9868-57a2d4851a1d">
      <Output>
        <ErrorInfo>
          <Message>Test method NorthwindEF.Tests.QueryTests.First threw exception:  System.Data.EntityException: The underlying provider failed on Open. ---&gt;  System.Data.SqlClient.SqlException: Cannot open database "NorthwindEF" requested by the login. The login failed.
Login failed for user 'prizrak\korwin'..</Message>
          <StackTrace>    at System.Data.ProviderBase.DbConnectionPool.GetConnection(DbConnection owningObject)
   at System.Data.ProviderBase.DbConnectionFactory.GetConnection(DbConnection owningConnection)
   at System.Data.ProviderBase.DbConnectionClosed.OpenConnection(DbConnection outerConnection, DbConnectionFactory connectionFactory)
   at System.Data.SqlClient.SqlConnection.Open()
   at System.Data.EntityClient.EntityConnection.OpenStoreConnectionIf(Boolean openCondition, DbConnection storeConnectionToOpen, DbConnection originalConnection, String exceptionCode, String attemptedOperation, Boolean&amp; closeStoreConnectionOnFailure)
 --- End of inner exception stack trace ---
    at System.Data.EntityClient.EntityConnection.OpenStoreConnectionIf(Boolean openCondition, DbConnection storeConnectionToOpen, DbConnection originalConnection, String exceptionCode, String attemptedOperation, Boolean&amp; closeStoreConnectionOnFailure)
   at System.Data.EntityClient.EntityConnection.Open()
   at System.Data.Objects.ObjectContext.EnsureConnection()
   at System.Data.Objects.ObjectQuery`1.GetResults(Nullable`1 forMergeOption)
   at System.Data.Objects.ObjectQuery`1.System.Collections.Generic.IEnumerable&lt;T&gt;.GetEnumerator()
   at System.Data.Objects.ObjectQuery`1.GetEnumeratorInternal()
   at System.Data.Objects.ObjectQuery.System.Collections.IEnumerable.GetEnumerator()
   at System.Linq.Enumerable.&lt;CastIterator&gt;d__aa`1.MoveNext()
   at System.Linq.Enumerable.First[TSource](IEnumerable`1 source)
   at System.Data.Objects.ELinq.ObjectQueryProvider.&lt;GetElementFunction&gt;b__0[TResult](IEnumerable`1 sequence)
   at System.Data.Objects.ELinq.ObjectQueryProvider.ExecuteSingle[TResult](IEnumerable`1 query, Expression queryRoot)
   at System.Data.Objects.ELinq.ObjectQueryProvider.System.Linq.IQueryProvider.Execute(Expression expression)
   at EFPocoAdapter.EFPocoQueryProvider.Execute[TResult](Expression expression) in D:\Projects\Softserve\Fotogallery\DataAccessLayer\EFPocoAdapter\EFPocoAdapter\EFPocoQueryProvider.cs:line 47
   at System.Linq.Queryable.First[TSource](IQueryable`1 source)
   at NorthwindEF.Tests.QueryTests.First() in D:\Projects\Softserve\Fotogallery\DataAccessLayer\EFPocoAdapter\NorthwindEF.Tests\QueryTests.cs:line 24
</StackTrace>
        </ErrorInfo>
      </Output>
    </UnitTestResult>
    <UnitTestResult executionId="aeb8bec0-cd33-4a4e-af99-cb442ed8a2fa" testId="5ea264d0-e2b2-7997-9d58-4e891356da5d" testName="NestedAnonymousTypes" computerName="PRIZRAK" duration="00:00:00.0902060" startTime="2011-03-20T22:08:00.2432444+02:00" endTime="2011-03-20T22:08:00.3412500+02:00" testType="13cdc9d9-ddb5-4fa4-a97d-d965ccfc6d4b" outcome="Failed" testListId="8c84fa94-04c1-424b-9868-57a2d4851a1d">
      <Output>
        <ErrorInfo>
          <Message>Test method NorthwindEF.Tests.QueryTests.NestedAnonymousTypes threw exception:  System.Data.EntityException: The underlying provider failed on Open. ---&gt;  System.Data.SqlClient.SqlException: Cannot open database "NorthwindEF" requested by the login. The login failed.
Login failed for user 'prizrak\korwin'..</Message>
          <StackTrace>    at System.Data.ProviderBase.DbConnectionPool.GetConnection(DbConnection owningObject)
   at System.Data.ProviderBase.DbConnectionFactory.GetConnection(DbConnection owningConnection)
   at System.Data.ProviderBase.DbConnectionClosed.OpenConnection(DbConnection outerConnection, DbConnectionFactory connectionFactory)
   at System.Data.SqlClient.SqlConnection.Open()
   at System.Data.EntityClient.EntityConnection.OpenStoreConnectionIf(Boolean openCondition, DbConnection storeConnectionToOpen, DbConnection originalConnection, String exceptionCode, String attemptedOperation, Boolean&amp; closeStoreConnectionOnFailure)
 --- End of inner exception stack trace ---
    at System.Data.EntityClient.EntityConnection.OpenStoreConnectionIf(Boolean openCondition, DbConnection storeConnectionToOpen, DbConnection originalConnection, String exceptionCode, String attemptedOperation, Boolean&amp; closeStoreConnectionOnFailure)
   at System.Data.EntityClient.EntityConnection.Open()
   at System.Data.Objects.ObjectContext.EnsureConnection()
   at System.Data.Objects.ObjectQuery`1.GetResults(Nullable`1 forMergeOption)
   at System.Data.Objects.ObjectQuery`1.System.Collections.Generic.IEnumerable&lt;T&gt;.GetEnumerator()
   at EFPocoAdapter.Internal.QueryTranslator.EnumeratorConverter`2.&lt;Convert&gt;d__f.MoveNext() in D:\Projects\Softserve\Fotogallery\DataAccessLayer\EFPocoAdapter\EFPocoAdapter\Internal\QueryTranslator.cs:line 61
   at System.Linq.Buffer`1..ctor(IEnumerable`1 source)
   at System.Linq.Enumerable.ToArray[TSource](IEnumerable`1 source)
   at NorthwindEF.Tests.QueryTests.NestedAnonymousTypes() in D:\Projects\Softserve\Fotogallery\DataAccessLayer\EFPocoAdapter\NorthwindEF.Tests\QueryTests.cs:line 35
</StackTrace>
        </ErrorInfo>
      </Output>
    </UnitTestResult>
    <UnitTestResult executionId="767af3e4-91f2-42c9-b8aa-717353c3cadb" testId="c6434e89-683e-a29e-de4c-7b53b7bbef12" testName="CollectionsTest1" computerName="PRIZRAK" duration="00:00:00.0497587" startTime="2011-03-20T22:08:00.3662515+02:00" endTime="2011-03-20T22:08:00.4222547+02:00" testType="13cdc9d9-ddb5-4fa4-a97d-d965ccfc6d4b" outcome="Failed" testListId="8c84fa94-04c1-424b-9868-57a2d4851a1d">
      <Output>
        <ErrorInfo>
          <Message>Test method NorthwindEF.Tests.QueryTests.CollectionsTest1 threw exception:  System.Data.EntityException: The underlying provider failed on Open. ---&gt;  System.Data.SqlClient.SqlException: Cannot open database "NorthwindEF" requested by the login. The login failed.
Login failed for user 'prizrak\korwin'..</Message>
          <StackTrace>    at System.Data.ProviderBase.DbConnectionPool.GetConnection(DbConnection owningObject)
   at System.Data.ProviderBase.DbConnectionFactory.GetConnection(DbConnection owningConnection)
   at System.Data.ProviderBase.DbConnectionClosed.OpenConnection(DbConnection outerConnection, DbConnectionFactory connectionFactory)
   at System.Data.SqlClient.SqlConnection.Open()
   at System.Data.EntityClient.EntityConnection.OpenStoreConnectionIf(Boolean openCondition, DbConnection storeConnectionToOpen, DbConnection originalConnection, String exceptionCode, String attemptedOperation, Boolean&amp; closeStoreConnectionOnFailure)
 --- End of inner exception stack trace ---
    at System.Data.EntityClient.EntityConnection.OpenStoreConnectionIf(Boolean openCondition, DbConnection storeConnectionToOpen, DbConnection originalConnection, String exceptionCode, String attemptedOperation, Boolean&amp; closeStoreConnectionOnFailure)
   at System.Data.EntityClient.EntityConnection.Open()
   at System.Data.Objects.ObjectContext.EnsureConnection()
   at System.Data.Objects.ObjectQuery`1.GetResults(Nullable`1 forMergeOption)
   at System.Data.Objects.ObjectQuery`1.System.Collections.Generic.IEnumerable&lt;T&gt;.GetEnumerator()
   at System.Data.Objects.ObjectQuery`1.GetEnumeratorInternal()
   at System.Data.Objects.ObjectQuery.System.Collections.IEnumerable.GetEnumerator()
   at System.Linq.Enumerable.&lt;CastIterator&gt;d__aa`1.MoveNext()
   at System.Linq.Enumerable.First[TSource](IEnumerable`1 source)
   at System.Data.Objects.ELinq.ObjectQueryProvider.&lt;GetElementFunction&gt;b__0[TResult](IEnumerable`1 sequence)
   at System.Data.Objects.ELinq.ObjectQueryProvider.ExecuteSingle[TResult](IEnumerable`1 query, Expression queryRoot)
   at System.Data.Objects.ELinq.ObjectQueryProvider.System.Linq.IQueryProvider.Execute(Expression expression)
   at EFPocoAdapter.EFPocoQueryProvider.Execute[TResult](Expression expression) in D:\Projects\Softserve\Fotogallery\DataAccessLayer\EFPocoAdapter\EFPocoAdapter\EFPocoQueryProvider.cs:line 47
   at System.Linq.Queryable.First[TSource](IQueryable`1 source)
   at NorthwindEF.Tests.QueryTests.CollectionsTest1() in D:\Projects\Softserve\Fotogallery\DataAccessLayer\EFPocoAdapter\NorthwindEF.Tests\QueryTests.cs:line 44
</StackTrace>
        </ErrorInfo>
      </Output>
    </UnitTestResult>
    <UnitTestResult executionId="8aabd257-3d0d-4e25-84cf-6afc48db3166" testId="558c20ce-063f-a43b-8db5-52df8cbe5c21" testName="CollectionsTest2" computerName="PRIZRAK" duration="00:00:00.0424797" startTime="2011-03-20T22:08:00.4402557+02:00" endTime="2011-03-20T22:08:00.4902586+02:00" testType="13cdc9d9-ddb5-4fa4-a97d-d965ccfc6d4b" outcome="Failed" testListId="8c84fa94-04c1-424b-9868-57a2d4851a1d">
      <Output>
        <ErrorInfo>
          <Message>Test method NorthwindEF.Tests.QueryTests.CollectionsTest2 threw exception:  System.Data.EntityException: The underlying provider failed on Open. ---&gt;  System.Data.SqlClient.SqlException: Cannot open database "NorthwindEF" requested by the login. The login failed.
Login failed for user 'prizrak\korwin'..</Message>
          <StackTrace>    at System.Data.ProviderBase.DbConnectionPool.GetConnection(DbConnection owningObject)
   at System.Data.ProviderBase.DbConnectionFactory.GetConnection(DbConnection owningConnection)
   at System.Data.ProviderBase.DbConnectionClosed.OpenConnection(DbConnection outerConnection, DbConnectionFactory connectionFactory)
   at System.Data.SqlClient.SqlConnection.Open()
   at System.Data.EntityClient.EntityConnection.OpenStoreConnectionIf(Boolean openCondition, DbConnection storeConnectionToOpen, DbConnection originalConnection, String exceptionCode, String attemptedOperation, Boolean&amp; closeStoreConnectionOnFailure)
 --- End of inner exception stack trace ---
    at System.Data.EntityClient.EntityConnection.OpenStoreConnectionIf(Boolean openCondition, DbConnection storeConnectionToOpen, DbConnection originalConnection, String exceptionCode, String attemptedOperation, Boolean&amp; closeStoreConnectionOnFailure)
   at System.Data.EntityClient.EntityConnection.Open()
   at System.Data.Objects.ObjectContext.EnsureConnection()
   at System.Data.Objects.ObjectQuery`1.GetResults(Nullable`1 forMergeOption)
   at System.Data.Objects.ObjectQuery`1.System.Collections.Generic.IEnumerable&lt;T&gt;.GetEnumerator()
   at EFPocoAdapter.Internal.QueryTranslator.EnumeratorConverter`2.&lt;Convert&gt;d__f.MoveNext() in D:\Projects\Softserve\Fotogallery\DataAccessLayer\EFPocoAdapter\EFPocoAdapter\Internal\QueryTranslator.cs:line 61
   at System.Linq.Buffer`1..ctor(IEnumerable`1 source)
   at System.Linq.Enumerable.ToArray[TSource](IEnumerable`1 source)
   at NorthwindEF.Tests.QueryTests.CollectionsTest2() in D:\Projects\Softserve\Fotogallery\DataAccessLayer\EFPocoAdapter\NorthwindEF.Tests\QueryTests.cs:line 55
</StackTrace>
        </ErrorInfo>
      </Output>
    </UnitTestResult>
    <UnitTestResult executionId="2b2fa248-185d-46e1-b453-96cba1061710" testId="23fa54d4-610f-3371-3c55-7969512b24eb" testName="ProjectReferences1" computerName="PRIZRAK" duration="00:00:00.0418368" startTime="2011-03-20T22:08:00.5072595+02:00" endTime="2011-03-20T22:08:00.5562623+02:00" testType="13cdc9d9-ddb5-4fa4-a97d-d965ccfc6d4b" outcome="Failed" testListId="8c84fa94-04c1-424b-9868-57a2d4851a1d">
      <Output>
        <ErrorInfo>
          <Message>Test method NorthwindEF.Tests.QueryTests.ProjectReferences1 threw exception:  System.Data.EntityException: The underlying provider failed on Open. ---&gt;  System.Data.SqlClient.SqlException: Cannot open database "NorthwindEF" requested by the login. The login failed.
Login failed for user 'prizrak\korwin'..</Message>
          <StackTrace>    at System.Data.ProviderBase.DbConnectionPool.GetConnection(DbConnection owningObject)
   at System.Data.ProviderBase.DbConnectionFactory.GetConnection(DbConnection owningConnection)
   at System.Data.ProviderBase.DbConnectionClosed.OpenConnection(DbConnection outerConnection, DbConnectionFactory connectionFactory)
   at System.Data.SqlClient.SqlConnection.Open()
   at System.Data.EntityClient.EntityConnection.OpenStoreConnectionIf(Boolean openCondition, DbConnection storeConnectionToOpen, DbConnection originalConnection, String exceptionCode, String attemptedOperation, Boolean&amp; closeStoreConnectionOnFailure)
 --- End of inner exception stack trace ---
    at System.Data.EntityClient.EntityConnection.OpenStoreConnectionIf(Boolean openCondition, DbConnection storeConnectionToOpen, DbConnection originalConnection, String exceptionCode, String attemptedOperation, Boolean&amp; closeStoreConnectionOnFailure)
   at System.Data.EntityClient.EntityConnection.Open()
   at System.Data.Objects.ObjectContext.EnsureConnection()
   at System.Data.Objects.ObjectQuery`1.GetResults(Nullable`1 forMergeOption)
   at System.Data.Objects.ObjectQuery`1.System.Collections.Generic.IEnumerable&lt;T&gt;.GetEnumerator()
   at System.Data.Objects.ObjectQuery`1.GetEnumeratorInternal()
   at System.Data.Objects.ObjectQuery.System.Collections.IEnumerable.GetEnumerator()
   at System.Linq.Enumerable.&lt;CastIterator&gt;d__aa`1.MoveNext()
   at System.Linq.Enumerable.First[TSource](IEnumerable`1 source)
   at System.Data.Objects.ELinq.ObjectQueryProvider.&lt;GetElementFunction&gt;b__0[TResult](IEnumerable`1 sequence)
   at System.Data.Objects.ELinq.ObjectQueryProvider.ExecuteSingle[TResult](IEnumerable`1 query, Expression queryRoot)
   at System.Data.Objects.ELinq.ObjectQueryProvider.System.Linq.IQueryProvider.Execute(Expression expression)
   at EFPocoAdapter.EFPocoQueryProvider.Execute[TResult](Expression expression) in D:\Projects\Softserve\Fotogallery\DataAccessLayer\EFPocoAdapter\EFPocoAdapter\EFPocoQueryProvider.cs:line 47
   at System.Linq.Queryable.First[TSource](IQueryable`1 source)
   at NorthwindEF.Tests.QueryTests.ProjectReferences1() in D:\Projects\Softserve\Fotogallery\DataAccessLayer\EFPocoAdapter\NorthwindEF.Tests\QueryTests.cs:line 66
</StackTrace>
        </ErrorInfo>
      </Output>
    </UnitTestResult>
    <UnitTestResult executionId="e40e5789-aa42-4809-b322-9e90c97cea1c" testId="71d5f3b0-a4af-b7e4-4128-f2034f85966b" testName="ProjectReferences2" computerName="PRIZRAK" duration="00:00:00.0459364" startTime="2011-03-20T22:08:00.5752634+02:00" endTime="2011-03-20T22:08:00.6282665+02:00" testType="13cdc9d9-ddb5-4fa4-a97d-d965ccfc6d4b" outcome="Failed" testListId="8c84fa94-04c1-424b-9868-57a2d4851a1d">
      <Output>
        <ErrorInfo>
          <Message>Test method NorthwindEF.Tests.QueryTests.ProjectReferences2 threw exception:  System.Data.EntityException: The underlying provider failed on Open. ---&gt;  System.Data.SqlClient.SqlException: Cannot open database "NorthwindEF" requested by the login. The login failed.
Login failed for user 'prizrak\korwin'..</Message>
          <StackTrace>    at System.Data.ProviderBase.DbConnectionPool.GetConnection(DbConnection owningObject)
   at System.Data.ProviderBase.DbConnectionFactory.GetConnection(DbConnection owningConnection)
   at System.Data.ProviderBase.DbConnectionClosed.OpenConnection(DbConnection outerConnection, DbConnectionFactory connectionFactory)
   at System.Data.SqlClient.SqlConnection.Open()
   at System.Data.EntityClient.EntityConnection.OpenStoreConnectionIf(Boolean openCondition, DbConnection storeConnectionToOpen, DbConnection originalConnection, String exceptionCode, String attemptedOperation, Boolean&amp; closeStoreConnectionOnFailure)
 --- End of inner exception stack trace ---
    at System.Data.EntityClient.EntityConnection.OpenStoreConnectionIf(Boolean openCondition, DbConnection storeConnectionToOpen, DbConnection originalConnection, String exceptionCode, String attemptedOperation, Boolean&amp; closeStoreConnectionOnFailure)
   at System.Data.EntityClient.EntityConnection.Open()
   at System.Data.Objects.ObjectContext.EnsureConnection()
   at System.Data.Objects.ObjectQuery`1.GetResults(Nullable`1 forMergeOption)
   at System.Data.Objects.ObjectQuery`1.System.Collections.Generic.IEnumerable&lt;T&gt;.GetEnumerator()
   at System.Data.Objects.ObjectQuery`1.GetEnumeratorInternal()
   at System.Data.Objects.ObjectQuery.System.Collections.IEnumerable.GetEnumerator()
   at System.Linq.Enumerable.&lt;CastIterator&gt;d__aa`1.MoveNext()
   at System.Linq.Enumerable.First[TSource](IEnumerable`1 source)
   at System.Data.Objects.ELinq.ObjectQueryProvider.&lt;GetElementFunction&gt;b__0[TResult](IEnumerable`1 sequence)
   at System.Data.Objects.ELinq.ObjectQueryProvider.ExecuteSingle[TResult](IEnumerable`1 query, Expression queryRoot)
   at System.Data.Objects.ELinq.ObjectQueryProvider.System.Linq.IQueryProvider.Execute(Expression expression)
   at EFPocoAdapter.EFPocoQueryProvider.Execute[TResult](Expression expression) in D:\Projects\Softserve\Fotogallery\DataAccessLayer\EFPocoAdapter\EFPocoAdapter\EFPocoQueryProvider.cs:line 47
   at System.Linq.Queryable.First[TSource](IQueryable`1 source)
   at NorthwindEF.Tests.QueryTests.ProjectReferences2() in D:\Projects\Softserve\Fotogallery\DataAccessLayer\EFPocoAdapter\NorthwindEF.Tests\QueryTests.cs:line 76
</StackTrace>
        </ErrorInfo>
      </Output>
    </UnitTestResult>
    <UnitTestResult executionId="f14e3886-d724-494d-a19e-e32f2819b9bc" testId="94d4c79f-9329-d6b0-c437-af0755425909" testName="ComplexTypeTests" computerName="PRIZRAK" duration="00:00:00.0437397" startTime="2011-03-20T22:08:00.6442674+02:00" endTime="2011-03-20T22:08:00.6962704+02:00" testType="13cdc9d9-ddb5-4fa4-a97d-d965ccfc6d4b" outcome="Failed" testListId="8c84fa94-04c1-424b-9868-57a2d4851a1d">
      <Output>
        <ErrorInfo>
          <Message>Test method NorthwindEF.Tests.QueryTests.ComplexTypeTests threw exception:  System.Data.EntityException: The underlying provider failed on Open. ---&gt;  System.Data.SqlClient.SqlException: Cannot open database "NorthwindEF" requested by the login. The login failed.
Login failed for user 'prizrak\korwin'..</Message>
          <StackTrace>    at System.Data.ProviderBase.DbConnectionPool.GetConnection(DbConnection owningObject)
   at System.Data.ProviderBase.DbConnectionFactory.GetConnection(DbConnection owningConnection)
   at System.Data.ProviderBase.DbConnectionClosed.OpenConnection(DbConnection outerConnection, DbConnectionFactory connectionFactory)
   at System.Data.SqlClient.SqlConnection.Open()
   at System.Data.EntityClient.EntityConnection.OpenStoreConnectionIf(Boolean openCondition, DbConnection storeConnectionToOpen, DbConnection originalConnection, String exceptionCode, String attemptedOperation, Boolean&amp; closeStoreConnectionOnFailure)
 --- End of inner exception stack trace ---
    at System.Data.EntityClient.EntityConnection.OpenStoreConnectionIf(Boolean openCondition, DbConnection storeConnectionToOpen, DbConnection originalConnection, String exceptionCode, String attemptedOperation, Boolean&amp; closeStoreConnectionOnFailure)
   at System.Data.EntityClient.EntityConnection.Open()
   at System.Data.Objects.ObjectContext.EnsureConnection()
   at System.Data.Objects.ObjectQuery`1.GetResults(Nullable`1 forMergeOption)
   at System.Data.Objects.ObjectQuery`1.System.Collections.Generic.IEnumerable&lt;T&gt;.GetEnumerator()
   at System.Data.Objects.ObjectQuery`1.GetEnumeratorInternal()
   at System.Data.Objects.ObjectQuery.System.Collections.IEnumerable.GetEnumerator()
   at System.Linq.Enumerable.&lt;CastIterator&gt;d__aa`1.MoveNext()
   at System.Linq.Enumerable.First[TSource](IEnumerable`1 source)
   at System.Data.Objects.ELinq.ObjectQueryProvider.&lt;GetElementFunction&gt;b__0[TResult](IEnumerable`1 sequence)
   at System.Data.Objects.ELinq.ObjectQueryProvider.ExecuteSingle[TResult](IEnumerable`1 query, Expression queryRoot)
   at System.Data.Objects.ELinq.ObjectQueryProvider.System.Linq.IQueryProvider.Execute(Expression expression)
   at EFPocoAdapter.EFPocoQueryProvider.Execute[TResult](Expression expression) in D:\Projects\Softserve\Fotogallery\DataAccessLayer\EFPocoAdapter\EFPocoAdapter\EFPocoQueryProvider.cs:line 47
   at System.Linq.Queryable.First[TSource](IQueryable`1 source)
   at NorthwindEF.Tests.QueryTests.ComplexTypeTests() in D:\Projects\Softserve\Fotogallery\DataAccessLayer\EFPocoAdapter\NorthwindEF.Tests\QueryTests.cs:line 86
</StackTrace>
        </ErrorInfo>
      </Output>
    </UnitTestResult>
    <UnitTestResult executionId="10769b76-a956-4044-9595-a48a45bb59d9" testId="839da681-0eaa-4006-880b-a3e734034c8b" testName="QueryOfPrimitiveType1" computerName="PRIZRAK" duration="00:00:00.0339996" startTime="2011-03-20T22:08:00.7122713+02:00" endTime="2011-03-20T22:08:00.7532736+02:00" testType="13cdc9d9-ddb5-4fa4-a97d-d965ccfc6d4b" outcome="Failed" testListId="8c84fa94-04c1-424b-9868-57a2d4851a1d">
      <Output>
        <ErrorInfo>
          <Message>Test method NorthwindEF.Tests.QueryTests.QueryOfPrimitiveType1 threw exception:  System.Data.EntityException: The underlying provider failed on Open. ---&gt;  System.Data.SqlClient.SqlException: Cannot open database "NorthwindEF" requested by the login. The login failed.
Login failed for user 'prizrak\korwin'..</Message>
          <StackTrace>    at System.Data.ProviderBase.DbConnectionPool.GetConnection(DbConnection owningObject)
   at System.Data.ProviderBase.DbConnectionFactory.GetConnection(DbConnection owningConnection)
   at System.Data.ProviderBase.DbConnectionClosed.OpenConnection(DbConnection outerConnection, DbConnectionFactory connectionFactory)
   at System.Data.SqlClient.SqlConnection.Open()
   at System.Data.EntityClient.EntityConnection.OpenStoreConnectionIf(Boolean openCondition, DbConnection storeConnectionToOpen, DbConnection originalConnection, String exceptionCode, String attemptedOperation, Boolean&amp; closeStoreConnectionOnFailure)
 --- End of inner exception stack trace ---
    at System.Data.EntityClient.EntityConnection.OpenStoreConnectionIf(Boolean openCondition, DbConnection storeConnectionToOpen, DbConnection originalConnection, String exceptionCode, String attemptedOperation, Boolean&amp; closeStoreConnectionOnFailure)
   at System.Data.EntityClient.EntityConnection.Open()
   at System.Data.Objects.ObjectContext.EnsureConnection()
   at System.Data.Objects.ObjectQuery`1.GetResults(Nullable`1 forMergeOption)
   at System.Data.Objects.ObjectQuery`1.System.Collections.Generic.IEnumerable&lt;T&gt;.GetEnumerator()
   at EFPocoAdapter.Internal.QueryTranslator.EnumeratorConverter`2.&lt;Convert&gt;d__f.MoveNext() in D:\Projects\Softserve\Fotogallery\DataAccessLayer\EFPocoAdapter\EFPocoAdapter\Internal\QueryTranslator.cs:line 61
   at System.Linq.Buffer`1..ctor(IEnumerable`1 source)
   at System.Linq.Enumerable.ToArray[TSource](IEnumerable`1 source)
   at NorthwindEF.Tests.QueryTests.QueryOfPrimitiveType1() in D:\Projects\Softserve\Fotogallery\DataAccessLayer\EFPocoAdapter\NorthwindEF.Tests\QueryTests.cs:line 95
</StackTrace>
        </ErrorInfo>
      </Output>
    </UnitTestResult>
    <UnitTestResult executionId="365d6d99-64a7-441d-803e-d549518390e3" testId="a7ec2bc9-1263-961b-4c2a-2c8e7ec5805f" testName="QueryOfType" computerName="PRIZRAK" duration="00:00:00.0785477" startTime="2011-03-20T22:08:00.7702746+02:00" endTime="2011-03-20T22:08:00.8552794+02:00" testType="13cdc9d9-ddb5-4fa4-a97d-d965ccfc6d4b" outcome="Failed" testListId="8c84fa94-04c1-424b-9868-57a2d4851a1d">
      <Output>
        <ErrorInfo>
          <Message>Test method NorthwindEF.Tests.QueryTests.QueryOfType threw exception:  System.Data.EntityException: The underlying provider failed on Open. ---&gt;  System.Data.SqlClient.SqlException: Cannot open database "NorthwindEF" requested by the login. The login failed.
Login failed for user 'prizrak\korwin'..</Message>
          <StackTrace>    at System.Data.ProviderBase.DbConnectionPool.GetConnection(DbConnection owningObject)
   at System.Data.ProviderBase.DbConnectionFactory.GetConnection(DbConnection owningConnection)
   at System.Data.ProviderBase.DbConnectionClosed.OpenConnection(DbConnection outerConnection, DbConnectionFactory connectionFactory)
   at System.Data.SqlClient.SqlConnection.Open()
   at System.Data.EntityClient.EntityConnection.OpenStoreConnectionIf(Boolean openCondition, DbConnection storeConnectionToOpen, DbConnection originalConnection, String exceptionCode, String attemptedOperation, Boolean&amp; closeStoreConnectionOnFailure)
 --- End of inner exception stack trace ---
    at System.Data.EntityClient.EntityConnection.OpenStoreConnectionIf(Boolean openCondition, DbConnection storeConnectionToOpen, DbConnection originalConnection, String exceptionCode, String attemptedOperation, Boolean&amp; closeStoreConnectionOnFailure)
   at System.Data.EntityClient.EntityConnection.Open()
   at System.Data.Objects.ObjectContext.EnsureConnection()
   at System.Data.Objects.ObjectQuery`1.GetResults(Nullable`1 forMergeOption)
   at System.Data.Objects.ObjectQuery`1.System.Collections.Generic.IEnumerable&lt;T&gt;.GetEnumerator()
   at EFPocoAdapter.Internal.QueryTranslator.EnumeratorConverter`2.&lt;Convert&gt;d__f.MoveNext() in D:\Projects\Softserve\Fotogallery\DataAccessLayer\EFPocoAdapter\EFPocoAdapter\Internal\QueryTranslator.cs:line 61
   at System.Collections.Generic.List`1..ctor(IEnumerable`1 collection)
   at System.Linq.Enumerable.ToList[TSource](IEnumerable`1 source)
   at NorthwindEF.Tests.QueryTests.QueryOfType() in D:\Projects\Softserve\Fotogallery\DataAccessLayer\EFPocoAdapter\NorthwindEF.Tests\QueryTests.cs:line 106
</StackTrace>
        </ErrorInfo>
      </Output>
    </UnitTestResult>
    <UnitTestResult executionId="6cf6fb4c-7a46-4543-b89a-0acbcf5d578a" testId="4122e52b-617c-09af-8098-6261e83f8d98" testName="TypeIs" computerName="PRIZRAK" duration="00:00:00.0388767" startTime="2011-03-20T22:08:00.8732805+02:00" endTime="2011-03-20T22:08:00.9192831+02:00" testType="13cdc9d9-ddb5-4fa4-a97d-d965ccfc6d4b" outcome="Failed" testListId="8c84fa94-04c1-424b-9868-57a2d4851a1d">
      <Output>
        <ErrorInfo>
          <Message>Test method NorthwindEF.Tests.QueryTests.TypeIs threw exception:  System.Data.EntityException: The underlying provider failed on Open. ---&gt;  System.Data.SqlClient.SqlException: Cannot open database "NorthwindEF" requested by the login. The login failed.
Login failed for user 'prizrak\korwin'..</Message>
          <StackTrace>    at System.Data.ProviderBase.DbConnectionPool.GetConnection(DbConnection owningObject)
   at System.Data.ProviderBase.DbConnectionFactory.GetConnection(DbConnection owningConnection)
   at System.Data.ProviderBase.DbConnectionClosed.OpenConnection(DbConnection outerConnection, DbConnectionFactory connectionFactory)
   at System.Data.SqlClient.SqlConnection.Open()
   at System.Data.EntityClient.EntityConnection.OpenStoreConnectionIf(Boolean openCondition, DbConnection storeConnectionToOpen, DbConnection originalConnection, String exceptionCode, String attemptedOperation, Boolean&amp; closeStoreConnectionOnFailure)
 --- End of inner exception stack trace ---
    at System.Data.EntityClient.EntityConnection.OpenStoreConnectionIf(Boolean openCondition, DbConnection storeConnectionToOpen, DbConnection originalConnection, String exceptionCode, String attemptedOperation, Boolean&amp; closeStoreConnectionOnFailure)
   at System.Data.EntityClient.EntityConnection.Open()
   at System.Data.Objects.ObjectContext.EnsureConnection()
   at System.Data.Objects.ObjectQuery`1.GetResults(Nullable`1 forMergeOption)
   at System.Data.Objects.ObjectQuery`1.System.Collections.Generic.IEnumerable&lt;T&gt;.GetEnumerator()
   at EFPocoAdapter.Internal.QueryTranslator.EnumeratorConverter`2.&lt;Convert&gt;d__f.MoveNext() in D:\Projects\Softserve\Fotogallery\DataAccessLayer\EFPocoAdapter\EFPocoAdapter\Internal\QueryTranslator.cs:line 61
   at System.Collections.Generic.List`1..ctor(IEnumerable`1 collection)
   at System.Linq.Enumerable.ToList[TSource](IEnumerable`1 source)
   at NorthwindEF.Tests.QueryTests.TypeIs() in D:\Projects\Softserve\Fotogallery\DataAccessLayer\EFPocoAdapter\NorthwindEF.Tests\QueryTests.cs:line 116
</StackTrace>
        </ErrorInfo>
      </Output>
    </UnitTestResult>
    <UnitTestResult executionId="13b09f51-203b-4f30-a4ef-e7c87a11eb69" testId="642f8b2b-f86e-0e79-a9a4-ccd87408c34d" testName="NullableResult1" computerName="PRIZRAK" duration="00:00:00.0645767" startTime="2011-03-20T22:08:00.9382842+02:00" endTime="2011-03-20T22:08:01.0102883+02:00" testType="13cdc9d9-ddb5-4fa4-a97d-d965ccfc6d4b" outcome="Failed" testListId="8c84fa94-04c1-424b-9868-57a2d4851a1d">
      <Output>
        <ErrorInfo>
          <Message>Test method NorthwindEF.Tests.QueryTests.NullableResult1 threw exception:  System.Data.EntityException: The underlying provider failed on Open. ---&gt;  System.Data.SqlClient.SqlException: Cannot open database "NorthwindEF" requested by the login. The login failed.
Login failed for user 'prizrak\korwin'..</Message>
          <StackTrace>    at System.Data.ProviderBase.DbConnectionPool.GetConnection(DbConnection owningObject)
   at System.Data.ProviderBase.DbConnectionFactory.GetConnection(DbConnection owningConnection)
   at System.Data.ProviderBase.DbConnectionClosed.OpenConnection(DbConnection outerConnection, DbConnectionFactory connectionFactory)
   at System.Data.SqlClient.SqlConnection.Open()
   at System.Data.EntityClient.EntityConnection.OpenStoreConnectionIf(Boolean openCondition, DbConnection storeConnectionToOpen, DbConnection originalConnection, String exceptionCode, String attemptedOperation, Boolean&amp; closeStoreConnectionOnFailure)
 --- End of inner exception stack trace ---
    at System.Data.EntityClient.EntityConnection.OpenStoreConnectionIf(Boolean openCondition, DbConnection storeConnectionToOpen, DbConnection originalConnection, String exceptionCode, String attemptedOperation, Boolean&amp; closeStoreConnectionOnFailure)
   at System.Data.EntityClient.EntityConnection.Open()
   at System.Data.Objects.ObjectContext.EnsureConnection()
   at System.Data.Objects.ObjectQuery`1.GetResults(Nullable`1 forMergeOption)
   at System.Data.Objects.ObjectQuery`1.System.Collections.Generic.IEnumerable&lt;T&gt;.GetEnumerator()
   at EFPocoAdapter.Internal.QueryTranslator.EnumeratorConverter`2.&lt;Convert&gt;d__f.MoveNext() in D:\Projects\Softserve\Fotogallery\DataAccessLayer\EFPocoAdapter\EFPocoAdapter\Internal\QueryTranslator.cs:line 61
   at System.Collections.Generic.List`1..ctor(IEnumerable`1 collection)
   at System.Linq.Enumerable.ToList[TSource](IEnumerable`1 source)
   at NorthwindEF.Tests.QueryTests.NullableResult1() in D:\Projects\Softserve\Fotogallery\DataAccessLayer\EFPocoAdapter\NorthwindEF.Tests\QueryTests.cs:line 126
</StackTrace>
        </ErrorInfo>
      </Output>
    </UnitTestResult>
    <UnitTestResult executionId="b6b2d871-6ec0-4462-a3a6-8b707303ff54" testId="82074cac-6446-32e6-7c31-4a79a274a5df" testName="NullableResult2" computerName="PRIZRAK" duration="00:00:00.0458587" startTime="2011-03-20T22:08:01.0262892+02:00" endTime="2011-03-20T22:08:01.0792923+02:00" testType="13cdc9d9-ddb5-4fa4-a97d-d965ccfc6d4b" outcome="Failed" testListId="8c84fa94-04c1-424b-9868-57a2d4851a1d">
      <Output>
        <ErrorInfo>
          <Message>Test method NorthwindEF.Tests.QueryTests.NullableResult2 threw exception:  System.Data.EntityException: The underlying provider failed on Open. ---&gt;  System.Data.SqlClient.SqlException: Cannot open database "NorthwindEF" requested by the login. The login failed.
Login failed for user 'prizrak\korwin'..</Message>
          <StackTrace>    at System.Data.ProviderBase.DbConnectionPool.GetConnection(DbConnection owningObject)
   at System.Data.ProviderBase.DbConnectionFactory.GetConnection(DbConnection owningConnection)
   at System.Data.ProviderBase.DbConnectionClosed.OpenConnection(DbConnection outerConnection, DbConnectionFactory connectionFactory)
   at System.Data.SqlClient.SqlConnection.Open()
   at System.Data.EntityClient.EntityConnection.OpenStoreConnectionIf(Boolean openCondition, DbConnection storeConnectionToOpen, DbConnection originalConnection, String exceptionCode, String attemptedOperation, Boolean&amp; closeStoreConnectionOnFailure)
 --- End of inner exception stack trace ---
    at System.Data.EntityClient.EntityConnection.OpenStoreConnectionIf(Boolean openCondition, DbConnection storeConnectionToOpen, DbConnection originalConnection, String exceptionCode, String attemptedOperation, Boolean&amp; closeStoreConnectionOnFailure)
   at System.Data.EntityClient.EntityConnection.Open()
   at System.Data.Objects.ObjectContext.EnsureConnection()
   at System.Data.Objects.ObjectQuery`1.GetResults(Nullable`1 forMergeOption)
   at System.Data.Objects.ObjectQuery`1.System.Collections.Generic.IEnumerable&lt;T&gt;.GetEnumerator()
   at System.Data.Objects.ObjectQuery`1.GetEnumeratorInternal()
   at System.Data.Objects.ObjectQuery.System.Collections.IEnumerable.GetEnumerator()
   at System.Linq.Enumerable.&lt;CastIterator&gt;d__aa`1.MoveNext()
   at System.Linq.Enumerable.First[TSource](IEnumerable`1 source)
   at System.Data.Objects.ELinq.ObjectQueryProvider.&lt;GetElementFunction&gt;b__0[TResult](IEnumerable`1 sequence)
   at System.Data.Objects.ELinq.ObjectQueryProvider.ExecuteSingle[TResult](IEnumerable`1 query, Expression queryRoot)
   at System.Data.Objects.ELinq.ObjectQueryProvider.System.Linq.IQueryProvider.Execute(Expression expression)
   at EFPocoAdapter.EFPocoQueryProvider.Execute[TResult](Expression expression) in D:\Projects\Softserve\Fotogallery\DataAccessLayer\EFPocoAdapter\EFPocoAdapter\EFPocoQueryProvider.cs:line 47
   at System.Linq.Queryable.First[TSource](IQueryable`1 source)
   at NorthwindEF.Tests.QueryTests.NullableResult2() in D:\Projects\Softserve\Fotogallery\DataAccessLayer\EFPocoAdapter\NorthwindEF.Tests\QueryTests.cs:line 135
</StackTrace>
        </ErrorInfo>
      </Output>
    </UnitTestResult>
    <UnitTestResult executionId="539b5e48-5345-45cf-afd0-3e2ff596beb1" testId="9aab549d-6b7e-0843-4c23-8d9c3fc62948" testName="TypeAs" computerName="PRIZRAK" duration="00:00:00.0379529" startTime="2011-03-20T22:08:01.0952932+02:00" endTime="2011-03-20T22:08:01.1402957+02:00" testType="13cdc9d9-ddb5-4fa4-a97d-d965ccfc6d4b" outcome="Failed" testListId="8c84fa94-04c1-424b-9868-57a2d4851a1d">
      <Output>
        <ErrorInfo>
          <Message>Test method NorthwindEF.Tests.QueryTests.TypeAs threw exception:  System.Data.EntityException: The underlying provider failed on Open. ---&gt;  System.Data.SqlClient.SqlException: Cannot open database "NorthwindEF" requested by the login. The login failed.
Login failed for user 'prizrak\korwin'..</Message>
          <StackTrace>    at System.Data.ProviderBase.DbConnectionPool.GetConnection(DbConnection owningObject)
   at System.Data.ProviderBase.DbConnectionFactory.GetConnection(DbConnection owningConnection)
   at System.Data.ProviderBase.DbConnectionClosed.OpenConnection(DbConnection outerConnection, DbConnectionFactory connectionFactory)
   at System.Data.SqlClient.SqlConnection.Open()
   at System.Data.EntityClient.EntityConnection.OpenStoreConnectionIf(Boolean openCondition, DbConnection storeConnectionToOpen, DbConnection originalConnection, String exceptionCode, String attemptedOperation, Boolean&amp; closeStoreConnectionOnFailure)
 --- End of inner exception stack trace ---
    at System.Data.EntityClient.EntityConnection.OpenStoreConnectionIf(Boolean openCondition, DbConnection storeConnectionToOpen, DbConnection originalConnection, String exceptionCode, String attemptedOperation, Boolean&amp; closeStoreConnectionOnFailure)
   at System.Data.EntityClient.EntityConnection.Open()
   at System.Data.Objects.ObjectContext.EnsureConnection()
   at System.Data.Objects.ObjectQuery`1.GetResults(Nullable`1 forMergeOption)
   at System.Data.Objects.ObjectQuery`1.System.Collections.Generic.IEnumerable&lt;T&gt;.GetEnumerator()
   at EFPocoAdapter.Internal.QueryTranslator.EnumeratorConverter`2.&lt;Convert&gt;d__f.MoveNext() in D:\Projects\Softserve\Fotogallery\DataAccessLayer\EFPocoAdapter\EFPocoAdapter\Internal\QueryTranslator.cs:line 61
   at System.Collections.Generic.List`1..ctor(IEnumerable`1 collection)
   at System.Linq.Enumerable.ToList[TSource](IEnumerable`1 source)
   at NorthwindEF.Tests.QueryTests.TypeAs() in D:\Projects\Softserve\Fotogallery\DataAccessLayer\EFPocoAdapter\NorthwindEF.Tests\QueryTests.cs:line 145
</StackTrace>
        </ErrorInfo>
      </Output>
    </UnitTestResult>
    <UnitTestResult executionId="07955129-eb3c-4f3e-8d8d-bda6ced0b1f1" testId="b7be693d-0997-ceb5-48cc-0e64347b9c3f" testName="NestedQuery1" computerName="PRIZRAK" duration="00:00:00.0708061" startTime="2011-03-20T22:08:01.1572967+02:00" endTime="2011-03-20T22:08:01.2343011+02:00" testType="13cdc9d9-ddb5-4fa4-a97d-d965ccfc6d4b" outcome="Failed" testListId="8c84fa94-04c1-424b-9868-57a2d4851a1d">
      <Output>
        <ErrorInfo>
          <Message>Test method NorthwindEF.Tests.QueryTests.NestedQuery1 threw exception:  System.Data.EntityException: The underlying provider failed on Open. ---&gt;  System.Data.SqlClient.SqlException: Cannot open database "NorthwindEF" requested by the login. The login failed.
Login failed for user 'prizrak\korwin'..</Message>
          <StackTrace>    at System.Data.ProviderBase.DbConnectionPool.GetConnection(DbConnection owningObject)
   at System.Data.ProviderBase.DbConnectionFactory.GetConnection(DbConnection owningConnection)
   at System.Data.ProviderBase.DbConnectionClosed.OpenConnection(DbConnection outerConnection, DbConnectionFactory connectionFactory)
   at System.Data.SqlClient.SqlConnection.Open()
   at System.Data.EntityClient.EntityConnection.OpenStoreConnectionIf(Boolean openCondition, DbConnection storeConnectionToOpen, DbConnection originalConnection, String exceptionCode, String attemptedOperation, Boolean&amp; closeStoreConnectionOnFailure)
 --- End of inner exception stack trace ---
    at System.Data.EntityClient.EntityConnection.OpenStoreConnectionIf(Boolean openCondition, DbConnection storeConnectionToOpen, DbConnection originalConnection, String exceptionCode, String attemptedOperation, Boolean&amp; closeStoreConnectionOnFailure)
   at System.Data.EntityClient.EntityConnection.Open()
   at System.Data.Objects.ObjectContext.EnsureConnection()
   at System.Data.Objects.ObjectQuery`1.GetResults(Nullable`1 forMergeOption)
   at System.Data.Objects.ObjectQuery`1.System.Collections.Generic.IEnumerable&lt;T&gt;.GetEnumerator()
   at EFPocoAdapter.Internal.QueryTranslator.EnumeratorConverter`2.&lt;Convert&gt;d__f.MoveNext() in D:\Projects\Softserve\Fotogallery\DataAccessLayer\EFPocoAdapter\EFPocoAdapter\Internal\QueryTranslator.cs:line 61
   at System.Collections.Generic.List`1..ctor(IEnumerable`1 collection)
   at System.Linq.Enumerable.ToList[TSource](IEnumerable`1 source)
   at NorthwindEF.Tests.QueryTests.NestedQuery1() in D:\Projects\Softserve\Fotogallery\DataAccessLayer\EFPocoAdapter\NorthwindEF.Tests\QueryTests.cs:line 155
</StackTrace>
        </ErrorInfo>
      </Output>
    </UnitTestResult>
    <UnitTestResult executionId="712f3062-bbed-484e-9e53-8a17a448c07c" testId="1b282046-210d-e1e8-d549-d8e2debd04f5" testName="NestedQuery2" computerName="PRIZRAK" duration="00:00:00.0419947" startTime="2011-03-20T22:08:01.2503020+02:00" endTime="2011-03-20T22:08:01.3213061+02:00" testType="13cdc9d9-ddb5-4fa4-a97d-d965ccfc6d4b" outcome="Failed" testListId="8c84fa94-04c1-424b-9868-57a2d4851a1d">
      <Output>
        <ErrorInfo>
          <Message>Test method NorthwindEF.Tests.QueryTests.NestedQuery2 threw exception:  System.Data.EntityException: The underlying provider failed on Open. ---&gt;  System.Data.SqlClient.SqlException: Cannot open database "NorthwindEF" requested by the login. The login failed.
Login failed for user 'prizrak\korwin'..</Message>
          <StackTrace>    at System.Data.ProviderBase.DbConnectionPool.GetConnection(DbConnection owningObject)
   at System.Data.ProviderBase.DbConnectionFactory.GetConnection(DbConnection owningConnection)
   at System.Data.ProviderBase.DbConnectionClosed.OpenConnection(DbConnection outerConnection, DbConnectionFactory connectionFactory)
   at System.Data.SqlClient.SqlConnection.Open()
   at System.Data.EntityClient.EntityConnection.OpenStoreConnectionIf(Boolean openCondition, DbConnection storeConnectionToOpen, DbConnection originalConnection, String exceptionCode, String attemptedOperation, Boolean&amp; closeStoreConnectionOnFailure)
 --- End of inner exception stack trace ---
    at System.Data.EntityClient.EntityConnection.OpenStoreConnectionIf(Boolean openCondition, DbConnection storeConnectionToOpen, DbConnection originalConnection, String exceptionCode, String attemptedOperation, Boolean&amp; closeStoreConnectionOnFailure)
   at System.Data.EntityClient.EntityConnection.Open()
   at System.Data.Objects.ObjectContext.EnsureConnection()
   at System.Data.Objects.ObjectQuery`1.GetResults(Nullable`1 forMergeOption)
   at System.Data.Objects.ObjectQuery`1.System.Collections.Generic.IEnumerable&lt;T&gt;.GetEnumerator()
   at EFPocoAdapter.Internal.QueryTranslator.EnumeratorConverter`2.&lt;Convert&gt;d__f.MoveNext() in D:\Projects\Softserve\Fotogallery\DataAccessLayer\EFPocoAdapter\EFPocoAdapter\Internal\QueryTranslator.cs:line 61
   at System.Collections.Generic.List`1..ctor(IEnumerable`1 collection)
   at System.Linq.Enumerable.ToList[TSource](IEnumerable`1 source)
   at NorthwindEF.Tests.QueryTests.NestedQuery2() in D:\Projects\Softserve\Fotogallery\DataAccessLayer\EFPocoAdapter\NorthwindEF.Tests\QueryTests.cs:line 165
</StackTrace>
        </ErrorInfo>
      </Output>
    </UnitTestResult>
    <UnitTestResult executionId="60425a54-4fb8-496c-98cf-5d88990ea82b" testId="6935b1a5-a892-03da-ba51-54ac3b0d0425" testName="NestedQuery3" computerName="PRIZRAK" duration="00:00:00.0575414" startTime="2011-03-20T22:08:01.3383071+02:00" endTime="2011-03-20T22:08:01.4023107+02:00" testType="13cdc9d9-ddb5-4fa4-a97d-d965ccfc6d4b" outcome="Failed" testListId="8c84fa94-04c1-424b-9868-57a2d4851a1d">
      <Output>
        <ErrorInfo>
          <Message>Test method NorthwindEF.Tests.QueryTests.NestedQuery3 threw exception:  System.Data.EntityException: The underlying provider failed on Open. ---&gt;  System.Data.SqlClient.SqlException: Cannot open database "NorthwindEF" requested by the login. The login failed.
Login failed for user 'prizrak\korwin'..</Message>
          <StackTrace>    at System.Data.ProviderBase.DbConnectionPool.GetConnection(DbConnection owningObject)
   at System.Data.ProviderBase.DbConnectionFactory.GetConnection(DbConnection owningConnection)
   at System.Data.ProviderBase.DbConnectionClosed.OpenConnection(DbConnection outerConnection, DbConnectionFactory connectionFactory)
   at System.Data.SqlClient.SqlConnection.Open()
   at System.Data.EntityClient.EntityConnection.OpenStoreConnectionIf(Boolean openCondition, DbConnection storeConnectionToOpen, DbConnection originalConnection, String exceptionCode, String attemptedOperation, Boolean&amp; closeStoreConnectionOnFailure)
 --- End of inner exception stack trace ---
    at System.Data.EntityClient.EntityConnection.OpenStoreConnectionIf(Boolean openCondition, DbConnection storeConnectionToOpen, DbConnection originalConnection, String exceptionCode, String attemptedOperation, Boolean&amp; closeStoreConnectionOnFailure)
   at System.Data.EntityClient.EntityConnection.Open()
   at System.Data.Objects.ObjectContext.EnsureConnection()
   at System.Data.Objects.ObjectQuery`1.GetResults(Nullable`1 forMergeOption)
   at System.Data.Objects.ObjectQuery`1.System.Collections.Generic.IEnumerable&lt;T&gt;.GetEnumerator()
   at EFPocoAdapter.Internal.QueryTranslator.EnumeratorConverter`2.&lt;Convert&gt;d__f.MoveNext() in D:\Projects\Softserve\Fotogallery\DataAccessLayer\EFPocoAdapter\EFPocoAdapter\Internal\QueryTranslator.cs:line 61
   at NorthwindEF.Tests.QueryTests.NestedQuery3() in D:\Projects\Softserve\Fotogallery\DataAccessLayer\EFPocoAdapter\NorthwindEF.Tests\QueryTests.cs:line 179
</StackTrace>
        </ErrorInfo>
      </Output>
    </UnitTestResult>
    <UnitTestResult executionId="053ee1fe-a79f-45b2-8a8a-83549a2eb64e" testId="7372d8c7-91d4-b605-f743-4e96b3e0ee09" testName="NestedQueryNegativeTest" computerName="PRIZRAK" duration="00:00:00.0290828" startTime="2011-03-20T22:08:01.4183116+02:00" endTime="2011-03-20T22:08:01.4553138+02:00" testType="13cdc9d9-ddb5-4fa4-a97d-d965ccfc6d4b" outcome="Passed" testListId="8c84fa94-04c1-424b-9868-57a2d4851a1d">
      <Output>
      </Output>
    </UnitTestResult>
    <UnitTestResult executionId="8b4da3b7-b62a-4dde-b83d-ec43387d55af" testId="8fffa05e-8126-ae7c-9a9c-1fa6ad516c2e" testName="ElementTypeTest" computerName="PRIZRAK" duration="00:00:00.0032533" startTime="2011-03-20T22:08:01.4693146+02:00" endTime="2011-03-20T22:08:01.4803152+02:00" testType="13cdc9d9-ddb5-4fa4-a97d-d965ccfc6d4b" outcome="Passed" testListId="8c84fa94-04c1-424b-9868-57a2d4851a1d">
      <Output>
      </Output>
    </UnitTestResult>
    <UnitTestResult executionId="1e64bbfa-efcf-431e-8a4c-44cf5c5cc538" testId="bd97b791-283f-75ff-2b79-c76726267a42" testName="GetEnumeratorTest" computerName="PRIZRAK" duration="00:00:00.0371683" startTime="2011-03-20T22:08:01.4953161+02:00" endTime="2011-03-20T22:08:01.5393186+02:00" testType="13cdc9d9-ddb5-4fa4-a97d-d965ccfc6d4b" outcome="Failed" testListId="8c84fa94-04c1-424b-9868-57a2d4851a1d">
      <Output>
        <ErrorInfo>
          <Message>Test method NorthwindEF.Tests.QueryTests.GetEnumeratorTest threw exception:  System.Data.EntityException: The underlying provider failed on Open. ---&gt;  System.Data.SqlClient.SqlException: Cannot open database "NorthwindEF" requested by the login. The login failed.
Login failed for user 'prizrak\korwin'..</Message>
          <StackTrace>    at System.Data.ProviderBase.DbConnectionPool.GetConnection(DbConnection owningObject)
   at System.Data.ProviderBase.DbConnectionFactory.GetConnection(DbConnection owningConnection)
   at System.Data.ProviderBase.DbConnectionClosed.OpenConnection(DbConnection outerConnection, DbConnectionFactory connectionFactory)
   at System.Data.SqlClient.SqlConnection.Open()
   at System.Data.EntityClient.EntityConnection.OpenStoreConnectionIf(Boolean openCondition, DbConnection storeConnectionToOpen, DbConnection originalConnection, String exceptionCode, String attemptedOperation, Boolean&amp; closeStoreConnectionOnFailure)
 --- End of inner exception stack trace ---
    at System.Data.EntityClient.EntityConnection.OpenStoreConnectionIf(Boolean openCondition, DbConnection storeConnectionToOpen, DbConnection originalConnection, String exceptionCode, String attemptedOperation, Boolean&amp; closeStoreConnectionOnFailure)
   at System.Data.EntityClient.EntityConnection.Open()
   at System.Data.Objects.ObjectContext.EnsureConnection()
   at System.Data.Objects.ObjectQuery`1.GetResults(Nullable`1 forMergeOption)
   at System.Data.Objects.ObjectQuery`1.System.Collections.Generic.IEnumerable&lt;T&gt;.GetEnumerator()
   at EFPocoAdapter.Internal.QueryTranslator.EnumeratorConverter`2.&lt;Convert&gt;d__f.MoveNext() in D:\Projects\Softserve\Fotogallery\DataAccessLayer\EFPocoAdapter\EFPocoAdapter\Internal\QueryTranslator.cs:line 61
   at NorthwindEF.Tests.QueryTests.GetEnumeratorTest() in D:\Projects\Softserve\Fotogallery\DataAccessLayer\EFPocoAdapter\NorthwindEF.Tests\QueryTests.cs:line 222
</StackTrace>
        </ErrorInfo>
      </Output>
    </UnitTestResult>
    <UnitTestResult executionId="a178ce38-b3c4-4d3d-8c19-9256d57ba560" testId="0a2f4e10-7280-de93-9057-12a563027ebf" testName="SimpleLoad" computerName="PRIZRAK" duration="00:00:00.0379118" startTime="2011-03-20T22:08:01.5563195+02:00" endTime="2011-03-20T22:08:01.6013221+02:00" testType="13cdc9d9-ddb5-4fa4-a97d-d965ccfc6d4b" outcome="Failed" testListId="8c84fa94-04c1-424b-9868-57a2d4851a1d">
      <Output>
        <ErrorInfo>
          <Message>Test method NorthwindEF.Tests.ReferencePropertiesTests.SimpleLoad threw exception:  System.Data.EntityException: The underlying provider failed on Open. ---&gt;  System.Data.SqlClient.SqlException: Cannot open database "NorthwindEF" requested by the login. The login failed.
Login failed for user 'prizrak\korwin'..</Message>
          <StackTrace>    at System.Data.ProviderBase.DbConnectionPool.GetConnection(DbConnection owningObject)
   at System.Data.ProviderBase.DbConnectionFactory.GetConnection(DbConnection owningConnection)
   at System.Data.ProviderBase.DbConnectionClosed.OpenConnection(DbConnection outerConnection, DbConnectionFactory connectionFactory)
   at System.Data.SqlClient.SqlConnection.Open()
   at System.Data.EntityClient.EntityConnection.OpenStoreConnectionIf(Boolean openCondition, DbConnection storeConnectionToOpen, DbConnection originalConnection, String exceptionCode, String attemptedOperation, Boolean&amp; closeStoreConnectionOnFailure)
 --- End of inner exception stack trace ---
    at System.Data.EntityClient.EntityConnection.OpenStoreConnectionIf(Boolean openCondition, DbConnection storeConnectionToOpen, DbConnection originalConnection, String exceptionCode, String attemptedOperation, Boolean&amp; closeStoreConnectionOnFailure)
   at System.Data.EntityClient.EntityConnection.Open()
   at System.Data.Objects.ObjectContext.EnsureConnection()
   at System.Data.Objects.ObjectQuery`1.GetResults(Nullable`1 forMergeOption)
   at System.Data.Objects.ObjectQuery`1.System.Collections.Generic.IEnumerable&lt;T&gt;.GetEnumerator()
   at System.Data.Objects.ObjectQuery`1.GetEnumeratorInternal()
   at System.Data.Objects.ObjectQuery.System.Collections.IEnumerable.GetEnumerator()
   at System.Linq.Enumerable.&lt;CastIterator&gt;d__aa`1.MoveNext()
   at System.Linq.Enumerable.First[TSource](IEnumerable`1 source)
   at System.Data.Objects.ELinq.ObjectQueryProvider.&lt;GetElementFunction&gt;b__0[TResult](IEnumerable`1 sequence)
   at System.Data.Objects.ELinq.ObjectQueryProvider.ExecuteSingle[TResult](IEnumerable`1 query, Expression queryRoot)
   at System.Data.Objects.ELinq.ObjectQueryProvider.System.Linq.IQueryProvider.Execute(Expression expression)
   at EFPocoAdapter.EFPocoQueryProvider.Execute[TResult](Expression expression) in D:\Projects\Softserve\Fotogallery\DataAccessLayer\EFPocoAdapter\EFPocoAdapter\EFPocoQueryProvider.cs:line 47
   at System.Linq.Queryable.First[TSource](IQueryable`1 source, Expression`1 predicate)
   at NorthwindEF.Tests.ReferencePropertiesTests.SimpleLoad() in D:\Projects\Softserve\Fotogallery\DataAccessLayer\EFPocoAdapter\NorthwindEF.Tests\ReferencePropertiesTests.cs:line 24
</StackTrace>
        </ErrorInfo>
      </Output>
    </UnitTestResult>
    <UnitTestResult executionId="385933fa-f095-40c5-a510-28db62a44328" testId="df44393a-c6a3-a82f-84f1-6e5633ca652b" testName="LoadWithInclude" computerName="PRIZRAK" duration="00:00:00.0393771" startTime="2011-03-20T22:08:01.6163230+02:00" endTime="2011-03-20T22:08:01.6633257+02:00" testType="13cdc9d9-ddb5-4fa4-a97d-d965ccfc6d4b" outcome="Failed" testListId="8c84fa94-04c1-424b-9868-57a2d4851a1d">
      <Output>
        <ErrorInfo>
          <Message>Test method NorthwindEF.Tests.ReferencePropertiesTests.LoadWithInclude threw exception:  System.Data.EntityException: The underlying provider failed on Open. ---&gt;  System.Data.SqlClient.SqlException: Cannot open database "NorthwindEF" requested by the login. The login failed.
Login failed for user 'prizrak\korwin'..</Message>
          <StackTrace>    at System.Data.ProviderBase.DbConnectionPool.GetConnection(DbConnection owningObject)
   at System.Data.ProviderBase.DbConnectionFactory.GetConnection(DbConnection owningConnection)
   at System.Data.ProviderBase.DbConnectionClosed.OpenConnection(DbConnection outerConnection, DbConnectionFactory connectionFactory)
   at System.Data.SqlClient.SqlConnection.Open()
   at System.Data.EntityClient.EntityConnection.OpenStoreConnectionIf(Boolean openCondition, DbConnection storeConnectionToOpen, DbConnection originalConnection, String exceptionCode, String attemptedOperation, Boolean&amp; closeStoreConnectionOnFailure)
 --- End of inner exception stack trace ---
    at System.Data.EntityClient.EntityConnection.OpenStoreConnectionIf(Boolean openCondition, DbConnection storeConnectionToOpen, DbConnection originalConnection, String exceptionCode, String attemptedOperation, Boolean&amp; closeStoreConnectionOnFailure)
   at System.Data.EntityClient.EntityConnection.Open()
   at System.Data.Objects.ObjectContext.EnsureConnection()
   at System.Data.Objects.ObjectQuery`1.GetResults(Nullable`1 forMergeOption)
   at System.Data.Objects.ObjectQuery`1.System.Collections.Generic.IEnumerable&lt;T&gt;.GetEnumerator()
   at System.Data.Objects.ObjectQuery`1.GetEnumeratorInternal()
   at System.Data.Objects.ObjectQuery.System.Collections.IEnumerable.GetEnumerator()
   at System.Linq.Enumerable.&lt;CastIterator&gt;d__aa`1.MoveNext()
   at System.Linq.Enumerable.First[TSource](IEnumerable`1 source)
   at System.Data.Objects.ELinq.ObjectQueryProvider.&lt;GetElementFunction&gt;b__0[TResult](IEnumerable`1 sequence)
   at System.Data.Objects.ELinq.ObjectQueryProvider.ExecuteSingle[TResult](IEnumerable`1 query, Expression queryRoot)
   at System.Data.Objects.ELinq.ObjectQueryProvider.System.Linq.IQueryProvider.Execute(Expression expression)
   at EFPocoAdapter.EFPocoQueryProvider.Execute[TResult](Expression expression) in D:\Projects\Softserve\Fotogallery\DataAccessLayer\EFPocoAdapter\EFPocoAdapter\EFPocoQueryProvider.cs:line 47
   at System.Linq.Queryable.First[TSource](IQueryable`1 source, Expression`1 predicate)
   at NorthwindEF.Tests.ReferencePropertiesTests.LoadWithInclude() in D:\Projects\Softserve\Fotogallery\DataAccessLayer\EFPocoAdapter\NorthwindEF.Tests\ReferencePropertiesTests.cs:line 34
</StackTrace>
        </ErrorInfo>
      </Output>
    </UnitTestResult>
    <UnitTestResult executionId="2fc30ff4-55bb-4ff8-bf15-2b43246ccd31" testId="0536652a-a34a-1a5e-4720-fd8e1cdd024b" testName="AutoWireUp1" computerName="PRIZRAK" duration="00:00:00.0381210" startTime="2011-03-20T22:08:01.6783265+02:00" endTime="2011-03-20T22:08:01.7233291+02:00" testType="13cdc9d9-ddb5-4fa4-a97d-d965ccfc6d4b" outcome="Failed" testListId="8c84fa94-04c1-424b-9868-57a2d4851a1d">
      <Output>
        <ErrorInfo>
          <Message>Test method NorthwindEF.Tests.ReferencePropertiesTests.AutoWireUp1 threw exception:  System.Data.EntityException: The underlying provider failed on Open. ---&gt;  System.Data.SqlClient.SqlException: Cannot open database "NorthwindEF" requested by the login. The login failed.
Login failed for user 'prizrak\korwin'..</Message>
          <StackTrace>    at System.Data.ProviderBase.DbConnectionPool.GetConnection(DbConnection owningObject)
   at System.Data.ProviderBase.DbConnectionFactory.GetConnection(DbConnection owningConnection)
   at System.Data.ProviderBase.DbConnectionClosed.OpenConnection(DbConnection outerConnection, DbConnectionFactory connectionFactory)
   at System.Data.SqlClient.SqlConnection.Open()
   at System.Data.EntityClient.EntityConnection.OpenStoreConnectionIf(Boolean openCondition, DbConnection storeConnectionToOpen, DbConnection originalConnection, String exceptionCode, String attemptedOperation, Boolean&amp; closeStoreConnectionOnFailure)
 --- End of inner exception stack trace ---
    at System.Data.EntityClient.EntityConnection.OpenStoreConnectionIf(Boolean openCondition, DbConnection storeConnectionToOpen, DbConnection originalConnection, String exceptionCode, String attemptedOperation, Boolean&amp; closeStoreConnectionOnFailure)
   at System.Data.EntityClient.EntityConnection.Open()
   at System.Data.Objects.ObjectContext.EnsureConnection()
   at System.Data.Objects.ObjectQuery`1.GetResults(Nullable`1 forMergeOption)
   at System.Data.Objects.ObjectQuery`1.System.Collections.Generic.IEnumerable&lt;T&gt;.GetEnumerator()
   at EFPocoAdapter.Internal.QueryTranslator.EnumeratorConverter`2.&lt;Convert&gt;d__f.MoveNext() in D:\Projects\Softserve\Fotogallery\DataAccessLayer\EFPocoAdapter\EFPocoAdapter\Internal\QueryTranslator.cs:line 61
   at System.Linq.Buffer`1..ctor(IEnumerable`1 source)
   at System.Linq.Enumerable.ToArray[TSource](IEnumerable`1 source)
   at NorthwindEF.Tests.ReferencePropertiesTests.AutoWireUp1() in D:\Projects\Softserve\Fotogallery\DataAccessLayer\EFPocoAdapter\NorthwindEF.Tests\ReferencePropertiesTests.cs:line 55
</StackTrace>
        </ErrorInfo>
      </Output>
    </UnitTestResult>
    <UnitTestResult executionId="67440ad5-c019-40fc-9617-0d878b915c1e" testId="11fe18b1-73b7-5606-8c65-158ed0a650cc" testName="AutoWireUp2" computerName="PRIZRAK" duration="00:00:00.0385059" startTime="2011-03-20T22:08:01.7423302+02:00" endTime="2011-03-20T22:08:01.7883328+02:00" testType="13cdc9d9-ddb5-4fa4-a97d-d965ccfc6d4b" outcome="Failed" testListId="8c84fa94-04c1-424b-9868-57a2d4851a1d">
      <Output>
        <ErrorInfo>
          <Message>Test method NorthwindEF.Tests.ReferencePropertiesTests.AutoWireUp2 threw exception:  System.Data.EntityException: The underlying provider failed on Open. ---&gt;  System.Data.SqlClient.SqlException: Cannot open database "NorthwindEF" requested by the login. The login failed.
Login failed for user 'prizrak\korwin'..</Message>
          <StackTrace>    at System.Data.ProviderBase.DbConnectionPool.GetConnection(DbConnection owningObject)
   at System.Data.ProviderBase.DbConnectionFactory.GetConnection(DbConnection owningConnection)
   at System.Data.ProviderBase.DbConnectionClosed.OpenConnection(DbConnection outerConnection, DbConnectionFactory connectionFactory)
   at System.Data.SqlClient.SqlConnection.Open()
   at System.Data.EntityClient.EntityConnection.OpenStoreConnectionIf(Boolean openCondition, DbConnection storeConnectionToOpen, DbConnection originalConnection, String exceptionCode, String attemptedOperation, Boolean&amp; closeStoreConnectionOnFailure)
 --- End of inner exception stack trace ---
    at System.Data.EntityClient.EntityConnection.OpenStoreConnectionIf(Boolean openCondition, DbConnection storeConnectionToOpen, DbConnection originalConnection, String exceptionCode, String attemptedOperation, Boolean&amp; closeStoreConnectionOnFailure)
   at System.Data.EntityClient.EntityConnection.Open()
   at System.Data.Objects.ObjectContext.EnsureConnection()
   at System.Data.Objects.ObjectQuery`1.GetResults(Nullable`1 forMergeOption)
   at System.Data.Objects.ObjectQuery`1.System.Collections.Generic.IEnumerable&lt;T&gt;.GetEnumerator()
   at EFPocoAdapter.Internal.QueryTranslator.EnumeratorConverter`2.&lt;Convert&gt;d__f.MoveNext() in D:\Projects\Softserve\Fotogallery\DataAccessLayer\EFPocoAdapter\EFPocoAdapter\Internal\QueryTranslator.cs:line 61
   at System.Linq.Buffer`1..ctor(IEnumerable`1 source)
   at System.Linq.Enumerable.ToArray[TSource](IEnumerable`1 source)
   at NorthwindEF.Tests.ReferencePropertiesTests.AutoWireUp2() in D:\Projects\Softserve\Fotogallery\DataAccessLayer\EFPocoAdapter\NorthwindEF.Tests\ReferencePropertiesTests.cs:line 78
</StackTrace>
        </ErrorInfo>
      </Output>
    </UnitTestResult>
    <UnitTestResult executionId="1a3d706c-1004-4d41-832e-ae4d14d02df5" testId="507dc209-89a0-4ee4-1a44-81d3b4a17001" testName="SimpleLoad1" computerName="PRIZRAK" duration="00:00:00.0402015" startTime="2011-03-20T22:08:01.8063338+02:00" endTime="2011-03-20T22:08:01.8533365+02:00" testType="13cdc9d9-ddb5-4fa4-a97d-d965ccfc6d4b" outcome="Failed" testListId="8c84fa94-04c1-424b-9868-57a2d4851a1d">
      <Output>
        <ErrorInfo>
          <Message>Test method NorthwindEF.Tests.UnitTest1.SimpleLoad1 threw exception:  System.Data.EntityException: The underlying provider failed on Open. ---&gt;  System.Data.SqlClient.SqlException: Cannot open database "NorthwindEF" requested by the login. The login failed.
Login failed for user 'prizrak\korwin'..</Message>
          <StackTrace>    at System.Data.ProviderBase.DbConnectionPool.GetConnection(DbConnection owningObject)
   at System.Data.ProviderBase.DbConnectionFactory.GetConnection(DbConnection owningConnection)
   at System.Data.ProviderBase.DbConnectionClosed.OpenConnection(DbConnection outerConnection, DbConnectionFactory connectionFactory)
   at System.Data.SqlClient.SqlConnection.Open()
   at System.Data.EntityClient.EntityConnection.OpenStoreConnectionIf(Boolean openCondition, DbConnection storeConnectionToOpen, DbConnection originalConnection, String exceptionCode, String attemptedOperation, Boolean&amp; closeStoreConnectionOnFailure)
 --- End of inner exception stack trace ---
    at System.Data.EntityClient.EntityConnection.OpenStoreConnectionIf(Boolean openCondition, DbConnection storeConnectionToOpen, DbConnection originalConnection, String exceptionCode, String attemptedOperation, Boolean&amp; closeStoreConnectionOnFailure)
   at System.Data.EntityClient.EntityConnection.Open()
   at System.Data.Objects.ObjectContext.EnsureConnection()
   at System.Data.Objects.ObjectQuery`1.GetResults(Nullable`1 forMergeOption)
   at System.Data.Objects.ObjectQuery`1.System.Collections.Generic.IEnumerable&lt;T&gt;.GetEnumerator()
   at System.Data.Objects.ObjectQuery`1.GetEnumeratorInternal()
   at System.Data.Objects.ObjectQuery.System.Collections.IEnumerable.GetEnumerator()
   at System.Linq.Enumerable.&lt;CastIterator&gt;d__aa`1.MoveNext()
   at System.Linq.Enumerable.First[TSource](IEnumerable`1 source)
   at System.Data.Objects.ELinq.ObjectQueryProvider.&lt;GetElementFunction&gt;b__0[TResult](IEnumerable`1 sequence)
   at System.Data.Objects.ELinq.ObjectQueryProvider.ExecuteSingle[TResult](IEnumerable`1 query, Expression queryRoot)
   at System.Data.Objects.ELinq.ObjectQueryProvider.System.Linq.IQueryProvider.Execute(Expression expression)
   at EFPocoAdapter.EFPocoQueryProvider.Execute[TResult](Expression expression) in D:\Projects\Softserve\Fotogallery\DataAccessLayer\EFPocoAdapter\EFPocoAdapter\EFPocoQueryProvider.cs:line 47
   at System.Linq.Queryable.First[TSource](IQueryable`1 source, Expression`1 predicate)
   at NorthwindEF.Tests.UnitTest1.SimpleLoad1() in D:\Projects\Softserve\Fotogallery\DataAccessLayer\EFPocoAdapter\NorthwindEF.Tests\UnitTest1.cs:line 30
</StackTrace>
        </ErrorInfo>
      </Output>
    </UnitTestResult>
    <UnitTestResult executionId="04dfa3ae-5f4f-4ce8-9aed-4986ab71f333" testId="cd131dd4-85bd-b5e9-21cd-5a7402507692" testName="CreateObject" computerName="PRIZRAK" duration="00:00:00.0044992" startTime="2011-03-20T22:08:01.8693374+02:00" endTime="2011-03-20T22:08:01.8803381+02:00" testType="13cdc9d9-ddb5-4fa4-a97d-d965ccfc6d4b" outcome="Passed" testListId="8c84fa94-04c1-424b-9868-57a2d4851a1d">
      <Output>
      </Output>
    </UnitTestResult>
    <UnitTestResult executionId="7dd88728-edb9-4da9-b9e7-45b38e086149" testId="0bd4d244-f566-2beb-c852-9c3ae10958cd" testName="MetadataWorkspaceTest" computerName="PRIZRAK" duration="00:00:00.0027323" startTime="2011-03-20T22:08:01.8903386+02:00" endTime="2011-03-20T22:08:01.8993392+02:00" testType="13cdc9d9-ddb5-4fa4-a97d-d965ccfc6d4b" outcome="Passed" testListId="8c84fa94-04c1-424b-9868-57a2d4851a1d">
      <Output>
      </Output>
    </UnitTestResult>
    <UnitTestResult executionId="de93b18f-5be8-482a-b54f-1c8123f16bd5" testId="01cf82ba-4a31-70c6-2803-876024d73086" testName="WrappedContextTests" computerName="PRIZRAK" duration="00:00:00.0370701" startTime="2011-03-20T22:08:01.9113398+02:00" endTime="2011-03-20T22:08:01.9543423+02:00" testType="13cdc9d9-ddb5-4fa4-a97d-d965ccfc6d4b" outcome="Failed" testListId="8c84fa94-04c1-424b-9868-57a2d4851a1d">
      <Output>
        <ErrorInfo>
          <Message>Test method NorthwindEF.Tests.UnitTest1.WrappedContextTests threw exception:  System.Data.EntityException: The underlying provider failed on Open. ---&gt;  System.Data.SqlClient.SqlException: Cannot open database "NorthwindEF" requested by the login. The login failed.
Login failed for user 'prizrak\korwin'..</Message>
          <StackTrace>    at System.Data.ProviderBase.DbConnectionPool.GetConnection(DbConnection owningObject)
   at System.Data.ProviderBase.DbConnectionFactory.GetConnection(DbConnection owningConnection)
   at System.Data.ProviderBase.DbConnectionClosed.OpenConnection(DbConnection outerConnection, DbConnectionFactory connectionFactory)
   at System.Data.SqlClient.SqlConnection.Open()
   at System.Data.EntityClient.EntityConnection.OpenStoreConnectionIf(Boolean openCondition, DbConnection storeConnectionToOpen, DbConnection originalConnection, String exceptionCode, String attemptedOperation, Boolean&amp; closeStoreConnectionOnFailure)
 --- End of inner exception stack trace ---
    at System.Data.EntityClient.EntityConnection.OpenStoreConnectionIf(Boolean openCondition, DbConnection storeConnectionToOpen, DbConnection originalConnection, String exceptionCode, String attemptedOperation, Boolean&amp; closeStoreConnectionOnFailure)
   at System.Data.EntityClient.EntityConnection.Open()
   at System.Data.Objects.ObjectContext.EnsureConnection()
   at System.Data.Objects.ObjectQuery`1.GetResults(Nullable`1 forMergeOption)
   at System.Data.Objects.ObjectQuery`1.System.Collections.Generic.IEnumerable&lt;T&gt;.GetEnumerator()
   at System.Linq.Enumerable.First[TSource](IEnumerable`1 source)
   at System.Data.Objects.ELinq.ObjectQueryProvider.&lt;GetElementFunction&gt;b__0[TResult](IEnumerable`1 sequence)
   at System.Data.Objects.ELinq.ObjectQueryProvider.ExecuteSingle[TResult](IEnumerable`1 query, Expression queryRoot)
   at System.Data.Objects.ELinq.ObjectQueryProvider.System.Linq.IQueryProvider.Execute[S](Expression expression)
   at System.Linq.Queryable.First[TSource](IQueryable`1 source, Expression`1 predicate)
   at NorthwindEF.Tests.UnitTest1.WrappedContextTests() in D:\Projects\Softserve\Fotogallery\DataAccessLayer\EFPocoAdapter\NorthwindEF.Tests\UnitTest1.cs:line 66
</StackTrace>
        </ErrorInfo>
      </Output>
    </UnitTestResult>
    <UnitTestResult executionId="10205e3d-664c-4a7b-913b-d0018bf8f709" testId="6539fc59-6fd5-dc7e-42a0-81298303d1f4" testName="UnattachedOperationsOnAdapters" computerName="PRIZRAK" duration="00:00:00.0093820" startTime="2011-03-20T22:08:01.9713433+02:00" endTime="2011-03-20T22:08:01.9883443+02:00" testType="13cdc9d9-ddb5-4fa4-a97d-d965ccfc6d4b" outcome="Passed" testListId="8c84fa94-04c1-424b-9868-57a2d4851a1d">
      <Output>
      </Output>
    </UnitTestResult>
    <UnitTestResult executionId="2b76c9f4-0617-4817-9377-9fd3a84c44ef" testId="06f3d3e7-dabf-f73d-88b2-b104c71f82d5" testName="ConnectionTest" computerName="PRIZRAK" duration="00:00:00.0025373" startTime="2011-03-20T22:08:01.9993449+02:00" endTime="2011-03-20T22:08:02.0083454+02:00" testType="13cdc9d9-ddb5-4fa4-a97d-d965ccfc6d4b" outcome="Passed" testListId="8c84fa94-04c1-424b-9868-57a2d4851a1d">
      <Output>
      </Output>
    </UnitTestResult>
    <UnitTestResult executionId="11945ac3-e263-443b-8704-e1554b44de1e" testId="a5710961-d06a-9400-ae34-654f0f5776e2" testName="PersistenceAwareObjectNegativeTest" computerName="PRIZRAK" duration="00:00:00.0123954" startTime="2011-03-20T22:08:02.0183460+02:00" endTime="2011-03-20T22:08:02.0383471+02:00" testType="13cdc9d9-ddb5-4fa4-a97d-d965ccfc6d4b" outcome="Passed" testListId="8c84fa94-04c1-424b-9868-57a2d4851a1d">
      <Output>
      </Output>
    </UnitTestResult>
  </Results>
</TestRun>